Using executor HDDTestExecutor with executor options:
{
	m_modulePath='/home/lukasbosshart/workspace/defects4j/bugs/gson_6_b/',
	m_sourceFolderPath='gson/src/main/java/',
	m_unitTestFolderPath='gson/src/test/java/',
	m_unitTestMethod='com.google.gson.regression.JsonAdapterNullSafeTest#testNullSafeBugSerialize',
	m_expectedResult='java.lang.NullPointerException',
	m_compilationType=IN_MEMORY,
	m_logLevel=INFO,
	m_logCompilationErrors=false,
	m_logRuntimeErrors=false,
	m_multipleRuns=false,
	m_numberOfThreads=16,
	m_preSliceCode=false,
	m_graphAlgorithmFragmentLimit=0,
	m_graphAlgorithmEscalatingFragmentLimit=false,
}
Formatting code in source folder
Level: 0 :::: fragments: 63
Level: 1 :::: fragments: 605
Level: 2 :::: fragments: 3837
Level: 3 :::: fragments: 4322
Level: 4 :::: fragments: 3207
Level: 5 :::: fragments: 3756
Level: 6 :::: fragments: 4093
Level: 7 :::: fragments: 3350
Level: 8 :::: fragments: 2757
Level: 9 :::: fragments: 2447
Level: 10 :::: fragments: 1767
Level: 11 :::: fragments: 1264
Level: 12 :::: fragments: 837
Level: 13 :::: fragments: 471
Level: 14 :::: fragments: 306
Level: 15 :::: fragments: 195
Level: 16 :::: fragments: 124
Level: 17 :::: fragments: 70
Level: 18 :::: fragments: 46
Level: 19 :::: fragments: 27
Level: 20 :::: fragments: 23
Level: 21 :::: fragments: 11
Level: 22 :::: fragments: 6
Total :::: fragments: 33584 out of 33584 originally
############## RUNNING TEST NR. 0 ##############
############## EXECUTING LVL 0-0 / 22 ##############
:::: FAILED :::: level: 0-0 / 22 :::: size: 63 / 63 :::: Compiler calls: 2, compilation errors: 1, runtime errors: 0, failed runs: 1, ok runs: 0
Level 0-0 / 22 took 23s 972ms
111111111111111111111111111111111111111111111111111111111111111
############## After level 0-0 there are 33584 / 33584 fragments left :::: Compiler calls: 127, compilation errors: 126, runtime errors: 0, failed runs: 1, ok runs: 0
############## EXECUTING LVL 0-1 / 22 ##############
:::: FAILED :::: level: 0-1 / 22 :::: size: 604 / 605 :::: Compiler calls: 1090, compilation errors: 1075, runtime errors: 0, failed runs: 2, ok runs: 0
:::: FAILED :::: level: 0-1 / 22 :::: size: 603 / 605 :::: Compiler calls: 2022, compilation errors: 2005, runtime errors: 0, failed runs: 3, ok runs: 0
:::: FAILED :::: level: 0-1 / 22 :::: size: 602 / 605 :::: Compiler calls: 2612, compilation errors: 2594, runtime errors: 0, failed runs: 4, ok runs: 0
:::: FAILED :::: level: 0-1 / 22 :::: size: 602 / 605 :::: Compiler calls: 2612, compilation errors: 2594, runtime errors: 0, failed runs: 5, ok runs: 0
:::: FAILED :::: level: 0-1 / 22 :::: size: 601 / 605 :::: Compiler calls: 3199, compilation errors: 3178, runtime errors: 0, failed runs: 6, ok runs: 0
Level 0-1 / 22 took 7m 5s 976ms
11111111111111111111111111111111111111111111111111111111111111111111111111111111111111111111111111111111111111111111111111111111111111111111111111111111111111111111111111111111111111111111111111111111111111111111111111111111111111111111111111111111111111111111111111111111111111111111111111111111111111111111111111111111111111111111111111111111111111111111111111111111111111111111111111111111111111111011111111111111111111111111111111111111111111111111111111111111111111111111111111111111111111110111111111111111111111111111111111111111111111111111111111111111111111111011011111111111111111111111111111111
############## After level 0-1 there are 33564 / 33584 fragments left :::: Compiler calls: 3801, compilation errors: 3795, runtime errors: 0, failed runs: 6, ok runs: 0
############## EXECUTING LVL 0-2 / 22 ##############
:::: FAILED :::: level: 0-2 / 22 :::: size: 3817 / 3821 :::: Compiler calls: 5285, compilation errors: 5268, runtime errors: 0, failed runs: 7, ok runs: 0
:::: FAILED :::: level: 0-2 / 22 :::: size: 3814 / 3821 :::: Compiler calls: 6117, compilation errors: 6100, runtime errors: 0, failed runs: 8, ok runs: 0
:::: FAILED :::: level: 0-2 / 22 :::: size: 3811 / 3821 :::: Compiler calls: 6993, compilation errors: 6974, runtime errors: 0, failed runs: 9, ok runs: 0
:::: FAILED :::: level: 0-2 / 22 :::: size: 3808 / 3821 :::: Compiler calls: 7820, compilation errors: 7798, runtime errors: 0, failed runs: 10, ok runs: 0
:::: FAILED :::: level: 0-2 / 22 :::: size: 3805 / 3821 :::: Compiler calls: 8504, compilation errors: 8481, runtime errors: 0, failed runs: 11, ok runs: 0
:::: FAILED :::: level: 0-2 / 22 :::: size: 3802 / 3821 :::: Compiler calls: 9085, compilation errors: 9061, runtime errors: 0, failed runs: 12, ok runs: 0
:::: FAILED :::: level: 0-2 / 22 :::: size: 3799 / 3821 :::: Compiler calls: 9760, compilation errors: 9733, runtime errors: 0, failed runs: 13, ok runs: 0
:::: FAILED :::: level: 0-2 / 22 :::: size: 3796 / 3821 :::: Compiler calls: 10755, compilation errors: 10728, runtime errors: 0, failed runs: 14, ok runs: 0
:::: FAILED :::: level: 0-2 / 22 :::: size: 3793 / 3821 :::: Compiler calls: 11374, compilation errors: 11345, runtime errors: 0, failed runs: 15, ok runs: 0
:::: FAILED :::: level: 0-2 / 22 :::: size: 3790 / 3821 :::: Compiler calls: 12340, compilation errors: 12314, runtime errors: 0, failed runs: 16, ok runs: 0
:::: FAILED :::: level: 0-2 / 22 :::: size: 3787 / 3821 :::: Compiler calls: 13081, compilation errors: 13054, runtime errors: 0, failed runs: 17, ok runs: 0
:::: FAILED :::: level: 0-2 / 22 :::: size: 3783 / 3821 :::: Compiler calls: 13911, compilation errors: 13879, runtime errors: 0, failed runs: 18, ok runs: 0
:::: FAILED :::: level: 0-2 / 22 :::: size: 3780 / 3821 :::: Compiler calls: 14925, compilation errors: 14896, runtime errors: 0, failed runs: 19, ok runs: 0
:::: FAILED :::: level: 0-2 / 22 :::: size: 3777 / 3821 :::: Compiler calls: 15922, compilation errors: 15888, runtime errors: 0, failed runs: 20, ok runs: 0
:::: FAILED :::: level: 0-2 / 22 :::: size: 3774 / 3821 :::: Compiler calls: 16915, compilation errors: 16883, runtime errors: 0, failed runs: 21, ok runs: 0
:::: FAILED :::: level: 0-2 / 22 :::: size: 3770 / 3821 :::: Compiler calls: 17761, compilation errors: 17725, runtime errors: 0, failed runs: 22, ok runs: 0
:::: FAILED :::: level: 0-2 / 22 :::: size: 3767 / 3821 :::: Compiler calls: 18729, compilation errors: 18697, runtime errors: 0, failed runs: 23, ok runs: 0
:::: FAILED :::: level: 0-2 / 22 :::: size: 3767 / 3821 :::: Compiler calls: 18761, compilation errors: 18726, runtime errors: 0, failed runs: 24, ok runs: 0
:::: FAILED :::: level: 0-2 / 22 :::: size: 3764 / 3821 :::: Compiler calls: 19599, compilation errors: 19563, runtime errors: 0, failed runs: 25, ok runs: 0
:::: FAILED :::: level: 0-2 / 22 :::: size: 3761 / 3821 :::: Compiler calls: 20539, compilation errors: 20502, runtime errors: 0, failed runs: 26, ok runs: 0
:::: FAILED :::: level: 0-2 / 22 :::: size: 3761 / 3821 :::: Compiler calls: 20553, compilation errors: 20517, runtime errors: 0, failed runs: 27, ok runs: 0
:::: FAILED :::: level: 0-2 / 22 :::: size: 3758 / 3821 :::: Compiler calls: 21365, compilation errors: 21326, runtime errors: 0, failed runs: 28, ok runs: 0
:::: FAILED :::: level: 0-2 / 22 :::: size: 3755 / 3821 :::: Compiler calls: 22317, compilation errors: 22280, runtime errors: 0, failed runs: 29, ok runs: 0
:::: FAILED :::: level: 0-2 / 22 :::: size: 3753 / 3821 :::: Compiler calls: 23450, compilation errors: 23406, runtime errors: 0, failed runs: 30, ok runs: 0
:::: FAILED :::: level: 0-2 / 22 :::: size: 3753 / 3821 :::: Compiler calls: 23452, compilation errors: 23414, runtime errors: 0, failed runs: 31, ok runs: 0
:::: FAILED :::: level: 0-2 / 22 :::: size: 3753 / 3821 :::: Compiler calls: 23458, compilation errors: 23417, runtime errors: 0, failed runs: 32, ok runs: 0
:::: FAILED :::: level: 0-2 / 22 :::: size: 3751 / 3821 :::: Compiler calls: 23590, compilation errors: 23542, runtime errors: 0, failed runs: 33, ok runs: 0
:::: FAILED :::: level: 0-2 / 22 :::: size: 3751 / 3821 :::: Compiler calls: 23590, compilation errors: 23548, runtime errors: 0, failed runs: 34, ok runs: 0
:::: FAILED :::: level: 0-2 / 22 :::: size: 3749 / 3821 :::: Compiler calls: 23740, compilation errors: 23691, runtime errors: 0, failed runs: 35, ok runs: 0
:::: FAILED :::: level: 0-2 / 22 :::: size: 3747 / 3821 :::: Compiler calls: 23922, compilation errors: 23871, runtime errors: 0, failed runs: 36, ok runs: 0
:::: FAILED :::: level: 0-2 / 22 :::: size: 3745 / 3821 :::: Compiler calls: 24132, compilation errors: 24081, runtime errors: 0, failed runs: 37, ok runs: 0
:::: FAILED :::: level: 0-2 / 22 :::: size: 3745 / 3821 :::: Compiler calls: 24133, compilation errors: 24083, runtime errors: 0, failed runs: 38, ok runs: 0
:::: FAILED :::: level: 0-2 / 22 :::: size: 3745 / 3821 :::: Compiler calls: 24134, compilation errors: 24084, runtime errors: 0, failed runs: 39, ok runs: 0
:::: FAILED :::: level: 0-2 / 22 :::: size: 3745 / 3821 :::: Compiler calls: 24155, compilation errors: 24104, runtime errors: 0, failed runs: 40, ok runs: 0
:::: FAILED :::: level: 0-2 / 22 :::: size: 3743 / 3821 :::: Compiler calls: 24338, compilation errors: 24283, runtime errors: 0, failed runs: 41, ok runs: 0
:::: FAILED :::: level: 0-2 / 22 :::: size: 3743 / 3821 :::: Compiler calls: 24340, compilation errors: 24287, runtime errors: 0, failed runs: 42, ok runs: 0
:::: FAILED :::: level: 0-2 / 22 :::: size: 3743 / 3821 :::: Compiler calls: 24374, compilation errors: 24319, runtime errors: 0, failed runs: 43, ok runs: 0
:::: FAILED :::: level: 0-2 / 22 :::: size: 3741 / 3821 :::: Compiler calls: 24552, compilation errors: 24493, runtime errors: 0, failed runs: 44, ok runs: 0
:::: FAILED :::: level: 0-2 / 22 :::: size: 3741 / 3821 :::: Compiler calls: 24558, compilation errors: 24502, runtime errors: 0, failed runs: 45, ok runs: 0
:::: FAILED :::: level: 0-2 / 22 :::: size: 3739 / 3821 :::: Compiler calls: 24785, compilation errors: 24727, runtime errors: 0, failed runs: 46, ok runs: 0
:::: FAILED :::: level: 0-2 / 22 :::: size: 3737 / 3821 :::: Compiler calls: 25065, compilation errors: 25004, runtime errors: 0, failed runs: 47, ok runs: 0
:::: FAILED :::: level: 0-2 / 22 :::: size: 3737 / 3821 :::: Compiler calls: 25067, compilation errors: 25009, runtime errors: 0, failed runs: 48, ok runs: 0
:::: FAILED :::: level: 0-2 / 22 :::: size: 3735 / 3821 :::: Compiler calls: 25342, compilation errors: 25280, runtime errors: 0, failed runs: 49, ok runs: 0
:::: FAILED :::: level: 0-2 / 22 :::: size: 3733 / 3821 :::: Compiler calls: 25652, compilation errors: 25589, runtime errors: 0, failed runs: 50, ok runs: 0
:::: FAILED :::: level: 0-2 / 22 :::: size: 3731 / 3821 :::: Compiler calls: 26016, compilation errors: 25952, runtime errors: 0, failed runs: 51, ok runs: 0
:::: FAILED :::: level: 0-2 / 22 :::: size: 3731 / 3821 :::: Compiler calls: 26017, compilation errors: 25952, runtime errors: 0, failed runs: 52, ok runs: 0
:::: FAILED :::: level: 0-2 / 22 :::: size: 3729 / 3821 :::: Compiler calls: 26382, compilation errors: 26317, runtime errors: 0, failed runs: 53, ok runs: 0
:::: FAILED :::: level: 0-2 / 22 :::: size: 3727 / 3821 :::: Compiler calls: 26774, compilation errors: 26707, runtime errors: 0, failed runs: 54, ok runs: 0
:::: FAILED :::: level: 0-2 / 22 :::: size: 3727 / 3821 :::: Compiler calls: 26775, compilation errors: 26709, runtime errors: 0, failed runs: 55, ok runs: 0
:::: FAILED :::: level: 0-2 / 22 :::: size: 3727 / 3821 :::: Compiler calls: 26781, compilation errors: 26717, runtime errors: 0, failed runs: 56, ok runs: 0
:::: FAILED :::: level: 0-2 / 22 :::: size: 3727 / 3821 :::: Compiler calls: 26798, compilation errors: 26731, runtime errors: 0, failed runs: 57, ok runs: 0
:::: FAILED :::: level: 0-2 / 22 :::: size: 3725 / 3821 :::: Compiler calls: 27174, compilation errors: 27102, runtime errors: 0, failed runs: 58, ok runs: 0
:::: FAILED :::: level: 0-2 / 22 :::: size: 3725 / 3821 :::: Compiler calls: 27175, compilation errors: 27104, runtime errors: 0, failed runs: 59, ok runs: 0
:::: FAILED :::: level: 0-2 / 22 :::: size: 3725 / 3821 :::: Compiler calls: 27176, compilation errors: 27105, runtime errors: 0, failed runs: 60, ok runs: 0
:::: FAILED :::: level: 0-2 / 22 :::: size: 3725 / 3821 :::: Compiler calls: 27176, compilation errors: 27105, runtime errors: 0, failed runs: 61, ok runs: 0
:::: FAILED :::: level: 0-2 / 22 :::: size: 3723 / 3821 :::: Compiler calls: 27579, compilation errors: 27502, runtime errors: 0, failed runs: 62, ok runs: 0
:::: FAILED :::: level: 0-2 / 22 :::: size: 3723 / 3821 :::: Compiler calls: 27579, compilation errors: 27502, runtime errors: 0, failed runs: 63, ok runs: 0
:::: FAILED :::: level: 0-2 / 22 :::: size: 3723 / 3821 :::: Compiler calls: 27580, compilation errors: 27505, runtime errors: 0, failed runs: 64, ok runs: 0
:::: FAILED :::: level: 0-2 / 22 :::: size: 3721 / 3821 :::: Compiler calls: 27976, compilation errors: 27900, runtime errors: 0, failed runs: 65, ok runs: 0
:::: FAILED :::: level: 0-2 / 22 :::: size: 3721 / 3821 :::: Compiler calls: 27981, compilation errors: 27904, runtime errors: 0, failed runs: 66, ok runs: 0
:::: FAILED :::: level: 0-2 / 22 :::: size: 3719 / 3821 :::: Compiler calls: 28389, compilation errors: 28307, runtime errors: 0, failed runs: 67, ok runs: 0
:::: FAILED :::: level: 0-2 / 22 :::: size: 3719 / 3821 :::: Compiler calls: 28426, compilation errors: 28343, runtime errors: 0, failed runs: 68, ok runs: 0
:::: FAILED :::: level: 0-2 / 22 :::: size: 3717 / 3821 :::: Compiler calls: 28817, compilation errors: 28733, runtime errors: 0, failed runs: 69, ok runs: 0
:::: FAILED :::: level: 0-2 / 22 :::: size: 3715 / 3821 :::: Compiler calls: 29339, compilation errors: 29257, runtime errors: 0, failed runs: 70, ok runs: 0
:::: FAILED :::: level: 0-2 / 22 :::: size: 3713 / 3821 :::: Compiler calls: 29900, compilation errors: 29815, runtime errors: 0, failed runs: 71, ok runs: 0
:::: FAILED :::: level: 0-2 / 22 :::: size: 3711 / 3821 :::: Compiler calls: 30586, compilation errors: 30502, runtime errors: 0, failed runs: 72, ok runs: 0
:::: FAILED :::: level: 0-2 / 22 :::: size: 3709 / 3821 :::: Compiler calls: 31413, compilation errors: 31325, runtime errors: 0, failed runs: 73, ok runs: 0
:::: FAILED :::: level: 0-2 / 22 :::: size: 3709 / 3821 :::: Compiler calls: 31435, compilation errors: 31350, runtime errors: 0, failed runs: 74, ok runs: 0
:::: FAILED :::: level: 0-2 / 22 :::: size: 3709 / 3821 :::: Compiler calls: 31441, compilation errors: 31353, runtime errors: 0, failed runs: 75, ok runs: 0
:::: FAILED :::: level: 0-2 / 22 :::: size: 3707 / 3821 :::: Compiler calls: 32247, compilation errors: 32159, runtime errors: 0, failed runs: 76, ok runs: 0
:::: FAILED :::: level: 0-2 / 22 :::: size: 3707 / 3821 :::: Compiler calls: 32251, compilation errors: 32162, runtime errors: 0, failed runs: 77, ok runs: 0
:::: FAILED :::: level: 0-2 / 22 :::: size: 3707 / 3821 :::: Compiler calls: 32272, compilation errors: 32182, runtime errors: 0, failed runs: 78, ok runs: 0
:::: FAILED :::: level: 0-2 / 22 :::: size: 3707 / 3821 :::: Compiler calls: 32281, compilation errors: 32189, runtime errors: 0, failed runs: 79, ok runs: 0
:::: FAILED :::: level: 0-2 / 22 :::: size: 3705 / 3821 :::: Compiler calls: 33096, compilation errors: 33005, runtime errors: 0, failed runs: 80, ok runs: 0
:::: FAILED :::: level: 0-2 / 22 :::: size: 3705 / 3821 :::: Compiler calls: 33101, compilation errors: 33008, runtime errors: 0, failed runs: 81, ok runs: 0
:::: FAILED :::: level: 0-2 / 22 :::: size: 3705 / 3821 :::: Compiler calls: 33101, compilation errors: 33009, runtime errors: 0, failed runs: 82, ok runs: 0
:::: FAILED :::: level: 0-2 / 22 :::: size: 3705 / 3821 :::: Compiler calls: 33101, compilation errors: 33009, runtime errors: 0, failed runs: 83, ok runs: 0
:::: FAILED :::: level: 0-2 / 22 :::: size: 3705 / 3821 :::: Compiler calls: 33101, compilation errors: 33009, runtime errors: 0, failed runs: 84, ok runs: 0
:::: FAILED :::: level: 0-2 / 22 :::: size: 3703 / 3821 :::: Compiler calls: 33946, compilation errors: 33848, runtime errors: 0, failed runs: 85, ok runs: 0
:::: FAILED :::: level: 0-2 / 22 :::: size: 3703 / 3821 :::: Compiler calls: 33949, compilation errors: 33853, runtime errors: 0, failed runs: 86, ok runs: 0
:::: FAILED :::: level: 0-2 / 22 :::: size: 3703 / 3821 :::: Compiler calls: 33949, compilation errors: 33854, runtime errors: 0, failed runs: 87, ok runs: 0
:::: FAILED :::: level: 0-2 / 22 :::: size: 3703 / 3821 :::: Compiler calls: 33958, compilation errors: 33856, runtime errors: 0, failed runs: 88, ok runs: 0
:::: FAILED :::: level: 0-2 / 22 :::: size: 3701 / 3821 :::: Compiler calls: 34799, compilation errors: 34696, runtime errors: 0, failed runs: 89, ok runs: 0
:::: FAILED :::: level: 0-2 / 22 :::: size: 3701 / 3821 :::: Compiler calls: 34801, compilation errors: 34697, runtime errors: 0, failed runs: 90, ok runs: 0
:::: FAILED :::: level: 0-2 / 22 :::: size: 3701 / 3821 :::: Compiler calls: 34801, compilation errors: 34698, runtime errors: 0, failed runs: 91, ok runs: 0
:::: FAILED :::: level: 0-2 / 22 :::: size: 3699 / 3821 :::: Compiler calls: 35653, compilation errors: 35546, runtime errors: 0, failed runs: 92, ok runs: 0
:::: FAILED :::: level: 0-2 / 22 :::: size: 3699 / 3821 :::: Compiler calls: 35653, compilation errors: 35546, runtime errors: 0, failed runs: 93, ok runs: 0
:::: FAILED :::: level: 0-2 / 22 :::: size: 3697 / 3821 :::: Compiler calls: 36502, compilation errors: 36394, runtime errors: 0, failed runs: 94, ok runs: 0
:::: FAILED :::: level: 0-2 / 22 :::: size: 3695 / 3821 :::: Compiler calls: 37480, compilation errors: 37371, runtime errors: 0, failed runs: 95, ok runs: 0
:::: FAILED :::: level: 0-2 / 22 :::: size: 3695 / 3821 :::: Compiler calls: 37492, compilation errors: 37385, runtime errors: 0, failed runs: 96, ok runs: 0
:::: FAILED :::: level: 0-2 / 22 :::: size: 3695 / 3821 :::: Compiler calls: 37505, compilation errors: 37396, runtime errors: 0, failed runs: 97, ok runs: 0
:::: FAILED :::: level: 0-2 / 22 :::: size: 3695 / 3821 :::: Compiler calls: 37519, compilation errors: 37406, runtime errors: 0, failed runs: 98, ok runs: 0
:::: FAILED :::: level: 0-2 / 22 :::: size: 3693 / 3821 :::: Compiler calls: 38464, compilation errors: 38351, runtime errors: 0, failed runs: 99, ok runs: 0
:::: FAILED :::: level: 0-2 / 22 :::: size: 3693 / 3821 :::: Compiler calls: 38466, compilation errors: 38353, runtime errors: 0, failed runs: 100, ok runs: 0
:::: FAILED :::: level: 0-2 / 22 :::: size: 3693 / 3821 :::: Compiler calls: 38481, compilation errors: 38371, runtime errors: 0, failed runs: 101, ok runs: 0
:::: FAILED :::: level: 0-2 / 22 :::: size: 3691 / 3821 :::: Compiler calls: 39444, compilation errors: 39329, runtime errors: 0, failed runs: 102, ok runs: 0
:::: FAILED :::: level: 0-2 / 22 :::: size: 3691 / 3821 :::: Compiler calls: 39468, compilation errors: 39355, runtime errors: 0, failed runs: 103, ok runs: 0
:::: FAILED :::: level: 0-2 / 22 :::: size: 3689 / 3821 :::: Compiler calls: 40456, compilation errors: 40338, runtime errors: 0, failed runs: 104, ok runs: 0
:::: FAILED :::: level: 0-2 / 22 :::: size: 3689 / 3821 :::: Compiler calls: 40489, compilation errors: 40373, runtime errors: 0, failed runs: 105, ok runs: 0
:::: FAILED :::: level: 0-2 / 22 :::: size: 3687 / 3821 :::: Compiler calls: 41486, compilation errors: 41366, runtime errors: 0, failed runs: 106, ok runs: 0
:::: FAILED :::: level: 0-2 / 22 :::: size: 3687 / 3821 :::: Compiler calls: 41496, compilation errors: 41377, runtime errors: 0, failed runs: 107, ok runs: 0
:::: FAILED :::: level: 0-2 / 22 :::: size: 3685 / 3821 :::: Compiler calls: 42529, compilation errors: 42410, runtime errors: 0, failed runs: 108, ok runs: 0
:::: FAILED :::: level: 0-2 / 22 :::: size: 3683 / 3821 :::: Compiler calls: 43733, compilation errors: 43611, runtime errors: 0, failed runs: 109, ok runs: 0
:::: FAILED :::: level: 0-2 / 22 :::: size: 3683 / 3821 :::: Compiler calls: 43736, compilation errors: 43612, runtime errors: 0, failed runs: 110, ok runs: 0
:::: FAILED :::: level: 0-2 / 22 :::: size: 3681 / 3821 :::: Compiler calls: 44939, compilation errors: 44818, runtime errors: 0, failed runs: 111, ok runs: 0
:::: FAILED :::: level: 0-2 / 22 :::: size: 3679 / 3821 :::: Compiler calls: 46194, compilation errors: 46070, runtime errors: 0, failed runs: 112, ok runs: 0
:::: FAILED :::: level: 0-2 / 22 :::: size: 3679 / 3821 :::: Compiler calls: 46205, compilation errors: 46084, runtime errors: 0, failed runs: 113, ok runs: 0
:::: FAILED :::: level: 0-2 / 22 :::: size: 3677 / 3821 :::: Compiler calls: 47451, compilation errors: 47322, runtime errors: 0, failed runs: 114, ok runs: 0
:::: FAILED :::: level: 0-2 / 22 :::: size: 3675 / 3821 :::: Compiler calls: 48736, compilation errors: 48612, runtime errors: 0, failed runs: 115, ok runs: 0
:::: FAILED :::: level: 0-2 / 22 :::: size: 3673 / 3821 :::: Compiler calls: 50192, compilation errors: 50062, runtime errors: 0, failed runs: 116, ok runs: 0
:::: FAILED :::: level: 0-2 / 22 :::: size: 3673 / 3821 :::: Compiler calls: 50194, compilation errors: 50065, runtime errors: 0, failed runs: 117, ok runs: 0
:::: FAILED :::: level: 0-2 / 22 :::: size: 3671 / 3821 :::: Compiler calls: 51649, compilation errors: 51518, runtime errors: 0, failed runs: 118, ok runs: 0
:::: FAILED :::: level: 0-2 / 22 :::: size: 3669 / 3821 :::: Compiler calls: 53152, compilation errors: 53018, runtime errors: 0, failed runs: 119, ok runs: 0
:::: FAILED :::: level: 0-2 / 22 :::: size: 3670 / 3821 :::: Compiler calls: 53153, compilation errors: 53022, runtime errors: 0, failed runs: 120, ok runs: 0
:::: FAILED :::: level: 0-2 / 22 :::: size: 3669 / 3821 :::: Compiler calls: 53161, compilation errors: 53029, runtime errors: 0, failed runs: 121, ok runs: 0
:::: FAILED :::: level: 0-2 / 22 :::: size: 3669 / 3821 :::: Compiler calls: 53172, compilation errors: 53039, runtime errors: 0, failed runs: 122, ok runs: 0
:::: FAILED :::: level: 0-2 / 22 :::: size: 3668 / 3821 :::: Compiler calls: 54641, compilation errors: 54504, runtime errors: 0, failed runs: 123, ok runs: 0
:::: FAILED :::: level: 0-2 / 22 :::: size: 3668 / 3821 :::: Compiler calls: 54643, compilation errors: 54509, runtime errors: 0, failed runs: 124, ok runs: 0
:::: FAILED :::: level: 0-2 / 22 :::: size: 3667 / 3821 :::: Compiler calls: 54676, compilation errors: 54538, runtime errors: 0, failed runs: 125, ok runs: 0
:::: FAILED :::: level: 0-2 / 22 :::: size: 3667 / 3821 :::: Compiler calls: 56143, compilation errors: 56006, runtime errors: 0, failed runs: 126, ok runs: 0
:::: FAILED :::: level: 0-2 / 22 :::: size: 3666 / 3821 :::: Compiler calls: 56148, compilation errors: 56009, runtime errors: 0, failed runs: 127, ok runs: 0
:::: FAILED :::: level: 0-2 / 22 :::: size: 3666 / 3821 :::: Compiler calls: 56148, compilation errors: 56013, runtime errors: 0, failed runs: 128, ok runs: 0
:::: FAILED :::: level: 0-2 / 22 :::: size: 3665 / 3821 :::: Compiler calls: 57650, compilation errors: 57507, runtime errors: 0, failed runs: 129, ok runs: 0
:::: FAILED :::: level: 0-2 / 22 :::: size: 3665 / 3821 :::: Compiler calls: 57650, compilation errors: 57507, runtime errors: 0, failed runs: 130, ok runs: 0
:::: FAILED :::: level: 0-2 / 22 :::: size: 3664 / 3821 :::: Compiler calls: 59155, compilation errors: 59010, runtime errors: 0, failed runs: 131, ok runs: 0
:::: FAILED :::: level: 0-2 / 22 :::: size: 3663 / 3821 :::: Compiler calls: 60690, compilation errors: 60543, runtime errors: 0, failed runs: 132, ok runs: 0
:::: FAILED :::: level: 0-2 / 22 :::: size: 3663 / 3821 :::: Compiler calls: 60699, compilation errors: 60559, runtime errors: 0, failed runs: 133, ok runs: 0
:::: FAILED :::: level: 0-2 / 22 :::: size: 3662 / 3821 :::: Compiler calls: 62185, compilation errors: 62038, runtime errors: 0, failed runs: 134, ok runs: 0
:::: FAILED :::: level: 0-2 / 22 :::: size: 3661 / 3821 :::: Compiler calls: 63736, compilation errors: 63587, runtime errors: 0, failed runs: 135, ok runs: 0
:::: FAILED :::: level: 0-2 / 22 :::: size: 3661 / 3821 :::: Compiler calls: 63760, compilation errors: 63614, runtime errors: 0, failed runs: 136, ok runs: 0
:::: FAILED :::: level: 0-2 / 22 :::: size: 3661 / 3821 :::: Compiler calls: 63766, compilation errors: 63618, runtime errors: 0, failed runs: 137, ok runs: 0
:::: FAILED :::: level: 0-2 / 22 :::: size: 3660 / 3821 :::: Compiler calls: 65249, compilation errors: 65098, runtime errors: 0, failed runs: 138, ok runs: 0
:::: FAILED :::: level: 0-2 / 22 :::: size: 3660 / 3821 :::: Compiler calls: 65289, compilation errors: 65136, runtime errors: 0, failed runs: 139, ok runs: 0
:::: FAILED :::: level: 0-2 / 22 :::: size: 3659 / 3821 :::: Compiler calls: 66783, compilation errors: 66630, runtime errors: 0, failed runs: 140, ok runs: 0
:::: FAILED :::: level: 0-2 / 22 :::: size: 3659 / 3821 :::: Compiler calls: 66786, compilation errors: 66636, runtime errors: 0, failed runs: 141, ok runs: 0
:::: FAILED :::: level: 0-2 / 22 :::: size: 3658 / 3821 :::: Compiler calls: 68343, compilation errors: 68186, runtime errors: 0, failed runs: 142, ok runs: 0
:::: FAILED :::: level: 0-2 / 22 :::: size: 3658 / 3821 :::: Compiler calls: 68343, compilation errors: 68188, runtime errors: 0, failed runs: 143, ok runs: 0
:::: FAILED :::: level: 0-2 / 22 :::: size: 3657 / 3821 :::: Compiler calls: 69882, compilation errors: 69725, runtime errors: 0, failed runs: 144, ok runs: 0
:::: FAILED :::: level: 0-2 / 22 :::: size: 3657 / 3821 :::: Compiler calls: 69922, compilation errors: 69763, runtime errors: 0, failed runs: 145, ok runs: 0
:::: FAILED :::: level: 0-2 / 22 :::: size: 3656 / 3821 :::: Compiler calls: 71415, compilation errors: 71257, runtime errors: 0, failed runs: 146, ok runs: 0
:::: FAILED :::: level: 0-2 / 22 :::: size: 3655 / 3821 :::: Compiler calls: 72969, compilation errors: 72807, runtime errors: 0, failed runs: 147, ok runs: 0
:::: FAILED :::: level: 0-2 / 22 :::: size: 3654 / 3821 :::: Compiler calls: 74562, compilation errors: 74401, runtime errors: 0, failed runs: 148, ok runs: 0
:::: FAILED :::: level: 0-2 / 22 :::: size: 3654 / 3821 :::: Compiler calls: 74565, compilation errors: 74407, runtime errors: 0, failed runs: 149, ok runs: 0
:::: FAILED :::: level: 0-2 / 22 :::: size: 3654 / 3821 :::: Compiler calls: 74573, compilation errors: 74408, runtime errors: 0, failed runs: 150, ok runs: 0
:::: FAILED :::: level: 0-2 / 22 :::: size: 3654 / 3821 :::: Compiler calls: 74573, compilation errors: 74408, runtime errors: 0, failed runs: 151, ok runs: 0
:::: FAILED :::: level: 0-2 / 22 :::: size: 3654 / 3821 :::: Compiler calls: 74573, compilation errors: 74409, runtime errors: 0, failed runs: 152, ok runs: 0
:::: FAILED :::: level: 0-2 / 22 :::: size: 3654 / 3821 :::: Compiler calls: 74592, compilation errors: 74427, runtime errors: 0, failed runs: 153, ok runs: 0
:::: FAILED :::: level: 0-2 / 22 :::: size: 3654 / 3821 :::: Compiler calls: 74596, compilation errors: 74431, runtime errors: 0, failed runs: 154, ok runs: 0
:::: FAILED :::: level: 0-2 / 22 :::: size: 3653 / 3821 :::: Compiler calls: 76116, compilation errors: 75947, runtime errors: 0, failed runs: 155, ok runs: 0
:::: FAILED :::: level: 0-2 / 22 :::: size: 3653 / 3821 :::: Compiler calls: 76118, compilation errors: 75955, runtime errors: 0, failed runs: 156, ok runs: 0
:::: FAILED :::: level: 0-2 / 22 :::: size: 3653 / 3821 :::: Compiler calls: 76132, compilation errors: 75967, runtime errors: 0, failed runs: 157, ok runs: 0
:::: FAILED :::: level: 0-2 / 22 :::: size: 3652 / 3821 :::: Compiler calls: 77675, compilation errors: 77504, runtime errors: 0, failed runs: 158, ok runs: 0
:::: FAILED :::: level: 0-2 / 22 :::: size: 3652 / 3821 :::: Compiler calls: 77677, compilation errors: 77506, runtime errors: 0, failed runs: 159, ok runs: 0
:::: FAILED :::: level: 0-2 / 22 :::: size: 3652 / 3821 :::: Compiler calls: 77713, compilation errors: 77540, runtime errors: 0, failed runs: 160, ok runs: 0
:::: FAILED :::: level: 0-2 / 22 :::: size: 3651 / 3821 :::: Compiler calls: 79231, compilation errors: 79059, runtime errors: 0, failed runs: 161, ok runs: 0
:::: FAILED :::: level: 0-2 / 22 :::: size: 3650 / 3821 :::: Compiler calls: 80807, compilation errors: 80633, runtime errors: 0, failed runs: 162, ok runs: 0
:::: FAILED :::: level: 0-2 / 22 :::: size: 3650 / 3821 :::: Compiler calls: 80826, compilation errors: 80653, runtime errors: 0, failed runs: 163, ok runs: 0
:::: FAILED :::: level: 0-2 / 22 :::: size: 3650 / 3821 :::: Compiler calls: 80831, compilation errors: 80657, runtime errors: 0, failed runs: 164, ok runs: 0
:::: FAILED :::: level: 0-2 / 22 :::: size: 3649 / 3821 :::: Compiler calls: 82398, compilation errors: 82218, runtime errors: 0, failed runs: 165, ok runs: 0
:::: FAILED :::: level: 0-2 / 22 :::: size: 3649 / 3821 :::: Compiler calls: 82399, compilation errors: 82222, runtime errors: 0, failed runs: 166, ok runs: 0
:::: FAILED :::: level: 0-2 / 22 :::: size: 3649 / 3821 :::: Compiler calls: 82399, compilation errors: 82222, runtime errors: 0, failed runs: 167, ok runs: 0
:::: FAILED :::: level: 0-2 / 22 :::: size: 3649 / 3821 :::: Compiler calls: 82405, compilation errors: 82225, runtime errors: 0, failed runs: 168, ok runs: 0
:::: FAILED :::: level: 0-2 / 22 :::: size: 3649 / 3821 :::: Compiler calls: 82405, compilation errors: 82227, runtime errors: 0, failed runs: 169, ok runs: 0
:::: FAILED :::: level: 0-2 / 22 :::: size: 3649 / 3821 :::: Compiler calls: 82412, compilation errors: 82230, runtime errors: 0, failed runs: 170, ok runs: 0
:::: FAILED :::: level: 0-2 / 22 :::: size: 3649 / 3821 :::: Compiler calls: 82415, compilation errors: 82234, runtime errors: 0, failed runs: 171, ok runs: 0
:::: FAILED :::: level: 0-2 / 22 :::: size: 3648 / 3821 :::: Compiler calls: 83987, compilation errors: 83801, runtime errors: 0, failed runs: 172, ok runs: 0
:::: FAILED :::: level: 0-2 / 22 :::: size: 3648 / 3821 :::: Compiler calls: 83989, compilation errors: 83803, runtime errors: 0, failed runs: 173, ok runs: 0
:::: FAILED :::: level: 0-2 / 22 :::: size: 3648 / 3821 :::: Compiler calls: 83989, compilation errors: 83804, runtime errors: 0, failed runs: 174, ok runs: 0
:::: FAILED :::: level: 0-2 / 22 :::: size: 3648 / 3821 :::: Compiler calls: 83989, compilation errors: 83804, runtime errors: 0, failed runs: 175, ok runs: 0
:::: FAILED :::: level: 0-2 / 22 :::: size: 3648 / 3821 :::: Compiler calls: 83994, compilation errors: 83805, runtime errors: 0, failed runs: 176, ok runs: 0
:::: FAILED :::: level: 0-2 / 22 :::: size: 3648 / 3821 :::: Compiler calls: 83997, compilation errors: 83807, runtime errors: 0, failed runs: 177, ok runs: 0
:::: FAILED :::: level: 0-2 / 22 :::: size: 3647 / 3821 :::: Compiler calls: 85572, compilation errors: 85380, runtime errors: 0, failed runs: 178, ok runs: 0
:::: FAILED :::: level: 0-2 / 22 :::: size: 3647 / 3821 :::: Compiler calls: 85573, compilation errors: 85382, runtime errors: 0, failed runs: 179, ok runs: 0
:::: FAILED :::: level: 0-2 / 22 :::: size: 3647 / 3821 :::: Compiler calls: 85574, compilation errors: 85384, runtime errors: 0, failed runs: 180, ok runs: 0
:::: FAILED :::: level: 0-2 / 22 :::: size: 3647 / 3821 :::: Compiler calls: 85580, compilation errors: 85386, runtime errors: 0, failed runs: 181, ok runs: 0
:::: FAILED :::: level: 0-2 / 22 :::: size: 3647 / 3821 :::: Compiler calls: 85587, compilation errors: 85394, runtime errors: 0, failed runs: 182, ok runs: 0
:::: FAILED :::: level: 0-2 / 22 :::: size: 3647 / 3821 :::: Compiler calls: 85603, compilation errors: 85408, runtime errors: 0, failed runs: 183, ok runs: 0
:::: FAILED :::: level: 0-2 / 22 :::: size: 3646 / 3821 :::: Compiler calls: 87161, compilation errors: 86965, runtime errors: 0, failed runs: 184, ok runs: 0
:::: FAILED :::: level: 0-2 / 22 :::: size: 3646 / 3821 :::: Compiler calls: 87165, compilation errors: 86967, runtime errors: 0, failed runs: 185, ok runs: 0
:::: FAILED :::: level: 0-2 / 22 :::: size: 3646 / 3821 :::: Compiler calls: 87165, compilation errors: 86967, runtime errors: 0, failed runs: 186, ok runs: 0
:::: FAILED :::: level: 0-2 / 22 :::: size: 3646 / 3821 :::: Compiler calls: 87165, compilation errors: 86967, runtime errors: 0, failed runs: 187, ok runs: 0
:::: FAILED :::: level: 0-2 / 22 :::: size: 3646 / 3821 :::: Compiler calls: 87173, compilation errors: 86971, runtime errors: 0, failed runs: 188, ok runs: 0
:::: FAILED :::: level: 0-2 / 22 :::: size: 3645 / 3821 :::: Compiler calls: 88754, compilation errors: 88551, runtime errors: 0, failed runs: 189, ok runs: 0
:::: FAILED :::: level: 0-2 / 22 :::: size: 3645 / 3821 :::: Compiler calls: 88754, compilation errors: 88551, runtime errors: 0, failed runs: 190, ok runs: 0
:::: FAILED :::: level: 0-2 / 22 :::: size: 3645 / 3821 :::: Compiler calls: 88756, compilation errors: 88553, runtime errors: 0, failed runs: 191, ok runs: 0
:::: FAILED :::: level: 0-2 / 22 :::: size: 3645 / 3821 :::: Compiler calls: 88756, compilation errors: 88556, runtime errors: 0, failed runs: 192, ok runs: 0
:::: FAILED :::: level: 0-2 / 22 :::: size: 3645 / 3821 :::: Compiler calls: 88756, compilation errors: 88556, runtime errors: 0, failed runs: 193, ok runs: 0
:::: FAILED :::: level: 0-2 / 22 :::: size: 3645 / 3821 :::: Compiler calls: 88756, compilation errors: 88556, runtime errors: 0, failed runs: 194, ok runs: 0
:::: FAILED :::: level: 0-2 / 22 :::: size: 3644 / 3821 :::: Compiler calls: 90338, compilation errors: 90130, runtime errors: 0, failed runs: 195, ok runs: 0
:::: FAILED :::: level: 0-2 / 22 :::: size: 3644 / 3821 :::: Compiler calls: 90341, compilation errors: 90132, runtime errors: 0, failed runs: 196, ok runs: 0
:::: FAILED :::: level: 0-2 / 22 :::: size: 3644 / 3821 :::: Compiler calls: 90341, compilation errors: 90132, runtime errors: 0, failed runs: 197, ok runs: 0
:::: FAILED :::: level: 0-2 / 22 :::: size: 3643 / 3821 :::: Compiler calls: 90341, compilation errors: 90134, runtime errors: 0, failed runs: 198, ok runs: 0
:::: FAILED :::: level: 0-2 / 22 :::: size: 3644 / 3821 :::: Compiler calls: 90341, compilation errors: 90134, runtime errors: 0, failed runs: 199, ok runs: 0
:::: FAILED :::: level: 0-2 / 22 :::: size: 3644 / 3821 :::: Compiler calls: 90341, compilation errors: 90135, runtime errors: 0, failed runs: 200, ok runs: 0
:::: FAILED :::: level: 0-2 / 22 :::: size: 3643 / 3821 :::: Compiler calls: 91930, compilation errors: 91714, runtime errors: 0, failed runs: 201, ok runs: 0
:::: FAILED :::: level: 0-2 / 22 :::: size: 3643 / 3821 :::: Compiler calls: 91931, compilation errors: 91720, runtime errors: 0, failed runs: 202, ok runs: 0
:::: FAILED :::: level: 0-2 / 22 :::: size: 3643 / 3821 :::: Compiler calls: 91931, compilation errors: 91720, runtime errors: 0, failed runs: 203, ok runs: 0
:::: FAILED :::: level: 0-2 / 22 :::: size: 3642 / 3821 :::: Compiler calls: 93518, compilation errors: 93299, runtime errors: 0, failed runs: 204, ok runs: 0
:::: FAILED :::: level: 0-2 / 22 :::: size: 3642 / 3821 :::: Compiler calls: 93519, compilation errors: 93306, runtime errors: 0, failed runs: 205, ok runs: 0
:::: FAILED :::: level: 0-2 / 22 :::: size: 3642 / 3821 :::: Compiler calls: 93520, compilation errors: 93307, runtime errors: 0, failed runs: 206, ok runs: 0
:::: FAILED :::: level: 0-2 / 22 :::: size: 3641 / 3821 :::: Compiler calls: 95102, compilation errors: 94881, runtime errors: 0, failed runs: 207, ok runs: 0
:::: FAILED :::: level: 0-2 / 22 :::: size: 3640 / 3821 :::: Compiler calls: 95104, compilation errors: 94883, runtime errors: 0, failed runs: 208, ok runs: 0
:::: FAILED :::: level: 0-2 / 22 :::: size: 3641 / 3821 :::: Compiler calls: 95112, compilation errors: 94893, runtime errors: 0, failed runs: 209, ok runs: 0
:::: FAILED :::: level: 0-2 / 22 :::: size: 3641 / 3821 :::: Compiler calls: 95134, compilation errors: 94911, runtime errors: 0, failed runs: 210, ok runs: 0
:::: FAILED :::: level: 0-2 / 22 :::: size: 3640 / 3821 :::: Compiler calls: 96688, compilation errors: 96463, runtime errors: 0, failed runs: 211, ok runs: 0
:::: FAILED :::: level: 0-2 / 22 :::: size: 3640 / 3821 :::: Compiler calls: 96689, compilation errors: 96463, runtime errors: 0, failed runs: 212, ok runs: 0
:::: FAILED :::: level: 0-2 / 22 :::: size: 3639 / 3821 :::: Compiler calls: 96690, compilation errors: 96463, runtime errors: 0, failed runs: 213, ok runs: 0
:::: FAILED :::: level: 0-2 / 22 :::: size: 3640 / 3821 :::: Compiler calls: 96690, compilation errors: 96470, runtime errors: 0, failed runs: 214, ok runs: 0
:::: FAILED :::: level: 0-2 / 22 :::: size: 3639 / 3821 :::: Compiler calls: 98278, compilation errors: 98048, runtime errors: 0, failed runs: 215, ok runs: 0
:::: FAILED :::: level: 0-2 / 22 :::: size: 3638 / 3821 :::: Compiler calls: 98278, compilation errors: 98049, runtime errors: 0, failed runs: 216, ok runs: 0
:::: FAILED :::: level: 0-2 / 22 :::: size: 3639 / 3821 :::: Compiler calls: 98284, compilation errors: 98055, runtime errors: 0, failed runs: 217, ok runs: 0
:::: FAILED :::: level: 0-2 / 22 :::: size: 3638 / 3821 :::: Compiler calls: 99871, compilation errors: 99640, runtime errors: 0, failed runs: 218, ok runs: 0
:::: FAILED :::: level: 0-2 / 22 :::: size: 3638 / 3821 :::: Compiler calls: 99873, compilation errors: 99641, runtime errors: 0, failed runs: 219, ok runs: 0
:::: FAILED :::: level: 0-2 / 22 :::: size: 3637 / 3821 :::: Compiler calls: 101456, compilation errors: 101224, runtime errors: 0, failed runs: 220, ok runs: 0
:::: FAILED :::: level: 0-2 / 22 :::: size: 3637 / 3821 :::: Compiler calls: 101461, compilation errors: 101231, runtime errors: 0, failed runs: 221, ok runs: 0
:::: FAILED :::: level: 0-2 / 22 :::: size: 3636 / 3821 :::: Compiler calls: 103048, compilation errors: 102813, runtime errors: 0, failed runs: 222, ok runs: 0
:::: FAILED :::: level: 0-2 / 22 :::: size: 3635 / 3821 :::: Compiler calls: 104693, compilation errors: 104456, runtime errors: 0, failed runs: 223, ok runs: 0
:::: FAILED :::: level: 0-2 / 22 :::: size: 3635 / 3821 :::: Compiler calls: 104723, compilation errors: 104486, runtime errors: 0, failed runs: 224, ok runs: 0
:::: FAILED :::: level: 0-2 / 22 :::: size: 3634 / 3821 :::: Compiler calls: 106336, compilation errors: 106097, runtime errors: 0, failed runs: 225, ok runs: 0
:::: FAILED :::: level: 0-2 / 22 :::: size: 3634 / 3821 :::: Compiler calls: 106371, compilation errors: 106133, runtime errors: 0, failed runs: 226, ok runs: 0
:::: FAILED :::: level: 0-2 / 22 :::: size: 3633 / 3821 :::: Compiler calls: 107995, compilation errors: 107755, runtime errors: 0, failed runs: 227, ok runs: 0
:::: FAILED :::: level: 0-2 / 22 :::: size: 3632 / 3821 :::: Compiler calls: 108035, compilation errors: 107792, runtime errors: 0, failed runs: 228, ok runs: 0
:::: FAILED :::: level: 0-2 / 22 :::: size: 3632 / 3821 :::: Compiler calls: 109674, compilation errors: 109431, runtime errors: 0, failed runs: 229, ok runs: 0
:::: FAILED :::: level: 0-2 / 22 :::: size: 3632 / 3821 :::: Compiler calls: 109676, compilation errors: 109435, runtime errors: 0, failed runs: 230, ok runs: 0
:::: FAILED :::: level: 0-2 / 22 :::: size: 3631 / 3821 :::: Compiler calls: 109676, compilation errors: 109436, runtime errors: 0, failed runs: 231, ok runs: 0
:::: FAILED :::: level: 0-2 / 22 :::: size: 3631 / 3821 :::: Compiler calls: 109676, compilation errors: 109436, runtime errors: 0, failed runs: 232, ok runs: 0
:::: FAILED :::: level: 0-2 / 22 :::: size: 3632 / 3821 :::: Compiler calls: 109676, compilation errors: 109438, runtime errors: 0, failed runs: 233, ok runs: 0
:::: FAILED :::: level: 0-2 / 22 :::: size: 3632 / 3821 :::: Compiler calls: 109695, compilation errors: 109447, runtime errors: 0, failed runs: 234, ok runs: 0
:::: FAILED :::: level: 0-2 / 22 :::: size: 3632 / 3821 :::: Compiler calls: 109698, compilation errors: 109451, runtime errors: 0, failed runs: 235, ok runs: 0
:::: FAILED :::: level: 0-2 / 22 :::: size: 3631 / 3821 :::: Compiler calls: 109705, compilation errors: 109457, runtime errors: 0, failed runs: 236, ok runs: 0
:::: FAILED :::: level: 0-2 / 22 :::: size: 3631 / 3821 :::: Compiler calls: 111345, compilation errors: 111095, runtime errors: 0, failed runs: 237, ok runs: 0
:::: FAILED :::: level: 0-2 / 22 :::: size: 3631 / 3821 :::: Compiler calls: 111361, compilation errors: 111111, runtime errors: 0, failed runs: 238, ok runs: 0
:::: FAILED :::: level: 0-2 / 22 :::: size: 3630 / 3821 :::: Compiler calls: 111362, compilation errors: 111113, runtime errors: 0, failed runs: 239, ok runs: 0
:::: FAILED :::: level: 0-2 / 22 :::: size: 3630 / 3821 :::: Compiler calls: 111365, compilation errors: 111113, runtime errors: 0, failed runs: 240, ok runs: 0
:::: FAILED :::: level: 0-2 / 22 :::: size: 3631 / 3821 :::: Compiler calls: 111371, compilation errors: 111120, runtime errors: 0, failed runs: 241, ok runs: 0
:::: FAILED :::: level: 0-2 / 22 :::: size: 3631 / 3821 :::: Compiler calls: 111377, compilation errors: 111123, runtime errors: 0, failed runs: 242, ok runs: 0
:::: FAILED :::: level: 0-2 / 22 :::: size: 3630 / 3821 :::: Compiler calls: 113024, compilation errors: 112768, runtime errors: 0, failed runs: 243, ok runs: 0
:::: FAILED :::: level: 0-2 / 22 :::: size: 3629 / 3821 :::: Compiler calls: 113027, compilation errors: 112773, runtime errors: 0, failed runs: 244, ok runs: 0
:::: FAILED :::: level: 0-2 / 22 :::: size: 3629 / 3821 :::: Compiler calls: 113027, compilation errors: 112774, runtime errors: 0, failed runs: 245, ok runs: 0
:::: FAILED :::: level: 0-2 / 22 :::: size: 3630 / 3821 :::: Compiler calls: 113031, compilation errors: 112774, runtime errors: 0, failed runs: 246, ok runs: 0
:::: FAILED :::: level: 0-2 / 22 :::: size: 3630 / 3821 :::: Compiler calls: 113037, compilation errors: 112781, runtime errors: 0, failed runs: 247, ok runs: 0
:::: FAILED :::: level: 0-2 / 22 :::: size: 3630 / 3821 :::: Compiler calls: 113038, compilation errors: 112782, runtime errors: 0, failed runs: 248, ok runs: 0
:::: FAILED :::: level: 0-2 / 22 :::: size: 3630 / 3821 :::: Compiler calls: 113042, compilation errors: 112783, runtime errors: 0, failed runs: 249, ok runs: 0
:::: FAILED :::: level: 0-2 / 22 :::: size: 3629 / 3821 :::: Compiler calls: 113049, compilation errors: 112787, runtime errors: 0, failed runs: 250, ok runs: 0
:::: FAILED :::: level: 0-2 / 22 :::: size: 3629 / 3821 :::: Compiler calls: 114702, compilation errors: 114438, runtime errors: 0, failed runs: 251, ok runs: 0
:::: FAILED :::: level: 0-2 / 22 :::: size: 3628 / 3821 :::: Compiler calls: 114705, compilation errors: 114441, runtime errors: 0, failed runs: 252, ok runs: 0
:::: FAILED :::: level: 0-2 / 22 :::: size: 3629 / 3821 :::: Compiler calls: 114705, compilation errors: 114441, runtime errors: 0, failed runs: 253, ok runs: 0
:::: FAILED :::: level: 0-2 / 22 :::: size: 3628 / 3821 :::: Compiler calls: 114705, compilation errors: 114441, runtime errors: 0, failed runs: 254, ok runs: 0
:::: FAILED :::: level: 0-2 / 22 :::: size: 3629 / 3821 :::: Compiler calls: 114705, compilation errors: 114441, runtime errors: 0, failed runs: 255, ok runs: 0
:::: FAILED :::: level: 0-2 / 22 :::: size: 3628 / 3821 :::: Compiler calls: 114716, compilation errors: 114451, runtime errors: 0, failed runs: 256, ok runs: 0
:::: FAILED :::: level: 0-2 / 22 :::: size: 3629 / 3821 :::: Compiler calls: 114717, compilation errors: 114453, runtime errors: 0, failed runs: 257, ok runs: 0
:::: FAILED :::: level: 0-2 / 22 :::: size: 3629 / 3821 :::: Compiler calls: 114731, compilation errors: 114462, runtime errors: 0, failed runs: 258, ok runs: 0
:::: FAILED :::: level: 0-2 / 22 :::: size: 3629 / 3821 :::: Compiler calls: 114734, compilation errors: 114463, runtime errors: 0, failed runs: 259, ok runs: 0
:::: FAILED :::: level: 0-2 / 22 :::: size: 3628 / 3821 :::: Compiler calls: 116381, compilation errors: 116106, runtime errors: 0, failed runs: 260, ok runs: 0
:::: FAILED :::: level: 0-2 / 22 :::: size: 3627 / 3821 :::: Compiler calls: 116382, compilation errors: 116109, runtime errors: 0, failed runs: 261, ok runs: 0
:::: FAILED :::: level: 0-2 / 22 :::: size: 3627 / 3821 :::: Compiler calls: 116382, compilation errors: 116109, runtime errors: 0, failed runs: 262, ok runs: 0
:::: FAILED :::: level: 0-2 / 22 :::: size: 3628 / 3821 :::: Compiler calls: 116382, compilation errors: 116109, runtime errors: 0, failed runs: 263, ok runs: 0
:::: FAILED :::: level: 0-2 / 22 :::: size: 3628 / 3821 :::: Compiler calls: 116382, compilation errors: 116111, runtime errors: 0, failed runs: 264, ok runs: 0
:::: FAILED :::: level: 0-2 / 22 :::: size: 3628 / 3821 :::: Compiler calls: 116392, compilation errors: 116118, runtime errors: 0, failed runs: 265, ok runs: 0
:::: FAILED :::: level: 0-2 / 22 :::: size: 3627 / 3821 :::: Compiler calls: 116397, compilation errors: 116119, runtime errors: 0, failed runs: 266, ok runs: 0
:::: FAILED :::: level: 0-2 / 22 :::: size: 3628 / 3821 :::: Compiler calls: 116419, compilation errors: 116137, runtime errors: 0, failed runs: 267, ok runs: 0
:::: FAILED :::: level: 0-2 / 22 :::: size: 3626 / 3821 :::: Compiler calls: 118063, compilation errors: 117780, runtime errors: 0, failed runs: 268, ok runs: 0
:::: FAILED :::: level: 0-2 / 22 :::: size: 3627 / 3821 :::: Compiler calls: 118064, compilation errors: 117782, runtime errors: 0, failed runs: 269, ok runs: 0
:::: FAILED :::: level: 0-2 / 22 :::: size: 3627 / 3821 :::: Compiler calls: 118064, compilation errors: 117784, runtime errors: 0, failed runs: 270, ok runs: 0
:::: FAILED :::: level: 0-2 / 22 :::: size: 3626 / 3821 :::: Compiler calls: 118064, compilation errors: 117786, runtime errors: 0, failed runs: 271, ok runs: 0
:::: FAILED :::: level: 0-2 / 22 :::: size: 3627 / 3821 :::: Compiler calls: 118064, compilation errors: 117786, runtime errors: 0, failed runs: 272, ok runs: 0
:::: FAILED :::: level: 0-2 / 22 :::: size: 3627 / 3821 :::: Compiler calls: 118068, compilation errors: 117787, runtime errors: 0, failed runs: 273, ok runs: 0
:::: FAILED :::: level: 0-2 / 22 :::: size: 3626 / 3821 :::: Compiler calls: 118076, compilation errors: 117788, runtime errors: 0, failed runs: 274, ok runs: 0
:::: FAILED :::: level: 0-2 / 22 :::: size: 3627 / 3821 :::: Compiler calls: 118101, compilation errors: 117811, runtime errors: 0, failed runs: 275, ok runs: 0
:::: FAILED :::: level: 0-2 / 22 :::: size: 3625 / 3821 :::: Compiler calls: 119743, compilation errors: 119453, runtime errors: 0, failed runs: 276, ok runs: 0
:::: FAILED :::: level: 0-2 / 22 :::: size: 3625 / 3821 :::: Compiler calls: 119745, compilation errors: 119454, runtime errors: 0, failed runs: 277, ok runs: 0
:::: FAILED :::: level: 0-2 / 22 :::: size: 3624 / 3821 :::: Compiler calls: 119745, compilation errors: 119457, runtime errors: 0, failed runs: 278, ok runs: 0
:::: FAILED :::: level: 0-2 / 22 :::: size: 3625 / 3821 :::: Compiler calls: 119745, compilation errors: 119458, runtime errors: 0, failed runs: 279, ok runs: 0
:::: FAILED :::: level: 0-2 / 22 :::: size: 3625 / 3821 :::: Compiler calls: 119753, compilation errors: 119458, runtime errors: 0, failed runs: 280, ok runs: 0
:::: FAILED :::: level: 0-2 / 22 :::: size: 3624 / 3821 :::: Compiler calls: 119763, compilation errors: 119469, runtime errors: 0, failed runs: 281, ok runs: 0
:::: FAILED :::: level: 0-2 / 22 :::: size: 3625 / 3821 :::: Compiler calls: 119780, compilation errors: 119485, runtime errors: 0, failed runs: 282, ok runs: 0
:::: FAILED :::: level: 0-2 / 22 :::: size: 3623 / 3821 :::: Compiler calls: 121432, compilation errors: 121135, runtime errors: 0, failed runs: 283, ok runs: 0
:::: FAILED :::: level: 0-2 / 22 :::: size: 3623 / 3821 :::: Compiler calls: 121433, compilation errors: 121135, runtime errors: 0, failed runs: 284, ok runs: 0
:::: FAILED :::: level: 0-2 / 22 :::: size: 3624 / 3821 :::: Compiler calls: 121434, compilation errors: 121138, runtime errors: 0, failed runs: 285, ok runs: 0
:::: FAILED :::: level: 0-2 / 22 :::: size: 3624 / 3821 :::: Compiler calls: 121434, compilation errors: 121139, runtime errors: 0, failed runs: 286, ok runs: 0
:::: FAILED :::: level: 0-2 / 22 :::: size: 3624 / 3821 :::: Compiler calls: 121434, compilation errors: 121139, runtime errors: 0, failed runs: 287, ok runs: 0
:::: FAILED :::: level: 0-2 / 22 :::: size: 3624 / 3821 :::: Compiler calls: 121434, compilation errors: 121141, runtime errors: 0, failed runs: 288, ok runs: 0
:::: FAILED :::: level: 0-2 / 22 :::: size: 3622 / 3821 :::: Compiler calls: 123119, compilation errors: 122817, runtime errors: 0, failed runs: 289, ok runs: 0
:::: FAILED :::: level: 0-2 / 22 :::: size: 3622 / 3821 :::: Compiler calls: 123122, compilation errors: 122820, runtime errors: 0, failed runs: 290, ok runs: 0
:::: FAILED :::: level: 0-2 / 22 :::: size: 3621 / 3821 :::: Compiler calls: 123122, compilation errors: 122820, runtime errors: 0, failed runs: 291, ok runs: 0
:::: FAILED :::: level: 0-2 / 22 :::: size: 3622 / 3821 :::: Compiler calls: 123122, compilation errors: 122820, runtime errors: 0, failed runs: 292, ok runs: 0
:::: FAILED :::: level: 0-2 / 22 :::: size: 3622 / 3821 :::: Compiler calls: 123138, compilation errors: 122836, runtime errors: 0, failed runs: 293, ok runs: 0
:::: FAILED :::: level: 0-2 / 22 :::: size: 3621 / 3821 :::: Compiler calls: 124812, compilation errors: 124504, runtime errors: 0, failed runs: 294, ok runs: 0
:::: FAILED :::: level: 0-2 / 22 :::: size: 3620 / 3821 :::: Compiler calls: 124812, compilation errors: 124504, runtime errors: 0, failed runs: 295, ok runs: 0
:::: FAILED :::: level: 0-2 / 22 :::: size: 3621 / 3821 :::: Compiler calls: 124814, compilation errors: 124509, runtime errors: 0, failed runs: 296, ok runs: 0
:::: FAILED :::: level: 0-2 / 22 :::: size: 3621 / 3821 :::: Compiler calls: 124814, compilation errors: 124513, runtime errors: 0, failed runs: 297, ok runs: 0
:::: FAILED :::: level: 0-2 / 22 :::: size: 3621 / 3821 :::: Compiler calls: 124848, compilation errors: 124537, runtime errors: 0, failed runs: 298, ok runs: 0
:::: FAILED :::: level: 0-2 / 22 :::: size: 3620 / 3821 :::: Compiler calls: 126503, compilation errors: 126191, runtime errors: 0, failed runs: 299, ok runs: 0
:::: FAILED :::: level: 0-2 / 22 :::: size: 3620 / 3821 :::: Compiler calls: 126506, compilation errors: 126195, runtime errors: 0, failed runs: 300, ok runs: 0
:::: FAILED :::: level: 0-2 / 22 :::: size: 3620 / 3821 :::: Compiler calls: 126506, compilation errors: 126198, runtime errors: 0, failed runs: 301, ok runs: 0
:::: FAILED :::: level: 0-2 / 22 :::: size: 3620 / 3821 :::: Compiler calls: 126542, compilation errors: 126226, runtime errors: 0, failed runs: 302, ok runs: 0
:::: FAILED :::: level: 0-2 / 22 :::: size: 3619 / 3821 :::: Compiler calls: 128187, compilation errors: 127871, runtime errors: 0, failed runs: 303, ok runs: 0
:::: FAILED :::: level: 0-2 / 22 :::: size: 3619 / 3821 :::: Compiler calls: 128190, compilation errors: 127873, runtime errors: 0, failed runs: 304, ok runs: 0
:::: FAILED :::: level: 0-2 / 22 :::: size: 3618 / 3821 :::: Compiler calls: 128190, compilation errors: 127873, runtime errors: 0, failed runs: 305, ok runs: 0
:::: FAILED :::: level: 0-2 / 22 :::: size: 3619 / 3821 :::: Compiler calls: 128227, compilation errors: 127906, runtime errors: 0, failed runs: 306, ok runs: 0
:::: FAILED :::: level: 0-2 / 22 :::: size: 3617 / 3821 :::: Compiler calls: 129876, compilation errors: 129555, runtime errors: 0, failed runs: 307, ok runs: 0
:::: FAILED :::: level: 0-2 / 22 :::: size: 3618 / 3821 :::: Compiler calls: 129878, compilation errors: 129559, runtime errors: 0, failed runs: 308, ok runs: 0
:::: FAILED :::: level: 0-2 / 22 :::: size: 3618 / 3821 :::: Compiler calls: 129880, compilation errors: 129567, runtime errors: 0, failed runs: 309, ok runs: 0
:::: FAILED :::: level: 0-2 / 22 :::: size: 3618 / 3821 :::: Compiler calls: 129894, compilation errors: 129574, runtime errors: 0, failed runs: 310, ok runs: 0
:::: FAILED :::: level: 0-2 / 22 :::: size: 3616 / 3821 :::: Compiler calls: 131566, compilation errors: 131242, runtime errors: 0, failed runs: 311, ok runs: 0
:::: FAILED :::: level: 0-2 / 22 :::: size: 3616 / 3821 :::: Compiler calls: 131569, compilation errors: 131249, runtime errors: 0, failed runs: 312, ok runs: 0
:::: FAILED :::: level: 0-2 / 22 :::: size: 3616 / 3821 :::: Compiler calls: 131594, compilation errors: 131270, runtime errors: 0, failed runs: 313, ok runs: 0
:::: FAILED :::: level: 0-2 / 22 :::: size: 3615 / 3821 :::: Compiler calls: 133268, compilation errors: 132941, runtime errors: 0, failed runs: 314, ok runs: 0
:::: FAILED :::: level: 0-2 / 22 :::: size: 3615 / 3821 :::: Compiler calls: 133271, compilation errors: 132944, runtime errors: 0, failed runs: 315, ok runs: 0
:::: FAILED :::: level: 0-2 / 22 :::: size: 3615 / 3821 :::: Compiler calls: 133278, compilation errors: 132950, runtime errors: 0, failed runs: 316, ok runs: 0
:::: FAILED :::: level: 0-2 / 22 :::: size: 3615 / 3821 :::: Compiler calls: 133286, compilation errors: 132958, runtime errors: 0, failed runs: 317, ok runs: 0
:::: FAILED :::: level: 0-2 / 22 :::: size: 3614 / 3821 :::: Compiler calls: 133305, compilation errors: 132975, runtime errors: 0, failed runs: 318, ok runs: 0
:::: FAILED :::: level: 0-2 / 22 :::: size: 3614 / 3821 :::: Compiler calls: 134963, compilation errors: 134631, runtime errors: 0, failed runs: 319, ok runs: 0
:::: FAILED :::: level: 0-2 / 22 :::: size: 3614 / 3821 :::: Compiler calls: 134966, compilation errors: 134634, runtime errors: 0, failed runs: 320, ok runs: 0
:::: FAILED :::: level: 0-2 / 22 :::: size: 3614 / 3821 :::: Compiler calls: 134968, compilation errors: 134639, runtime errors: 0, failed runs: 321, ok runs: 0
:::: FAILED :::: level: 0-2 / 22 :::: size: 3614 / 3821 :::: Compiler calls: 135003, compilation errors: 134668, runtime errors: 0, failed runs: 322, ok runs: 0
:::: FAILED :::: level: 0-2 / 22 :::: size: 3613 / 3821 :::: Compiler calls: 136648, compilation errors: 136316, runtime errors: 0, failed runs: 323, ok runs: 0
:::: FAILED :::: level: 0-2 / 22 :::: size: 3612 / 3821 :::: Compiler calls: 138365, compilation errors: 138030, runtime errors: 0, failed runs: 324, ok runs: 0
:::: FAILED :::: level: 0-2 / 22 :::: size: 3612 / 3821 :::: Compiler calls: 138370, compilation errors: 138035, runtime errors: 0, failed runs: 325, ok runs: 0
:::: FAILED :::: level: 0-2 / 22 :::: size: 3611 / 3821 :::: Compiler calls: 138370, compilation errors: 138039, runtime errors: 0, failed runs: 326, ok runs: 0
:::: FAILED :::: level: 0-2 / 22 :::: size: 3611 / 3821 :::: Compiler calls: 138370, compilation errors: 138039, runtime errors: 0, failed runs: 327, ok runs: 0
:::: FAILED :::: level: 0-2 / 22 :::: size: 3612 / 3821 :::: Compiler calls: 138394, compilation errors: 138053, runtime errors: 0, failed runs: 328, ok runs: 0
:::: FAILED :::: level: 0-2 / 22 :::: size: 3611 / 3821 :::: Compiler calls: 140063, compilation errors: 139720, runtime errors: 0, failed runs: 329, ok runs: 0
:::: FAILED :::: level: 0-2 / 22 :::: size: 3611 / 3821 :::: Compiler calls: 140065, compilation errors: 139725, runtime errors: 0, failed runs: 330, ok runs: 0
:::: FAILED :::: level: 0-2 / 22 :::: size: 3611 / 3821 :::: Compiler calls: 140065, compilation errors: 139725, runtime errors: 0, failed runs: 331, ok runs: 0
:::: FAILED :::: level: 0-2 / 22 :::: size: 3610 / 3821 :::: Compiler calls: 140102, compilation errors: 139755, runtime errors: 0, failed runs: 332, ok runs: 0
:::: FAILED :::: level: 0-2 / 22 :::: size: 3610 / 3821 :::: Compiler calls: 141768, compilation errors: 141424, runtime errors: 0, failed runs: 333, ok runs: 0
:::: FAILED :::: level: 0-2 / 22 :::: size: 3610 / 3821 :::: Compiler calls: 141768, compilation errors: 141424, runtime errors: 0, failed runs: 334, ok runs: 0
:::: FAILED :::: level: 0-2 / 22 :::: size: 3609 / 3821 :::: Compiler calls: 141790, compilation errors: 141446, runtime errors: 0, failed runs: 335, ok runs: 0
:::: FAILED :::: level: 0-2 / 22 :::: size: 3609 / 3821 :::: Compiler calls: 141797, compilation errors: 141447, runtime errors: 0, failed runs: 336, ok runs: 0
:::: FAILED :::: level: 0-2 / 22 :::: size: 3610 / 3821 :::: Compiler calls: 141810, compilation errors: 141458, runtime errors: 0, failed runs: 337, ok runs: 0
:::: FAILED :::: level: 0-2 / 22 :::: size: 3609 / 3821 :::: Compiler calls: 143464, compilation errors: 143113, runtime errors: 0, failed runs: 338, ok runs: 0
:::: FAILED :::: level: 0-2 / 22 :::: size: 3609 / 3821 :::: Compiler calls: 143473, compilation errors: 143122, runtime errors: 0, failed runs: 339, ok runs: 0
:::: FAILED :::: level: 0-2 / 22 :::: size: 3608 / 3821 :::: Compiler calls: 143501, compilation errors: 143149, runtime errors: 0, failed runs: 340, ok runs: 0
:::: FAILED :::: level: 0-2 / 22 :::: size: 3608 / 3821 :::: Compiler calls: 145171, compilation errors: 144816, runtime errors: 0, failed runs: 341, ok runs: 0
:::: FAILED :::: level: 0-2 / 22 :::: size: 3608 / 3821 :::: Compiler calls: 145173, compilation errors: 144826, runtime errors: 0, failed runs: 342, ok runs: 0
:::: FAILED :::: level: 0-2 / 22 :::: size: 3607 / 3821 :::: Compiler calls: 145185, compilation errors: 144829, runtime errors: 0, failed runs: 343, ok runs: 0
:::: FAILED :::: level: 0-2 / 22 :::: size: 3607 / 3821 :::: Compiler calls: 145189, compilation errors: 144838, runtime errors: 0, failed runs: 344, ok runs: 0
:::: FAILED :::: level: 0-2 / 22 :::: size: 3606 / 3821 :::: Compiler calls: 146882, compilation errors: 146528, runtime errors: 0, failed runs: 345, ok runs: 0
:::: FAILED :::: level: 0-2 / 22 :::: size: 3607 / 3821 :::: Compiler calls: 146889, compilation errors: 146536, runtime errors: 0, failed runs: 346, ok runs: 0
:::: FAILED :::: level: 0-2 / 22 :::: size: 3606 / 3821 :::: Compiler calls: 146892, compilation errors: 146541, runtime errors: 0, failed runs: 347, ok runs: 0
:::: FAILED :::: level: 0-2 / 22 :::: size: 3605 / 3821 :::: Compiler calls: 148588, compilation errors: 148230, runtime errors: 0, failed runs: 348, ok runs: 0
:::: FAILED :::: level: 0-2 / 22 :::: size: 3605 / 3821 :::: Compiler calls: 148615, compilation errors: 148254, runtime errors: 0, failed runs: 349, ok runs: 0
:::: FAILED :::: level: 0-2 / 22 :::: size: 3605 / 3821 :::: Compiler calls: 148616, compilation errors: 148257, runtime errors: 0, failed runs: 350, ok runs: 0
:::: FAILED :::: level: 0-2 / 22 :::: size: 3604 / 3821 :::: Compiler calls: 150312, compilation errors: 149948, runtime errors: 0, failed runs: 351, ok runs: 0
:::: FAILED :::: level: 0-2 / 22 :::: size: 3604 / 3821 :::: Compiler calls: 150323, compilation errors: 149959, runtime errors: 0, failed runs: 352, ok runs: 0
:::: FAILED :::: level: 0-2 / 22 :::: size: 3604 / 3821 :::: Compiler calls: 150323, compilation errors: 149959, runtime errors: 0, failed runs: 353, ok runs: 0
:::: FAILED :::: level: 0-2 / 22 :::: size: 3603 / 3821 :::: Compiler calls: 150341, compilation errors: 149975, runtime errors: 0, failed runs: 354, ok runs: 0
:::: FAILED :::: level: 0-2 / 22 :::: size: 3603 / 3821 :::: Compiler calls: 152022, compilation errors: 151652, runtime errors: 0, failed runs: 355, ok runs: 0
:::: FAILED :::: level: 0-2 / 22 :::: size: 3603 / 3821 :::: Compiler calls: 152023, compilation errors: 151664, runtime errors: 0, failed runs: 356, ok runs: 0
:::: FAILED :::: level: 0-2 / 22 :::: size: 3602 / 3821 :::: Compiler calls: 153738, compilation errors: 153369, runtime errors: 0, failed runs: 357, ok runs: 0
:::: FAILED :::: level: 0-2 / 22 :::: size: 3602 / 3821 :::: Compiler calls: 153765, compilation errors: 153397, runtime errors: 0, failed runs: 358, ok runs: 0
:::: FAILED :::: level: 0-2 / 22 :::: size: 3601 / 3821 :::: Compiler calls: 155475, compilation errors: 155103, runtime errors: 0, failed runs: 359, ok runs: 0
:::: FAILED :::: level: 0-2 / 22 :::: size: 3600 / 3821 :::: Compiler calls: 155478, compilation errors: 155105, runtime errors: 0, failed runs: 360, ok runs: 0
:::: FAILED :::: level: 0-2 / 22 :::: size: 3600 / 3821 :::: Compiler calls: 157195, compilation errors: 156819, runtime errors: 0, failed runs: 361, ok runs: 0
:::: FAILED :::: level: 0-2 / 22 :::: size: 3600 / 3821 :::: Compiler calls: 157195, compilation errors: 156819, runtime errors: 0, failed runs: 362, ok runs: 0
:::: FAILED :::: level: 0-2 / 22 :::: size: 3600 / 3821 :::: Compiler calls: 157196, compilation errors: 156820, runtime errors: 0, failed runs: 363, ok runs: 0
:::: FAILED :::: level: 0-2 / 22 :::: size: 3600 / 3821 :::: Compiler calls: 157196, compilation errors: 156821, runtime errors: 0, failed runs: 364, ok runs: 0
:::: FAILED :::: level: 0-2 / 22 :::: size: 3600 / 3821 :::: Compiler calls: 157204, compilation errors: 156827, runtime errors: 0, failed runs: 365, ok runs: 0
:::: FAILED :::: level: 0-2 / 22 :::: size: 3600 / 3821 :::: Compiler calls: 157208, compilation errors: 156832, runtime errors: 0, failed runs: 366, ok runs: 0
:::: FAILED :::: level: 0-2 / 22 :::: size: 3599 / 3821 :::: Compiler calls: 157209, compilation errors: 156833, runtime errors: 0, failed runs: 367, ok runs: 0
:::: FAILED :::: level: 0-2 / 22 :::: size: 3600 / 3821 :::: Compiler calls: 157225, compilation errors: 156844, runtime errors: 0, failed runs: 368, ok runs: 0
:::: FAILED :::: level: 0-2 / 22 :::: size: 3599 / 3821 :::: Compiler calls: 158906, compilation errors: 158525, runtime errors: 0, failed runs: 369, ok runs: 0
:::: FAILED :::: level: 0-2 / 22 :::: size: 3599 / 3821 :::: Compiler calls: 158912, compilation errors: 158534, runtime errors: 0, failed runs: 370, ok runs: 0
:::: FAILED :::: level: 0-2 / 22 :::: size: 3599 / 3821 :::: Compiler calls: 158915, compilation errors: 158534, runtime errors: 0, failed runs: 371, ok runs: 0
:::: FAILED :::: level: 0-2 / 22 :::: size: 3599 / 3821 :::: Compiler calls: 158922, compilation errors: 158542, runtime errors: 0, failed runs: 372, ok runs: 0
:::: FAILED :::: level: 0-2 / 22 :::: size: 3598 / 3821 :::: Compiler calls: 158926, compilation errors: 158543, runtime errors: 0, failed runs: 373, ok runs: 0
:::: FAILED :::: level: 0-2 / 22 :::: size: 3599 / 3821 :::: Compiler calls: 158941, compilation errors: 158555, runtime errors: 0, failed runs: 374, ok runs: 0
:::: FAILED :::: level: 0-2 / 22 :::: size: 3599 / 3821 :::: Compiler calls: 158941, compilation errors: 158556, runtime errors: 0, failed runs: 375, ok runs: 0
:::: FAILED :::: level: 0-2 / 22 :::: size: 3598 / 3821 :::: Compiler calls: 160629, compilation errors: 160238, runtime errors: 0, failed runs: 376, ok runs: 0
:::: FAILED :::: level: 0-2 / 22 :::: size: 3598 / 3821 :::: Compiler calls: 160629, compilation errors: 160239, runtime errors: 0, failed runs: 377, ok runs: 0
:::: FAILED :::: level: 0-2 / 22 :::: size: 3598 / 3821 :::: Compiler calls: 160629, compilation errors: 160240, runtime errors: 0, failed runs: 378, ok runs: 0
:::: FAILED :::: level: 0-2 / 22 :::: size: 3597 / 3821 :::: Compiler calls: 160635, compilation errors: 160242, runtime errors: 0, failed runs: 379, ok runs: 0
:::: FAILED :::: level: 0-2 / 22 :::: size: 3598 / 3821 :::: Compiler calls: 160636, compilation errors: 160242, runtime errors: 0, failed runs: 380, ok runs: 0
:::: FAILED :::: level: 0-2 / 22 :::: size: 3597 / 3821 :::: Compiler calls: 162351, compilation errors: 161956, runtime errors: 0, failed runs: 381, ok runs: 0
:::: FAILED :::: level: 0-2 / 22 :::: size: 3596 / 3821 :::: Compiler calls: 162353, compilation errors: 161962, runtime errors: 0, failed runs: 382, ok runs: 0
:::: FAILED :::: level: 0-2 / 22 :::: size: 3597 / 3821 :::: Compiler calls: 162353, compilation errors: 161962, runtime errors: 0, failed runs: 383, ok runs: 0
:::: FAILED :::: level: 0-2 / 22 :::: size: 3596 / 3821 :::: Compiler calls: 164075, compilation errors: 163678, runtime errors: 0, failed runs: 384, ok runs: 0
:::: FAILED :::: level: 0-2 / 22 :::: size: 3595 / 3821 :::: Compiler calls: 164077, compilation errors: 163678, runtime errors: 0, failed runs: 385, ok runs: 0
:::: FAILED :::: level: 0-2 / 22 :::: size: 3594 / 3821 :::: Compiler calls: 165803, compilation errors: 165402, runtime errors: 0, failed runs: 386, ok runs: 0
:::: FAILED :::: level: 0-2 / 22 :::: size: 3592 / 3821 :::: Compiler calls: 166643, compilation errors: 166244, runtime errors: 0, failed runs: 387, ok runs: 0
:::: FAILED :::: level: 0-2 / 22 :::: size: 3590 / 3821 :::: Compiler calls: 167494, compilation errors: 167094, runtime errors: 0, failed runs: 388, ok runs: 0
:::: FAILED :::: level: 0-2 / 22 :::: size: 3589 / 3821 :::: Compiler calls: 169197, compilation errors: 168794, runtime errors: 0, failed runs: 389, ok runs: 0
:::: FAILED :::: level: 0-2 / 22 :::: size: 3589 / 3821 :::: Compiler calls: 169199, compilation errors: 168804, runtime errors: 0, failed runs: 390, ok runs: 0
:::: FAILED :::: level: 0-2 / 22 :::: size: 3589 / 3821 :::: Compiler calls: 169228, compilation errors: 168823, runtime errors: 0, failed runs: 391, ok runs: 0
:::: FAILED :::: level: 0-2 / 22 :::: size: 3588 / 3821 :::: Compiler calls: 170875, compilation errors: 170469, runtime errors: 0, failed runs: 392, ok runs: 0
:::: FAILED :::: level: 0-2 / 22 :::: size: 3588 / 3821 :::: Compiler calls: 170888, compilation errors: 170482, runtime errors: 0, failed runs: 393, ok runs: 0
:::: FAILED :::: level: 0-2 / 22 :::: size: 3588 / 3821 :::: Compiler calls: 170899, compilation errors: 170494, runtime errors: 0, failed runs: 394, ok runs: 0
:::: FAILED :::: level: 0-2 / 22 :::: size: 3587 / 3821 :::: Compiler calls: 172565, compilation errors: 172156, runtime errors: 0, failed runs: 395, ok runs: 0
:::: FAILED :::: level: 0-2 / 22 :::: size: 3587 / 3821 :::: Compiler calls: 172567, compilation errors: 172161, runtime errors: 0, failed runs: 396, ok runs: 0
:::: FAILED :::: level: 0-2 / 22 :::: size: 3586 / 3821 :::: Compiler calls: 174281, compilation errors: 173871, runtime errors: 0, failed runs: 397, ok runs: 0
:::: FAILED :::: level: 0-2 / 22 :::: size: 3586 / 3821 :::: Compiler calls: 174281, compilation errors: 173871, runtime errors: 0, failed runs: 398, ok runs: 0
:::: FAILED :::: level: 0-2 / 22 :::: size: 3585 / 3821 :::: Compiler calls: 175988, compilation errors: 175577, runtime errors: 0, failed runs: 399, ok runs: 0
:::: FAILED :::: level: 0-2 / 22 :::: size: 3585 / 3821 :::: Compiler calls: 176000, compilation errors: 175588, runtime errors: 0, failed runs: 400, ok runs: 0
:::: FAILED :::: level: 0-2 / 22 :::: size: 3584 / 3821 :::: Compiler calls: 177688, compilation errors: 177274, runtime errors: 0, failed runs: 401, ok runs: 0
:::: FAILED :::: level: 0-2 / 22 :::: size: 3584 / 3821 :::: Compiler calls: 177713, compilation errors: 177303, runtime errors: 0, failed runs: 402, ok runs: 0
:::: FAILED :::: level: 0-2 / 22 :::: size: 3583 / 3821 :::: Compiler calls: 179414, compilation errors: 178996, runtime errors: 0, failed runs: 403, ok runs: 0
:::: FAILED :::: level: 0-2 / 22 :::: size: 3582 / 3821 :::: Compiler calls: 181215, compilation errors: 180797, runtime errors: 0, failed runs: 404, ok runs: 0
:::: FAILED :::: level: 0-2 / 22 :::: size: 3581 / 3821 :::: Compiler calls: 182908, compilation errors: 182492, runtime errors: 0, failed runs: 405, ok runs: 0
:::: FAILED :::: level: 0-2 / 22 :::: size: 3581 / 3821 :::: Compiler calls: 182932, compilation errors: 182516, runtime errors: 0, failed runs: 406, ok runs: 0
:::: FAILED :::: level: 0-2 / 22 :::: size: 3581 / 3821 :::: Compiler calls: 182941, compilation errors: 182521, runtime errors: 0, failed runs: 407, ok runs: 0
:::: FAILED :::: level: 0-2 / 22 :::: size: 3580 / 3821 :::: Compiler calls: 184625, compilation errors: 184204, runtime errors: 0, failed runs: 408, ok runs: 0
:::: FAILED :::: level: 0-2 / 22 :::: size: 3580 / 3821 :::: Compiler calls: 184628, compilation errors: 184211, runtime errors: 0, failed runs: 409, ok runs: 0
:::: FAILED :::: level: 0-2 / 22 :::: size: 3579 / 3821 :::: Compiler calls: 186457, compilation errors: 186032, runtime errors: 0, failed runs: 410, ok runs: 0
:::: FAILED :::: level: 0-2 / 22 :::: size: 3579 / 3821 :::: Compiler calls: 186457, compilation errors: 186032, runtime errors: 0, failed runs: 411, ok runs: 0
:::: FAILED :::: level: 0-2 / 22 :::: size: 3579 / 3821 :::: Compiler calls: 186458, compilation errors: 186036, runtime errors: 0, failed runs: 412, ok runs: 0
:::: FAILED :::: level: 0-2 / 22 :::: size: 3578 / 3821 :::: Compiler calls: 186458, compilation errors: 186036, runtime errors: 0, failed runs: 413, ok runs: 0
:::: FAILED :::: level: 0-2 / 22 :::: size: 3578 / 3821 :::: Compiler calls: 186461, compilation errors: 186038, runtime errors: 0, failed runs: 414, ok runs: 0
:::: FAILED :::: level: 0-2 / 22 :::: size: 3579 / 3821 :::: Compiler calls: 186466, compilation errors: 186039, runtime errors: 0, failed runs: 415, ok runs: 0
:::: FAILED :::: level: 0-2 / 22 :::: size: 3579 / 3821 :::: Compiler calls: 186466, compilation errors: 186039, runtime errors: 0, failed runs: 416, ok runs: 0
:::: FAILED :::: level: 0-2 / 22 :::: size: 3579 / 3821 :::: Compiler calls: 186493, compilation errors: 186063, runtime errors: 0, failed runs: 417, ok runs: 0
:::: FAILED :::: level: 0-2 / 22 :::: size: 3578 / 3821 :::: Compiler calls: 188286, compilation errors: 187854, runtime errors: 0, failed runs: 418, ok runs: 0
:::: FAILED :::: level: 0-2 / 22 :::: size: 3577 / 3821 :::: Compiler calls: 188288, compilation errors: 187855, runtime errors: 0, failed runs: 419, ok runs: 0
:::: FAILED :::: level: 0-2 / 22 :::: size: 3578 / 3821 :::: Compiler calls: 188288, compilation errors: 187856, runtime errors: 0, failed runs: 420, ok runs: 0
:::: FAILED :::: level: 0-2 / 22 :::: size: 3578 / 3821 :::: Compiler calls: 188288, compilation errors: 187856, runtime errors: 0, failed runs: 421, ok runs: 0
:::: FAILED :::: level: 0-2 / 22 :::: size: 3578 / 3821 :::: Compiler calls: 188296, compilation errors: 187861, runtime errors: 0, failed runs: 422, ok runs: 0
:::: FAILED :::: level: 0-2 / 22 :::: size: 3578 / 3821 :::: Compiler calls: 188299, compilation errors: 187870, runtime errors: 0, failed runs: 423, ok runs: 0
:::: FAILED :::: level: 0-2 / 22 :::: size: 3578 / 3821 :::: Compiler calls: 188310, compilation errors: 187874, runtime errors: 0, failed runs: 424, ok runs: 0
:::: FAILED :::: level: 0-2 / 22 :::: size: 3577 / 3821 :::: Compiler calls: 189993, compilation errors: 189555, runtime errors: 0, failed runs: 425, ok runs: 0
:::: FAILED :::: level: 0-2 / 22 :::: size: 3576 / 3821 :::: Compiler calls: 191821, compilation errors: 191380, runtime errors: 0, failed runs: 426, ok runs: 0
:::: FAILED :::: level: 0-2 / 22 :::: size: 3576 / 3821 :::: Compiler calls: 191824, compilation errors: 191383, runtime errors: 0, failed runs: 427, ok runs: 0
:::: FAILED :::: level: 0-2 / 22 :::: size: 3576 / 3821 :::: Compiler calls: 191825, compilation errors: 191383, runtime errors: 0, failed runs: 428, ok runs: 0
:::: FAILED :::: level: 0-2 / 22 :::: size: 3576 / 3821 :::: Compiler calls: 191826, compilation errors: 191384, runtime errors: 0, failed runs: 429, ok runs: 0
:::: FAILED :::: level: 0-2 / 22 :::: size: 3575 / 3821 :::: Compiler calls: 191827, compilation errors: 191385, runtime errors: 0, failed runs: 430, ok runs: 0
:::: FAILED :::: level: 0-2 / 22 :::: size: 3576 / 3821 :::: Compiler calls: 191829, compilation errors: 191388, runtime errors: 0, failed runs: 431, ok runs: 0
:::: FAILED :::: level: 0-2 / 22 :::: size: 3576 / 3821 :::: Compiler calls: 191851, compilation errors: 191407, runtime errors: 0, failed runs: 432, ok runs: 0
:::: FAILED :::: level: 0-2 / 22 :::: size: 3575 / 3821 :::: Compiler calls: 193643, compilation errors: 193197, runtime errors: 0, failed runs: 433, ok runs: 0
:::: FAILED :::: level: 0-2 / 22 :::: size: 3575 / 3821 :::: Compiler calls: 193644, compilation errors: 193198, runtime errors: 0, failed runs: 434, ok runs: 0
:::: FAILED :::: level: 0-2 / 22 :::: size: 3575 / 3821 :::: Compiler calls: 193646, compilation errors: 193198, runtime errors: 0, failed runs: 435, ok runs: 0
:::: FAILED :::: level: 0-2 / 22 :::: size: 3574 / 3821 :::: Compiler calls: 193658, compilation errors: 193211, runtime errors: 0, failed runs: 436, ok runs: 0
:::: FAILED :::: level: 0-2 / 22 :::: size: 3575 / 3821 :::: Compiler calls: 193659, compilation errors: 193213, runtime errors: 0, failed runs: 437, ok runs: 0
:::: FAILED :::: level: 0-2 / 22 :::: size: 3575 / 3821 :::: Compiler calls: 193670, compilation errors: 193222, runtime errors: 0, failed runs: 438, ok runs: 0
:::: FAILED :::: level: 0-2 / 22 :::: size: 3574 / 3821 :::: Compiler calls: 195466, compilation errors: 195013, runtime errors: 0, failed runs: 439, ok runs: 0
:::: FAILED :::: level: 0-2 / 22 :::: size: 3574 / 3821 :::: Compiler calls: 195467, compilation errors: 195014, runtime errors: 0, failed runs: 440, ok runs: 0
:::: FAILED :::: level: 0-2 / 22 :::: size: 3574 / 3821 :::: Compiler calls: 195467, compilation errors: 195015, runtime errors: 0, failed runs: 441, ok runs: 0
:::: FAILED :::: level: 0-2 / 22 :::: size: 3574 / 3821 :::: Compiler calls: 195480, compilation errors: 195025, runtime errors: 0, failed runs: 442, ok runs: 0
:::: FAILED :::: level: 0-2 / 22 :::: size: 3573 / 3821 :::: Compiler calls: 195481, compilation errors: 195028, runtime errors: 0, failed runs: 443, ok runs: 0
:::: FAILED :::: level: 0-2 / 22 :::: size: 3574 / 3821 :::: Compiler calls: 195488, compilation errors: 195031, runtime errors: 0, failed runs: 444, ok runs: 0
:::: FAILED :::: level: 0-2 / 22 :::: size: 3572 / 3821 :::: Compiler calls: 197292, compilation errors: 196833, runtime errors: 0, failed runs: 445, ok runs: 0
:::: FAILED :::: level: 0-2 / 22 :::: size: 3573 / 3821 :::: Compiler calls: 197294, compilation errors: 196834, runtime errors: 0, failed runs: 446, ok runs: 0
:::: FAILED :::: level: 0-2 / 22 :::: size: 3573 / 3821 :::: Compiler calls: 197294, compilation errors: 196834, runtime errors: 0, failed runs: 447, ok runs: 0
:::: FAILED :::: level: 0-2 / 22 :::: size: 3573 / 3821 :::: Compiler calls: 197294, compilation errors: 196834, runtime errors: 0, failed runs: 448, ok runs: 0
:::: FAILED :::: level: 0-2 / 22 :::: size: 3573 / 3821 :::: Compiler calls: 197317, compilation errors: 196855, runtime errors: 0, failed runs: 449, ok runs: 0
:::: FAILED :::: level: 0-2 / 22 :::: size: 3571 / 3821 :::: Compiler calls: 199115, compilation errors: 198650, runtime errors: 0, failed runs: 450, ok runs: 0
:::: FAILED :::: level: 0-2 / 22 :::: size: 3571 / 3821 :::: Compiler calls: 199115, compilation errors: 198650, runtime errors: 0, failed runs: 451, ok runs: 0
:::: FAILED :::: level: 0-2 / 22 :::: size: 3571 / 3821 :::: Compiler calls: 199116, compilation errors: 198651, runtime errors: 0, failed runs: 452, ok runs: 0
:::: FAILED :::: level: 0-2 / 22 :::: size: 3571 / 3821 :::: Compiler calls: 199126, compilation errors: 198662, runtime errors: 0, failed runs: 453, ok runs: 0
:::: FAILED :::: level: 0-2 / 22 :::: size: 3570 / 3821 :::: Compiler calls: 200941, compilation errors: 200473, runtime errors: 0, failed runs: 454, ok runs: 0
:::: FAILED :::: level: 0-2 / 22 :::: size: 3570 / 3821 :::: Compiler calls: 200942, compilation errors: 200474, runtime errors: 0, failed runs: 455, ok runs: 0
:::: FAILED :::: level: 0-2 / 22 :::: size: 3570 / 3821 :::: Compiler calls: 200943, compilation errors: 200475, runtime errors: 0, failed runs: 456, ok runs: 0
:::: FAILED :::: level: 0-2 / 22 :::: size: 3570 / 3821 :::: Compiler calls: 200978, compilation errors: 200508, runtime errors: 0, failed runs: 457, ok runs: 0
:::: FAILED :::: level: 0-2 / 22 :::: size: 3569 / 3821 :::: Compiler calls: 202765, compilation errors: 202295, runtime errors: 0, failed runs: 458, ok runs: 0
:::: FAILED :::: level: 0-2 / 22 :::: size: 3569 / 3821 :::: Compiler calls: 202769, compilation errors: 202296, runtime errors: 0, failed runs: 459, ok runs: 0
:::: FAILED :::: level: 0-2 / 22 :::: size: 3569 / 3821 :::: Compiler calls: 202789, compilation errors: 202319, runtime errors: 0, failed runs: 460, ok runs: 0
:::: FAILED :::: level: 0-2 / 22 :::: size: 3569 / 3821 :::: Compiler calls: 202798, compilation errors: 202325, runtime errors: 0, failed runs: 461, ok runs: 0
:::: FAILED :::: level: 0-2 / 22 :::: size: 3567 / 3821 :::: Compiler calls: 204598, compilation errors: 204122, runtime errors: 0, failed runs: 462, ok runs: 0
:::: FAILED :::: level: 0-2 / 22 :::: size: 3568 / 3821 :::: Compiler calls: 204600, compilation errors: 204124, runtime errors: 0, failed runs: 463, ok runs: 0
:::: FAILED :::: level: 0-2 / 22 :::: size: 3568 / 3821 :::: Compiler calls: 204619, compilation errors: 204145, runtime errors: 0, failed runs: 464, ok runs: 0
:::: FAILED :::: level: 0-2 / 22 :::: size: 3567 / 3821 :::: Compiler calls: 204629, compilation errors: 204153, runtime errors: 0, failed runs: 465, ok runs: 0
:::: FAILED :::: level: 0-2 / 22 :::: size: 3566 / 3821 :::: Compiler calls: 206432, compilation errors: 205952, runtime errors: 0, failed runs: 466, ok runs: 0
:::: FAILED :::: level: 0-2 / 22 :::: size: 3566 / 3821 :::: Compiler calls: 206433, compilation errors: 205958, runtime errors: 0, failed runs: 467, ok runs: 0
:::: FAILED :::: level: 0-2 / 22 :::: size: 3566 / 3821 :::: Compiler calls: 206455, compilation errors: 205974, runtime errors: 0, failed runs: 468, ok runs: 0
:::: FAILED :::: level: 0-2 / 22 :::: size: 3565 / 3821 :::: Compiler calls: 206460, compilation errors: 205977, runtime errors: 0, failed runs: 469, ok runs: 0
:::: FAILED :::: level: 0-2 / 22 :::: size: 3566 / 3821 :::: Compiler calls: 206460, compilation errors: 205978, runtime errors: 0, failed runs: 470, ok runs: 0
:::: FAILED :::: level: 0-2 / 22 :::: size: 3565 / 3821 :::: Compiler calls: 206460, compilation errors: 205978, runtime errors: 0, failed runs: 471, ok runs: 0
:::: FAILED :::: level: 0-2 / 22 :::: size: 3564 / 3821 :::: Compiler calls: 208263, compilation errors: 207777, runtime errors: 0, failed runs: 472, ok runs: 0
:::: FAILED :::: level: 0-2 / 22 :::: size: 3565 / 3821 :::: Compiler calls: 208265, compilation errors: 207782, runtime errors: 0, failed runs: 473, ok runs: 0
:::: FAILED :::: level: 0-2 / 22 :::: size: 3564 / 3821 :::: Compiler calls: 208290, compilation errors: 207804, runtime errors: 0, failed runs: 474, ok runs: 0
:::: FAILED :::: level: 0-2 / 22 :::: size: 3565 / 3821 :::: Compiler calls: 208296, compilation errors: 207809, runtime errors: 0, failed runs: 475, ok runs: 0
:::: FAILED :::: level: 0-2 / 22 :::: size: 3563 / 3821 :::: Compiler calls: 210100, compilation errors: 209611, runtime errors: 0, failed runs: 476, ok runs: 0
:::: FAILED :::: level: 0-2 / 22 :::: size: 3563 / 3821 :::: Compiler calls: 210104, compilation errors: 209616, runtime errors: 0, failed runs: 477, ok runs: 0
:::: FAILED :::: level: 0-2 / 22 :::: size: 3562 / 3821 :::: Compiler calls: 210111, compilation errors: 209622, runtime errors: 0, failed runs: 478, ok runs: 0
:::: FAILED :::: level: 0-2 / 22 :::: size: 3563 / 3821 :::: Compiler calls: 210117, compilation errors: 209624, runtime errors: 0, failed runs: 479, ok runs: 0
:::: FAILED :::: level: 0-2 / 22 :::: size: 3562 / 3821 :::: Compiler calls: 210128, compilation errors: 209638, runtime errors: 0, failed runs: 480, ok runs: 0
:::: FAILED :::: level: 0-2 / 22 :::: size: 3563 / 3821 :::: Compiler calls: 210135, compilation errors: 209643, runtime errors: 0, failed runs: 481, ok runs: 0
:::: FAILED :::: level: 0-2 / 22 :::: size: 3562 / 3821 :::: Compiler calls: 211942, compilation errors: 211446, runtime errors: 0, failed runs: 482, ok runs: 0
:::: FAILED :::: level: 0-2 / 22 :::: size: 3562 / 3821 :::: Compiler calls: 211944, compilation errors: 211450, runtime errors: 0, failed runs: 483, ok runs: 0
:::: FAILED :::: level: 0-2 / 22 :::: size: 3562 / 3821 :::: Compiler calls: 211953, compilation errors: 211457, runtime errors: 0, failed runs: 484, ok runs: 0
:::: FAILED :::: level: 0-2 / 22 :::: size: 3561 / 3821 :::: Compiler calls: 211956, compilation errors: 211461, runtime errors: 0, failed runs: 485, ok runs: 0
:::: FAILED :::: level: 0-2 / 22 :::: size: 3561 / 3821 :::: Compiler calls: 211968, compilation errors: 211469, runtime errors: 0, failed runs: 486, ok runs: 0
:::: FAILED :::: level: 0-2 / 22 :::: size: 3562 / 3821 :::: Compiler calls: 211975, compilation errors: 211477, runtime errors: 0, failed runs: 487, ok runs: 0
:::: FAILED :::: level: 0-2 / 22 :::: size: 3561 / 3821 :::: Compiler calls: 213771, compilation errors: 213269, runtime errors: 0, failed runs: 488, ok runs: 0
:::: FAILED :::: level: 0-2 / 22 :::: size: 3560 / 3821 :::: Compiler calls: 213797, compilation errors: 213295, runtime errors: 0, failed runs: 489, ok runs: 0
:::: FAILED :::: level: 0-2 / 22 :::: size: 3560 / 3821 :::: Compiler calls: 213810, compilation errors: 213305, runtime errors: 0, failed runs: 490, ok runs: 0
:::: FAILED :::: level: 0-2 / 22 :::: size: 3560 / 3821 :::: Compiler calls: 215614, compilation errors: 215109, runtime errors: 0, failed runs: 491, ok runs: 0
:::: FAILED :::: level: 0-2 / 22 :::: size: 3559 / 3821 :::: Compiler calls: 215616, compilation errors: 215111, runtime errors: 0, failed runs: 492, ok runs: 0
:::: FAILED :::: level: 0-2 / 22 :::: size: 3560 / 3821 :::: Compiler calls: 215616, compilation errors: 215111, runtime errors: 0, failed runs: 493, ok runs: 0
:::: FAILED :::: level: 0-2 / 22 :::: size: 3560 / 3821 :::: Compiler calls: 215616, compilation errors: 215111, runtime errors: 0, failed runs: 494, ok runs: 0
:::: FAILED :::: level: 0-2 / 22 :::: size: 3559 / 3821 :::: Compiler calls: 215627, compilation errors: 215121, runtime errors: 0, failed runs: 495, ok runs: 0
:::: FAILED :::: level: 0-2 / 22 :::: size: 3559 / 3821 :::: Compiler calls: 217459, compilation errors: 216948, runtime errors: 0, failed runs: 496, ok runs: 0
:::: FAILED :::: level: 0-2 / 22 :::: size: 3559 / 3821 :::: Compiler calls: 217459, compilation errors: 216949, runtime errors: 0, failed runs: 497, ok runs: 0
:::: FAILED :::: level: 0-2 / 22 :::: size: 3559 / 3821 :::: Compiler calls: 217460, compilation errors: 216953, runtime errors: 0, failed runs: 498, ok runs: 0
:::: FAILED :::: level: 0-2 / 22 :::: size: 3559 / 3821 :::: Compiler calls: 217460, compilation errors: 216954, runtime errors: 0, failed runs: 499, ok runs: 0
:::: FAILED :::: level: 0-2 / 22 :::: size: 3558 / 3821 :::: Compiler calls: 217469, compilation errors: 216955, runtime errors: 0, failed runs: 500, ok runs: 0
:::: FAILED :::: level: 0-2 / 22 :::: size: 3558 / 3821 :::: Compiler calls: 219289, compilation errors: 218775, runtime errors: 0, failed runs: 501, ok runs: 0
:::: FAILED :::: level: 0-2 / 22 :::: size: 3558 / 3821 :::: Compiler calls: 219302, compilation errors: 218786, runtime errors: 0, failed runs: 502, ok runs: 0
:::: FAILED :::: level: 0-2 / 22 :::: size: 3557 / 3821 :::: Compiler calls: 219310, compilation errors: 218795, runtime errors: 0, failed runs: 503, ok runs: 0
:::: FAILED :::: level: 0-2 / 22 :::: size: 3558 / 3821 :::: Compiler calls: 219320, compilation errors: 218804, runtime errors: 0, failed runs: 504, ok runs: 0
:::: FAILED :::: level: 0-2 / 22 :::: size: 3558 / 3821 :::: Compiler calls: 219324, compilation errors: 218807, runtime errors: 0, failed runs: 505, ok runs: 0
:::: FAILED :::: level: 0-2 / 22 :::: size: 3557 / 3821 :::: Compiler calls: 221136, compilation errors: 220616, runtime errors: 0, failed runs: 506, ok runs: 0
:::: FAILED :::: level: 0-2 / 22 :::: size: 3556 / 3821 :::: Compiler calls: 221138, compilation errors: 220616, runtime errors: 0, failed runs: 507, ok runs: 0
:::: FAILED :::: level: 0-2 / 22 :::: size: 3557 / 3821 :::: Compiler calls: 221138, compilation errors: 220622, runtime errors: 0, failed runs: 508, ok runs: 0
:::: FAILED :::: level: 0-2 / 22 :::: size: 3557 / 3821 :::: Compiler calls: 221138, compilation errors: 220624, runtime errors: 0, failed runs: 509, ok runs: 0
:::: FAILED :::: level: 0-2 / 22 :::: size: 3556 / 3821 :::: Compiler calls: 222975, compilation errors: 222451, runtime errors: 0, failed runs: 510, ok runs: 0
:::: FAILED :::: level: 0-2 / 22 :::: size: 3555 / 3821 :::: Compiler calls: 222977, compilation errors: 222453, runtime errors: 0, failed runs: 511, ok runs: 0
:::: FAILED :::: level: 0-2 / 22 :::: size: 3556 / 3821 :::: Compiler calls: 222977, compilation errors: 222454, runtime errors: 0, failed runs: 512, ok runs: 0
:::: FAILED :::: level: 0-2 / 22 :::: size: 3556 / 3821 :::: Compiler calls: 222985, compilation errors: 222459, runtime errors: 0, failed runs: 513, ok runs: 0
:::: FAILED :::: level: 0-2 / 22 :::: size: 3556 / 3821 :::: Compiler calls: 222986, compilation errors: 222463, runtime errors: 0, failed runs: 514, ok runs: 0
:::: FAILED :::: level: 0-2 / 22 :::: size: 3555 / 3821 :::: Compiler calls: 224816, compilation errors: 224286, runtime errors: 0, failed runs: 515, ok runs: 0
:::: FAILED :::: level: 0-2 / 22 :::: size: 3554 / 3821 :::: Compiler calls: 224817, compilation errors: 224288, runtime errors: 0, failed runs: 516, ok runs: 0
:::: FAILED :::: level: 0-2 / 22 :::: size: 3555 / 3821 :::: Compiler calls: 224817, compilation errors: 224290, runtime errors: 0, failed runs: 517, ok runs: 0
:::: FAILED :::: level: 0-2 / 22 :::: size: 3555 / 3821 :::: Compiler calls: 224838, compilation errors: 224307, runtime errors: 0, failed runs: 518, ok runs: 0
:::: FAILED :::: level: 0-2 / 22 :::: size: 3553 / 3821 :::: Compiler calls: 226656, compilation errors: 226124, runtime errors: 0, failed runs: 519, ok runs: 0
:::: FAILED :::: level: 0-2 / 22 :::: size: 3554 / 3821 :::: Compiler calls: 226658, compilation errors: 226124, runtime errors: 0, failed runs: 520, ok runs: 0
:::: FAILED :::: level: 0-2 / 22 :::: size: 3554 / 3821 :::: Compiler calls: 226663, compilation errors: 226130, runtime errors: 0, failed runs: 521, ok runs: 0
:::: FAILED :::: level: 0-2 / 22 :::: size: 3552 / 3821 :::: Compiler calls: 228496, compilation errors: 227961, runtime errors: 0, failed runs: 522, ok runs: 0
:::: FAILED :::: level: 0-2 / 22 :::: size: 3552 / 3821 :::: Compiler calls: 228499, compilation errors: 227967, runtime errors: 0, failed runs: 523, ok runs: 0
:::: FAILED :::: level: 0-2 / 22 :::: size: 3551 / 3821 :::: Compiler calls: 230347, compilation errors: 229808, runtime errors: 0, failed runs: 524, ok runs: 0
:::: FAILED :::: level: 0-2 / 22 :::: size: 3551 / 3821 :::: Compiler calls: 230359, compilation errors: 229826, runtime errors: 0, failed runs: 525, ok runs: 0
:::: FAILED :::: level: 0-2 / 22 :::: size: 3550 / 3821 :::: Compiler calls: 232190, compilation errors: 231650, runtime errors: 0, failed runs: 526, ok runs: 0
:::: FAILED :::: level: 0-2 / 22 :::: size: 3550 / 3821 :::: Compiler calls: 232226, compilation errors: 231684, runtime errors: 0, failed runs: 527, ok runs: 0
:::: FAILED :::: level: 0-2 / 22 :::: size: 3549 / 3821 :::: Compiler calls: 234048, compilation errors: 233511, runtime errors: 0, failed runs: 528, ok runs: 0
:::: FAILED :::: level: 0-2 / 22 :::: size: 3549 / 3821 :::: Compiler calls: 234048, compilation errors: 233513, runtime errors: 0, failed runs: 529, ok runs: 0
:::: FAILED :::: level: 0-2 / 22 :::: size: 3549 / 3821 :::: Compiler calls: 234062, compilation errors: 233523, runtime errors: 0, failed runs: 530, ok runs: 0
:::: FAILED :::: level: 0-2 / 22 :::: size: 3549 / 3821 :::: Compiler calls: 234070, compilation errors: 233528, runtime errors: 0, failed runs: 531, ok runs: 0
:::: FAILED :::: level: 0-2 / 22 :::: size: 3548 / 3821 :::: Compiler calls: 235886, compilation errors: 235344, runtime errors: 0, failed runs: 532, ok runs: 0
:::: FAILED :::: level: 0-2 / 22 :::: size: 3547 / 3821 :::: Compiler calls: 237746, compilation errors: 237208, runtime errors: 0, failed runs: 533, ok runs: 0
:::: FAILED :::: level: 0-2 / 22 :::: size: 3547 / 3821 :::: Compiler calls: 237746, compilation errors: 237208, runtime errors: 0, failed runs: 534, ok runs: 0
:::: FAILED :::: level: 0-2 / 22 :::: size: 3547 / 3821 :::: Compiler calls: 237754, compilation errors: 237211, runtime errors: 0, failed runs: 535, ok runs: 0
:::: FAILED :::: level: 0-2 / 22 :::: size: 3546 / 3821 :::: Compiler calls: 239599, compilation errors: 239060, runtime errors: 0, failed runs: 536, ok runs: 0
:::: FAILED :::: level: 0-2 / 22 :::: size: 3546 / 3821 :::: Compiler calls: 239599, compilation errors: 239060, runtime errors: 0, failed runs: 537, ok runs: 0
:::: FAILED :::: level: 0-2 / 22 :::: size: 3546 / 3821 :::: Compiler calls: 239599, compilation errors: 239060, runtime errors: 0, failed runs: 538, ok runs: 0
:::: FAILED :::: level: 0-2 / 22 :::: size: 3546 / 3821 :::: Compiler calls: 239614, compilation errors: 239060, runtime errors: 0, failed runs: 539, ok runs: 0
:::: FAILED :::: level: 0-2 / 22 :::: size: 3545 / 3821 :::: Compiler calls: 241451, compilation errors: 240903, runtime errors: 0, failed runs: 540, ok runs: 0
:::: FAILED :::: level: 0-2 / 22 :::: size: 3545 / 3821 :::: Compiler calls: 241469, compilation errors: 240919, runtime errors: 0, failed runs: 541, ok runs: 0
:::: FAILED :::: level: 0-2 / 22 :::: size: 3544 / 3821 :::: Compiler calls: 243302, compilation errors: 242760, runtime errors: 0, failed runs: 542, ok runs: 0
:::: FAILED :::: level: 0-2 / 22 :::: size: 3543 / 3821 :::: Compiler calls: 245152, compilation errors: 244597, runtime errors: 0, failed runs: 543, ok runs: 0
:::: FAILED :::: level: 0-2 / 22 :::: size: 3543 / 3821 :::: Compiler calls: 245166, compilation errors: 244609, runtime errors: 0, failed runs: 544, ok runs: 0
:::: FAILED :::: level: 0-2 / 22 :::: size: 3542 / 3821 :::: Compiler calls: 247001, compilation errors: 246455, runtime errors: 0, failed runs: 545, ok runs: 0
:::: FAILED :::: level: 0-2 / 22 :::: size: 3541 / 3821 :::: Compiler calls: 248911, compilation errors: 248351, runtime errors: 0, failed runs: 546, ok runs: 0
:::: FAILED :::: level: 0-2 / 22 :::: size: 3541 / 3821 :::: Compiler calls: 248913, compilation errors: 248356, runtime errors: 0, failed runs: 547, ok runs: 0
:::: FAILED :::: level: 0-2 / 22 :::: size: 3541 / 3821 :::: Compiler calls: 248920, compilation errors: 248362, runtime errors: 0, failed runs: 548, ok runs: 0
:::: FAILED :::: level: 0-2 / 22 :::: size: 3541 / 3821 :::: Compiler calls: 248929, compilation errors: 248365, runtime errors: 0, failed runs: 549, ok runs: 0
:::: FAILED :::: level: 0-2 / 22 :::: size: 3541 / 3821 :::: Compiler calls: 248929, compilation errors: 248365, runtime errors: 0, failed runs: 550, ok runs: 0
:::: FAILED :::: level: 0-2 / 22 :::: size: 3541 / 3821 :::: Compiler calls: 248929, compilation errors: 248366, runtime errors: 0, failed runs: 551, ok runs: 0
:::: FAILED :::: level: 0-2 / 22 :::: size: 3540 / 3821 :::: Compiler calls: 248981, compilation errors: 248415, runtime errors: 0, failed runs: 552, ok runs: 0
:::: FAILED :::: level: 0-2 / 22 :::: size: 3540 / 3821 :::: Compiler calls: 248983, compilation errors: 248415, runtime errors: 0, failed runs: 553, ok runs: 0
:::: FAILED :::: level: 0-2 / 22 :::: size: 3540 / 3821 :::: Compiler calls: 248983, compilation errors: 248415, runtime errors: 0, failed runs: 554, ok runs: 0
:::: FAILED :::: level: 0-2 / 22 :::: size: 3540 / 3821 :::: Compiler calls: 248983, compilation errors: 248417, runtime errors: 0, failed runs: 555, ok runs: 0
:::: FAILED :::: level: 0-2 / 22 :::: size: 3540 / 3821 :::: Compiler calls: 248983, compilation errors: 248418, runtime errors: 0, failed runs: 556, ok runs: 0
:::: FAILED :::: level: 0-2 / 22 :::: size: 3540 / 3821 :::: Compiler calls: 248983, compilation errors: 248420, runtime errors: 0, failed runs: 557, ok runs: 0
:::: FAILED :::: level: 0-2 / 22 :::: size: 3540 / 3821 :::: Compiler calls: 248998, compilation errors: 248426, runtime errors: 0, failed runs: 558, ok runs: 0
:::: FAILED :::: level: 0-2 / 22 :::: size: 3540 / 3821 :::: Compiler calls: 248998, compilation errors: 248426, runtime errors: 0, failed runs: 559, ok runs: 0
:::: FAILED :::: level: 0-2 / 22 :::: size: 3539 / 3821 :::: Compiler calls: 249048, compilation errors: 248473, runtime errors: 0, failed runs: 560, ok runs: 0
:::: FAILED :::: level: 0-2 / 22 :::: size: 3539 / 3821 :::: Compiler calls: 249049, compilation errors: 248478, runtime errors: 0, failed runs: 561, ok runs: 0
:::: FAILED :::: level: 0-2 / 22 :::: size: 3539 / 3821 :::: Compiler calls: 249049, compilation errors: 248479, runtime errors: 0, failed runs: 562, ok runs: 0
:::: FAILED :::: level: 0-2 / 22 :::: size: 3539 / 3821 :::: Compiler calls: 249061, compilation errors: 248485, runtime errors: 0, failed runs: 563, ok runs: 0
:::: FAILED :::: level: 0-2 / 22 :::: size: 3539 / 3821 :::: Compiler calls: 249066, compilation errors: 248489, runtime errors: 0, failed runs: 564, ok runs: 0
:::: FAILED :::: level: 0-2 / 22 :::: size: 3538 / 3821 :::: Compiler calls: 249118, compilation errors: 248539, runtime errors: 0, failed runs: 565, ok runs: 0
:::: FAILED :::: level: 0-2 / 22 :::: size: 3538 / 3821 :::: Compiler calls: 249119, compilation errors: 248539, runtime errors: 0, failed runs: 566, ok runs: 0
:::: FAILED :::: level: 0-2 / 22 :::: size: 3538 / 3821 :::: Compiler calls: 249120, compilation errors: 248540, runtime errors: 0, failed runs: 567, ok runs: 0
:::: FAILED :::: level: 0-2 / 22 :::: size: 3538 / 3821 :::: Compiler calls: 249120, compilation errors: 248544, runtime errors: 0, failed runs: 568, ok runs: 0
:::: FAILED :::: level: 0-2 / 22 :::: size: 3538 / 3821 :::: Compiler calls: 249120, compilation errors: 248548, runtime errors: 0, failed runs: 569, ok runs: 0
:::: FAILED :::: level: 0-2 / 22 :::: size: 3538 / 3821 :::: Compiler calls: 249120, compilation errors: 248549, runtime errors: 0, failed runs: 570, ok runs: 0
:::: FAILED :::: level: 0-2 / 22 :::: size: 3537 / 3821 :::: Compiler calls: 249187, compilation errors: 248601, runtime errors: 0, failed runs: 571, ok runs: 0
:::: FAILED :::: level: 0-2 / 22 :::: size: 3537 / 3821 :::: Compiler calls: 249188, compilation errors: 248603, runtime errors: 0, failed runs: 572, ok runs: 0
:::: FAILED :::: level: 0-2 / 22 :::: size: 3537 / 3821 :::: Compiler calls: 249188, compilation errors: 248606, runtime errors: 0, failed runs: 573, ok runs: 0
:::: FAILED :::: level: 0-2 / 22 :::: size: 3537 / 3821 :::: Compiler calls: 249200, compilation errors: 248613, runtime errors: 0, failed runs: 574, ok runs: 0
:::: FAILED :::: level: 0-2 / 22 :::: size: 3537 / 3821 :::: Compiler calls: 249204, compilation errors: 248617, runtime errors: 0, failed runs: 575, ok runs: 0
:::: FAILED :::: level: 0-2 / 22 :::: size: 3536 / 3821 :::: Compiler calls: 249259, compilation errors: 248671, runtime errors: 0, failed runs: 576, ok runs: 0
:::: FAILED :::: level: 0-2 / 22 :::: size: 3536 / 3821 :::: Compiler calls: 249262, compilation errors: 248672, runtime errors: 0, failed runs: 577, ok runs: 0
:::: FAILED :::: level: 0-2 / 22 :::: size: 3536 / 3821 :::: Compiler calls: 249263, compilation errors: 248676, runtime errors: 0, failed runs: 578, ok runs: 0
:::: FAILED :::: level: 0-2 / 22 :::: size: 3536 / 3821 :::: Compiler calls: 249263, compilation errors: 248680, runtime errors: 0, failed runs: 579, ok runs: 0
:::: FAILED :::: level: 0-2 / 22 :::: size: 3535 / 3821 :::: Compiler calls: 249333, compilation errors: 248741, runtime errors: 0, failed runs: 580, ok runs: 0
:::: FAILED :::: level: 0-2 / 22 :::: size: 3535 / 3821 :::: Compiler calls: 249334, compilation errors: 248741, runtime errors: 0, failed runs: 581, ok runs: 0
:::: FAILED :::: level: 0-2 / 22 :::: size: 3535 / 3821 :::: Compiler calls: 249337, compilation errors: 248748, runtime errors: 0, failed runs: 582, ok runs: 0
:::: FAILED :::: level: 0-2 / 22 :::: size: 3534 / 3821 :::: Compiler calls: 249416, compilation errors: 248819, runtime errors: 0, failed runs: 583, ok runs: 0
:::: FAILED :::: level: 0-2 / 22 :::: size: 3534 / 3821 :::: Compiler calls: 249418, compilation errors: 248825, runtime errors: 0, failed runs: 584, ok runs: 0
:::: FAILED :::: level: 0-2 / 22 :::: size: 3534 / 3821 :::: Compiler calls: 249418, compilation errors: 248825, runtime errors: 0, failed runs: 585, ok runs: 0
:::: FAILED :::: level: 0-2 / 22 :::: size: 3534 / 3821 :::: Compiler calls: 249418, compilation errors: 248825, runtime errors: 0, failed runs: 586, ok runs: 0
:::: FAILED :::: level: 0-2 / 22 :::: size: 3534 / 3821 :::: Compiler calls: 249427, compilation errors: 248826, runtime errors: 0, failed runs: 587, ok runs: 0
:::: FAILED :::: level: 0-2 / 22 :::: size: 3534 / 3821 :::: Compiler calls: 249434, compilation errors: 248832, runtime errors: 0, failed runs: 588, ok runs: 0
:::: FAILED :::: level: 0-2 / 22 :::: size: 3533 / 3821 :::: Compiler calls: 249489, compilation errors: 248887, runtime errors: 0, failed runs: 589, ok runs: 0
:::: FAILED :::: level: 0-2 / 22 :::: size: 3533 / 3821 :::: Compiler calls: 249505, compilation errors: 248902, runtime errors: 0, failed runs: 590, ok runs: 0
:::: FAILED :::: level: 0-2 / 22 :::: size: 3533 / 3821 :::: Compiler calls: 249511, compilation errors: 248905, runtime errors: 0, failed runs: 591, ok runs: 0
:::: FAILED :::: level: 0-2 / 22 :::: size: 3532 / 3821 :::: Compiler calls: 249559, compilation errors: 248965, runtime errors: 0, failed runs: 592, ok runs: 0
Execution was manually cancelled. Track stats and recreate intermediate result in testingoutput folder...
:::: FAILED :::: level: 0-2 / 22 :::: size: 3532 / 3821 :::: Compiler calls: 249559, compilation errors: 248966, runtime errors: 0, failed runs: 593, ok runs: 0
java.util.concurrent.CancellationException: Cancelled by user
	at generator.AbstractMWEGenerator.runDDMin(AbstractMWEGenerator.java:112)
	at generator.HDDMWEGenerator.runGenerator(HDDMWEGenerator.java:50)
	at Main.main(Main.java:112)

TOTAL EXECUTION TIME: 4h 1s 440ms.
TOTAL OUTPUT SIZE: 11031724 bytes
