Using executor GDDTestExecutor with executor options:
{
	m_modulePath='/home/lukasbosshart/workspace/defects4j/bugs/chart_2_b/',
	m_sourceFolderPath='source/',
	m_unitTestFolderPath='tests/',
	m_unitTestMethod='org.jfree.data.general.junit.DatasetUtilitiesTests#testBug2849731_2',
	m_expectedResult='java.lang.NullPointerException',
	m_compilationType=IN_MEMORY,
	m_logLevel=INFO,
	m_logCompilationErrors=false,
	m_logRuntimeErrors=false,
	m_multipleRuns=false,
	m_numberOfThreads=16,
	m_preSliceCode=false,
	m_graphAlgorithmFragmentLimit=0,
	m_graphAlgorithmEscalatingFragmentLimit=false,
}
Manually query the graph in the neo4j browser: http://localhost:7474/browser/
Example Query: "MATCH (f:Fragment_20230706_134344) RETURN *;"
Formatting code in source folder
Removed 656 javadoc fragments.
Added 3796 method invocation to declaration cross tree dependencies.
Added 2112 instantiation to declaration cross tree dependencies.
Added 2765 import to unit cross tree dependencies.
Added 15017 class to import cross tree dependencies.
Added 3526 class to unit in package cross tree dependencies.
Extracted 407987 fragments to graph database in 4h 22m 50s 923ms
############## RUNNING TEST NR. 0 ##############
############## EXECUTING LVL 0-0 with 654 active fragments ##############
:::: FAILED :::: level: 0 :::: size: 654 / 654 :::: Compiler calls: 2, compilation errors: 1, runtime errors: 0, failed runs: 1, ok runs: 0
Execution was manually cancelled. Recreate intermediate result in testingoutput folder...
Fixed 654 active nodes and 0 free nodes guaranteed by them.
Discarded 0 active fragments. 0 fragments, including dependent nodes
java.util.concurrent.CancellationException: Cancelled by user
	at generator.AbstractMWEGenerator.runDDMin(AbstractMWEGenerator.java:112)
	at generator.GDDMWEGenerator.runGenerator(GDDMWEGenerator.java:54)
	at Main.main(Main.java:112)

TOTAL EXECUTION TIME: 4h 23m 8s 456ms.
TOTAL OUTPUT SIZE: 34752648 bytes
