Using executor GraphTestExecutor with executor options:
{
	m_modulePath='C:\Users\lubo9\Desktop\Workspace\defects4j\bugs\csv_4_b',
	m_sourceFolderPath='src\main\java\',
	m_unitTestFolderPath='src\test\java\',
	m_unitTestMethod='org.apache.commons.csv.CSVParserTest#testNoHeaderMap',
	m_expectedResult='java.lang.NullPointerException',
	m_compilationType=IN_MEMORY,
	m_logLevel=INFO,
	m_logCompilationErrors=false,
	m_logRuntimeErrors=false,
	m_multipleRuns=false,
	m_numberOfThreads=16,
	m_preSliceCode=false,
	m_graphAlgorithmFragmentLimit=128,
}
Manually query the graph in the neo4j browser: http://localhost:7474/browser/
Example Query: "MATCH (f:Fragment_20230412_101928) RETURN *;"
Removed 124 javadoc fragments.
Added 22 instantiation to declaration cross tree dependencies.
Added 0 import to unit cross tree dependencies.
Added 259 class to import cross tree dependencies.
Added 44 class to unit in package cross tree dependencies.
Added 10 unit to package declaration guarantees.
Added 40 internal package declaration guarantees.
Added 9 unit to type definition guarantees.
Extracted 5112 fragments to graph database in 74142ms
############## RUNNING TEST NR. 1 ##############
############## EXECUTING LVL 0 with 10 active fragments ##############
:::: FAILED :::: level: 0 :::: size: 10 / 10 :::: Compiler calls: 2, compilation errors: 1, runtime errors: 0, failed runs: 1, ok runs: 0
Level 0 took 2388ms
1111111111
Fixed 10 active nodes and 59 free nodes guaranteed by them.
Discarded 0 active fragments. 0 fragments, including dependent nodes
############## After level 0 there are 5112 / 5112 fragments left :::: Compiler calls: 26, compilation errors: 25, runtime errors: 0, failed runs: 1, ok runs: 0
############## EXECUTING LVL 1 with 128 active fragments ##############
:::: FAILED :::: level: 1 :::: size: 126 / 128 :::: Compiler calls: 118, compilation errors: 101, runtime errors: 0, failed runs: 2, ok runs: 0
:::: FAILED :::: level: 1 :::: size: 126 / 128 :::: Compiler calls: 151, compilation errors: 134, runtime errors: 0, failed runs: 3, ok runs: 0
:::: FAILED :::: level: 1 :::: size: 124 / 128 :::: Compiler calls: 164, compilation errors: 145, runtime errors: 0, failed runs: 4, ok runs: 0
:::: FAILED :::: level: 1 :::: size: 124 / 128 :::: Compiler calls: 178, compilation errors: 161, runtime errors: 0, failed runs: 5, ok runs: 0
:::: FAILED :::: level: 1 :::: size: 124 / 128 :::: Compiler calls: 184, compilation errors: 165, runtime errors: 0, failed runs: 6, ok runs: 0
:::: FAILED :::: level: 1 :::: size: 122 / 128 :::: Compiler calls: 211, compilation errors: 190, runtime errors: 0, failed runs: 7, ok runs: 0
:::: FAILED :::: level: 1 :::: size: 122 / 128 :::: Compiler calls: 231, compilation errors: 210, runtime errors: 0, failed runs: 8, ok runs: 0
:::: FAILED :::: level: 1 :::: size: 120 / 128 :::: Compiler calls: 266, compilation errors: 242, runtime errors: 0, failed runs: 9, ok runs: 0
:::: FAILED :::: level: 1 :::: size: 119 / 128 :::: Compiler calls: 351, compilation errors: 326, runtime errors: 0, failed runs: 10, ok runs: 0
:::: FAILED :::: level: 1 :::: size: 119 / 128 :::: Compiler calls: 351, compilation errors: 326, runtime errors: 0, failed runs: 11, ok runs: 0
:::: FAILED :::: level: 1 :::: size: 119 / 128 :::: Compiler calls: 351, compilation errors: 326, runtime errors: 0, failed runs: 12, ok runs: 0
:::: FAILED :::: level: 1 :::: size: 119 / 128 :::: Compiler calls: 357, compilation errors: 329, runtime errors: 0, failed runs: 13, ok runs: 0
:::: FAILED :::: level: 1 :::: size: 119 / 128 :::: Compiler calls: 362, compilation errors: 333, runtime errors: 1, failed runs: 14, ok runs: 0
:::: FAILED :::: level: 1 :::: size: 119 / 128 :::: Compiler calls: 369, compilation errors: 339, runtime errors: 1, failed runs: 15, ok runs: 0
:::: FAILED :::: level: 1 :::: size: 118 / 128 :::: Compiler calls: 369, compilation errors: 339, runtime errors: 1, failed runs: 16, ok runs: 0
:::: FAILED :::: level: 1 :::: size: 118 / 128 :::: Compiler calls: 376, compilation errors: 343, runtime errors: 1, failed runs: 17, ok runs: 0
:::: FAILED :::: level: 1 :::: size: 118 / 128 :::: Compiler calls: 378, compilation errors: 344, runtime errors: 1, failed runs: 18, ok runs: 0
:::: FAILED :::: level: 1 :::: size: 118 / 128 :::: Compiler calls: 380, compilation errors: 345, runtime errors: 1, failed runs: 19, ok runs: 0
:::: FAILED :::: level: 1 :::: size: 117 / 128 :::: Compiler calls: 396, compilation errors: 360, runtime errors: 2, failed runs: 20, ok runs: 0
:::: FAILED :::: level: 1 :::: size: 117 / 128 :::: Compiler calls: 405, compilation errors: 367, runtime errors: 2, failed runs: 21, ok runs: 0
:::: FAILED :::: level: 1 :::: size: 117 / 128 :::: Compiler calls: 409, compilation errors: 369, runtime errors: 3, failed runs: 22, ok runs: 0
:::: FAILED :::: level: 1 :::: size: 117 / 128 :::: Compiler calls: 412, compilation errors: 371, runtime errors: 3, failed runs: 23, ok runs: 0
:::: FAILED :::: level: 1 :::: size: 116 / 128 :::: Compiler calls: 419, compilation errors: 377, runtime errors: 3, failed runs: 24, ok runs: 0
:::: FAILED :::: level: 1 :::: size: 116 / 128 :::: Compiler calls: 428, compilation errors: 385, runtime errors: 3, failed runs: 25, ok runs: 0
:::: FAILED :::: level: 1 :::: size: 116 / 128 :::: Compiler calls: 435, compilation errors: 391, runtime errors: 4, failed runs: 26, ok runs: 0
:::: FAILED :::: level: 1 :::: size: 115 / 128 :::: Compiler calls: 452, compilation errors: 406, runtime errors: 4, failed runs: 27, ok runs: 0
:::: FAILED :::: level: 1 :::: size: 115 / 128 :::: Compiler calls: 455, compilation errors: 409, runtime errors: 4, failed runs: 28, ok runs: 0
:::: FAILED :::: level: 1 :::: size: 115 / 128 :::: Compiler calls: 467, compilation errors: 419, runtime errors: 5, failed runs: 29, ok runs: 0
:::: FAILED :::: level: 1 :::: size: 114 / 128 :::: Compiler calls: 490, compilation errors: 440, runtime errors: 5, failed runs: 30, ok runs: 0
:::: FAILED :::: level: 1 :::: size: 114 / 128 :::: Compiler calls: 500, compilation errors: 449, runtime errors: 6, failed runs: 31, ok runs: 0
:::: FAILED :::: level: 1 :::: size: 114 / 128 :::: Compiler calls: 521, compilation errors: 469, runtime errors: 6, failed runs: 32, ok runs: 0
:::: FAILED :::: level: 1 :::: size: 113 / 128 :::: Compiler calls: 544, compilation errors: 491, runtime errors: 7, failed runs: 33, ok runs: 0
:::: FAILED :::: level: 1 :::: size: 113 / 128 :::: Compiler calls: 549, compilation errors: 495, runtime errors: 7, failed runs: 34, ok runs: 0
:::: FAILED :::: level: 1 :::: size: 113 / 128 :::: Compiler calls: 572, compilation errors: 515, runtime errors: 7, failed runs: 35, ok runs: 0
:::: FAILED :::: level: 1 :::: size: 112 / 128 :::: Compiler calls: 604, compilation errors: 545, runtime errors: 8, failed runs: 36, ok runs: 0
:::: FAILED :::: level: 1 :::: size: 112 / 128 :::: Compiler calls: 618, compilation errors: 558, runtime errors: 8, failed runs: 37, ok runs: 0
:::: FAILED :::: level: 1 :::: size: 112 / 128 :::: Compiler calls: 621, compilation errors: 560, runtime errors: 8, failed runs: 38, ok runs: 0
:::: FAILED :::: level: 1 :::: size: 112 / 128 :::: Compiler calls: 621, compilation errors: 561, runtime errors: 8, failed runs: 39, ok runs: 0
:::: FAILED :::: level: 1 :::: size: 111 / 128 :::: Compiler calls: 677, compilation errors: 614, runtime errors: 9, failed runs: 40, ok runs: 0
:::: FAILED :::: level: 1 :::: size: 111 / 128 :::: Compiler calls: 682, compilation errors: 617, runtime errors: 9, failed runs: 41, ok runs: 0
:::: FAILED :::: level: 1 :::: size: 111 / 128 :::: Compiler calls: 684, compilation errors: 619, runtime errors: 9, failed runs: 42, ok runs: 0
:::: FAILED :::: level: 1 :::: size: 111 / 128 :::: Compiler calls: 686, compilation errors: 619, runtime errors: 9, failed runs: 43, ok runs: 0
:::: FAILED :::: level: 1 :::: size: 110 / 128 :::: Compiler calls: 753, compilation errors: 685, runtime errors: 10, failed runs: 44, ok runs: 0
:::: FAILED :::: level: 1 :::: size: 110 / 128 :::: Compiler calls: 757, compilation errors: 688, runtime errors: 10, failed runs: 45, ok runs: 0
:::: FAILED :::: level: 1 :::: size: 110 / 128 :::: Compiler calls: 759, compilation errors: 688, runtime errors: 10, failed runs: 46, ok runs: 0
:::: FAILED :::: level: 1 :::: size: 109 / 128 :::: Compiler calls: 833, compilation errors: 759, runtime errors: 12, failed runs: 47, ok runs: 0
:::: FAILED :::: level: 1 :::: size: 109 / 128 :::: Compiler calls: 837, compilation errors: 762, runtime errors: 12, failed runs: 48, ok runs: 0
:::: FAILED :::: level: 1 :::: size: 108 / 128 :::: Compiler calls: 914, compilation errors: 838, runtime errors: 14, failed runs: 49, ok runs: 0
:::: FAILED :::: level: 1 :::: size: 108 / 128 :::: Compiler calls: 930, compilation errors: 851, runtime errors: 15, failed runs: 50, ok runs: 0
:::: FAILED :::: level: 1 :::: size: 107 / 128 :::: Compiler calls: 1010, compilation errors: 927, runtime errors: 17, failed runs: 51, ok runs: 0
:::: FAILED :::: level: 1 :::: size: 107 / 128 :::: Compiler calls: 1026, compilation errors: 943, runtime errors: 17, failed runs: 52, ok runs: 0
:::: FAILED :::: level: 1 :::: size: 106 / 128 :::: Compiler calls: 1097, compilation errors: 1011, runtime errors: 19, failed runs: 53, ok runs: 0
:::: FAILED :::: level: 1 :::: size: 105 / 128 :::: Compiler calls: 1203, compilation errors: 1114, runtime errors: 21, failed runs: 54, ok runs: 0
:::: FAILED :::: level: 1 :::: size: 105 / 128 :::: Compiler calls: 1219, compilation errors: 1128, runtime errors: 21, failed runs: 55, ok runs: 0
:::: FAILED :::: level: 1 :::: size: 104 / 128 :::: Compiler calls: 1308, compilation errors: 1227, runtime errors: 23, failed runs: 56, ok runs: 0
Level 1 took 31204ms
01011110110001110001111111110111111111011111110111111111111111110110101100111110001111111101111110111111111111111011111101111111
Fixed 104 active nodes and 0 free nodes guaranteed by them.
Discarded 24 active fragments. 567 fragments, including dependent nodes
############## After level 1 there are 4545 / 5112 fragments left :::: Compiler calls: 1412, compilation errors: 1331, runtime errors: 25, failed runs: 56, ok runs: 0
############## EXECUTING LVL 2 with 128 active fragments ##############
:::: FAILED :::: level: 2 :::: size: 126 / 128 :::: Compiler calls: 1538, compilation errors: 1456, runtime errors: 25, failed runs: 57, ok runs: 0
:::: FAILED :::: level: 2 :::: size: 125 / 128 :::: Compiler calls: 1661, compilation errors: 1563, runtime errors: 25, failed runs: 58, ok runs: 0
:::: FAILED :::: level: 2 :::: size: 125 / 128 :::: Compiler calls: 1661, compilation errors: 1563, runtime errors: 25, failed runs: 59, ok runs: 0
:::: FAILED :::: level: 2 :::: size: 125 / 128 :::: Compiler calls: 1667, compilation errors: 1567, runtime errors: 25, failed runs: 60, ok runs: 0
:::: FAILED :::: level: 2 :::: size: 125 / 128 :::: Compiler calls: 1669, compilation errors: 1570, runtime errors: 25, failed runs: 61, ok runs: 0
:::: FAILED :::: level: 2 :::: size: 125 / 128 :::: Compiler calls: 1672, compilation errors: 1571, runtime errors: 25, failed runs: 62, ok runs: 0
:::: FAILED :::: level: 2 :::: size: 125 / 128 :::: Compiler calls: 1674, compilation errors: 1573, runtime errors: 25, failed runs: 63, ok runs: 0
:::: FAILED :::: level: 2 :::: size: 124 / 128 :::: Compiler calls: 1710, compilation errors: 1608, runtime errors: 25, failed runs: 64, ok runs: 0
:::: FAILED :::: level: 2 :::: size: 124 / 128 :::: Compiler calls: 1730, compilation errors: 1627, runtime errors: 25, failed runs: 65, ok runs: 0
:::: FAILED :::: level: 2 :::: size: 124 / 128 :::: Compiler calls: 1741, compilation errors: 1636, runtime errors: 25, failed runs: 66, ok runs: 0
:::: FAILED :::: level: 2 :::: size: 124 / 128 :::: Compiler calls: 1741, compilation errors: 1637, runtime errors: 25, failed runs: 67, ok runs: 0
:::: FAILED :::: level: 2 :::: size: 124 / 128 :::: Compiler calls: 1758, compilation errors: 1652, runtime errors: 25, failed runs: 68, ok runs: 0
:::: FAILED :::: level: 2 :::: size: 123 / 128 :::: Compiler calls: 1769, compilation errors: 1660, runtime errors: 25, failed runs: 69, ok runs: 0
:::: FAILED :::: level: 2 :::: size: 123 / 128 :::: Compiler calls: 1771, compilation errors: 1662, runtime errors: 25, failed runs: 70, ok runs: 0
:::: FAILED :::: level: 2 :::: size: 123 / 128 :::: Compiler calls: 1771, compilation errors: 1664, runtime errors: 25, failed runs: 71, ok runs: 0
:::: FAILED :::: level: 2 :::: size: 123 / 128 :::: Compiler calls: 1775, compilation errors: 1666, runtime errors: 25, failed runs: 72, ok runs: 0
:::: FAILED :::: level: 2 :::: size: 123 / 128 :::: Compiler calls: 1827, compilation errors: 1715, runtime errors: 25, failed runs: 73, ok runs: 0
:::: FAILED :::: level: 2 :::: size: 122 / 128 :::: Compiler calls: 1828, compilation errors: 1715, runtime errors: 25, failed runs: 74, ok runs: 0
:::: FAILED :::: level: 2 :::: size: 122 / 128 :::: Compiler calls: 1839, compilation errors: 1724, runtime errors: 25, failed runs: 75, ok runs: 0
:::: FAILED :::: level: 2 :::: size: 122 / 128 :::: Compiler calls: 1862, compilation errors: 1749, runtime errors: 25, failed runs: 76, ok runs: 0
:::: FAILED :::: level: 2 :::: size: 122 / 128 :::: Compiler calls: 1867, compilation errors: 1753, runtime errors: 25, failed runs: 77, ok runs: 0
:::: FAILED :::: level: 2 :::: size: 122 / 128 :::: Compiler calls: 1880, compilation errors: 1763, runtime errors: 25, failed runs: 78, ok runs: 0
:::: FAILED :::: level: 2 :::: size: 121 / 128 :::: Compiler calls: 1892, compilation errors: 1774, runtime errors: 25, failed runs: 79, ok runs: 0
:::: FAILED :::: level: 2 :::: size: 121 / 128 :::: Compiler calls: 1898, compilation errors: 1779, runtime errors: 25, failed runs: 80, ok runs: 0
:::: FAILED :::: level: 2 :::: size: 121 / 128 :::: Compiler calls: 1940, compilation errors: 1820, runtime errors: 25, failed runs: 81, ok runs: 0
:::: FAILED :::: level: 2 :::: size: 121 / 128 :::: Compiler calls: 1941, compilation errors: 1821, runtime errors: 25, failed runs: 82, ok runs: 0
:::: FAILED :::: level: 2 :::: size: 120 / 128 :::: Compiler calls: 1958, compilation errors: 1835, runtime errors: 25, failed runs: 83, ok runs: 0
:::: FAILED :::: level: 2 :::: size: 120 / 128 :::: Compiler calls: 1978, compilation errors: 1859, runtime errors: 25, failed runs: 84, ok runs: 0
:::: FAILED :::: level: 2 :::: size: 120 / 128 :::: Compiler calls: 1992, compilation errors: 1874, runtime errors: 25, failed runs: 85, ok runs: 0
:::: FAILED :::: level: 2 :::: size: 119 / 128 :::: Compiler calls: 2036, compilation errors: 1910, runtime errors: 25, failed runs: 86, ok runs: 0
:::: FAILED :::: level: 2 :::: size: 119 / 128 :::: Compiler calls: 2037, compilation errors: 1911, runtime errors: 25, failed runs: 87, ok runs: 0
:::: FAILED :::: level: 2 :::: size: 118 / 128 :::: Compiler calls: 2117, compilation errors: 1990, runtime errors: 25, failed runs: 88, ok runs: 0
:::: FAILED :::: level: 2 :::: size: 117 / 128 :::: Compiler calls: 2235, compilation errors: 2115, runtime errors: 25, failed runs: 89, ok runs: 0
:::: FAILED :::: level: 2 :::: size: 117 / 128 :::: Compiler calls: 2252, compilation errors: 2131, runtime errors: 25, failed runs: 90, ok runs: 0
:::: FAILED :::: level: 2 :::: size: 117 / 128 :::: Compiler calls: 2266, compilation errors: 2142, runtime errors: 25, failed runs: 91, ok runs: 0
:::: FAILED :::: level: 2 :::: size: 116 / 128 :::: Compiler calls: 2352, compilation errors: 2233, runtime errors: 25, failed runs: 92, ok runs: 0
:::: FAILED :::: level: 2 :::: size: 116 / 128 :::: Compiler calls: 2397, compilation errors: 2267, runtime errors: 25, failed runs: 93, ok runs: 0
:::: FAILED :::: level: 2 :::: size: 115 / 128 :::: Compiler calls: 2468, compilation errors: 2349, runtime errors: 25, failed runs: 94, ok runs: 0
Level 2 took 12316ms
11111011101110111111111111111111100111011111111111111111111101011111111111111111111111111111111111111111111111110110110011011111
Fixed 115 active nodes and 0 free nodes guaranteed by them.
Discarded 13 active fragments. 13 fragments, including dependent nodes
############## After level 2 there are 4532 / 5112 fragments left :::: Compiler calls: 2583, compilation errors: 2464, runtime errors: 25, failed runs: 94, ok runs: 0
############## EXECUTING LVL 3 with 128 active fragments ##############
:::: FAILED :::: level: 3 :::: size: 124 / 128 :::: Compiler calls: 2645, compilation errors: 2521, runtime errors: 25, failed runs: 95, ok runs: 0
:::: FAILED :::: level: 3 :::: size: 122 / 128 :::: Compiler calls: 2724, compilation errors: 2591, runtime errors: 25, failed runs: 96, ok runs: 0
:::: FAILED :::: level: 3 :::: size: 122 / 128 :::: Compiler calls: 2734, compilation errors: 2598, runtime errors: 25, failed runs: 97, ok runs: 0
:::: FAILED :::: level: 3 :::: size: 122 / 128 :::: Compiler calls: 2740, compilation errors: 2604, runtime errors: 25, failed runs: 98, ok runs: 0
:::: FAILED :::: level: 3 :::: size: 120 / 128 :::: Compiler calls: 2765, compilation errors: 2628, runtime errors: 25, failed runs: 99, ok runs: 0
:::: FAILED :::: level: 3 :::: size: 120 / 128 :::: Compiler calls: 2791, compilation errors: 2652, runtime errors: 25, failed runs: 100, ok runs: 0
:::: FAILED :::: level: 3 :::: size: 118 / 128 :::: Compiler calls: 2826, compilation errors: 2689, runtime errors: 25, failed runs: 101, ok runs: 0
:::: FAILED :::: level: 3 :::: size: 118 / 128 :::: Compiler calls: 2855, compilation errors: 2715, runtime errors: 25, failed runs: 102, ok runs: 0
:::: FAILED :::: level: 3 :::: size: 116 / 128 :::: Compiler calls: 2885, compilation errors: 2757, runtime errors: 25, failed runs: 103, ok runs: 0
:::: FAILED :::: level: 3 :::: size: 115 / 128 :::: Compiler calls: 2974, compilation errors: 2830, runtime errors: 25, failed runs: 104, ok runs: 0
:::: FAILED :::: level: 3 :::: size: 115 / 128 :::: Compiler calls: 2977, compilation errors: 2832, runtime errors: 25, failed runs: 105, ok runs: 0
:::: FAILED :::: level: 3 :::: size: 115 / 128 :::: Compiler calls: 2978, compilation errors: 2835, runtime errors: 25, failed runs: 106, ok runs: 0
:::: FAILED :::: level: 3 :::: size: 115 / 128 :::: Compiler calls: 2979, compilation errors: 2835, runtime errors: 25, failed runs: 107, ok runs: 0
:::: FAILED :::: level: 3 :::: size: 115 / 128 :::: Compiler calls: 2997, compilation errors: 2850, runtime errors: 25, failed runs: 108, ok runs: 0
:::: FAILED :::: level: 3 :::: size: 114 / 128 :::: Compiler calls: 3001, compilation errors: 2853, runtime errors: 25, failed runs: 109, ok runs: 0
:::: FAILED :::: level: 3 :::: size: 114 / 128 :::: Compiler calls: 3010, compilation errors: 2860, runtime errors: 25, failed runs: 110, ok runs: 0
:::: FAILED :::: level: 3 :::: size: 114 / 128 :::: Compiler calls: 3010, compilation errors: 2862, runtime errors: 25, failed runs: 111, ok runs: 0
:::: FAILED :::: level: 3 :::: size: 113 / 128 :::: Compiler calls: 3030, compilation errors: 2878, runtime errors: 25, failed runs: 112, ok runs: 0
:::: FAILED :::: level: 3 :::: size: 113 / 128 :::: Compiler calls: 3031, compilation errors: 2878, runtime errors: 25, failed runs: 113, ok runs: 0
:::: FAILED :::: level: 3 :::: size: 113 / 128 :::: Compiler calls: 3055, compilation errors: 2901, runtime errors: 25, failed runs: 114, ok runs: 0
:::: FAILED :::: level: 3 :::: size: 112 / 128 :::: Compiler calls: 3059, compilation errors: 2904, runtime errors: 25, failed runs: 115, ok runs: 0
:::: FAILED :::: level: 3 :::: size: 112 / 128 :::: Compiler calls: 3082, compilation errors: 2926, runtime errors: 25, failed runs: 116, ok runs: 0
:::: FAILED :::: level: 3 :::: size: 111 / 128 :::: Compiler calls: 3109, compilation errors: 2952, runtime errors: 25, failed runs: 117, ok runs: 0
:::: FAILED :::: level: 3 :::: size: 111 / 128 :::: Compiler calls: 3113, compilation errors: 2955, runtime errors: 25, failed runs: 118, ok runs: 0
:::: FAILED :::: level: 3 :::: size: 111 / 128 :::: Compiler calls: 3130, compilation errors: 2973, runtime errors: 25, failed runs: 119, ok runs: 0
:::: FAILED :::: level: 3 :::: size: 111 / 128 :::: Compiler calls: 3132, compilation errors: 2973, runtime errors: 25, failed runs: 120, ok runs: 0
:::: FAILED :::: level: 3 :::: size: 110 / 128 :::: Compiler calls: 3163, compilation errors: 3002, runtime errors: 25, failed runs: 121, ok runs: 0
:::: FAILED :::: level: 3 :::: size: 110 / 128 :::: Compiler calls: 3177, compilation errors: 3016, runtime errors: 25, failed runs: 122, ok runs: 0
:::: FAILED :::: level: 3 :::: size: 110 / 128 :::: Compiler calls: 3177, compilation errors: 3016, runtime errors: 25, failed runs: 123, ok runs: 0
:::: FAILED :::: level: 3 :::: size: 109 / 128 :::: Compiler calls: 3227, compilation errors: 3063, runtime errors: 25, failed runs: 124, ok runs: 0
:::: FAILED :::: level: 3 :::: size: 109 / 128 :::: Compiler calls: 3229, compilation errors: 3065, runtime errors: 25, failed runs: 125, ok runs: 0
:::: FAILED :::: level: 3 :::: size: 109 / 128 :::: Compiler calls: 3243, compilation errors: 3077, runtime errors: 25, failed runs: 126, ok runs: 0
:::: FAILED :::: level: 3 :::: size: 109 / 128 :::: Compiler calls: 3244, compilation errors: 3078, runtime errors: 25, failed runs: 127, ok runs: 0
:::: FAILED :::: level: 3 :::: size: 109 / 128 :::: Compiler calls: 3246, compilation errors: 3078, runtime errors: 25, failed runs: 128, ok runs: 0
:::: FAILED :::: level: 3 :::: size: 109 / 128 :::: Compiler calls: 3248, compilation errors: 3079, runtime errors: 25, failed runs: 129, ok runs: 0
:::: FAILED :::: level: 3 :::: size: 108 / 128 :::: Compiler calls: 3292, compilation errors: 3122, runtime errors: 25, failed runs: 130, ok runs: 0
:::: FAILED :::: level: 3 :::: size: 108 / 128 :::: Compiler calls: 3306, compilation errors: 3136, runtime errors: 25, failed runs: 131, ok runs: 0
:::: FAILED :::: level: 3 :::: size: 108 / 128 :::: Compiler calls: 3312, compilation errors: 3140, runtime errors: 25, failed runs: 132, ok runs: 0
:::: FAILED :::: level: 3 :::: size: 108 / 128 :::: Compiler calls: 3314, compilation errors: 3141, runtime errors: 25, failed runs: 133, ok runs: 0
:::: FAILED :::: level: 3 :::: size: 108 / 128 :::: Compiler calls: 3317, compilation errors: 3145, runtime errors: 25, failed runs: 134, ok runs: 0
:::: FAILED :::: level: 3 :::: size: 107 / 128 :::: Compiler calls: 3368, compilation errors: 3194, runtime errors: 25, failed runs: 135, ok runs: 0
:::: FAILED :::: level: 3 :::: size: 107 / 128 :::: Compiler calls: 3374, compilation errors: 3198, runtime errors: 25, failed runs: 136, ok runs: 0
:::: FAILED :::: level: 3 :::: size: 107 / 128 :::: Compiler calls: 3378, compilation errors: 3201, runtime errors: 25, failed runs: 137, ok runs: 0
:::: FAILED :::: level: 3 :::: size: 107 / 128 :::: Compiler calls: 3385, compilation errors: 3208, runtime errors: 25, failed runs: 138, ok runs: 0
:::: FAILED :::: level: 3 :::: size: 107 / 128 :::: Compiler calls: 3389, compilation errors: 3211, runtime errors: 25, failed runs: 139, ok runs: 0
:::: FAILED :::: level: 3 :::: size: 107 / 128 :::: Compiler calls: 3393, compilation errors: 3215, runtime errors: 25, failed runs: 140, ok runs: 0
:::: FAILED :::: level: 3 :::: size: 106 / 128 :::: Compiler calls: 3450, compilation errors: 3270, runtime errors: 25, failed runs: 141, ok runs: 0
:::: FAILED :::: level: 3 :::: size: 106 / 128 :::: Compiler calls: 3457, compilation errors: 3276, runtime errors: 25, failed runs: 142, ok runs: 0
:::: FAILED :::: level: 3 :::: size: 106 / 128 :::: Compiler calls: 3463, compilation errors: 3280, runtime errors: 25, failed runs: 143, ok runs: 0
:::: FAILED :::: level: 3 :::: size: 106 / 128 :::: Compiler calls: 3464, compilation errors: 3280, runtime errors: 25, failed runs: 144, ok runs: 0
:::: FAILED :::: level: 3 :::: size: 106 / 128 :::: Compiler calls: 3474, compilation errors: 3289, runtime errors: 25, failed runs: 145, ok runs: 0
:::: FAILED :::: level: 3 :::: size: 105 / 128 :::: Compiler calls: 3530, compilation errors: 3344, runtime errors: 25, failed runs: 146, ok runs: 0
:::: FAILED :::: level: 3 :::: size: 105 / 128 :::: Compiler calls: 3533, compilation errors: 3347, runtime errors: 25, failed runs: 147, ok runs: 0
:::: FAILED :::: level: 3 :::: size: 105 / 128 :::: Compiler calls: 3542, compilation errors: 3356, runtime errors: 25, failed runs: 148, ok runs: 0
:::: FAILED :::: level: 3 :::: size: 105 / 128 :::: Compiler calls: 3551, compilation errors: 3363, runtime errors: 25, failed runs: 149, ok runs: 0
:::: FAILED :::: level: 3 :::: size: 105 / 128 :::: Compiler calls: 3553, compilation errors: 3364, runtime errors: 25, failed runs: 150, ok runs: 0
:::: FAILED :::: level: 3 :::: size: 104 / 128 :::: Compiler calls: 3615, compilation errors: 3424, runtime errors: 25, failed runs: 151, ok runs: 0
:::: FAILED :::: level: 3 :::: size: 104 / 128 :::: Compiler calls: 3618, compilation errors: 3427, runtime errors: 25, failed runs: 152, ok runs: 0
:::: FAILED :::: level: 3 :::: size: 104 / 128 :::: Compiler calls: 3626, compilation errors: 3434, runtime errors: 25, failed runs: 153, ok runs: 0
:::: FAILED :::: level: 3 :::: size: 104 / 128 :::: Compiler calls: 3628, compilation errors: 3437, runtime errors: 25, failed runs: 154, ok runs: 0
:::: FAILED :::: level: 3 :::: size: 104 / 128 :::: Compiler calls: 3636, compilation errors: 3442, runtime errors: 25, failed runs: 155, ok runs: 0
:::: FAILED :::: level: 3 :::: size: 104 / 128 :::: Compiler calls: 3636, compilation errors: 3442, runtime errors: 25, failed runs: 156, ok runs: 0
:::: FAILED :::: level: 3 :::: size: 103 / 128 :::: Compiler calls: 3701, compilation errors: 3505, runtime errors: 25, failed runs: 157, ok runs: 0
:::: FAILED :::: level: 3 :::: size: 103 / 128 :::: Compiler calls: 3707, compilation errors: 3511, runtime errors: 25, failed runs: 158, ok runs: 0
:::: FAILED :::: level: 3 :::: size: 103 / 128 :::: Compiler calls: 3714, compilation errors: 3515, runtime errors: 25, failed runs: 159, ok runs: 0
:::: FAILED :::: level: 3 :::: size: 103 / 128 :::: Compiler calls: 3722, compilation errors: 3522, runtime errors: 25, failed runs: 160, ok runs: 0
:::: FAILED :::: level: 3 :::: size: 103 / 128 :::: Compiler calls: 3725, compilation errors: 3525, runtime errors: 25, failed runs: 161, ok runs: 0
:::: FAILED :::: level: 3 :::: size: 102 / 128 :::: Compiler calls: 3790, compilation errors: 3589, runtime errors: 25, failed runs: 162, ok runs: 0
:::: FAILED :::: level: 3 :::: size: 102 / 128 :::: Compiler calls: 3793, compilation errors: 3591, runtime errors: 25, failed runs: 163, ok runs: 0
:::: FAILED :::: level: 3 :::: size: 102 / 128 :::: Compiler calls: 3803, compilation errors: 3600, runtime errors: 25, failed runs: 164, ok runs: 0
:::: FAILED :::: level: 3 :::: size: 102 / 128 :::: Compiler calls: 3810, compilation errors: 3605, runtime errors: 25, failed runs: 165, ok runs: 0
:::: FAILED :::: level: 3 :::: size: 102 / 128 :::: Compiler calls: 3811, compilation errors: 3606, runtime errors: 25, failed runs: 166, ok runs: 0
:::: FAILED :::: level: 3 :::: size: 102 / 128 :::: Compiler calls: 3817, compilation errors: 3613, runtime errors: 25, failed runs: 167, ok runs: 0
:::: FAILED :::: level: 3 :::: size: 101 / 128 :::: Compiler calls: 3884, compilation errors: 3676, runtime errors: 25, failed runs: 168, ok runs: 0
:::: FAILED :::: level: 3 :::: size: 101 / 128 :::: Compiler calls: 3886, compilation errors: 3679, runtime errors: 25, failed runs: 169, ok runs: 0
:::: FAILED :::: level: 3 :::: size: 101 / 128 :::: Compiler calls: 3898, compilation errors: 3688, runtime errors: 25, failed runs: 170, ok runs: 0
:::: FAILED :::: level: 3 :::: size: 101 / 128 :::: Compiler calls: 3898, compilation errors: 3689, runtime errors: 25, failed runs: 171, ok runs: 0
:::: FAILED :::: level: 3 :::: size: 101 / 128 :::: Compiler calls: 3903, compilation errors: 3693, runtime errors: 25, failed runs: 172, ok runs: 0
:::: FAILED :::: level: 3 :::: size: 101 / 128 :::: Compiler calls: 3909, compilation errors: 3697, runtime errors: 25, failed runs: 173, ok runs: 0
:::: FAILED :::: level: 3 :::: size: 100 / 128 :::: Compiler calls: 3979, compilation errors: 3765, runtime errors: 25, failed runs: 174, ok runs: 0
:::: FAILED :::: level: 3 :::: size: 100 / 128 :::: Compiler calls: 3983, compilation errors: 3769, runtime errors: 25, failed runs: 175, ok runs: 0
:::: FAILED :::: level: 3 :::: size: 100 / 128 :::: Compiler calls: 3998, compilation errors: 3782, runtime errors: 25, failed runs: 176, ok runs: 0
:::: FAILED :::: level: 3 :::: size: 100 / 128 :::: Compiler calls: 3998, compilation errors: 3782, runtime errors: 25, failed runs: 177, ok runs: 0
:::: FAILED :::: level: 3 :::: size: 100 / 128 :::: Compiler calls: 4000, compilation errors: 3782, runtime errors: 25, failed runs: 178, ok runs: 0
:::: FAILED :::: level: 3 :::: size: 99 / 128 :::: Compiler calls: 4078, compilation errors: 3859, runtime errors: 25, failed runs: 179, ok runs: 0
:::: FAILED :::: level: 3 :::: size: 99 / 128 :::: Compiler calls: 4082, compilation errors: 3864, runtime errors: 25, failed runs: 180, ok runs: 0
:::: FAILED :::: level: 3 :::: size: 99 / 128 :::: Compiler calls: 4090, compilation errors: 3869, runtime errors: 25, failed runs: 181, ok runs: 0
:::: FAILED :::: level: 3 :::: size: 99 / 128 :::: Compiler calls: 4095, compilation errors: 3874, runtime errors: 25, failed runs: 182, ok runs: 0
:::: FAILED :::: level: 3 :::: size: 99 / 128 :::: Compiler calls: 4102, compilation errors: 3880, runtime errors: 25, failed runs: 183, ok runs: 0
:::: FAILED :::: level: 3 :::: size: 98 / 128 :::: Compiler calls: 4177, compilation errors: 3958, runtime errors: 25, failed runs: 184, ok runs: 0
:::: FAILED :::: level: 3 :::: size: 98 / 128 :::: Compiler calls: 4191, compilation errors: 3967, runtime errors: 25, failed runs: 185, ok runs: 0
:::: FAILED :::: level: 3 :::: size: 98 / 128 :::: Compiler calls: 4191, compilation errors: 3968, runtime errors: 25, failed runs: 186, ok runs: 0
:::: FAILED :::: level: 3 :::: size: 98 / 128 :::: Compiler calls: 4198, compilation errors: 3972, runtime errors: 25, failed runs: 187, ok runs: 0
:::: FAILED :::: level: 3 :::: size: 97 / 128 :::: Compiler calls: 4275, compilation errors: 4053, runtime errors: 25, failed runs: 188, ok runs: 0
:::: FAILED :::: level: 3 :::: size: 97 / 128 :::: Compiler calls: 4281, compilation errors: 4055, runtime errors: 25, failed runs: 189, ok runs: 0
:::: FAILED :::: level: 3 :::: size: 97 / 128 :::: Compiler calls: 4298, compilation errors: 4070, runtime errors: 25, failed runs: 190, ok runs: 0
:::: FAILED :::: level: 3 :::: size: 96 / 128 :::: Compiler calls: 4372, compilation errors: 4153, runtime errors: 25, failed runs: 191, ok runs: 0
:::: FAILED :::: level: 3 :::: size: 96 / 128 :::: Compiler calls: 4392, compilation errors: 4161, runtime errors: 25, failed runs: 192, ok runs: 0
:::: FAILED :::: level: 3 :::: size: 95 / 128 :::: Compiler calls: 4468, compilation errors: 4250, runtime errors: 25, failed runs: 193, ok runs: 0
Level 3 took 29471ms
10011100111101011111111111111111010010111111111110011111000011110011100101011111110111110111111111101011101101101110111100110111
Fixed 95 active nodes and 0 free nodes guaranteed by them.
Discarded 33 active fragments. 404 fragments, including dependent nodes
############## After level 3 there are 4128 / 5112 fragments left :::: Compiler calls: 4563, compilation errors: 4345, runtime errors: 25, failed runs: 193, ok runs: 0
############## EXECUTING LVL 4 with 128 active fragments ##############
:::: FAILED :::: level: 4 :::: size: 127 / 128 :::: Compiler calls: 4739, compilation errors: 4509, runtime errors: 25, failed runs: 194, ok runs: 0
:::: FAILED :::: level: 4 :::: size: 127 / 128 :::: Compiler calls: 4762, compilation errors: 4528, runtime errors: 25, failed runs: 195, ok runs: 0
:::: FAILED :::: level: 4 :::: size: 126 / 128 :::: Compiler calls: 4829, compilation errors: 4596, runtime errors: 25, failed runs: 196, ok runs: 0
:::: FAILED :::: level: 4 :::: size: 125 / 128 :::: Compiler calls: 4957, compilation errors: 4730, runtime errors: 25, failed runs: 197, ok runs: 0
:::: FAILED :::: level: 4 :::: size: 125 / 128 :::: Compiler calls: 4978, compilation errors: 4744, runtime errors: 25, failed runs: 198, ok runs: 0
:::: FAILED :::: level: 4 :::: size: 125 / 128 :::: Compiler calls: 4978, compilation errors: 4746, runtime errors: 25, failed runs: 199, ok runs: 0
:::: FAILED :::: level: 4 :::: size: 124 / 128 :::: Compiler calls: 5082, compilation errors: 4855, runtime errors: 25, failed runs: 200, ok runs: 0
:::: FAILED :::: level: 4 :::: size: 124 / 128 :::: Compiler calls: 5103, compilation errors: 4867, runtime errors: 25, failed runs: 201, ok runs: 0
:::: FAILED :::: level: 4 :::: size: 123 / 128 :::: Compiler calls: 5206, compilation errors: 4978, runtime errors: 25, failed runs: 202, ok runs: 0
Level 4 took 6618ms
11111111111111111110111111111011111111111111111111111111111111111111111111111111111111111111111111111111110101111111101111111111
Fixed 123 active nodes and 0 free nodes guaranteed by them.
Discarded 5 active fragments. 5 fragments, including dependent nodes
############## After level 4 there are 4123 / 5112 fragments left :::: Compiler calls: 5329, compilation errors: 5102, runtime errors: 25, failed runs: 202, ok runs: 0
############## EXECUTING LVL 5 with 128 active fragments ##############
Level 5 took 3903ms
11111111111111111111111111111111111111111111111111111111111111111111111111111111111111111111111111111111111111111111111111111111
Fixed 128 active nodes and 0 free nodes guaranteed by them.
Discarded 0 active fragments. 0 fragments, including dependent nodes
############## After level 5 there are 4123 / 5112 fragments left :::: Compiler calls: 5583, compilation errors: 5356, runtime errors: 25, failed runs: 202, ok runs: 0
############## EXECUTING LVL 6 with 128 active fragments ##############
:::: FAILED :::: level: 6 :::: size: 124 / 128 :::: Compiler calls: 5645, compilation errors: 5416, runtime errors: 25, failed runs: 203, ok runs: 0
:::: FAILED :::: level: 6 :::: size: 124 / 128 :::: Compiler calls: 5651, compilation errors: 5416, runtime errors: 25, failed runs: 204, ok runs: 0
:::: FAILED :::: level: 6 :::: size: 120 / 128 :::: Compiler calls: 5676, compilation errors: 5446, runtime errors: 25, failed runs: 205, ok runs: 0
:::: FAILED :::: level: 6 :::: size: 119 / 128 :::: Compiler calls: 5819, compilation errors: 5574, runtime errors: 25, failed runs: 206, ok runs: 0
:::: FAILED :::: level: 6 :::: size: 119 / 128 :::: Compiler calls: 5827, compilation errors: 5581, runtime errors: 25, failed runs: 207, ok runs: 0
:::: FAILED :::: level: 6 :::: size: 119 / 128 :::: Compiler calls: 5834, compilation errors: 5588, runtime errors: 25, failed runs: 208, ok runs: 0
:::: FAILED :::: level: 6 :::: size: 119 / 128 :::: Compiler calls: 5839, compilation errors: 5593, runtime errors: 25, failed runs: 209, ok runs: 0
:::: FAILED :::: level: 6 :::: size: 119 / 128 :::: Compiler calls: 5850, compilation errors: 5601, runtime errors: 25, failed runs: 210, ok runs: 0
:::: FAILED :::: level: 6 :::: size: 119 / 128 :::: Compiler calls: 5853, compilation errors: 5602, runtime errors: 25, failed runs: 211, ok runs: 0
:::: FAILED :::: level: 6 :::: size: 119 / 128 :::: Compiler calls: 5862, compilation errors: 5611, runtime errors: 25, failed runs: 212, ok runs: 0
:::: FAILED :::: level: 6 :::: size: 118 / 128 :::: Compiler calls: 5874, compilation errors: 5623, runtime errors: 25, failed runs: 213, ok runs: 0
:::: FAILED :::: level: 6 :::: size: 118 / 128 :::: Compiler calls: 5886, compilation errors: 5633, runtime errors: 25, failed runs: 214, ok runs: 0
:::: FAILED :::: level: 6 :::: size: 118 / 128 :::: Compiler calls: 5900, compilation errors: 5647, runtime errors: 25, failed runs: 215, ok runs: 0
:::: FAILED :::: level: 6 :::: size: 118 / 128 :::: Compiler calls: 5904, compilation errors: 5650, runtime errors: 25, failed runs: 216, ok runs: 0
:::: FAILED :::: level: 6 :::: size: 118 / 128 :::: Compiler calls: 5907, compilation errors: 5651, runtime errors: 25, failed runs: 217, ok runs: 0
:::: FAILED :::: level: 6 :::: size: 118 / 128 :::: Compiler calls: 5913, compilation errors: 5656, runtime errors: 25, failed runs: 218, ok runs: 0
:::: FAILED :::: level: 6 :::: size: 117 / 128 :::: Compiler calls: 5933, compilation errors: 5676, runtime errors: 25, failed runs: 219, ok runs: 0
:::: FAILED :::: level: 6 :::: size: 117 / 128 :::: Compiler calls: 5947, compilation errors: 5690, runtime errors: 25, failed runs: 220, ok runs: 0
:::: FAILED :::: level: 6 :::: size: 117 / 128 :::: Compiler calls: 5964, compilation errors: 5703, runtime errors: 25, failed runs: 221, ok runs: 0
:::: FAILED :::: level: 6 :::: size: 117 / 128 :::: Compiler calls: 5965, compilation errors: 5703, runtime errors: 25, failed runs: 222, ok runs: 0
:::: FAILED :::: level: 6 :::: size: 117 / 128 :::: Compiler calls: 5967, compilation errors: 5705, runtime errors: 25, failed runs: 223, ok runs: 0
:::: FAILED :::: level: 6 :::: size: 116 / 128 :::: Compiler calls: 6017, compilation errors: 5754, runtime errors: 25, failed runs: 224, ok runs: 0
:::: FAILED :::: level: 6 :::: size: 116 / 128 :::: Compiler calls: 6025, compilation errors: 5762, runtime errors: 25, failed runs: 225, ok runs: 0
:::: FAILED :::: level: 6 :::: size: 116 / 128 :::: Compiler calls: 6027, compilation errors: 5762, runtime errors: 25, failed runs: 226, ok runs: 0
:::: FAILED :::: level: 6 :::: size: 116 / 128 :::: Compiler calls: 6030, compilation errors: 5769, runtime errors: 25, failed runs: 227, ok runs: 0
:::: FAILED :::: level: 6 :::: size: 116 / 128 :::: Compiler calls: 6064, compilation errors: 5796, runtime errors: 25, failed runs: 228, ok runs: 0
:::: FAILED :::: level: 6 :::: size: 116 / 128 :::: Compiler calls: 6066, compilation errors: 5798, runtime errors: 25, failed runs: 229, ok runs: 0
:::: FAILED :::: level: 6 :::: size: 116 / 128 :::: Compiler calls: 6066, compilation errors: 5798, runtime errors: 25, failed runs: 230, ok runs: 0
:::: FAILED :::: level: 6 :::: size: 115 / 128 :::: Compiler calls: 6099, compilation errors: 5828, runtime errors: 25, failed runs: 231, ok runs: 0
:::: FAILED :::: level: 6 :::: size: 115 / 128 :::: Compiler calls: 6103, compilation errors: 5833, runtime errors: 25, failed runs: 232, ok runs: 0
:::: FAILED :::: level: 6 :::: size: 115 / 128 :::: Compiler calls: 6113, compilation errors: 5842, runtime errors: 25, failed runs: 233, ok runs: 0
:::: FAILED :::: level: 6 :::: size: 115 / 128 :::: Compiler calls: 6137, compilation errors: 5864, runtime errors: 25, failed runs: 234, ok runs: 0
:::: FAILED :::: level: 6 :::: size: 115 / 128 :::: Compiler calls: 6149, compilation errors: 5874, runtime errors: 25, failed runs: 235, ok runs: 0
:::: FAILED :::: level: 6 :::: size: 115 / 128 :::: Compiler calls: 6155, compilation errors: 5880, runtime errors: 25, failed runs: 236, ok runs: 0
:::: FAILED :::: level: 6 :::: size: 114 / 128 :::: Compiler calls: 6184, compilation errors: 5908, runtime errors: 25, failed runs: 237, ok runs: 0
:::: FAILED :::: level: 6 :::: size: 114 / 128 :::: Compiler calls: 6194, compilation errors: 5917, runtime errors: 25, failed runs: 238, ok runs: 0
:::: FAILED :::: level: 6 :::: size: 114 / 128 :::: Compiler calls: 6215, compilation errors: 5937, runtime errors: 25, failed runs: 239, ok runs: 0
:::: FAILED :::: level: 6 :::: size: 114 / 128 :::: Compiler calls: 6221, compilation errors: 5942, runtime errors: 25, failed runs: 240, ok runs: 0
:::: FAILED :::: level: 6 :::: size: 114 / 128 :::: Compiler calls: 6224, compilation errors: 5945, runtime errors: 25, failed runs: 241, ok runs: 0
:::: FAILED :::: level: 6 :::: size: 114 / 128 :::: Compiler calls: 6228, compilation errors: 5949, runtime errors: 25, failed runs: 242, ok runs: 0
:::: FAILED :::: level: 6 :::: size: 114 / 128 :::: Compiler calls: 6236, compilation errors: 5956, runtime errors: 25, failed runs: 243, ok runs: 0
:::: FAILED :::: level: 6 :::: size: 113 / 128 :::: Compiler calls: 6275, compilation errors: 5991, runtime errors: 25, failed runs: 244, ok runs: 0
:::: FAILED :::: level: 6 :::: size: 113 / 128 :::: Compiler calls: 6302, compilation errors: 6017, runtime errors: 25, failed runs: 245, ok runs: 0
:::: FAILED :::: level: 6 :::: size: 113 / 128 :::: Compiler calls: 6306, compilation errors: 6021, runtime errors: 25, failed runs: 246, ok runs: 0
:::: FAILED :::: level: 6 :::: size: 113 / 128 :::: Compiler calls: 6308, compilation errors: 6021, runtime errors: 25, failed runs: 247, ok runs: 0
:::: FAILED :::: level: 6 :::: size: 113 / 128 :::: Compiler calls: 6312, compilation errors: 6026, runtime errors: 25, failed runs: 248, ok runs: 0
:::: FAILED :::: level: 6 :::: size: 113 / 128 :::: Compiler calls: 6322, compilation errors: 6033, runtime errors: 25, failed runs: 249, ok runs: 0
:::: FAILED :::: level: 6 :::: size: 113 / 128 :::: Compiler calls: 6328, compilation errors: 6041, runtime errors: 25, failed runs: 250, ok runs: 0
:::: FAILED :::: level: 6 :::: size: 112 / 128 :::: Compiler calls: 6388, compilation errors: 6099, runtime errors: 25, failed runs: 251, ok runs: 0
:::: FAILED :::: level: 6 :::: size: 112 / 128 :::: Compiler calls: 6395, compilation errors: 6104, runtime errors: 25, failed runs: 252, ok runs: 0
:::: FAILED :::: level: 6 :::: size: 112 / 128 :::: Compiler calls: 6401, compilation errors: 6109, runtime errors: 25, failed runs: 253, ok runs: 0
:::: FAILED :::: level: 6 :::: size: 112 / 128 :::: Compiler calls: 6402, compilation errors: 6109, runtime errors: 25, failed runs: 254, ok runs: 0
:::: FAILED :::: level: 6 :::: size: 112 / 128 :::: Compiler calls: 6406, compilation errors: 6114, runtime errors: 25, failed runs: 255, ok runs: 0
:::: FAILED :::: level: 6 :::: size: 112 / 128 :::: Compiler calls: 6419, compilation errors: 6125, runtime errors: 25, failed runs: 256, ok runs: 0
:::: FAILED :::: level: 6 :::: size: 111 / 128 :::: Compiler calls: 6500, compilation errors: 6206, runtime errors: 25, failed runs: 257, ok runs: 0
:::: FAILED :::: level: 6 :::: size: 111 / 128 :::: Compiler calls: 6505, compilation errors: 6210, runtime errors: 25, failed runs: 258, ok runs: 0
:::: FAILED :::: level: 6 :::: size: 111 / 128 :::: Compiler calls: 6513, compilation errors: 6217, runtime errors: 25, failed runs: 259, ok runs: 0
:::: FAILED :::: level: 6 :::: size: 111 / 128 :::: Compiler calls: 6518, compilation errors: 6220, runtime errors: 25, failed runs: 260, ok runs: 0
:::: FAILED :::: level: 6 :::: size: 111 / 128 :::: Compiler calls: 6521, compilation errors: 6223, runtime errors: 25, failed runs: 261, ok runs: 0
:::: FAILED :::: level: 6 :::: size: 110 / 128 :::: Compiler calls: 6611, compilation errors: 6314, runtime errors: 25, failed runs: 262, ok runs: 0
:::: FAILED :::: level: 6 :::: size: 110 / 128 :::: Compiler calls: 6611, compilation errors: 6314, runtime errors: 25, failed runs: 263, ok runs: 0
:::: FAILED :::: level: 6 :::: size: 110 / 128 :::: Compiler calls: 6623, compilation errors: 6322, runtime errors: 25, failed runs: 264, ok runs: 0
:::: FAILED :::: level: 6 :::: size: 110 / 128 :::: Compiler calls: 6631, compilation errors: 6328, runtime errors: 25, failed runs: 265, ok runs: 0
:::: FAILED :::: level: 6 :::: size: 109 / 128 :::: Compiler calls: 6721, compilation errors: 6422, runtime errors: 25, failed runs: 266, ok runs: 0
:::: FAILED :::: level: 6 :::: size: 109 / 128 :::: Compiler calls: 6726, compilation errors: 6425, runtime errors: 25, failed runs: 267, ok runs: 0
:::: FAILED :::: level: 6 :::: size: 109 / 128 :::: Compiler calls: 6726, compilation errors: 6425, runtime errors: 25, failed runs: 268, ok runs: 0
:::: FAILED :::: level: 6 :::: size: 108 / 128 :::: Compiler calls: 6830, compilation errors: 6529, runtime errors: 25, failed runs: 269, ok runs: 0
:::: FAILED :::: level: 6 :::: size: 108 / 128 :::: Compiler calls: 6841, compilation errors: 6536, runtime errors: 25, failed runs: 270, ok runs: 0
:::: FAILED :::: level: 6 :::: size: 107 / 128 :::: Compiler calls: 6938, compilation errors: 6637, runtime errors: 25, failed runs: 271, ok runs: 0
:::: FAILED :::: level: 6 :::: size: 106 / 128 :::: Compiler calls: 7045, compilation errors: 6742, runtime errors: 25, failed runs: 272, ok runs: 0
Level 6 took 12954ms
11101111111111111111110111111101101111010000111111011110111111111111111111111111101110010000010111011101111111111111111111111111
Fixed 106 active nodes and 0 free nodes guaranteed by them.
Discarded 22 active fragments. 96 fragments, including dependent nodes
############## After level 6 there are 4027 / 5112 fragments left :::: Compiler calls: 7151, compilation errors: 6854, runtime errors: 25, failed runs: 272, ok runs: 0
############## EXECUTING LVL 7 with 128 active fragments ##############
:::: FAILED :::: level: 7 :::: size: 126 / 128 :::: Compiler calls: 7277, compilation errors: 6975, runtime errors: 25, failed runs: 273, ok runs: 0
:::: FAILED :::: level: 7 :::: size: 126 / 128 :::: Compiler calls: 7328, compilation errors: 7020, runtime errors: 25, failed runs: 274, ok runs: 0
:::: FAILED :::: level: 7 :::: size: 124 / 128 :::: Compiler calls: 7340, compilation errors: 7040, runtime errors: 25, failed runs: 275, ok runs: 0
:::: FAILED :::: level: 7 :::: size: 123 / 128 :::: Compiler calls: 7493, compilation errors: 7177, runtime errors: 25, failed runs: 276, ok runs: 0
:::: FAILED :::: level: 7 :::: size: 123 / 128 :::: Compiler calls: 7505, compilation errors: 7188, runtime errors: 25, failed runs: 277, ok runs: 0
:::: FAILED :::: level: 7 :::: size: 123 / 128 :::: Compiler calls: 7515, compilation errors: 7199, runtime errors: 25, failed runs: 278, ok runs: 0
:::: FAILED :::: level: 7 :::: size: 123 / 128 :::: Compiler calls: 7517, compilation errors: 7201, runtime errors: 25, failed runs: 279, ok runs: 0
:::: FAILED :::: level: 7 :::: size: 123 / 128 :::: Compiler calls: 7527, compilation errors: 7210, runtime errors: 25, failed runs: 280, ok runs: 0
:::: FAILED :::: level: 7 :::: size: 123 / 128 :::: Compiler calls: 7557, compilation errors: 7239, runtime errors: 25, failed runs: 281, ok runs: 0
:::: FAILED :::: level: 7 :::: size: 122 / 128 :::: Compiler calls: 7598, compilation errors: 7277, runtime errors: 25, failed runs: 282, ok runs: 0
:::: FAILED :::: level: 7 :::: size: 122 / 128 :::: Compiler calls: 7605, compilation errors: 7283, runtime errors: 25, failed runs: 283, ok runs: 0
:::: FAILED :::: level: 7 :::: size: 122 / 128 :::: Compiler calls: 7607, compilation errors: 7284, runtime errors: 25, failed runs: 284, ok runs: 0
:::: FAILED :::: level: 7 :::: size: 122 / 128 :::: Compiler calls: 7608, compilation errors: 7284, runtime errors: 25, failed runs: 285, ok runs: 0
:::: FAILED :::: level: 7 :::: size: 122 / 128 :::: Compiler calls: 7611, compilation errors: 7287, runtime errors: 25, failed runs: 286, ok runs: 0
:::: FAILED :::: level: 7 :::: size: 122 / 128 :::: Compiler calls: 7624, compilation errors: 7300, runtime errors: 25, failed runs: 287, ok runs: 0
:::: FAILED :::: level: 7 :::: size: 122 / 128 :::: Compiler calls: 7628, compilation errors: 7300, runtime errors: 25, failed runs: 288, ok runs: 0
:::: FAILED :::: level: 7 :::: size: 122 / 128 :::: Compiler calls: 7632, compilation errors: 7304, runtime errors: 25, failed runs: 289, ok runs: 0
:::: FAILED :::: level: 7 :::: size: 122 / 128 :::: Compiler calls: 7642, compilation errors: 7316, runtime errors: 25, failed runs: 290, ok runs: 0
:::: FAILED :::: level: 7 :::: size: 121 / 128 :::: Compiler calls: 7704, compilation errors: 7375, runtime errors: 25, failed runs: 291, ok runs: 0
:::: FAILED :::: level: 7 :::: size: 121 / 128 :::: Compiler calls: 7713, compilation errors: 7383, runtime errors: 25, failed runs: 292, ok runs: 0
:::: FAILED :::: level: 7 :::: size: 121 / 128 :::: Compiler calls: 7718, compilation errors: 7385, runtime errors: 25, failed runs: 293, ok runs: 0
:::: FAILED :::: level: 7 :::: size: 121 / 128 :::: Compiler calls: 7719, compilation errors: 7386, runtime errors: 25, failed runs: 294, ok runs: 0
:::: FAILED :::: level: 7 :::: size: 121 / 128 :::: Compiler calls: 7720, compilation errors: 7386, runtime errors: 25, failed runs: 295, ok runs: 0
:::: FAILED :::: level: 7 :::: size: 121 / 128 :::: Compiler calls: 7722, compilation errors: 7389, runtime errors: 25, failed runs: 296, ok runs: 0
:::: FAILED :::: level: 7 :::: size: 121 / 128 :::: Compiler calls: 7731, compilation errors: 7398, runtime errors: 25, failed runs: 297, ok runs: 0
:::: FAILED :::: level: 7 :::: size: 121 / 128 :::: Compiler calls: 7755, compilation errors: 7420, runtime errors: 25, failed runs: 298, ok runs: 0
:::: FAILED :::: level: 7 :::: size: 120 / 128 :::: Compiler calls: 7817, compilation errors: 7479, runtime errors: 25, failed runs: 299, ok runs: 0
:::: FAILED :::: level: 7 :::: size: 120 / 128 :::: Compiler calls: 7828, compilation errors: 7488, runtime errors: 25, failed runs: 300, ok runs: 0
:::: FAILED :::: level: 7 :::: size: 120 / 128 :::: Compiler calls: 7830, compilation errors: 7489, runtime errors: 25, failed runs: 301, ok runs: 0
:::: FAILED :::: level: 7 :::: size: 120 / 128 :::: Compiler calls: 7831, compilation errors: 7489, runtime errors: 25, failed runs: 302, ok runs: 0
:::: FAILED :::: level: 7 :::: size: 120 / 128 :::: Compiler calls: 7839, compilation errors: 7496, runtime errors: 25, failed runs: 303, ok runs: 0
:::: FAILED :::: level: 7 :::: size: 120 / 128 :::: Compiler calls: 7842, compilation errors: 7500, runtime errors: 25, failed runs: 304, ok runs: 0
:::: FAILED :::: level: 7 :::: size: 120 / 128 :::: Compiler calls: 7844, compilation errors: 7501, runtime errors: 25, failed runs: 305, ok runs: 0
:::: FAILED :::: level: 7 :::: size: 120 / 128 :::: Compiler calls: 7849, compilation errors: 7505, runtime errors: 25, failed runs: 306, ok runs: 0
:::: FAILED :::: level: 7 :::: size: 119 / 128 :::: Compiler calls: 7925, compilation errors: 7579, runtime errors: 25, failed runs: 307, ok runs: 0
:::: FAILED :::: level: 7 :::: size: 119 / 128 :::: Compiler calls: 7938, compilation errors: 7591, runtime errors: 25, failed runs: 308, ok runs: 0
:::: FAILED :::: level: 7 :::: size: 119 / 128 :::: Compiler calls: 7942, compilation errors: 7593, runtime errors: 25, failed runs: 309, ok runs: 0
:::: FAILED :::: level: 7 :::: size: 119 / 128 :::: Compiler calls: 7948, compilation errors: 7598, runtime errors: 25, failed runs: 310, ok runs: 0
:::: FAILED :::: level: 7 :::: size: 119 / 128 :::: Compiler calls: 7949, compilation errors: 7599, runtime errors: 25, failed runs: 311, ok runs: 0
:::: FAILED :::: level: 7 :::: size: 119 / 128 :::: Compiler calls: 7954, compilation errors: 7604, runtime errors: 25, failed runs: 312, ok runs: 0
:::: FAILED :::: level: 7 :::: size: 119 / 128 :::: Compiler calls: 7993, compilation errors: 7642, runtime errors: 25, failed runs: 313, ok runs: 0
:::: FAILED :::: level: 7 :::: size: 118 / 128 :::: Compiler calls: 8043, compilation errors: 7690, runtime errors: 25, failed runs: 314, ok runs: 0
:::: FAILED :::: level: 7 :::: size: 118 / 128 :::: Compiler calls: 8056, compilation errors: 7701, runtime errors: 25, failed runs: 315, ok runs: 0
:::: FAILED :::: level: 7 :::: size: 118 / 128 :::: Compiler calls: 8057, compilation errors: 7701, runtime errors: 25, failed runs: 316, ok runs: 0
:::: FAILED :::: level: 7 :::: size: 118 / 128 :::: Compiler calls: 8061, compilation errors: 7705, runtime errors: 25, failed runs: 317, ok runs: 0
:::: FAILED :::: level: 7 :::: size: 118 / 128 :::: Compiler calls: 8063, compilation errors: 7706, runtime errors: 25, failed runs: 318, ok runs: 0
:::: FAILED :::: level: 7 :::: size: 118 / 128 :::: Compiler calls: 8076, compilation errors: 7719, runtime errors: 25, failed runs: 319, ok runs: 0
:::: FAILED :::: level: 7 :::: size: 118 / 128 :::: Compiler calls: 8093, compilation errors: 7736, runtime errors: 25, failed runs: 320, ok runs: 0
:::: FAILED :::: level: 7 :::: size: 118 / 128 :::: Compiler calls: 8102, compilation errors: 7746, runtime errors: 25, failed runs: 321, ok runs: 0
:::: FAILED :::: level: 7 :::: size: 117 / 128 :::: Compiler calls: 8161, compilation errors: 7801, runtime errors: 25, failed runs: 322, ok runs: 0
:::: FAILED :::: level: 7 :::: size: 117 / 128 :::: Compiler calls: 8171, compilation errors: 7808, runtime errors: 25, failed runs: 323, ok runs: 0
:::: FAILED :::: level: 7 :::: size: 117 / 128 :::: Compiler calls: 8181, compilation errors: 7817, runtime errors: 25, failed runs: 324, ok runs: 0
:::: FAILED :::: level: 7 :::: size: 117 / 128 :::: Compiler calls: 8182, compilation errors: 7818, runtime errors: 25, failed runs: 325, ok runs: 0
:::: FAILED :::: level: 7 :::: size: 117 / 128 :::: Compiler calls: 8186, compilation errors: 7823, runtime errors: 25, failed runs: 326, ok runs: 0
:::: FAILED :::: level: 7 :::: size: 117 / 128 :::: Compiler calls: 8186, compilation errors: 7824, runtime errors: 25, failed runs: 327, ok runs: 0
:::: FAILED :::: level: 7 :::: size: 117 / 128 :::: Compiler calls: 8206, compilation errors: 7842, runtime errors: 25, failed runs: 328, ok runs: 0
:::: FAILED :::: level: 7 :::: size: 116 / 128 :::: Compiler calls: 8278, compilation errors: 7913, runtime errors: 25, failed runs: 329, ok runs: 0
:::: FAILED :::: level: 7 :::: size: 116 / 128 :::: Compiler calls: 8298, compilation errors: 7929, runtime errors: 25, failed runs: 330, ok runs: 0
:::: FAILED :::: level: 7 :::: size: 116 / 128 :::: Compiler calls: 8300, compilation errors: 7931, runtime errors: 25, failed runs: 331, ok runs: 0
:::: FAILED :::: level: 7 :::: size: 116 / 128 :::: Compiler calls: 8302, compilation errors: 7934, runtime errors: 25, failed runs: 332, ok runs: 0
:::: FAILED :::: level: 7 :::: size: 116 / 128 :::: Compiler calls: 8312, compilation errors: 7941, runtime errors: 25, failed runs: 333, ok runs: 0
:::: FAILED :::: level: 7 :::: size: 116 / 128 :::: Compiler calls: 8314, compilation errors: 7943, runtime errors: 25, failed runs: 334, ok runs: 0
:::: FAILED :::: level: 7 :::: size: 115 / 128 :::: Compiler calls: 8394, compilation errors: 8022, runtime errors: 25, failed runs: 335, ok runs: 0
:::: FAILED :::: level: 7 :::: size: 115 / 128 :::: Compiler calls: 8415, compilation errors: 8040, runtime errors: 25, failed runs: 336, ok runs: 0
:::: FAILED :::: level: 7 :::: size: 115 / 128 :::: Compiler calls: 8418, compilation errors: 8043, runtime errors: 25, failed runs: 337, ok runs: 0
:::: FAILED :::: level: 7 :::: size: 115 / 128 :::: Compiler calls: 8429, compilation errors: 8053, runtime errors: 25, failed runs: 338, ok runs: 0
:::: FAILED :::: level: 7 :::: size: 115 / 128 :::: Compiler calls: 8429, compilation errors: 8053, runtime errors: 25, failed runs: 339, ok runs: 0
:::: FAILED :::: level: 7 :::: size: 114 / 128 :::: Compiler calls: 8509, compilation errors: 8139, runtime errors: 25, failed runs: 340, ok runs: 0
:::: FAILED :::: level: 7 :::: size: 114 / 128 :::: Compiler calls: 8509, compilation errors: 8139, runtime errors: 25, failed runs: 341, ok runs: 0
:::: FAILED :::: level: 7 :::: size: 114 / 128 :::: Compiler calls: 8534, compilation errors: 8156, runtime errors: 25, failed runs: 342, ok runs: 0
:::: FAILED :::: level: 7 :::: size: 114 / 128 :::: Compiler calls: 8534, compilation errors: 8156, runtime errors: 25, failed runs: 343, ok runs: 0
:::: FAILED :::: level: 7 :::: size: 113 / 128 :::: Compiler calls: 8623, compilation errors: 8251, runtime errors: 25, failed runs: 344, ok runs: 0
:::: FAILED :::: level: 7 :::: size: 113 / 128 :::: Compiler calls: 8648, compilation errors: 8268, runtime errors: 25, failed runs: 345, ok runs: 0
:::: FAILED :::: level: 7 :::: size: 113 / 128 :::: Compiler calls: 8657, compilation errors: 8274, runtime errors: 25, failed runs: 346, ok runs: 0
:::: FAILED :::: level: 7 :::: size: 112 / 128 :::: Compiler calls: 8736, compilation errors: 8363, runtime errors: 25, failed runs: 347, ok runs: 0
:::: FAILED :::: level: 7 :::: size: 112 / 128 :::: Compiler calls: 8736, compilation errors: 8363, runtime errors: 25, failed runs: 348, ok runs: 0
:::: FAILED :::: level: 7 :::: size: 111 / 128 :::: Compiler calls: 8848, compilation errors: 8474, runtime errors: 25, failed runs: 349, ok runs: 0
Level 7 took 13579ms
11111111111111111111111111111011111111111111111111111111111111110111100110111111110001111100111001111101110111111101111111101101
Fixed 111 active nodes and 0 free nodes guaranteed by them.
Discarded 17 active fragments. 132 fragments, including dependent nodes
############## After level 7 there are 3895 / 5112 fragments left :::: Compiler calls: 8959, compilation errors: 8585, runtime errors: 25, failed runs: 349, ok runs: 0
############## EXECUTING LVL 8 with 128 active fragments ##############
:::: FAILED :::: level: 8 :::: size: 126 / 128 :::: Compiler calls: 9085, compilation errors: 8708, runtime errors: 25, failed runs: 350, ok runs: 0
:::: FAILED :::: level: 8 :::: size: 125 / 128 :::: Compiler calls: 9195, compilation errors: 8805, runtime errors: 25, failed runs: 351, ok runs: 0
:::: FAILED :::: level: 8 :::: size: 125 / 128 :::: Compiler calls: 9204, compilation errors: 8814, runtime errors: 25, failed runs: 352, ok runs: 0
:::: FAILED :::: level: 8 :::: size: 125 / 128 :::: Compiler calls: 9211, compilation errors: 8820, runtime errors: 25, failed runs: 353, ok runs: 0
:::: FAILED :::: level: 8 :::: size: 125 / 128 :::: Compiler calls: 9213, compilation errors: 8821, runtime errors: 25, failed runs: 354, ok runs: 0
:::: FAILED :::: level: 8 :::: size: 125 / 128 :::: Compiler calls: 9216, compilation errors: 8823, runtime errors: 25, failed runs: 355, ok runs: 0
:::: FAILED :::: level: 8 :::: size: 125 / 128 :::: Compiler calls: 9217, compilation errors: 8823, runtime errors: 25, failed runs: 356, ok runs: 0
:::: FAILED :::: level: 8 :::: size: 125 / 128 :::: Compiler calls: 9221, compilation errors: 8825, runtime errors: 25, failed runs: 357, ok runs: 0
:::: FAILED :::: level: 8 :::: size: 125 / 128 :::: Compiler calls: 9238, compilation errors: 8841, runtime errors: 25, failed runs: 358, ok runs: 0
:::: FAILED :::: level: 8 :::: size: 124 / 128 :::: Compiler calls: 9243, compilation errors: 8847, runtime errors: 25, failed runs: 359, ok runs: 0
:::: FAILED :::: level: 8 :::: size: 124 / 128 :::: Compiler calls: 9250, compilation errors: 8852, runtime errors: 25, failed runs: 360, ok runs: 0
:::: FAILED :::: level: 8 :::: size: 124 / 128 :::: Compiler calls: 9259, compilation errors: 8858, runtime errors: 25, failed runs: 361, ok runs: 0
:::: FAILED :::: level: 8 :::: size: 124 / 128 :::: Compiler calls: 9264, compilation errors: 8863, runtime errors: 25, failed runs: 362, ok runs: 0
:::: FAILED :::: level: 8 :::: size: 124 / 128 :::: Compiler calls: 9267, compilation errors: 8865, runtime errors: 25, failed runs: 363, ok runs: 0
:::: FAILED :::: level: 8 :::: size: 124 / 128 :::: Compiler calls: 9269, compilation errors: 8866, runtime errors: 25, failed runs: 364, ok runs: 0
:::: FAILED :::: level: 8 :::: size: 124 / 128 :::: Compiler calls: 9285, compilation errors: 8881, runtime errors: 25, failed runs: 365, ok runs: 0
:::: FAILED :::: level: 8 :::: size: 123 / 128 :::: Compiler calls: 9287, compilation errors: 8883, runtime errors: 25, failed runs: 366, ok runs: 0
:::: FAILED :::: level: 8 :::: size: 123 / 128 :::: Compiler calls: 9305, compilation errors: 8901, runtime errors: 25, failed runs: 367, ok runs: 0
:::: FAILED :::: level: 8 :::: size: 123 / 128 :::: Compiler calls: 9313, compilation errors: 8905, runtime errors: 25, failed runs: 368, ok runs: 0
:::: FAILED :::: level: 8 :::: size: 123 / 128 :::: Compiler calls: 9315, compilation errors: 8908, runtime errors: 25, failed runs: 369, ok runs: 0
:::: FAILED :::: level: 8 :::: size: 123 / 128 :::: Compiler calls: 9317, compilation errors: 8909, runtime errors: 25, failed runs: 370, ok runs: 0
:::: FAILED :::: level: 8 :::: size: 123 / 128 :::: Compiler calls: 9325, compilation errors: 8915, runtime errors: 25, failed runs: 371, ok runs: 0
:::: FAILED :::: level: 8 :::: size: 122 / 128 :::: Compiler calls: 9341, compilation errors: 8930, runtime errors: 25, failed runs: 372, ok runs: 0
:::: FAILED :::: level: 8 :::: size: 122 / 128 :::: Compiler calls: 9365, compilation errors: 8952, runtime errors: 25, failed runs: 373, ok runs: 0
:::: FAILED :::: level: 8 :::: size: 122 / 128 :::: Compiler calls: 9365, compilation errors: 8953, runtime errors: 25, failed runs: 374, ok runs: 0
:::: FAILED :::: level: 8 :::: size: 122 / 128 :::: Compiler calls: 9379, compilation errors: 8966, runtime errors: 25, failed runs: 375, ok runs: 0
:::: FAILED :::: level: 8 :::: size: 122 / 128 :::: Compiler calls: 9383, compilation errors: 8969, runtime errors: 25, failed runs: 376, ok runs: 0
:::: FAILED :::: level: 8 :::: size: 122 / 128 :::: Compiler calls: 9407, compilation errors: 8992, runtime errors: 25, failed runs: 377, ok runs: 0
:::: FAILED :::: level: 8 :::: size: 121 / 128 :::: Compiler calls: 9419, compilation errors: 9002, runtime errors: 25, failed runs: 378, ok runs: 0
:::: FAILED :::: level: 8 :::: size: 121 / 128 :::: Compiler calls: 9442, compilation errors: 9025, runtime errors: 25, failed runs: 379, ok runs: 0
:::: FAILED :::: level: 8 :::: size: 121 / 128 :::: Compiler calls: 9455, compilation errors: 9035, runtime errors: 25, failed runs: 380, ok runs: 0
:::: FAILED :::: level: 8 :::: size: 121 / 128 :::: Compiler calls: 9455, compilation errors: 9036, runtime errors: 25, failed runs: 381, ok runs: 0
:::: FAILED :::: level: 8 :::: size: 121 / 128 :::: Compiler calls: 9459, compilation errors: 9037, runtime errors: 25, failed runs: 382, ok runs: 0
:::: FAILED :::: level: 8 :::: size: 121 / 128 :::: Compiler calls: 9461, compilation errors: 9038, runtime errors: 25, failed runs: 383, ok runs: 0
:::: FAILED :::: level: 8 :::: size: 121 / 128 :::: Compiler calls: 9461, compilation errors: 9039, runtime errors: 25, failed runs: 384, ok runs: 0
:::: FAILED :::: level: 8 :::: size: 120 / 128 :::: Compiler calls: 9514, compilation errors: 9090, runtime errors: 25, failed runs: 385, ok runs: 0
:::: FAILED :::: level: 8 :::: size: 120 / 128 :::: Compiler calls: 9520, compilation errors: 9095, runtime errors: 25, failed runs: 386, ok runs: 0
:::: FAILED :::: level: 8 :::: size: 120 / 128 :::: Compiler calls: 9527, compilation errors: 9103, runtime errors: 25, failed runs: 387, ok runs: 0
:::: FAILED :::: level: 8 :::: size: 120 / 128 :::: Compiler calls: 9536, compilation errors: 9108, runtime errors: 25, failed runs: 388, ok runs: 0
:::: FAILED :::: level: 8 :::: size: 120 / 128 :::: Compiler calls: 9547, compilation errors: 9119, runtime errors: 25, failed runs: 389, ok runs: 0
:::: FAILED :::: level: 8 :::: size: 120 / 128 :::: Compiler calls: 9551, compilation errors: 9121, runtime errors: 25, failed runs: 390, ok runs: 0
:::: FAILED :::: level: 8 :::: size: 120 / 128 :::: Compiler calls: 9556, compilation errors: 9126, runtime errors: 25, failed runs: 391, ok runs: 0
:::: FAILED :::: level: 8 :::: size: 120 / 128 :::: Compiler calls: 9565, compilation errors: 9134, runtime errors: 25, failed runs: 392, ok runs: 0
:::: FAILED :::: level: 8 :::: size: 120 / 128 :::: Compiler calls: 9565, compilation errors: 9134, runtime errors: 25, failed runs: 393, ok runs: 0
:::: FAILED :::: level: 8 :::: size: 119 / 128 :::: Compiler calls: 9609, compilation errors: 9177, runtime errors: 25, failed runs: 394, ok runs: 0
:::: FAILED :::: level: 8 :::: size: 119 / 128 :::: Compiler calls: 9632, compilation errors: 9197, runtime errors: 25, failed runs: 395, ok runs: 0
:::: FAILED :::: level: 8 :::: size: 119 / 128 :::: Compiler calls: 9636, compilation errors: 9201, runtime errors: 25, failed runs: 396, ok runs: 0
:::: FAILED :::: level: 8 :::: size: 119 / 128 :::: Compiler calls: 9638, compilation errors: 9203, runtime errors: 25, failed runs: 397, ok runs: 0
:::: FAILED :::: level: 8 :::: size: 119 / 128 :::: Compiler calls: 9639, compilation errors: 9203, runtime errors: 25, failed runs: 398, ok runs: 0
:::: FAILED :::: level: 8 :::: size: 119 / 128 :::: Compiler calls: 9654, compilation errors: 9216, runtime errors: 25, failed runs: 399, ok runs: 0
:::: FAILED :::: level: 8 :::: size: 119 / 128 :::: Compiler calls: 9674, compilation errors: 9235, runtime errors: 25, failed runs: 400, ok runs: 0
:::: FAILED :::: level: 8 :::: size: 119 / 128 :::: Compiler calls: 9677, compilation errors: 9240, runtime errors: 25, failed runs: 401, ok runs: 0
:::: FAILED :::: level: 8 :::: size: 118 / 128 :::: Compiler calls: 9718, compilation errors: 9277, runtime errors: 25, failed runs: 402, ok runs: 0
:::: FAILED :::: level: 8 :::: size: 118 / 128 :::: Compiler calls: 9718, compilation errors: 9278, runtime errors: 25, failed runs: 403, ok runs: 0
:::: FAILED :::: level: 8 :::: size: 118 / 128 :::: Compiler calls: 9722, compilation errors: 9280, runtime errors: 25, failed runs: 404, ok runs: 0
:::: FAILED :::: level: 8 :::: size: 118 / 128 :::: Compiler calls: 9731, compilation errors: 9288, runtime errors: 25, failed runs: 405, ok runs: 0
:::: FAILED :::: level: 8 :::: size: 118 / 128 :::: Compiler calls: 9757, compilation errors: 9313, runtime errors: 25, failed runs: 406, ok runs: 0
:::: FAILED :::: level: 8 :::: size: 118 / 128 :::: Compiler calls: 9757, compilation errors: 9313, runtime errors: 25, failed runs: 407, ok runs: 0
:::: FAILED :::: level: 8 :::: size: 118 / 128 :::: Compiler calls: 9762, compilation errors: 9314, runtime errors: 25, failed runs: 408, ok runs: 0
:::: FAILED :::: level: 8 :::: size: 118 / 128 :::: Compiler calls: 9762, compilation errors: 9317, runtime errors: 25, failed runs: 409, ok runs: 0
:::: FAILED :::: level: 8 :::: size: 118 / 128 :::: Compiler calls: 9777, compilation errors: 9329, runtime errors: 25, failed runs: 410, ok runs: 0
:::: FAILED :::: level: 8 :::: size: 117 / 128 :::: Compiler calls: 9822, compilation errors: 9371, runtime errors: 25, failed runs: 411, ok runs: 0
:::: FAILED :::: level: 8 :::: size: 117 / 128 :::: Compiler calls: 9829, compilation errors: 9379, runtime errors: 25, failed runs: 412, ok runs: 0
:::: FAILED :::: level: 8 :::: size: 117 / 128 :::: Compiler calls: 9841, compilation errors: 9389, runtime errors: 25, failed runs: 413, ok runs: 0
:::: FAILED :::: level: 8 :::: size: 117 / 128 :::: Compiler calls: 9845, compilation errors: 9393, runtime errors: 25, failed runs: 414, ok runs: 0
:::: FAILED :::: level: 8 :::: size: 117 / 128 :::: Compiler calls: 9857, compilation errors: 9404, runtime errors: 25, failed runs: 415, ok runs: 0
:::: FAILED :::: level: 8 :::: size: 117 / 128 :::: Compiler calls: 9862, compilation errors: 9408, runtime errors: 25, failed runs: 416, ok runs: 0
:::: FAILED :::: level: 8 :::: size: 117 / 128 :::: Compiler calls: 9870, compilation errors: 9413, runtime errors: 25, failed runs: 417, ok runs: 0
:::: FAILED :::: level: 8 :::: size: 117 / 128 :::: Compiler calls: 9884, compilation errors: 9429, runtime errors: 25, failed runs: 418, ok runs: 0
:::: FAILED :::: level: 8 :::: size: 116 / 128 :::: Compiler calls: 9935, compilation errors: 9476, runtime errors: 25, failed runs: 419, ok runs: 0
:::: FAILED :::: level: 8 :::: size: 116 / 128 :::: Compiler calls: 9935, compilation errors: 9476, runtime errors: 25, failed runs: 420, ok runs: 0
:::: FAILED :::: level: 8 :::: size: 116 / 128 :::: Compiler calls: 9956, compilation errors: 9495, runtime errors: 25, failed runs: 421, ok runs: 0
:::: FAILED :::: level: 8 :::: size: 116 / 128 :::: Compiler calls: 9956, compilation errors: 9495, runtime errors: 25, failed runs: 422, ok runs: 0
:::: FAILED :::: level: 8 :::: size: 116 / 128 :::: Compiler calls: 9963, compilation errors: 9501, runtime errors: 25, failed runs: 423, ok runs: 0
:::: FAILED :::: level: 8 :::: size: 116 / 128 :::: Compiler calls: 9967, compilation errors: 9505, runtime errors: 25, failed runs: 424, ok runs: 0
:::: FAILED :::: level: 8 :::: size: 116 / 128 :::: Compiler calls: 9979, compilation errors: 9515, runtime errors: 25, failed runs: 425, ok runs: 0
:::: FAILED :::: level: 8 :::: size: 116 / 128 :::: Compiler calls: 9979, compilation errors: 9515, runtime errors: 25, failed runs: 426, ok runs: 0
:::: FAILED :::: level: 8 :::: size: 115 / 128 :::: Compiler calls: 10047, compilation errors: 9581, runtime errors: 25, failed runs: 427, ok runs: 0
:::: FAILED :::: level: 8 :::: size: 115 / 128 :::: Compiler calls: 10069, compilation errors: 9601, runtime errors: 25, failed runs: 428, ok runs: 0
:::: FAILED :::: level: 8 :::: size: 115 / 128 :::: Compiler calls: 10073, compilation errors: 9605, runtime errors: 25, failed runs: 429, ok runs: 0
:::: FAILED :::: level: 8 :::: size: 115 / 128 :::: Compiler calls: 10075, compilation errors: 9608, runtime errors: 25, failed runs: 430, ok runs: 0
:::: FAILED :::: level: 8 :::: size: 115 / 128 :::: Compiler calls: 10075, compilation errors: 9608, runtime errors: 25, failed runs: 431, ok runs: 0
:::: FAILED :::: level: 8 :::: size: 115 / 128 :::: Compiler calls: 10092, compilation errors: 9620, runtime errors: 25, failed runs: 432, ok runs: 0
:::: FAILED :::: level: 8 :::: size: 115 / 128 :::: Compiler calls: 10104, compilation errors: 9635, runtime errors: 25, failed runs: 433, ok runs: 0
:::: FAILED :::: level: 8 :::: size: 114 / 128 :::: Compiler calls: 10163, compilation errors: 9694, runtime errors: 25, failed runs: 434, ok runs: 0
:::: FAILED :::: level: 8 :::: size: 114 / 128 :::: Compiler calls: 10166, compilation errors: 9694, runtime errors: 25, failed runs: 435, ok runs: 0
:::: FAILED :::: level: 8 :::: size: 114 / 128 :::: Compiler calls: 10172, compilation errors: 9701, runtime errors: 25, failed runs: 436, ok runs: 0
:::: FAILED :::: level: 8 :::: size: 114 / 128 :::: Compiler calls: 10176, compilation errors: 9703, runtime errors: 25, failed runs: 437, ok runs: 0
:::: FAILED :::: level: 8 :::: size: 114 / 128 :::: Compiler calls: 10194, compilation errors: 9718, runtime errors: 25, failed runs: 438, ok runs: 0
:::: FAILED :::: level: 8 :::: size: 114 / 128 :::: Compiler calls: 10207, compilation errors: 9730, runtime errors: 25, failed runs: 439, ok runs: 0
:::: FAILED :::: level: 8 :::: size: 113 / 128 :::: Compiler calls: 10277, compilation errors: 9802, runtime errors: 25, failed runs: 440, ok runs: 0
:::: FAILED :::: level: 8 :::: size: 113 / 128 :::: Compiler calls: 10304, compilation errors: 9824, runtime errors: 25, failed runs: 441, ok runs: 0
:::: FAILED :::: level: 8 :::: size: 113 / 128 :::: Compiler calls: 10306, compilation errors: 9826, runtime errors: 25, failed runs: 442, ok runs: 0
:::: FAILED :::: level: 8 :::: size: 113 / 128 :::: Compiler calls: 10310, compilation errors: 9828, runtime errors: 25, failed runs: 443, ok runs: 0
:::: FAILED :::: level: 8 :::: size: 113 / 128 :::: Compiler calls: 10330, compilation errors: 9851, runtime errors: 25, failed runs: 444, ok runs: 0
:::: FAILED :::: level: 8 :::: size: 112 / 128 :::: Compiler calls: 10390, compilation errors: 9912, runtime errors: 25, failed runs: 445, ok runs: 0
:::: FAILED :::: level: 8 :::: size: 112 / 128 :::: Compiler calls: 10421, compilation errors: 9938, runtime errors: 25, failed runs: 446, ok runs: 0
:::: FAILED :::: level: 8 :::: size: 112 / 128 :::: Compiler calls: 10428, compilation errors: 9946, runtime errors: 25, failed runs: 447, ok runs: 0
:::: FAILED :::: level: 8 :::: size: 112 / 128 :::: Compiler calls: 10444, compilation errors: 9959, runtime errors: 25, failed runs: 448, ok runs: 0
:::: FAILED :::: level: 8 :::: size: 111 / 128 :::: Compiler calls: 10502, compilation errors: 10020, runtime errors: 25, failed runs: 449, ok runs: 0
:::: FAILED :::: level: 8 :::: size: 111 / 128 :::: Compiler calls: 10520, compilation errors: 10035, runtime errors: 25, failed runs: 450, ok runs: 0
:::: FAILED :::: level: 8 :::: size: 111 / 128 :::: Compiler calls: 10559, compilation errors: 10072, runtime errors: 25, failed runs: 451, ok runs: 0
:::: FAILED :::: level: 8 :::: size: 110 / 128 :::: Compiler calls: 10613, compilation errors: 10133, runtime errors: 25, failed runs: 452, ok runs: 0
:::: FAILED :::: level: 8 :::: size: 110 / 128 :::: Compiler calls: 10647, compilation errors: 10158, runtime errors: 25, failed runs: 453, ok runs: 0
:::: FAILED :::: level: 8 :::: size: 109 / 128 :::: Compiler calls: 10723, compilation errors: 10243, runtime errors: 25, failed runs: 454, ok runs: 0
Level 8 took 13367ms
11111111110100100110111101111110111111110111111111111111011111101110110111111111111111111111111101101011111101101111111110111111
Fixed 109 active nodes and 0 free nodes guaranteed by them.
Discarded 19 active fragments. 175 fragments, including dependent nodes
############## After level 8 there are 3720 / 5112 fragments left :::: Compiler calls: 10832, compilation errors: 10353, runtime errors: 25, failed runs: 454, ok runs: 0
############## EXECUTING LVL 9 with 70 active fragments ##############
:::: FAILED :::: level: 9 :::: size: 68 / 70 :::: Compiler calls: 10894, compilation errors: 10410, runtime errors: 25, failed runs: 455, ok runs: 0
:::: FAILED :::: level: 9 :::: size: 68 / 70 :::: Compiler calls: 10894, compilation errors: 10411, runtime errors: 25, failed runs: 456, ok runs: 0
:::: FAILED :::: level: 9 :::: size: 66 / 70 :::: Compiler calls: 10925, compilation errors: 10443, runtime errors: 25, failed runs: 457, ok runs: 0
:::: FAILED :::: level: 9 :::: size: 65 / 70 :::: Compiler calls: 11003, compilation errors: 10506, runtime errors: 25, failed runs: 458, ok runs: 0
:::: FAILED :::: level: 9 :::: size: 65 / 70 :::: Compiler calls: 11009, compilation errors: 10510, runtime errors: 25, failed runs: 459, ok runs: 0
:::: FAILED :::: level: 9 :::: size: 65 / 70 :::: Compiler calls: 11012, compilation errors: 10513, runtime errors: 25, failed runs: 460, ok runs: 0
:::: FAILED :::: level: 9 :::: size: 65 / 70 :::: Compiler calls: 11017, compilation errors: 10516, runtime errors: 25, failed runs: 461, ok runs: 0
:::: FAILED :::: level: 9 :::: size: 65 / 70 :::: Compiler calls: 11019, compilation errors: 10517, runtime errors: 25, failed runs: 462, ok runs: 0
:::: FAILED :::: level: 9 :::: size: 65 / 70 :::: Compiler calls: 11029, compilation errors: 10527, runtime errors: 25, failed runs: 463, ok runs: 0
:::: FAILED :::: level: 9 :::: size: 65 / 70 :::: Compiler calls: 11029, compilation errors: 10527, runtime errors: 25, failed runs: 464, ok runs: 0
:::: FAILED :::: level: 9 :::: size: 65 / 70 :::: Compiler calls: 11034, compilation errors: 10531, runtime errors: 25, failed runs: 465, ok runs: 0
:::: FAILED :::: level: 9 :::: size: 65 / 70 :::: Compiler calls: 11035, compilation errors: 10531, runtime errors: 25, failed runs: 466, ok runs: 0
:::: FAILED :::: level: 9 :::: size: 65 / 70 :::: Compiler calls: 11037, compilation errors: 10532, runtime errors: 25, failed runs: 467, ok runs: 0
:::: FAILED :::: level: 9 :::: size: 65 / 70 :::: Compiler calls: 11041, compilation errors: 10534, runtime errors: 25, failed runs: 468, ok runs: 0
:::: FAILED :::: level: 9 :::: size: 65 / 70 :::: Compiler calls: 11041, compilation errors: 10534, runtime errors: 25, failed runs: 469, ok runs: 0
:::: FAILED :::: level: 9 :::: size: 65 / 70 :::: Compiler calls: 11041, compilation errors: 10535, runtime errors: 25, failed runs: 470, ok runs: 0
:::: FAILED :::: level: 9 :::: size: 64 / 70 :::: Compiler calls: 11050, compilation errors: 10539, runtime errors: 25, failed runs: 471, ok runs: 0
:::: FAILED :::: level: 9 :::: size: 64 / 70 :::: Compiler calls: 11054, compilation errors: 10545, runtime errors: 25, failed runs: 472, ok runs: 0
:::: FAILED :::: level: 9 :::: size: 64 / 70 :::: Compiler calls: 11063, compilation errors: 10554, runtime errors: 25, failed runs: 473, ok runs: 0
:::: FAILED :::: level: 9 :::: size: 64 / 70 :::: Compiler calls: 11063, compilation errors: 10554, runtime errors: 25, failed runs: 474, ok runs: 0
:::: FAILED :::: level: 9 :::: size: 64 / 70 :::: Compiler calls: 11074, compilation errors: 10562, runtime errors: 25, failed runs: 475, ok runs: 0
:::: FAILED :::: level: 9 :::: size: 64 / 70 :::: Compiler calls: 11084, compilation errors: 10568, runtime errors: 25, failed runs: 476, ok runs: 0
:::: FAILED :::: level: 9 :::: size: 64 / 70 :::: Compiler calls: 11084, compilation errors: 10568, runtime errors: 25, failed runs: 477, ok runs: 0
:::: FAILED :::: level: 9 :::: size: 64 / 70 :::: Compiler calls: 11088, compilation errors: 10570, runtime errors: 25, failed runs: 478, ok runs: 0
:::: FAILED :::: level: 9 :::: size: 64 / 70 :::: Compiler calls: 11089, compilation errors: 10571, runtime errors: 25, failed runs: 479, ok runs: 0
:::: FAILED :::: level: 9 :::: size: 64 / 70 :::: Compiler calls: 11092, compilation errors: 10573, runtime errors: 25, failed runs: 480, ok runs: 0
:::: FAILED :::: level: 9 :::: size: 64 / 70 :::: Compiler calls: 11095, compilation errors: 10575, runtime errors: 25, failed runs: 481, ok runs: 0
:::: FAILED :::: level: 9 :::: size: 63 / 70 :::: Compiler calls: 11097, compilation errors: 10576, runtime errors: 25, failed runs: 482, ok runs: 0
:::: FAILED :::: level: 9 :::: size: 63 / 70 :::: Compiler calls: 11103, compilation errors: 10581, runtime errors: 25, failed runs: 483, ok runs: 0
:::: FAILED :::: level: 9 :::: size: 63 / 70 :::: Compiler calls: 11104, compilation errors: 10582, runtime errors: 25, failed runs: 484, ok runs: 0
:::: FAILED :::: level: 9 :::: size: 63 / 70 :::: Compiler calls: 11107, compilation errors: 10586, runtime errors: 25, failed runs: 485, ok runs: 0
:::: FAILED :::: level: 9 :::: size: 63 / 70 :::: Compiler calls: 11127, compilation errors: 10602, runtime errors: 25, failed runs: 486, ok runs: 0
:::: FAILED :::: level: 9 :::: size: 63 / 70 :::: Compiler calls: 11127, compilation errors: 10602, runtime errors: 25, failed runs: 487, ok runs: 0
:::: FAILED :::: level: 9 :::: size: 63 / 70 :::: Compiler calls: 11131, compilation errors: 10604, runtime errors: 25, failed runs: 488, ok runs: 0
:::: FAILED :::: level: 9 :::: size: 63 / 70 :::: Compiler calls: 11132, compilation errors: 10605, runtime errors: 25, failed runs: 489, ok runs: 0
:::: FAILED :::: level: 9 :::: size: 63 / 70 :::: Compiler calls: 11132, compilation errors: 10605, runtime errors: 25, failed runs: 490, ok runs: 0
:::: FAILED :::: level: 9 :::: size: 63 / 70 :::: Compiler calls: 11140, compilation errors: 10610, runtime errors: 25, failed runs: 491, ok runs: 0
:::: FAILED :::: level: 9 :::: size: 63 / 70 :::: Compiler calls: 11142, compilation errors: 10611, runtime errors: 25, failed runs: 492, ok runs: 0
:::: FAILED :::: level: 9 :::: size: 62 / 70 :::: Compiler calls: 11149, compilation errors: 10617, runtime errors: 25, failed runs: 493, ok runs: 0
:::: FAILED :::: level: 9 :::: size: 62 / 70 :::: Compiler calls: 11155, compilation errors: 10621, runtime errors: 25, failed runs: 494, ok runs: 0
:::: FAILED :::: level: 9 :::: size: 62 / 70 :::: Compiler calls: 11171, compilation errors: 10639, runtime errors: 25, failed runs: 495, ok runs: 0
:::: FAILED :::: level: 9 :::: size: 62 / 70 :::: Compiler calls: 11171, compilation errors: 10639, runtime errors: 25, failed runs: 496, ok runs: 0
:::: FAILED :::: level: 9 :::: size: 62 / 70 :::: Compiler calls: 11179, compilation errors: 10643, runtime errors: 25, failed runs: 497, ok runs: 0
:::: FAILED :::: level: 9 :::: size: 62 / 70 :::: Compiler calls: 11183, compilation errors: 10646, runtime errors: 25, failed runs: 498, ok runs: 0
:::: FAILED :::: level: 9 :::: size: 62 / 70 :::: Compiler calls: 11185, compilation errors: 10646, runtime errors: 25, failed runs: 499, ok runs: 0
:::: FAILED :::: level: 9 :::: size: 62 / 70 :::: Compiler calls: 11185, compilation errors: 10646, runtime errors: 25, failed runs: 500, ok runs: 0
:::: FAILED :::: level: 9 :::: size: 62 / 70 :::: Compiler calls: 11189, compilation errors: 10649, runtime errors: 25, failed runs: 501, ok runs: 0
:::: FAILED :::: level: 9 :::: size: 62 / 70 :::: Compiler calls: 11191, compilation errors: 10650, runtime errors: 25, failed runs: 502, ok runs: 0
:::: FAILED :::: level: 9 :::: size: 62 / 70 :::: Compiler calls: 11191, compilation errors: 10650, runtime errors: 25, failed runs: 503, ok runs: 0
:::: FAILED :::: level: 9 :::: size: 62 / 70 :::: Compiler calls: 11194, compilation errors: 10651, runtime errors: 25, failed runs: 504, ok runs: 0
:::: FAILED :::: level: 9 :::: size: 61 / 70 :::: Compiler calls: 11206, compilation errors: 10664, runtime errors: 25, failed runs: 505, ok runs: 0
:::: FAILED :::: level: 9 :::: size: 61 / 70 :::: Compiler calls: 11212, compilation errors: 10668, runtime errors: 25, failed runs: 506, ok runs: 0
:::: FAILED :::: level: 9 :::: size: 61 / 70 :::: Compiler calls: 11219, compilation errors: 10673, runtime errors: 25, failed runs: 507, ok runs: 0
:::: FAILED :::: level: 9 :::: size: 61 / 70 :::: Compiler calls: 11223, compilation errors: 10676, runtime errors: 25, failed runs: 508, ok runs: 0
:::: FAILED :::: level: 9 :::: size: 61 / 70 :::: Compiler calls: 11231, compilation errors: 10686, runtime errors: 25, failed runs: 509, ok runs: 0
:::: FAILED :::: level: 9 :::: size: 61 / 70 :::: Compiler calls: 11236, compilation errors: 10689, runtime errors: 25, failed runs: 510, ok runs: 0
:::: FAILED :::: level: 9 :::: size: 61 / 70 :::: Compiler calls: 11240, compilation errors: 10689, runtime errors: 25, failed runs: 511, ok runs: 0
:::: FAILED :::: level: 9 :::: size: 61 / 70 :::: Compiler calls: 11240, compilation errors: 10689, runtime errors: 25, failed runs: 512, ok runs: 0
:::: FAILED :::: level: 9 :::: size: 61 / 70 :::: Compiler calls: 11248, compilation errors: 10696, runtime errors: 25, failed runs: 513, ok runs: 0
:::: FAILED :::: level: 9 :::: size: 61 / 70 :::: Compiler calls: 11252, compilation errors: 10700, runtime errors: 25, failed runs: 514, ok runs: 0
:::: FAILED :::: level: 9 :::: size: 61 / 70 :::: Compiler calls: 11254, compilation errors: 10701, runtime errors: 25, failed runs: 515, ok runs: 0
:::: FAILED :::: level: 9 :::: size: 60 / 70 :::: Compiler calls: 11261, compilation errors: 10710, runtime errors: 25, failed runs: 516, ok runs: 0
:::: FAILED :::: level: 9 :::: size: 60 / 70 :::: Compiler calls: 11286, compilation errors: 10733, runtime errors: 25, failed runs: 517, ok runs: 0
:::: FAILED :::: level: 9 :::: size: 60 / 70 :::: Compiler calls: 11287, compilation errors: 10734, runtime errors: 25, failed runs: 518, ok runs: 0
:::: FAILED :::: level: 9 :::: size: 60 / 70 :::: Compiler calls: 11292, compilation errors: 10735, runtime errors: 25, failed runs: 519, ok runs: 0
:::: FAILED :::: level: 9 :::: size: 60 / 70 :::: Compiler calls: 11298, compilation errors: 10740, runtime errors: 25, failed runs: 520, ok runs: 0
:::: FAILED :::: level: 9 :::: size: 60 / 70 :::: Compiler calls: 11301, compilation errors: 10740, runtime errors: 25, failed runs: 521, ok runs: 0
:::: FAILED :::: level: 9 :::: size: 60 / 70 :::: Compiler calls: 11301, compilation errors: 10741, runtime errors: 25, failed runs: 522, ok runs: 0
:::: FAILED :::: level: 9 :::: size: 60 / 70 :::: Compiler calls: 11308, compilation errors: 10747, runtime errors: 25, failed runs: 523, ok runs: 0
:::: FAILED :::: level: 9 :::: size: 60 / 70 :::: Compiler calls: 11310, compilation errors: 10748, runtime errors: 25, failed runs: 524, ok runs: 0
:::: FAILED :::: level: 9 :::: size: 59 / 70 :::: Compiler calls: 11315, compilation errors: 10755, runtime errors: 25, failed runs: 525, ok runs: 0
:::: FAILED :::: level: 9 :::: size: 59 / 70 :::: Compiler calls: 11352, compilation errors: 10786, runtime errors: 25, failed runs: 526, ok runs: 0
:::: FAILED :::: level: 9 :::: size: 59 / 70 :::: Compiler calls: 11353, compilation errors: 10787, runtime errors: 25, failed runs: 527, ok runs: 0
:::: FAILED :::: level: 9 :::: size: 59 / 70 :::: Compiler calls: 11354, compilation errors: 10788, runtime errors: 25, failed runs: 528, ok runs: 0
:::: FAILED :::: level: 9 :::: size: 59 / 70 :::: Compiler calls: 11358, compilation errors: 10790, runtime errors: 25, failed runs: 529, ok runs: 0
:::: FAILED :::: level: 9 :::: size: 59 / 70 :::: Compiler calls: 11364, compilation errors: 10796, runtime errors: 25, failed runs: 530, ok runs: 0
:::: FAILED :::: level: 9 :::: size: 59 / 70 :::: Compiler calls: 11365, compilation errors: 10796, runtime errors: 25, failed runs: 531, ok runs: 0
:::: FAILED :::: level: 9 :::: size: 59 / 70 :::: Compiler calls: 11368, compilation errors: 10800, runtime errors: 25, failed runs: 532, ok runs: 0
:::: FAILED :::: level: 9 :::: size: 58 / 70 :::: Compiler calls: 11368, compilation errors: 10801, runtime errors: 25, failed runs: 533, ok runs: 0
:::: FAILED :::: level: 9 :::: size: 58 / 70 :::: Compiler calls: 11411, compilation errors: 10838, runtime errors: 25, failed runs: 534, ok runs: 0
:::: FAILED :::: level: 9 :::: size: 58 / 70 :::: Compiler calls: 11414, compilation errors: 10840, runtime errors: 25, failed runs: 535, ok runs: 0
:::: FAILED :::: level: 9 :::: size: 58 / 70 :::: Compiler calls: 11416, compilation errors: 10841, runtime errors: 25, failed runs: 536, ok runs: 0
:::: FAILED :::: level: 9 :::: size: 58 / 70 :::: Compiler calls: 11416, compilation errors: 10842, runtime errors: 25, failed runs: 537, ok runs: 0
:::: FAILED :::: level: 9 :::: size: 58 / 70 :::: Compiler calls: 11416, compilation errors: 10842, runtime errors: 25, failed runs: 538, ok runs: 0
:::: FAILED :::: level: 9 :::: size: 58 / 70 :::: Compiler calls: 11420, compilation errors: 10846, runtime errors: 25, failed runs: 539, ok runs: 0
:::: FAILED :::: level: 9 :::: size: 57 / 70 :::: Compiler calls: 11420, compilation errors: 10850, runtime errors: 25, failed runs: 540, ok runs: 0
:::: FAILED :::: level: 9 :::: size: 57 / 70 :::: Compiler calls: 11425, compilation errors: 10854, runtime errors: 25, failed runs: 541, ok runs: 0
:::: FAILED :::: level: 9 :::: size: 57 / 70 :::: Compiler calls: 11425, compilation errors: 10854, runtime errors: 25, failed runs: 542, ok runs: 0
:::: FAILED :::: level: 9 :::: size: 57 / 70 :::: Compiler calls: 11453, compilation errors: 10875, runtime errors: 25, failed runs: 543, ok runs: 0
:::: FAILED :::: level: 9 :::: size: 57 / 70 :::: Compiler calls: 11455, compilation errors: 10875, runtime errors: 25, failed runs: 544, ok runs: 0
:::: FAILED :::: level: 9 :::: size: 57 / 70 :::: Compiler calls: 11462, compilation errors: 10882, runtime errors: 25, failed runs: 545, ok runs: 0
:::: FAILED :::: level: 9 :::: size: 56 / 70 :::: Compiler calls: 11471, compilation errors: 10896, runtime errors: 25, failed runs: 546, ok runs: 0
:::: FAILED :::: level: 9 :::: size: 56 / 70 :::: Compiler calls: 11487, compilation errors: 10908, runtime errors: 25, failed runs: 547, ok runs: 0
:::: FAILED :::: level: 9 :::: size: 56 / 70 :::: Compiler calls: 11492, compilation errors: 10912, runtime errors: 25, failed runs: 548, ok runs: 0
:::: FAILED :::: level: 9 :::: size: 56 / 70 :::: Compiler calls: 11492, compilation errors: 10913, runtime errors: 25, failed runs: 549, ok runs: 0
:::: FAILED :::: level: 9 :::: size: 56 / 70 :::: Compiler calls: 11493, compilation errors: 10915, runtime errors: 25, failed runs: 550, ok runs: 0
:::: FAILED :::: level: 9 :::: size: 55 / 70 :::: Compiler calls: 11521, compilation errors: 10939, runtime errors: 25, failed runs: 551, ok runs: 0
:::: FAILED :::: level: 9 :::: size: 55 / 70 :::: Compiler calls: 11521, compilation errors: 10939, runtime errors: 25, failed runs: 552, ok runs: 0
:::: FAILED :::: level: 9 :::: size: 55 / 70 :::: Compiler calls: 11555, compilation errors: 10968, runtime errors: 25, failed runs: 553, ok runs: 0
:::: FAILED :::: level: 9 :::: size: 55 / 70 :::: Compiler calls: 11569, compilation errors: 10983, runtime errors: 25, failed runs: 554, ok runs: 0
:::: FAILED :::: level: 9 :::: size: 54 / 70 :::: Compiler calls: 11570, compilation errors: 10988, runtime errors: 25, failed runs: 555, ok runs: 0
:::: FAILED :::: level: 9 :::: size: 54 / 70 :::: Compiler calls: 11597, compilation errors: 11010, runtime errors: 25, failed runs: 556, ok runs: 0
:::: FAILED :::: level: 9 :::: size: 54 / 70 :::: Compiler calls: 11616, compilation errors: 11029, runtime errors: 25, failed runs: 557, ok runs: 0
:::: FAILED :::: level: 9 :::: size: 53 / 70 :::: Compiler calls: 11618, compilation errors: 11033, runtime errors: 25, failed runs: 558, ok runs: 0
:::: FAILED :::: level: 9 :::: size: 53 / 70 :::: Compiler calls: 11652, compilation errors: 11061, runtime errors: 25, failed runs: 559, ok runs: 0
:::: FAILED :::: level: 9 :::: size: 52 / 70 :::: Compiler calls: 11665, compilation errors: 11079, runtime errors: 25, failed runs: 560, ok runs: 0
:::: FAILED :::: level: 9 :::: size: 52 / 70 :::: Compiler calls: 11674, compilation errors: 11087, runtime errors: 25, failed runs: 561, ok runs: 0
:::: FAILED :::: level: 9 :::: size: 51 / 70 :::: Compiler calls: 11711, compilation errors: 11124, runtime errors: 25, failed runs: 562, ok runs: 0
:::: FAILED :::: level: 9 :::: size: 50 / 70 :::: Compiler calls: 11807, compilation errors: 11219, runtime errors: 25, failed runs: 563, ok runs: 0
Level 9 took 7477ms
1111111000110110111111111100100101111011101010110110101101110110111111
Fixed 50 active nodes and 0 free nodes guaranteed by them.
Discarded 20 active fragments. 128 fragments, including dependent nodes
############## After level 9 there are 3592 / 5112 fragments left :::: Compiler calls: 11857, compilation errors: 11269, runtime errors: 25, failed runs: 563, ok runs: 0
############## EXECUTING LVL 10 with 35 active fragments ##############
:::: FAILED :::: level: 10 :::: size: 33 / 35 :::: Compiler calls: 11887, compilation errors: 11298, runtime errors: 25, failed runs: 564, ok runs: 0
:::: FAILED :::: level: 10 :::: size: 32 / 35 :::: Compiler calls: 11932, compilation errors: 11335, runtime errors: 25, failed runs: 565, ok runs: 0
:::: FAILED :::: level: 10 :::: size: 32 / 35 :::: Compiler calls: 11956, compilation errors: 11350, runtime errors: 25, failed runs: 566, ok runs: 0
:::: FAILED :::: level: 10 :::: size: 32 / 35 :::: Compiler calls: 11960, compilation errors: 11355, runtime errors: 25, failed runs: 567, ok runs: 0
:::: FAILED :::: level: 10 :::: size: 32 / 35 :::: Compiler calls: 11961, compilation errors: 11357, runtime errors: 25, failed runs: 568, ok runs: 0
:::: FAILED :::: level: 10 :::: size: 32 / 35 :::: Compiler calls: 11961, compilation errors: 11357, runtime errors: 25, failed runs: 569, ok runs: 0
:::: FAILED :::: level: 10 :::: size: 32 / 35 :::: Compiler calls: 11961, compilation errors: 11358, runtime errors: 25, failed runs: 570, ok runs: 0
:::: FAILED :::: level: 10 :::: size: 31 / 35 :::: Compiler calls: 11961, compilation errors: 11360, runtime errors: 25, failed runs: 571, ok runs: 0
:::: FAILED :::: level: 10 :::: size: 31 / 35 :::: Compiler calls: 11989, compilation errors: 11381, runtime errors: 25, failed runs: 572, ok runs: 0
:::: FAILED :::: level: 10 :::: size: 31 / 35 :::: Compiler calls: 11989, compilation errors: 11381, runtime errors: 25, failed runs: 573, ok runs: 0
:::: FAILED :::: level: 10 :::: size: 31 / 35 :::: Compiler calls: 11989, compilation errors: 11381, runtime errors: 25, failed runs: 574, ok runs: 0
:::: FAILED :::: level: 10 :::: size: 31 / 35 :::: Compiler calls: 11989, compilation errors: 11381, runtime errors: 25, failed runs: 575, ok runs: 0
:::: FAILED :::: level: 10 :::: size: 30 / 35 :::: Compiler calls: 11989, compilation errors: 11383, runtime errors: 25, failed runs: 576, ok runs: 0
:::: FAILED :::: level: 10 :::: size: 30 / 35 :::: Compiler calls: 12016, compilation errors: 11404, runtime errors: 25, failed runs: 577, ok runs: 0
:::: FAILED :::: level: 10 :::: size: 30 / 35 :::: Compiler calls: 12016, compilation errors: 11405, runtime errors: 25, failed runs: 578, ok runs: 0
:::: FAILED :::: level: 10 :::: size: 30 / 35 :::: Compiler calls: 12016, compilation errors: 11405, runtime errors: 25, failed runs: 579, ok runs: 0
:::: FAILED :::: level: 10 :::: size: 29 / 35 :::: Compiler calls: 12016, compilation errors: 11409, runtime errors: 25, failed runs: 580, ok runs: 0
:::: FAILED :::: level: 10 :::: size: 29 / 35 :::: Compiler calls: 12030, compilation errors: 11417, runtime errors: 25, failed runs: 581, ok runs: 0
:::: FAILED :::: level: 10 :::: size: 29 / 35 :::: Compiler calls: 12039, compilation errors: 11426, runtime errors: 25, failed runs: 582, ok runs: 0
:::: FAILED :::: level: 10 :::: size: 28 / 35 :::: Compiler calls: 12042, compilation errors: 11433, runtime errors: 25, failed runs: 583, ok runs: 0
:::: FAILED :::: level: 10 :::: size: 28 / 35 :::: Compiler calls: 12042, compilation errors: 11433, runtime errors: 25, failed runs: 584, ok runs: 0
:::: FAILED :::: level: 10 :::: size: 27 / 35 :::: Compiler calls: 12067, compilation errors: 11457, runtime errors: 25, failed runs: 585, ok runs: 0
:::: FAILED :::: level: 10 :::: size: 26 / 35 :::: Compiler calls: 12118, compilation errors: 11506, runtime errors: 25, failed runs: 586, ok runs: 0
:::: FAILED :::: level: 10 :::: size: 26 / 35 :::: Compiler calls: 12144, compilation errors: 11524, runtime errors: 25, failed runs: 587, ok runs: 0
:::: FAILED :::: level: 10 :::: size: 25 / 35 :::: Compiler calls: 12144, compilation errors: 11531, runtime errors: 25, failed runs: 588, ok runs: 0
Level 10 took 2361ms
11101011111011100111111010111101100
Fixed 25 active nodes and 0 free nodes guaranteed by them.
Discarded 10 active fragments. 63 fragments, including dependent nodes
############## After level 10 there are 3529 / 5112 fragments left :::: Compiler calls: 12169, compilation errors: 11556, runtime errors: 25, failed runs: 588, ok runs: 0
############## EXECUTING LVL 11 with 7 active fragments ##############
Level 11 took 123ms
1111111
Fixed 7 active nodes and 0 free nodes guaranteed by them.
Discarded 0 active fragments. 0 fragments, including dependent nodes
############## After level 11 there are 3529 / 5112 fragments left :::: Compiler calls: 12182, compilation errors: 11569, runtime errors: 25, failed runs: 588, ok runs: 0
############## EXECUTING LVL 12 with 9 active fragments ##############
:::: FAILED :::: level: 12 :::: size: 8 / 9 :::: Compiler calls: 12205, compilation errors: 11591, runtime errors: 25, failed runs: 589, ok runs: 0
Level 12 took 202ms
111111011
Fixed 8 active nodes and 0 free nodes guaranteed by them.
Discarded 1 active fragments. 2 fragments, including dependent nodes
############## After level 12 there are 3527 / 5112 fragments left :::: Compiler calls: 12213, compilation errors: 11599, runtime errors: 25, failed runs: 589, ok runs: 0
############## EXECUTING LVL 13 with 7 active fragments ##############
Level 13 took 38ms
1111111
Fixed 7 active nodes and 0 free nodes guaranteed by them.
Discarded 0 active fragments. 0 fragments, including dependent nodes
############## After level 13 there are 3527 / 5112 fragments left :::: Compiler calls: 12226, compilation errors: 11612, runtime errors: 25, failed runs: 589, ok runs: 0
############## EXECUTING LVL 14 with 6 active fragments ##############
Level 14 took 44ms
111111
Fixed 6 active nodes and 0 free nodes guaranteed by them.
Discarded 0 active fragments. 0 fragments, including dependent nodes
############## After level 14 there are 3527 / 5112 fragments left :::: Compiler calls: 12238, compilation errors: 11624, runtime errors: 25, failed runs: 589, ok runs: 0
############## EXECUTING LVL 15 with 4 active fragments ##############
Level 15 took 27ms
1111
Fixed 4 active nodes and 0 free nodes guaranteed by them.
Discarded 0 active fragments. 0 fragments, including dependent nodes
############## After level 15 there are 3527 / 5112 fragments left :::: Compiler calls: 12244, compilation errors: 11630, runtime errors: 25, failed runs: 589, ok runs: 0
Recreating result in testingoutput folder...
############## FINISHED NR. 1 in 136670ms :::: Reduced to 3527 out of 5112 :::: Compiler calls: 12244, compilation errors: 11630, runtime errors: 25, failed runs: 589, ok runs: 0 ##############

TOTAL EXECUTION TIME: 212930 ms.
TOTAL OUTPUT SIZE: 107542589 bytes
