Using executor CodeLineTestExecutor with executor options:
{
	m_modulePath='/home/lukasbosshart/workspace/defects4j/bugs/gson_6_b/',
	m_sourceFolderPath='gson/src/main/java/',
	m_unitTestFolderPath='gson/src/test/java/',
	m_unitTestMethod='com.google.gson.regression.JsonAdapterNullSafeTest#testNullSafeBugSerialize',
	m_expectedResult='java.lang.NullPointerException',
	m_compilationType=IN_MEMORY,
	m_logLevel=INFO,
	m_logCompilationErrors=false,
	m_logRuntimeErrors=false,
	m_multipleRuns=false,
	m_numberOfThreads=16,
	m_preSliceCode=false,
	m_graphAlgorithmFragmentLimit=0,
	m_graphAlgorithmEscalatingFragmentLimit=false,
}
############## RUNNING TEST NR. 0 ##############
Formatting code in source folder
:::: FAILED :::: size: 14646 / 14646 :::: Compiler calls: 2, compilation errors: 1, runtime errors: 0, failed runs: 1, ok runs: 0
:::: FAILED :::: size: 14532 / 14646 :::: Compiler calls: 256, compilation errors: 253, runtime errors: 0, failed runs: 2, ok runs: 0
:::: FAILED :::: size: 14475 / 14646 :::: Compiler calls: 580, compilation errors: 562, runtime errors: 0, failed runs: 3, ok runs: 0
:::: FAILED :::: size: 14475 / 14646 :::: Compiler calls: 642, compilation errors: 624, runtime errors: 0, failed runs: 4, ok runs: 0
:::: FAILED :::: size: 14418 / 14646 :::: Compiler calls: 789, compilation errors: 770, runtime errors: 0, failed runs: 5, ok runs: 0
:::: FAILED :::: size: 14418 / 14646 :::: Compiler calls: 809, compilation errors: 788, runtime errors: 0, failed runs: 6, ok runs: 0
:::: FAILED :::: size: 14417 / 14646 :::: Compiler calls: 835, compilation errors: 814, runtime errors: 0, failed runs: 7, ok runs: 0
:::: FAILED :::: size: 14418 / 14646 :::: Compiler calls: 848, compilation errors: 825, runtime errors: 0, failed runs: 8, ok runs: 0
:::: FAILED :::: size: 14361 / 14646 :::: Compiler calls: 1039, compilation errors: 1015, runtime errors: 0, failed runs: 9, ok runs: 0
:::: FAILED :::: size: 14360 / 14646 :::: Compiler calls: 1039, compilation errors: 1021, runtime errors: 0, failed runs: 10, ok runs: 0
:::: FAILED :::: size: 14361 / 14646 :::: Compiler calls: 1039, compilation errors: 1025, runtime errors: 0, failed runs: 11, ok runs: 0
:::: FAILED :::: size: 14360 / 14646 :::: Compiler calls: 1078, compilation errors: 1051, runtime errors: 0, failed runs: 12, ok runs: 0
:::: FAILED :::: size: 14303 / 14646 :::: Compiler calls: 1284, compilation errors: 1256, runtime errors: 0, failed runs: 13, ok runs: 0
:::: FAILED :::: size: 14304 / 14646 :::: Compiler calls: 1284, compilation errors: 1268, runtime errors: 0, failed runs: 14, ok runs: 0
:::: FAILED :::: size: 14245 / 14646 :::: Compiler calls: 1534, compilation errors: 1516, runtime errors: 0, failed runs: 15, ok runs: 0
:::: FAILED :::: size: 14245 / 14646 :::: Compiler calls: 1534, compilation errors: 1518, runtime errors: 0, failed runs: 16, ok runs: 0
:::: FAILED :::: size: 14187 / 14646 :::: Compiler calls: 1783, compilation errors: 1766, runtime errors: 0, failed runs: 17, ok runs: 0
:::: FAILED :::: size: 14158 / 14646 :::: Compiler calls: 2122, compilation errors: 2089, runtime errors: 0, failed runs: 18, ok runs: 0
:::: FAILED :::: size: 14158 / 14646 :::: Compiler calls: 2123, compilation errors: 2098, runtime errors: 0, failed runs: 19, ok runs: 0
:::: FAILED :::: size: 14158 / 14646 :::: Compiler calls: 2123, compilation errors: 2099, runtime errors: 0, failed runs: 20, ok runs: 0
:::: FAILED :::: size: 14158 / 14646 :::: Compiler calls: 2139, compilation errors: 2103, runtime errors: 0, failed runs: 21, ok runs: 0
:::: FAILED :::: size: 14158 / 14646 :::: Compiler calls: 2153, compilation errors: 2116, runtime errors: 0, failed runs: 22, ok runs: 0
:::: FAILED :::: size: 14129 / 14646 :::: Compiler calls: 2224, compilation errors: 2186, runtime errors: 0, failed runs: 23, ok runs: 0
:::: FAILED :::: size: 14129 / 14646 :::: Compiler calls: 2224, compilation errors: 2194, runtime errors: 0, failed runs: 24, ok runs: 0
:::: FAILED :::: size: 14129 / 14646 :::: Compiler calls: 2241, compilation errors: 2201, runtime errors: 0, failed runs: 25, ok runs: 0
:::: FAILED :::: size: 14129 / 14646 :::: Compiler calls: 2248, compilation errors: 2209, runtime errors: 0, failed runs: 26, ok runs: 0
:::: FAILED :::: size: 14100 / 14646 :::: Compiler calls: 2335, compilation errors: 2293, runtime errors: 0, failed runs: 27, ok runs: 0
:::: FAILED :::: size: 14100 / 14646 :::: Compiler calls: 2335, compilation errors: 2302, runtime errors: 0, failed runs: 28, ok runs: 0
:::: FAILED :::: size: 14100 / 14646 :::: Compiler calls: 2335, compilation errors: 2302, runtime errors: 0, failed runs: 29, ok runs: 0
:::: FAILED :::: size: 14071 / 14646 :::: Compiler calls: 2477, compilation errors: 2432, runtime errors: 0, failed runs: 30, ok runs: 0
:::: FAILED :::: size: 14071 / 14646 :::: Compiler calls: 2477, compilation errors: 2436, runtime errors: 0, failed runs: 31, ok runs: 0
:::: FAILED :::: size: 14072 / 14646 :::: Compiler calls: 2530, compilation errors: 2483, runtime errors: 0, failed runs: 32, ok runs: 0
:::: FAILED :::: size: 14042 / 14646 :::: Compiler calls: 2619, compilation errors: 2572, runtime errors: 0, failed runs: 33, ok runs: 0
:::: FAILED :::: size: 14043 / 14646 :::: Compiler calls: 2656, compilation errors: 2608, runtime errors: 0, failed runs: 34, ok runs: 0
:::: FAILED :::: size: 14014 / 14646 :::: Compiler calls: 2836, compilation errors: 2786, runtime errors: 0, failed runs: 35, ok runs: 0
:::: FAILED :::: size: 14014 / 14646 :::: Compiler calls: 2836, compilation errors: 2786, runtime errors: 0, failed runs: 36, ok runs: 0
:::: FAILED :::: size: 14013 / 14646 :::: Compiler calls: 2836, compilation errors: 2794, runtime errors: 0, failed runs: 37, ok runs: 0
:::: FAILED :::: size: 13985 / 14646 :::: Compiler calls: 3056, compilation errors: 3004, runtime errors: 0, failed runs: 38, ok runs: 0
:::: FAILED :::: size: 13985 / 14646 :::: Compiler calls: 3057, compilation errors: 3013, runtime errors: 0, failed runs: 39, ok runs: 0
:::: FAILED :::: size: 13957 / 14646 :::: Compiler calls: 3260, compilation errors: 3206, runtime errors: 0, failed runs: 40, ok runs: 0
:::: FAILED :::: size: 13956 / 14646 :::: Compiler calls: 3278, compilation errors: 3223, runtime errors: 0, failed runs: 41, ok runs: 0
:::: FAILED :::: size: 13928 / 14646 :::: Compiler calls: 3475, compilation errors: 3419, runtime errors: 0, failed runs: 42, ok runs: 0
:::: FAILED :::: size: 13928 / 14646 :::: Compiler calls: 3475, compilation errors: 3427, runtime errors: 0, failed runs: 43, ok runs: 0
:::: FAILED :::: size: 13899 / 14646 :::: Compiler calls: 3728, compilation errors: 3669, runtime errors: 0, failed runs: 44, ok runs: 0
:::: FAILED :::: size: 13900 / 14646 :::: Compiler calls: 3741, compilation errors: 3681, runtime errors: 0, failed runs: 45, ok runs: 0
:::: FAILED :::: size: 13900 / 14646 :::: Compiler calls: 3770, compilation errors: 3709, runtime errors: 0, failed runs: 46, ok runs: 0
:::: FAILED :::: size: 13899 / 14646 :::: Compiler calls: 3780, compilation errors: 3718, runtime errors: 0, failed runs: 47, ok runs: 0
:::: FAILED :::: size: 13871 / 14646 :::: Compiler calls: 3995, compilation errors: 3932, runtime errors: 0, failed runs: 48, ok runs: 0
:::: FAILED :::: size: 13870 / 14646 :::: Compiler calls: 3995, compilation errors: 3937, runtime errors: 0, failed runs: 49, ok runs: 0
:::: FAILED :::: size: 13870 / 14646 :::: Compiler calls: 3995, compilation errors: 3938, runtime errors: 0, failed runs: 50, ok runs: 0
:::: FAILED :::: size: 13871 / 14646 :::: Compiler calls: 3995, compilation errors: 3938, runtime errors: 0, failed runs: 51, ok runs: 0
:::: FAILED :::: size: 13871 / 14646 :::: Compiler calls: 4001, compilation errors: 3939, runtime errors: 0, failed runs: 52, ok runs: 0
:::: FAILED :::: size: 13870 / 14646 :::: Compiler calls: 4050, compilation errors: 3982, runtime errors: 0, failed runs: 53, ok runs: 0
:::: FAILED :::: size: 13842 / 14646 :::: Compiler calls: 4255, compilation errors: 4186, runtime errors: 0, failed runs: 54, ok runs: 0
:::: FAILED :::: size: 13842 / 14646 :::: Compiler calls: 4264, compilation errors: 4194, runtime errors: 0, failed runs: 55, ok runs: 0
:::: FAILED :::: size: 13842 / 14646 :::: Compiler calls: 4273, compilation errors: 4202, runtime errors: 0, failed runs: 56, ok runs: 0
:::: FAILED :::: size: 13843 / 14646 :::: Compiler calls: 4278, compilation errors: 4206, runtime errors: 0, failed runs: 57, ok runs: 0
:::: FAILED :::: size: 13843 / 14646 :::: Compiler calls: 4296, compilation errors: 4224, runtime errors: 0, failed runs: 58, ok runs: 0
:::: FAILED :::: size: 13814 / 14646 :::: Compiler calls: 4523, compilation errors: 4449, runtime errors: 0, failed runs: 59, ok runs: 0
:::: FAILED :::: size: 13813 / 14646 :::: Compiler calls: 4523, compilation errors: 4453, runtime errors: 0, failed runs: 60, ok runs: 0
:::: FAILED :::: size: 13814 / 14646 :::: Compiler calls: 4523, compilation errors: 4455, runtime errors: 0, failed runs: 61, ok runs: 0
:::: FAILED :::: size: 13813 / 14646 :::: Compiler calls: 4523, compilation errors: 4457, runtime errors: 0, failed runs: 62, ok runs: 0
:::: FAILED :::: size: 13813 / 14646 :::: Compiler calls: 4523, compilation errors: 4459, runtime errors: 0, failed runs: 63, ok runs: 0
:::: FAILED :::: size: 13786 / 14646 :::: Compiler calls: 4803, compilation errors: 4725, runtime errors: 0, failed runs: 64, ok runs: 0
:::: FAILED :::: size: 13785 / 14646 :::: Compiler calls: 4803, compilation errors: 4729, runtime errors: 0, failed runs: 65, ok runs: 0
:::: FAILED :::: size: 13786 / 14646 :::: Compiler calls: 4803, compilation errors: 4729, runtime errors: 0, failed runs: 66, ok runs: 0
:::: FAILED :::: size: 13785 / 14646 :::: Compiler calls: 4803, compilation errors: 4729, runtime errors: 0, failed runs: 67, ok runs: 0
:::: FAILED :::: size: 13786 / 14646 :::: Compiler calls: 4803, compilation errors: 4731, runtime errors: 0, failed runs: 68, ok runs: 0
:::: FAILED :::: size: 13785 / 14646 :::: Compiler calls: 4803, compilation errors: 4731, runtime errors: 0, failed runs: 69, ok runs: 0
:::: FAILED :::: size: 13786 / 14646 :::: Compiler calls: 4817, compilation errors: 4732, runtime errors: 0, failed runs: 70, ok runs: 0
:::: FAILED :::: size: 13758 / 14646 :::: Compiler calls: 5055, compilation errors: 4970, runtime errors: 0, failed runs: 71, ok runs: 0
:::: FAILED :::: size: 13757 / 14646 :::: Compiler calls: 5056, compilation errors: 4974, runtime errors: 0, failed runs: 72, ok runs: 0
:::: FAILED :::: size: 13758 / 14646 :::: Compiler calls: 5077, compilation errors: 4991, runtime errors: 0, failed runs: 73, ok runs: 0
:::: FAILED :::: size: 13757 / 14646 :::: Compiler calls: 5089, compilation errors: 5000, runtime errors: 0, failed runs: 74, ok runs: 0
:::: FAILED :::: size: 13730 / 14646 :::: Compiler calls: 5279, compilation errors: 5190, runtime errors: 0, failed runs: 75, ok runs: 0
:::: FAILED :::: size: 13729 / 14646 :::: Compiler calls: 5305, compilation errors: 5215, runtime errors: 0, failed runs: 76, ok runs: 0
:::: FAILED :::: size: 13701 / 14646 :::: Compiler calls: 5535, compilation errors: 5443, runtime errors: 0, failed runs: 77, ok runs: 0
:::: FAILED :::: size: 13701 / 14646 :::: Compiler calls: 5548, compilation errors: 5455, runtime errors: 0, failed runs: 78, ok runs: 0
:::: FAILED :::: size: 13702 / 14646 :::: Compiler calls: 5564, compilation errors: 5471, runtime errors: 0, failed runs: 79, ok runs: 0
:::: FAILED :::: size: 13673 / 14646 :::: Compiler calls: 5820, compilation errors: 5725, runtime errors: 0, failed runs: 80, ok runs: 0
:::: FAILED :::: size: 13672 / 14646 :::: Compiler calls: 5820, compilation errors: 5727, runtime errors: 0, failed runs: 81, ok runs: 0
:::: FAILED :::: size: 13672 / 14646 :::: Compiler calls: 5820, compilation errors: 5727, runtime errors: 0, failed runs: 82, ok runs: 0
:::: FAILED :::: size: 13673 / 14646 :::: Compiler calls: 5820, compilation errors: 5728, runtime errors: 0, failed runs: 83, ok runs: 0
:::: FAILED :::: size: 13672 / 14646 :::: Compiler calls: 5820, compilation errors: 5730, runtime errors: 0, failed runs: 84, ok runs: 0
:::: FAILED :::: size: 13673 / 14646 :::: Compiler calls: 5833, compilation errors: 5733, runtime errors: 0, failed runs: 85, ok runs: 0
:::: FAILED :::: size: 13673 / 14646 :::: Compiler calls: 5858, compilation errors: 5757, runtime errors: 0, failed runs: 86, ok runs: 0
:::: FAILED :::: size: 13644 / 14646 :::: Compiler calls: 6102, compilation errors: 6001, runtime errors: 0, failed runs: 87, ok runs: 0
:::: FAILED :::: size: 13644 / 14646 :::: Compiler calls: 6102, compilation errors: 6005, runtime errors: 0, failed runs: 88, ok runs: 0
:::: FAILED :::: size: 13645 / 14646 :::: Compiler calls: 6102, compilation errors: 6005, runtime errors: 0, failed runs: 89, ok runs: 0
:::: FAILED :::: size: 13644 / 14646 :::: Compiler calls: 6102, compilation errors: 6007, runtime errors: 0, failed runs: 90, ok runs: 0
:::: FAILED :::: size: 13645 / 14646 :::: Compiler calls: 6112, compilation errors: 6007, runtime errors: 0, failed runs: 91, ok runs: 0
:::: FAILED :::: size: 13645 / 14646 :::: Compiler calls: 6142, compilation errors: 6036, runtime errors: 0, failed runs: 92, ok runs: 0
:::: FAILED :::: size: 13615 / 14646 :::: Compiler calls: 6392, compilation errors: 6284, runtime errors: 0, failed runs: 93, ok runs: 0
:::: FAILED :::: size: 13616 / 14646 :::: Compiler calls: 6392, compilation errors: 6286, runtime errors: 0, failed runs: 94, ok runs: 0
:::: FAILED :::: size: 13616 / 14646 :::: Compiler calls: 6392, compilation errors: 6288, runtime errors: 0, failed runs: 95, ok runs: 0
:::: FAILED :::: size: 13615 / 14646 :::: Compiler calls: 6398, compilation errors: 6289, runtime errors: 0, failed runs: 96, ok runs: 0
:::: FAILED :::: size: 13616 / 14646 :::: Compiler calls: 6410, compilation errors: 6301, runtime errors: 0, failed runs: 97, ok runs: 0
:::: FAILED :::: size: 13615 / 14646 :::: Compiler calls: 6434, compilation errors: 6321, runtime errors: 0, failed runs: 98, ok runs: 0
:::: FAILED :::: size: 13616 / 14646 :::: Compiler calls: 6440, compilation errors: 6326, runtime errors: 0, failed runs: 99, ok runs: 0
:::: FAILED :::: size: 13615 / 14646 :::: Compiler calls: 6441, compilation errors: 6326, runtime errors: 0, failed runs: 100, ok runs: 0
:::: FAILED :::: size: 13586 / 14646 :::: Compiler calls: 6684, compilation errors: 6568, runtime errors: 0, failed runs: 101, ok runs: 0
:::: FAILED :::: size: 13587 / 14646 :::: Compiler calls: 6684, compilation errors: 6568, runtime errors: 0, failed runs: 102, ok runs: 0
:::: FAILED :::: size: 13587 / 14646 :::: Compiler calls: 6684, compilation errors: 6570, runtime errors: 0, failed runs: 103, ok runs: 0
:::: FAILED :::: size: 13587 / 14646 :::: Compiler calls: 6684, compilation errors: 6574, runtime errors: 0, failed runs: 104, ok runs: 0
:::: FAILED :::: size: 13586 / 14646 :::: Compiler calls: 6684, compilation errors: 6575, runtime errors: 0, failed runs: 105, ok runs: 0
:::: FAILED :::: size: 13587 / 14646 :::: Compiler calls: 6692, compilation errors: 6575, runtime errors: 0, failed runs: 106, ok runs: 0
:::: FAILED :::: size: 13586 / 14646 :::: Compiler calls: 6702, compilation errors: 6582, runtime errors: 0, failed runs: 107, ok runs: 0
:::: FAILED :::: size: 13557 / 14646 :::: Compiler calls: 6977, compilation errors: 6854, runtime errors: 0, failed runs: 108, ok runs: 0
:::: FAILED :::: size: 13558 / 14646 :::: Compiler calls: 6977, compilation errors: 6858, runtime errors: 0, failed runs: 109, ok runs: 0
:::: FAILED :::: size: 13558 / 14646 :::: Compiler calls: 6977, compilation errors: 6860, runtime errors: 0, failed runs: 110, ok runs: 0
:::: FAILED :::: size: 13557 / 14646 :::: Compiler calls: 6977, compilation errors: 6863, runtime errors: 0, failed runs: 111, ok runs: 0
:::: FAILED :::: size: 13558 / 14646 :::: Compiler calls: 7000, compilation errors: 6873, runtime errors: 0, failed runs: 112, ok runs: 0
:::: FAILED :::: size: 13557 / 14646 :::: Compiler calls: 7012, compilation errors: 6884, runtime errors: 0, failed runs: 113, ok runs: 0
:::: FAILED :::: size: 13529 / 14646 :::: Compiler calls: 7236, compilation errors: 7107, runtime errors: 0, failed runs: 114, ok runs: 0
:::: FAILED :::: size: 13501 / 14646 :::: Compiler calls: 7533, compilation errors: 7403, runtime errors: 0, failed runs: 115, ok runs: 0
:::: FAILED :::: size: 13500 / 14646 :::: Compiler calls: 7533, compilation errors: 7406, runtime errors: 0, failed runs: 116, ok runs: 0
:::: FAILED :::: size: 13501 / 14646 :::: Compiler calls: 7533, compilation errors: 7409, runtime errors: 0, failed runs: 117, ok runs: 0
:::: FAILED :::: size: 13500 / 14646 :::: Compiler calls: 7533, compilation errors: 7411, runtime errors: 0, failed runs: 118, ok runs: 0
:::: FAILED :::: size: 13501 / 14646 :::: Compiler calls: 7533, compilation errors: 7411, runtime errors: 0, failed runs: 119, ok runs: 0
:::: FAILED :::: size: 13500 / 14646 :::: Compiler calls: 7570, compilation errors: 7436, runtime errors: 0, failed runs: 120, ok runs: 0
:::: FAILED :::: size: 13473 / 14646 :::: Compiler calls: 7837, compilation errors: 7701, runtime errors: 0, failed runs: 121, ok runs: 0
:::: FAILED :::: size: 13473 / 14646 :::: Compiler calls: 7837, compilation errors: 7703, runtime errors: 0, failed runs: 122, ok runs: 0
:::: FAILED :::: size: 13472 / 14646 :::: Compiler calls: 7837, compilation errors: 7703, runtime errors: 0, failed runs: 123, ok runs: 0
:::: FAILED :::: size: 13472 / 14646 :::: Compiler calls: 7837, compilation errors: 7706, runtime errors: 0, failed runs: 124, ok runs: 0
:::: FAILED :::: size: 13472 / 14646 :::: Compiler calls: 7837, compilation errors: 7710, runtime errors: 0, failed runs: 125, ok runs: 0
:::: FAILED :::: size: 13444 / 14646 :::: Compiler calls: 8145, compilation errors: 8004, runtime errors: 0, failed runs: 126, ok runs: 0
:::: FAILED :::: size: 13445 / 14646 :::: Compiler calls: 8145, compilation errors: 8010, runtime errors: 0, failed runs: 127, ok runs: 0
:::: FAILED :::: size: 13444 / 14646 :::: Compiler calls: 8145, compilation errors: 8010, runtime errors: 0, failed runs: 128, ok runs: 0
:::: FAILED :::: size: 13444 / 14646 :::: Compiler calls: 8145, compilation errors: 8013, runtime errors: 0, failed runs: 129, ok runs: 0
:::: FAILED :::: size: 13415 / 14646 :::: Compiler calls: 8455, compilation errors: 8310, runtime errors: 0, failed runs: 130, ok runs: 0
:::: FAILED :::: size: 13416 / 14646 :::: Compiler calls: 8455, compilation errors: 8311, runtime errors: 0, failed runs: 131, ok runs: 0
:::: FAILED :::: size: 13415 / 14646 :::: Compiler calls: 8455, compilation errors: 8321, runtime errors: 0, failed runs: 132, ok runs: 0
:::: FAILED :::: size: 13386 / 14646 :::: Compiler calls: 8770, compilation errors: 8622, runtime errors: 0, failed runs: 133, ok runs: 0
:::: FAILED :::: size: 13386 / 14646 :::: Compiler calls: 8770, compilation errors: 8628, runtime errors: 0, failed runs: 134, ok runs: 0
:::: FAILED :::: size: 13387 / 14646 :::: Compiler calls: 8799, compilation errors: 8649, runtime errors: 0, failed runs: 135, ok runs: 0
:::: FAILED :::: size: 13357 / 14646 :::: Compiler calls: 9029, compilation errors: 8878, runtime errors: 0, failed runs: 136, ok runs: 0
:::: FAILED :::: size: 13357 / 14646 :::: Compiler calls: 9029, compilation errors: 8885, runtime errors: 0, failed runs: 137, ok runs: 0
:::: FAILED :::: size: 13328 / 14646 :::: Compiler calls: 9287, compilation errors: 9134, runtime errors: 0, failed runs: 138, ok runs: 0
:::: FAILED :::: size: 13300 / 14646 :::: Compiler calls: 9501, compilation errors: 9347, runtime errors: 0, failed runs: 139, ok runs: 0
:::: FAILED :::: size: 13271 / 14646 :::: Compiler calls: 9784, compilation errors: 9630, runtime errors: 0, failed runs: 140, ok runs: 0
:::: FAILED :::: size: 13271 / 14646 :::: Compiler calls: 9823, compilation errors: 9667, runtime errors: 0, failed runs: 141, ok runs: 0
:::: FAILED :::: size: 13242 / 14646 :::: Compiler calls: 10122, compilation errors: 9965, runtime errors: 0, failed runs: 142, ok runs: 0
:::: FAILED :::: size: 13243 / 14646 :::: Compiler calls: 10123, compilation errors: 9976, runtime errors: 0, failed runs: 143, ok runs: 0
:::: FAILED :::: size: 13213 / 14646 :::: Compiler calls: 10326, compilation errors: 10168, runtime errors: 0, failed runs: 144, ok runs: 0
:::: FAILED :::: size: 13185 / 14646 :::: Compiler calls: 10682, compilation errors: 10522, runtime errors: 0, failed runs: 145, ok runs: 0
:::: FAILED :::: size: 13184 / 14646 :::: Compiler calls: 10688, compilation errors: 10530, runtime errors: 0, failed runs: 146, ok runs: 0
:::: FAILED :::: size: 13185 / 14646 :::: Compiler calls: 10710, compilation errors: 10549, runtime errors: 0, failed runs: 147, ok runs: 0
:::: FAILED :::: size: 13184 / 14646 :::: Compiler calls: 10720, compilation errors: 10557, runtime errors: 0, failed runs: 148, ok runs: 0
:::: FAILED :::: size: 13185 / 14646 :::: Compiler calls: 10720, compilation errors: 10557, runtime errors: 0, failed runs: 149, ok runs: 0
:::: FAILED :::: size: 13184 / 14646 :::: Compiler calls: 10730, compilation errors: 10565, runtime errors: 0, failed runs: 150, ok runs: 0
:::: FAILED :::: size: 13157 / 14646 :::: Compiler calls: 11061, compilation errors: 10895, runtime errors: 0, failed runs: 151, ok runs: 0
:::: FAILED :::: size: 13156 / 14646 :::: Compiler calls: 11061, compilation errors: 10898, runtime errors: 0, failed runs: 152, ok runs: 0
:::: FAILED :::: size: 13157 / 14646 :::: Compiler calls: 11061, compilation errors: 10898, runtime errors: 0, failed runs: 153, ok runs: 0
:::: FAILED :::: size: 13156 / 14646 :::: Compiler calls: 11061, compilation errors: 10898, runtime errors: 0, failed runs: 154, ok runs: 0
:::: FAILED :::: size: 13156 / 14646 :::: Compiler calls: 11067, compilation errors: 10902, runtime errors: 0, failed runs: 155, ok runs: 0
:::: FAILED :::: size: 13128 / 14646 :::: Compiler calls: 11445, compilation errors: 11274, runtime errors: 0, failed runs: 156, ok runs: 0
:::: FAILED :::: size: 13129 / 14646 :::: Compiler calls: 11445, compilation errors: 11275, runtime errors: 0, failed runs: 157, ok runs: 0
:::: FAILED :::: size: 13129 / 14646 :::: Compiler calls: 11445, compilation errors: 11279, runtime errors: 0, failed runs: 158, ok runs: 0
:::: FAILED :::: size: 13129 / 14646 :::: Compiler calls: 11445, compilation errors: 11279, runtime errors: 0, failed runs: 159, ok runs: 0
:::: FAILED :::: size: 13100 / 14646 :::: Compiler calls: 11837, compilation errors: 11662, runtime errors: 0, failed runs: 160, ok runs: 0
:::: FAILED :::: size: 13099 / 14646 :::: Compiler calls: 11837, compilation errors: 11663, runtime errors: 0, failed runs: 161, ok runs: 0
:::: FAILED :::: size: 13100 / 14646 :::: Compiler calls: 11837, compilation errors: 11664, runtime errors: 0, failed runs: 162, ok runs: 0
:::: FAILED :::: size: 13100 / 14646 :::: Compiler calls: 11862, compilation errors: 11687, runtime errors: 0, failed runs: 163, ok runs: 0
:::: FAILED :::: size: 13072 / 14646 :::: Compiler calls: 12223, compilation errors: 12044, runtime errors: 0, failed runs: 164, ok runs: 0
:::: FAILED :::: size: 13071 / 14646 :::: Compiler calls: 12223, compilation errors: 12051, runtime errors: 0, failed runs: 165, ok runs: 0
:::: FAILED :::: size: 13072 / 14646 :::: Compiler calls: 12254, compilation errors: 12073, runtime errors: 0, failed runs: 166, ok runs: 0
:::: FAILED :::: size: 13043 / 14646 :::: Compiler calls: 12631, compilation errors: 12449, runtime errors: 0, failed runs: 167, ok runs: 0
:::: FAILED :::: size: 13044 / 14646 :::: Compiler calls: 12631, compilation errors: 12459, runtime errors: 0, failed runs: 168, ok runs: 0
:::: FAILED :::: size: 13015 / 14646 :::: Compiler calls: 13087, compilation errors: 12906, runtime errors: 0, failed runs: 169, ok runs: 0
:::: FAILED :::: size: 13014 / 14646 :::: Compiler calls: 13087, compilation errors: 12912, runtime errors: 0, failed runs: 170, ok runs: 0
:::: FAILED :::: size: 13015 / 14646 :::: Compiler calls: 13087, compilation errors: 12913, runtime errors: 0, failed runs: 171, ok runs: 0
:::: FAILED :::: size: 12986 / 14646 :::: Compiler calls: 13542, compilation errors: 13364, runtime errors: 0, failed runs: 172, ok runs: 0
:::: FAILED :::: size: 12987 / 14646 :::: Compiler calls: 13542, compilation errors: 13365, runtime errors: 0, failed runs: 173, ok runs: 0
:::: FAILED :::: size: 12958 / 14646 :::: Compiler calls: 13996, compilation errors: 13819, runtime errors: 0, failed runs: 174, ok runs: 0
:::: FAILED :::: size: 12944 / 14646 :::: Compiler calls: 14570, compilation errors: 14381, runtime errors: 0, failed runs: 175, ok runs: 0
:::: FAILED :::: size: 12930 / 14646 :::: Compiler calls: 14739, compilation errors: 14548, runtime errors: 0, failed runs: 176, ok runs: 0
:::: FAILED :::: size: 12930 / 14646 :::: Compiler calls: 14739, compilation errors: 14561, runtime errors: 0, failed runs: 177, ok runs: 0
:::: FAILED :::: size: 12916 / 14646 :::: Compiler calls: 14957, compilation errors: 14764, runtime errors: 0, failed runs: 178, ok runs: 0
:::: FAILED :::: size: 12916 / 14646 :::: Compiler calls: 14957, compilation errors: 14768, runtime errors: 0, failed runs: 179, ok runs: 0
:::: FAILED :::: size: 12916 / 14646 :::: Compiler calls: 14957, compilation errors: 14769, runtime errors: 0, failed runs: 180, ok runs: 0
:::: FAILED :::: size: 12902 / 14646 :::: Compiler calls: 15206, compilation errors: 15010, runtime errors: 0, failed runs: 181, ok runs: 0
:::: FAILED :::: size: 12902 / 14646 :::: Compiler calls: 15206, compilation errors: 15018, runtime errors: 0, failed runs: 182, ok runs: 0
:::: FAILED :::: size: 12888 / 14646 :::: Compiler calls: 15483, compilation errors: 15285, runtime errors: 0, failed runs: 183, ok runs: 0
:::: FAILED :::: size: 12874 / 14646 :::: Compiler calls: 15826, compilation errors: 15629, runtime errors: 0, failed runs: 184, ok runs: 0
:::: FAILED :::: size: 12874 / 14646 :::: Compiler calls: 15828, compilation errors: 15639, runtime errors: 0, failed runs: 185, ok runs: 0
:::: FAILED :::: size: 12874 / 14646 :::: Compiler calls: 15828, compilation errors: 15639, runtime errors: 0, failed runs: 186, ok runs: 0
:::: FAILED :::: size: 12874 / 14646 :::: Compiler calls: 15843, compilation errors: 15641, runtime errors: 0, failed runs: 187, ok runs: 0
:::: FAILED :::: size: 12860 / 14646 :::: Compiler calls: 16197, compilation errors: 15996, runtime errors: 0, failed runs: 188, ok runs: 0
:::: FAILED :::: size: 12860 / 14646 :::: Compiler calls: 16199, compilation errors: 16000, runtime errors: 0, failed runs: 189, ok runs: 0
:::: FAILED :::: size: 12860 / 14646 :::: Compiler calls: 16199, compilation errors: 16005, runtime errors: 0, failed runs: 190, ok runs: 0
:::: FAILED :::: size: 12846 / 14646 :::: Compiler calls: 16555, compilation errors: 16349, runtime errors: 0, failed runs: 191, ok runs: 0
:::: FAILED :::: size: 12846 / 14646 :::: Compiler calls: 16555, compilation errors: 16361, runtime errors: 0, failed runs: 192, ok runs: 0
:::: FAILED :::: size: 12832 / 14646 :::: Compiler calls: 16945, compilation errors: 16737, runtime errors: 0, failed runs: 193, ok runs: 0
:::: FAILED :::: size: 12818 / 14646 :::: Compiler calls: 17399, compilation errors: 17190, runtime errors: 0, failed runs: 194, ok runs: 0
:::: FAILED :::: size: 12817 / 14646 :::: Compiler calls: 17414, compilation errors: 17206, runtime errors: 0, failed runs: 195, ok runs: 0
:::: FAILED :::: size: 12803 / 14646 :::: Compiler calls: 17885, compilation errors: 17674, runtime errors: 0, failed runs: 196, ok runs: 0
:::: FAILED :::: size: 12804 / 14646 :::: Compiler calls: 17885, compilation errors: 17683, runtime errors: 0, failed runs: 197, ok runs: 0
:::: FAILED :::: size: 12803 / 14646 :::: Compiler calls: 17885, compilation errors: 17683, runtime errors: 0, failed runs: 198, ok runs: 0
:::: FAILED :::: size: 12788 / 14646 :::: Compiler calls: 18383, compilation errors: 18170, runtime errors: 0, failed runs: 199, ok runs: 0
:::: FAILED :::: size: 12789 / 14646 :::: Compiler calls: 18383, compilation errors: 18174, runtime errors: 0, failed runs: 200, ok runs: 0
:::: FAILED :::: size: 12788 / 14646 :::: Compiler calls: 18383, compilation errors: 18176, runtime errors: 0, failed runs: 201, ok runs: 0
:::: FAILED :::: size: 12774 / 14646 :::: Compiler calls: 18789, compilation errors: 18572, runtime errors: 0, failed runs: 202, ok runs: 0
:::: FAILED :::: size: 12774 / 14646 :::: Compiler calls: 18789, compilation errors: 18574, runtime errors: 0, failed runs: 203, ok runs: 0
:::: FAILED :::: size: 12760 / 14646 :::: Compiler calls: 19213, compilation errors: 18994, runtime errors: 0, failed runs: 204, ok runs: 0
:::: FAILED :::: size: 12745 / 14646 :::: Compiler calls: 19694, compilation errors: 19474, runtime errors: 0, failed runs: 205, ok runs: 0
:::: FAILED :::: size: 12746 / 14646 :::: Compiler calls: 19694, compilation errors: 19477, runtime errors: 0, failed runs: 206, ok runs: 0
:::: FAILED :::: size: 12745 / 14646 :::: Compiler calls: 19694, compilation errors: 19481, runtime errors: 0, failed runs: 207, ok runs: 0
:::: FAILED :::: size: 12746 / 14646 :::: Compiler calls: 19694, compilation errors: 19481, runtime errors: 0, failed runs: 208, ok runs: 0
:::: FAILED :::: size: 12745 / 14646 :::: Compiler calls: 19696, compilation errors: 19485, runtime errors: 0, failed runs: 209, ok runs: 0
:::: FAILED :::: size: 12730 / 14646 :::: Compiler calls: 20151, compilation errors: 19926, runtime errors: 0, failed runs: 210, ok runs: 0
:::: FAILED :::: size: 12731 / 14646 :::: Compiler calls: 20176, compilation errors: 19951, runtime errors: 0, failed runs: 211, ok runs: 0
:::: FAILED :::: size: 12716 / 14646 :::: Compiler calls: 20578, compilation errors: 20351, runtime errors: 0, failed runs: 212, ok runs: 0
:::: FAILED :::: size: 12702 / 14646 :::: Compiler calls: 21064, compilation errors: 20836, runtime errors: 0, failed runs: 213, ok runs: 0
:::: FAILED :::: size: 12701 / 14646 :::: Compiler calls: 21064, compilation errors: 20837, runtime errors: 0, failed runs: 214, ok runs: 0
:::: FAILED :::: size: 12701 / 14646 :::: Compiler calls: 21064, compilation errors: 20837, runtime errors: 0, failed runs: 215, ok runs: 0
:::: FAILED :::: size: 12702 / 14646 :::: Compiler calls: 21064, compilation errors: 20842, runtime errors: 0, failed runs: 216, ok runs: 0
:::: FAILED :::: size: 12701 / 14646 :::: Compiler calls: 21087, compilation errors: 20856, runtime errors: 0, failed runs: 217, ok runs: 0
:::: FAILED :::: size: 12687 / 14646 :::: Compiler calls: 21550, compilation errors: 21317, runtime errors: 0, failed runs: 218, ok runs: 0
:::: FAILED :::: size: 12688 / 14646 :::: Compiler calls: 21550, compilation errors: 21320, runtime errors: 0, failed runs: 219, ok runs: 0
:::: FAILED :::: size: 12687 / 14646 :::: Compiler calls: 21550, compilation errors: 21321, runtime errors: 0, failed runs: 220, ok runs: 0
:::: FAILED :::: size: 12687 / 14646 :::: Compiler calls: 21560, compilation errors: 21328, runtime errors: 0, failed runs: 221, ok runs: 0
:::: FAILED :::: size: 12673 / 14646 :::: Compiler calls: 22033, compilation errors: 21796, runtime errors: 0, failed runs: 222, ok runs: 0
:::: FAILED :::: size: 12672 / 14646 :::: Compiler calls: 22033, compilation errors: 21801, runtime errors: 0, failed runs: 223, ok runs: 0
:::: FAILED :::: size: 12673 / 14646 :::: Compiler calls: 22033, compilation errors: 21802, runtime errors: 0, failed runs: 224, ok runs: 0
:::: FAILED :::: size: 12672 / 14646 :::: Compiler calls: 22040, compilation errors: 21806, runtime errors: 0, failed runs: 225, ok runs: 0
:::: FAILED :::: size: 12659 / 14646 :::: Compiler calls: 22523, compilation errors: 22282, runtime errors: 0, failed runs: 226, ok runs: 0
:::: FAILED :::: size: 12658 / 14646 :::: Compiler calls: 22523, compilation errors: 22282, runtime errors: 0, failed runs: 227, ok runs: 0
:::: FAILED :::: size: 12658 / 14646 :::: Compiler calls: 22552, compilation errors: 22309, runtime errors: 0, failed runs: 228, ok runs: 0
:::: FAILED :::: size: 12644 / 14646 :::: Compiler calls: 23039, compilation errors: 22795, runtime errors: 0, failed runs: 229, ok runs: 0
:::: FAILED :::: size: 12644 / 14646 :::: Compiler calls: 23039, compilation errors: 22800, runtime errors: 0, failed runs: 230, ok runs: 0
:::: FAILED :::: size: 12629 / 14646 :::: Compiler calls: 23525, compilation errors: 23280, runtime errors: 0, failed runs: 231, ok runs: 0
:::: FAILED :::: size: 12615 / 14646 :::: Compiler calls: 24031, compilation errors: 23784, runtime errors: 0, failed runs: 232, ok runs: 0
:::: FAILED :::: size: 12614 / 14646 :::: Compiler calls: 24031, compilation errors: 23790, runtime errors: 0, failed runs: 233, ok runs: 0
:::: FAILED :::: size: 12600 / 14646 :::: Compiler calls: 24551, compilation errors: 24302, runtime errors: 0, failed runs: 234, ok runs: 0
:::: FAILED :::: size: 12600 / 14646 :::: Compiler calls: 24573, compilation errors: 24323, runtime errors: 0, failed runs: 235, ok runs: 0
:::: FAILED :::: size: 12585 / 14646 :::: Compiler calls: 25123, compilation errors: 24872, runtime errors: 0, failed runs: 236, ok runs: 0
:::: FAILED :::: size: 12586 / 14646 :::: Compiler calls: 25123, compilation errors: 24873, runtime errors: 0, failed runs: 237, ok runs: 0
:::: FAILED :::: size: 12571 / 14646 :::: Compiler calls: 25583, compilation errors: 25330, runtime errors: 0, failed runs: 238, ok runs: 0
:::: FAILED :::: size: 12570 / 14646 :::: Compiler calls: 25583, compilation errors: 25339, runtime errors: 0, failed runs: 239, ok runs: 0
:::: FAILED :::: size: 12571 / 14646 :::: Compiler calls: 25595, compilation errors: 25340, runtime errors: 0, failed runs: 240, ok runs: 0
:::: FAILED :::: size: 12570 / 14646 :::: Compiler calls: 25600, compilation errors: 25344, runtime errors: 0, failed runs: 241, ok runs: 0
:::: FAILED :::: size: 12556 / 14646 :::: Compiler calls: 26063, compilation errors: 25807, runtime errors: 0, failed runs: 242, ok runs: 0
:::: FAILED :::: size: 12557 / 14646 :::: Compiler calls: 26063, compilation errors: 25809, runtime errors: 0, failed runs: 243, ok runs: 0
:::: FAILED :::: size: 12556 / 14646 :::: Compiler calls: 26063, compilation errors: 25809, runtime errors: 0, failed runs: 244, ok runs: 0
:::: FAILED :::: size: 12542 / 14646 :::: Compiler calls: 26541, compilation errors: 26281, runtime errors: 0, failed runs: 245, ok runs: 0
:::: FAILED :::: size: 12541 / 14646 :::: Compiler calls: 26541, compilation errors: 26286, runtime errors: 0, failed runs: 246, ok runs: 0
:::: FAILED :::: size: 12527 / 14646 :::: Compiler calls: 27022, compilation errors: 26760, runtime errors: 0, failed runs: 247, ok runs: 0
:::: FAILED :::: size: 12512 / 14646 :::: Compiler calls: 27552, compilation errors: 27289, runtime errors: 0, failed runs: 248, ok runs: 0
:::: FAILED :::: size: 12513 / 14646 :::: Compiler calls: 27553, compilation errors: 27301, runtime errors: 0, failed runs: 249, ok runs: 0
:::: FAILED :::: size: 12513 / 14646 :::: Compiler calls: 27578, compilation errors: 27314, runtime errors: 0, failed runs: 250, ok runs: 0
:::: FAILED :::: size: 12498 / 14646 :::: Compiler calls: 28058, compilation errors: 27792, runtime errors: 0, failed runs: 251, ok runs: 0
:::: FAILED :::: size: 12484 / 14646 :::: Compiler calls: 28611, compilation errors: 28344, runtime errors: 0, failed runs: 252, ok runs: 0
:::: FAILED :::: size: 12484 / 14646 :::: Compiler calls: 28611, compilation errors: 28351, runtime errors: 0, failed runs: 253, ok runs: 0
:::: FAILED :::: size: 12469 / 14646 :::: Compiler calls: 29166, compilation errors: 28897, runtime errors: 0, failed runs: 254, ok runs: 0
:::: FAILED :::: size: 12470 / 14646 :::: Compiler calls: 29166, compilation errors: 28904, runtime errors: 0, failed runs: 255, ok runs: 0
:::: FAILED :::: size: 12455 / 14646 :::: Compiler calls: 29726, compilation errors: 29455, runtime errors: 0, failed runs: 256, ok runs: 0
:::: FAILED :::: size: 12440 / 14646 :::: Compiler calls: 30347, compilation errors: 30075, runtime errors: 0, failed runs: 257, ok runs: 0
:::: FAILED :::: size: 12440 / 14646 :::: Compiler calls: 30347, compilation errors: 30083, runtime errors: 0, failed runs: 258, ok runs: 0
:::: FAILED :::: size: 12441 / 14646 :::: Compiler calls: 30347, compilation errors: 30084, runtime errors: 0, failed runs: 259, ok runs: 0
:::: FAILED :::: size: 12426 / 14646 :::: Compiler calls: 30926, compilation errors: 30651, runtime errors: 0, failed runs: 260, ok runs: 0
:::: FAILED :::: size: 12411 / 14646 :::: Compiler calls: 31546, compilation errors: 31270, runtime errors: 0, failed runs: 261, ok runs: 0
:::: FAILED :::: size: 12412 / 14646 :::: Compiler calls: 31546, compilation errors: 31277, runtime errors: 0, failed runs: 262, ok runs: 0
:::: FAILED :::: size: 12396 / 14646 :::: Compiler calls: 32163, compilation errors: 31885, runtime errors: 0, failed runs: 263, ok runs: 0
:::: FAILED :::: size: 12397 / 14646 :::: Compiler calls: 32196, compilation errors: 31917, runtime errors: 0, failed runs: 264, ok runs: 0
:::: FAILED :::: size: 12382 / 14646 :::: Compiler calls: 32654, compilation errors: 32374, runtime errors: 0, failed runs: 265, ok runs: 0
:::: FAILED :::: size: 12368 / 14646 :::: Compiler calls: 33265, compilation errors: 32984, runtime errors: 0, failed runs: 266, ok runs: 0
:::: FAILED :::: size: 12368 / 14646 :::: Compiler calls: 33293, compilation errors: 33011, runtime errors: 0, failed runs: 267, ok runs: 0
:::: FAILED :::: size: 12354 / 14646 :::: Compiler calls: 33893, compilation errors: 33610, runtime errors: 0, failed runs: 268, ok runs: 0
:::: FAILED :::: size: 12353 / 14646 :::: Compiler calls: 33918, compilation errors: 33634, runtime errors: 0, failed runs: 269, ok runs: 0
:::: FAILED :::: size: 12339 / 14646 :::: Compiler calls: 34539, compilation errors: 34254, runtime errors: 0, failed runs: 270, ok runs: 0
:::: FAILED :::: size: 12340 / 14646 :::: Compiler calls: 34539, compilation errors: 34255, runtime errors: 0, failed runs: 271, ok runs: 0
:::: FAILED :::: size: 12339 / 14646 :::: Compiler calls: 34543, compilation errors: 34266, runtime errors: 0, failed runs: 272, ok runs: 0
:::: FAILED :::: size: 12339 / 14646 :::: Compiler calls: 34564, compilation errors: 34276, runtime errors: 0, failed runs: 273, ok runs: 0
:::: FAILED :::: size: 12325 / 14646 :::: Compiler calls: 35196, compilation errors: 34907, runtime errors: 0, failed runs: 274, ok runs: 0
:::: FAILED :::: size: 12324 / 14646 :::: Compiler calls: 35196, compilation errors: 34909, runtime errors: 0, failed runs: 275, ok runs: 0
:::: FAILED :::: size: 12324 / 14646 :::: Compiler calls: 35196, compilation errors: 34916, runtime errors: 0, failed runs: 276, ok runs: 0
:::: FAILED :::: size: 12324 / 14646 :::: Compiler calls: 35220, compilation errors: 34929, runtime errors: 0, failed runs: 277, ok runs: 0
:::: FAILED :::: size: 12325 / 14646 :::: Compiler calls: 35228, compilation errors: 34937, runtime errors: 0, failed runs: 278, ok runs: 0
:::: FAILED :::: size: 12310 / 14646 :::: Compiler calls: 35857, compilation errors: 35563, runtime errors: 0, failed runs: 279, ok runs: 0
:::: FAILED :::: size: 12310 / 14646 :::: Compiler calls: 35857, compilation errors: 35564, runtime errors: 0, failed runs: 280, ok runs: 0
:::: FAILED :::: size: 12310 / 14646 :::: Compiler calls: 35857, compilation errors: 35572, runtime errors: 0, failed runs: 281, ok runs: 0
:::: FAILED :::: size: 12311 / 14646 :::: Compiler calls: 35857, compilation errors: 35572, runtime errors: 0, failed runs: 282, ok runs: 0
:::: FAILED :::: size: 12295 / 14646 :::: Compiler calls: 36533, compilation errors: 36235, runtime errors: 0, failed runs: 283, ok runs: 0
:::: FAILED :::: size: 12295 / 14646 :::: Compiler calls: 36533, compilation errors: 36235, runtime errors: 0, failed runs: 284, ok runs: 0
:::: FAILED :::: size: 12296 / 14646 :::: Compiler calls: 36533, compilation errors: 36243, runtime errors: 0, failed runs: 285, ok runs: 0
:::: FAILED :::: size: 12280 / 14646 :::: Compiler calls: 37193, compilation errors: 36893, runtime errors: 0, failed runs: 286, ok runs: 0
:::: FAILED :::: size: 12281 / 14646 :::: Compiler calls: 37194, compilation errors: 36898, runtime errors: 0, failed runs: 287, ok runs: 0
:::: FAILED :::: size: 12280 / 14646 :::: Compiler calls: 37206, compilation errors: 36907, runtime errors: 0, failed runs: 288, ok runs: 0
:::: FAILED :::: size: 12265 / 14646 :::: Compiler calls: 37771, compilation errors: 37467, runtime errors: 0, failed runs: 289, ok runs: 0
:::: FAILED :::: size: 12266 / 14646 :::: Compiler calls: 37771, compilation errors: 37467, runtime errors: 0, failed runs: 290, ok runs: 0
:::: FAILED :::: size: 12251 / 14646 :::: Compiler calls: 38351, compilation errors: 38045, runtime errors: 0, failed runs: 291, ok runs: 0
:::: FAILED :::: size: 12237 / 14646 :::: Compiler calls: 39026, compilation errors: 38719, runtime errors: 0, failed runs: 292, ok runs: 0
:::: FAILED :::: size: 12236 / 14646 :::: Compiler calls: 39026, compilation errors: 38721, runtime errors: 0, failed runs: 293, ok runs: 0
:::: FAILED :::: size: 12222 / 14646 :::: Compiler calls: 39697, compilation errors: 39389, runtime errors: 0, failed runs: 294, ok runs: 0
:::: FAILED :::: size: 12207 / 14646 :::: Compiler calls: 40408, compilation errors: 40098, runtime errors: 0, failed runs: 295, ok runs: 0
:::: FAILED :::: size: 12208 / 14646 :::: Compiler calls: 40408, compilation errors: 40102, runtime errors: 0, failed runs: 296, ok runs: 0
:::: FAILED :::: size: 12207 / 14646 :::: Compiler calls: 40408, compilation errors: 40102, runtime errors: 0, failed runs: 297, ok runs: 0
:::: FAILED :::: size: 12207 / 14646 :::: Compiler calls: 40408, compilation errors: 40106, runtime errors: 0, failed runs: 298, ok runs: 0
:::: FAILED :::: size: 12207 / 14646 :::: Compiler calls: 40408, compilation errors: 40107, runtime errors: 0, failed runs: 299, ok runs: 0
:::: FAILED :::: size: 12207 / 14646 :::: Compiler calls: 40408, compilation errors: 40107, runtime errors: 0, failed runs: 300, ok runs: 0
:::: FAILED :::: size: 12193 / 14646 :::: Compiler calls: 41119, compilation errors: 40803, runtime errors: 0, failed runs: 301, ok runs: 0
:::: FAILED :::: size: 12193 / 14646 :::: Compiler calls: 41119, compilation errors: 40806, runtime errors: 0, failed runs: 302, ok runs: 0
:::: FAILED :::: size: 12192 / 14646 :::: Compiler calls: 41119, compilation errors: 40812, runtime errors: 0, failed runs: 303, ok runs: 0
:::: FAILED :::: size: 12192 / 14646 :::: Compiler calls: 41139, compilation errors: 40820, runtime errors: 0, failed runs: 304, ok runs: 0
:::: FAILED :::: size: 12192 / 14646 :::: Compiler calls: 41140, compilation errors: 40821, runtime errors: 0, failed runs: 305, ok runs: 0
:::: FAILED :::: size: 12179 / 14646 :::: Compiler calls: 41830, compilation errors: 41509, runtime errors: 0, failed runs: 306, ok runs: 0
:::: FAILED :::: size: 12178 / 14646 :::: Compiler calls: 41830, compilation errors: 41517, runtime errors: 0, failed runs: 307, ok runs: 0
:::: FAILED :::: size: 12178 / 14646 :::: Compiler calls: 41830, compilation errors: 41519, runtime errors: 0, failed runs: 308, ok runs: 0
:::: FAILED :::: size: 12178 / 14646 :::: Compiler calls: 41848, compilation errors: 41525, runtime errors: 0, failed runs: 309, ok runs: 0
:::: FAILED :::: size: 12164 / 14646 :::: Compiler calls: 42565, compilation errors: 42240, runtime errors: 0, failed runs: 310, ok runs: 0
:::: FAILED :::: size: 12164 / 14646 :::: Compiler calls: 42565, compilation errors: 42249, runtime errors: 0, failed runs: 311, ok runs: 0
:::: FAILED :::: size: 12164 / 14646 :::: Compiler calls: 42565, compilation errors: 42250, runtime errors: 0, failed runs: 312, ok runs: 0
:::: FAILED :::: size: 12164 / 14646 :::: Compiler calls: 42565, compilation errors: 42250, runtime errors: 0, failed runs: 313, ok runs: 0
:::: FAILED :::: size: 12149 / 14646 :::: Compiler calls: 43314, compilation errors: 42985, runtime errors: 0, failed runs: 314, ok runs: 0
:::: FAILED :::: size: 12149 / 14646 :::: Compiler calls: 43314, compilation errors: 42994, runtime errors: 0, failed runs: 315, ok runs: 0
:::: FAILED :::: size: 12149 / 14646 :::: Compiler calls: 43314, compilation errors: 42994, runtime errors: 0, failed runs: 316, ok runs: 0
:::: FAILED :::: size: 12150 / 14646 :::: Compiler calls: 43331, compilation errors: 43000, runtime errors: 0, failed runs: 317, ok runs: 0
:::: FAILED :::: size: 12135 / 14646 :::: Compiler calls: 44096, compilation errors: 43763, runtime errors: 0, failed runs: 318, ok runs: 0
:::: FAILED :::: size: 12135 / 14646 :::: Compiler calls: 44096, compilation errors: 43766, runtime errors: 0, failed runs: 319, ok runs: 0
:::: FAILED :::: size: 12134 / 14646 :::: Compiler calls: 44096, compilation errors: 43767, runtime errors: 0, failed runs: 320, ok runs: 0
:::: FAILED :::: size: 12134 / 14646 :::: Compiler calls: 44096, compilation errors: 43769, runtime errors: 0, failed runs: 321, ok runs: 0
:::: FAILED :::: size: 12120 / 14646 :::: Compiler calls: 44879, compilation errors: 44542, runtime errors: 0, failed runs: 322, ok runs: 0
:::: FAILED :::: size: 12120 / 14646 :::: Compiler calls: 44879, compilation errors: 44547, runtime errors: 0, failed runs: 323, ok runs: 0
:::: FAILED :::: size: 12121 / 14646 :::: Compiler calls: 44880, compilation errors: 44549, runtime errors: 0, failed runs: 324, ok runs: 0
:::: FAILED :::: size: 12120 / 14646 :::: Compiler calls: 44922, compilation errors: 44582, runtime errors: 0, failed runs: 325, ok runs: 0
:::: FAILED :::: size: 12105 / 14646 :::: Compiler calls: 45659, compilation errors: 45318, runtime errors: 0, failed runs: 326, ok runs: 0
:::: FAILED :::: size: 12106 / 14646 :::: Compiler calls: 45659, compilation errors: 45323, runtime errors: 0, failed runs: 327, ok runs: 0
:::: FAILED :::: size: 12105 / 14646 :::: Compiler calls: 45676, compilation errors: 45333, runtime errors: 0, failed runs: 328, ok runs: 0
:::: FAILED :::: size: 12090 / 14646 :::: Compiler calls: 46079, compilation errors: 45735, runtime errors: 0, failed runs: 329, ok runs: 0
:::: FAILED :::: size: 12090 / 14646 :::: Compiler calls: 46102, compilation errors: 45757, runtime errors: 0, failed runs: 330, ok runs: 0
:::: FAILED :::: size: 12076 / 14646 :::: Compiler calls: 46492, compilation errors: 46147, runtime errors: 0, failed runs: 331, ok runs: 0
:::: FAILED :::: size: 12075 / 14646 :::: Compiler calls: 46518, compilation errors: 46172, runtime errors: 0, failed runs: 332, ok runs: 0
:::: FAILED :::: size: 12061 / 14646 :::: Compiler calls: 46951, compilation errors: 46604, runtime errors: 0, failed runs: 333, ok runs: 0
:::: FAILED :::: size: 12047 / 14646 :::: Compiler calls: 47388, compilation errors: 47039, runtime errors: 0, failed runs: 334, ok runs: 0
:::: FAILED :::: size: 12033 / 14646 :::: Compiler calls: 47998, compilation errors: 47648, runtime errors: 0, failed runs: 335, ok runs: 0
:::: FAILED :::: size: 12019 / 14646 :::: Compiler calls: 48785, compilation errors: 48434, runtime errors: 0, failed runs: 336, ok runs: 0
:::: FAILED :::: size: 12018 / 14646 :::: Compiler calls: 48785, compilation errors: 48436, runtime errors: 0, failed runs: 337, ok runs: 0
:::: FAILED :::: size: 12018 / 14646 :::: Compiler calls: 48792, compilation errors: 48443, runtime errors: 0, failed runs: 338, ok runs: 0
:::: FAILED :::: size: 12018 / 14646 :::: Compiler calls: 48808, compilation errors: 48455, runtime errors: 0, failed runs: 339, ok runs: 0
:::: FAILED :::: size: 12019 / 14646 :::: Compiler calls: 48823, compilation errors: 48470, runtime errors: 0, failed runs: 340, ok runs: 0
:::: FAILED :::: size: 12004 / 14646 :::: Compiler calls: 49579, compilation errors: 49223, runtime errors: 0, failed runs: 341, ok runs: 0
:::: FAILED :::: size: 12004 / 14646 :::: Compiler calls: 49579, compilation errors: 49231, runtime errors: 0, failed runs: 342, ok runs: 0
:::: FAILED :::: size: 12004 / 14646 :::: Compiler calls: 49582, compilation errors: 49232, runtime errors: 0, failed runs: 343, ok runs: 0
:::: FAILED :::: size: 12005 / 14646 :::: Compiler calls: 49591, compilation errors: 49232, runtime errors: 0, failed runs: 344, ok runs: 0
:::: FAILED :::: size: 12005 / 14646 :::: Compiler calls: 49598, compilation errors: 49242, runtime errors: 0, failed runs: 345, ok runs: 0
:::: FAILED :::: size: 12005 / 14646 :::: Compiler calls: 49604, compilation errors: 49243, runtime errors: 0, failed runs: 346, ok runs: 0
:::: FAILED :::: size: 12004 / 14646 :::: Compiler calls: 49613, compilation errors: 49251, runtime errors: 0, failed runs: 347, ok runs: 0
:::: FAILED :::: size: 11989 / 14646 :::: Compiler calls: 50374, compilation errors: 50011, runtime errors: 0, failed runs: 348, ok runs: 0
:::: FAILED :::: size: 11989 / 14646 :::: Compiler calls: 50374, compilation errors: 50020, runtime errors: 0, failed runs: 349, ok runs: 0
:::: FAILED :::: size: 11990 / 14646 :::: Compiler calls: 50374, compilation errors: 50020, runtime errors: 0, failed runs: 350, ok runs: 0
:::: FAILED :::: size: 11990 / 14646 :::: Compiler calls: 50374, compilation errors: 50020, runtime errors: 0, failed runs: 351, ok runs: 0
:::: FAILED :::: size: 11990 / 14646 :::: Compiler calls: 50374, compilation errors: 50020, runtime errors: 0, failed runs: 352, ok runs: 0
:::: FAILED :::: size: 11989 / 14646 :::: Compiler calls: 50387, compilation errors: 50021, runtime errors: 0, failed runs: 353, ok runs: 0
:::: FAILED :::: size: 11975 / 14646 :::: Compiler calls: 50976, compilation errors: 50607, runtime errors: 0, failed runs: 354, ok runs: 0
:::: FAILED :::: size: 11975 / 14646 :::: Compiler calls: 50976, compilation errors: 50607, runtime errors: 0, failed runs: 355, ok runs: 0
:::: FAILED :::: size: 11974 / 14646 :::: Compiler calls: 50976, compilation errors: 50612, runtime errors: 0, failed runs: 356, ok runs: 0
:::: FAILED :::: size: 11960 / 14646 :::: Compiler calls: 51588, compilation errors: 51216, runtime errors: 0, failed runs: 357, ok runs: 0
:::: FAILED :::: size: 11946 / 14646 :::: Compiler calls: 52186, compilation errors: 51813, runtime errors: 0, failed runs: 358, ok runs: 0
:::: FAILED :::: size: 11932 / 14646 :::: Compiler calls: 52883, compilation errors: 52509, runtime errors: 0, failed runs: 359, ok runs: 0
:::: FAILED :::: size: 11918 / 14646 :::: Compiler calls: 53664, compilation errors: 53290, runtime errors: 0, failed runs: 360, ok runs: 0
:::: FAILED :::: size: 11918 / 14646 :::: Compiler calls: 53664, compilation errors: 53296, runtime errors: 0, failed runs: 361, ok runs: 0
:::: FAILED :::: size: 11918 / 14646 :::: Compiler calls: 53664, compilation errors: 53296, runtime errors: 0, failed runs: 362, ok runs: 0
:::: FAILED :::: size: 11917 / 14646 :::: Compiler calls: 53664, compilation errors: 53299, runtime errors: 0, failed runs: 363, ok runs: 0
:::: FAILED :::: size: 11918 / 14646 :::: Compiler calls: 53669, compilation errors: 53299, runtime errors: 0, failed runs: 364, ok runs: 0
:::: FAILED :::: size: 11918 / 14646 :::: Compiler calls: 53689, compilation errors: 53309, runtime errors: 0, failed runs: 365, ok runs: 0
:::: FAILED :::: size: 11904 / 14646 :::: Compiler calls: 54451, compilation errors: 54070, runtime errors: 0, failed runs: 366, ok runs: 0
:::: FAILED :::: size: 11904 / 14646 :::: Compiler calls: 54451, compilation errors: 54074, runtime errors: 0, failed runs: 367, ok runs: 0
:::: FAILED :::: size: 11903 / 14646 :::: Compiler calls: 54451, compilation errors: 54077, runtime errors: 0, failed runs: 368, ok runs: 0
:::: FAILED :::: size: 11904 / 14646 :::: Compiler calls: 54451, compilation errors: 54078, runtime errors: 0, failed runs: 369, ok runs: 0
:::: FAILED :::: size: 11904 / 14646 :::: Compiler calls: 54453, compilation errors: 54079, runtime errors: 0, failed runs: 370, ok runs: 0
:::: FAILED :::: size: 11904 / 14646 :::: Compiler calls: 54471, compilation errors: 54088, runtime errors: 0, failed runs: 371, ok runs: 0
:::: FAILED :::: size: 11903 / 14646 :::: Compiler calls: 54475, compilation errors: 54089, runtime errors: 0, failed runs: 372, ok runs: 0
:::: FAILED :::: size: 11890 / 14646 :::: Compiler calls: 55259, compilation errors: 54873, runtime errors: 0, failed runs: 373, ok runs: 0
:::: FAILED :::: size: 11889 / 14646 :::: Compiler calls: 55260, compilation errors: 54874, runtime errors: 0, failed runs: 374, ok runs: 0
:::: FAILED :::: size: 11889 / 14646 :::: Compiler calls: 55260, compilation errors: 54874, runtime errors: 0, failed runs: 375, ok runs: 0
:::: FAILED :::: size: 11890 / 14646 :::: Compiler calls: 55260, compilation errors: 54874, runtime errors: 0, failed runs: 376, ok runs: 0
:::: FAILED :::: size: 11890 / 14646 :::: Compiler calls: 55260, compilation errors: 54874, runtime errors: 0, failed runs: 377, ok runs: 0
:::: FAILED :::: size: 11890 / 14646 :::: Compiler calls: 55303, compilation errors: 54910, runtime errors: 0, failed runs: 378, ok runs: 0
:::: FAILED :::: size: 11876 / 14646 :::: Compiler calls: 56043, compilation errors: 55649, runtime errors: 0, failed runs: 379, ok runs: 0
:::: FAILED :::: size: 11876 / 14646 :::: Compiler calls: 56063, compilation errors: 55668, runtime errors: 0, failed runs: 380, ok runs: 0
:::: FAILED :::: size: 11875 / 14646 :::: Compiler calls: 56067, compilation errors: 55672, runtime errors: 0, failed runs: 381, ok runs: 0
:::: FAILED :::: size: 11875 / 14646 :::: Compiler calls: 56075, compilation errors: 55678, runtime errors: 0, failed runs: 382, ok runs: 0
:::: FAILED :::: size: 11876 / 14646 :::: Compiler calls: 56081, compilation errors: 55683, runtime errors: 0, failed runs: 383, ok runs: 0
:::: FAILED :::: size: 11876 / 14646 :::: Compiler calls: 56086, compilation errors: 55687, runtime errors: 0, failed runs: 384, ok runs: 0
:::: FAILED :::: size: 11862 / 14646 :::: Compiler calls: 56806, compilation errors: 56406, runtime errors: 0, failed runs: 385, ok runs: 0
:::: FAILED :::: size: 11848 / 14646 :::: Compiler calls: 57220, compilation errors: 56821, runtime errors: 0, failed runs: 386, ok runs: 0
:::: FAILED :::: size: 11847 / 14646 :::: Compiler calls: 57221, compilation errors: 56826, runtime errors: 0, failed runs: 387, ok runs: 0
:::: FAILED :::: size: 11834 / 14646 :::: Compiler calls: 57633, compilation errors: 57231, runtime errors: 0, failed runs: 388, ok runs: 0
:::: FAILED :::: size: 11819 / 14646 :::: Compiler calls: 58045, compilation errors: 57642, runtime errors: 0, failed runs: 389, ok runs: 0
:::: FAILED :::: size: 11805 / 14646 :::: Compiler calls: 58521, compilation errors: 58116, runtime errors: 0, failed runs: 390, ok runs: 0
:::: FAILED :::: size: 11791 / 14646 :::: Compiler calls: 59320, compilation errors: 58914, runtime errors: 0, failed runs: 391, ok runs: 0
:::: FAILED :::: size: 11790 / 14646 :::: Compiler calls: 59320, compilation errors: 58918, runtime errors: 0, failed runs: 392, ok runs: 0
:::: FAILED :::: size: 11791 / 14646 :::: Compiler calls: 59320, compilation errors: 58918, runtime errors: 0, failed runs: 393, ok runs: 0
:::: FAILED :::: size: 11790 / 14646 :::: Compiler calls: 59320, compilation errors: 58919, runtime errors: 0, failed runs: 394, ok runs: 0
:::: FAILED :::: size: 11791 / 14646 :::: Compiler calls: 59320, compilation errors: 58919, runtime errors: 0, failed runs: 395, ok runs: 0
:::: FAILED :::: size: 11777 / 14646 :::: Compiler calls: 59820, compilation errors: 59409, runtime errors: 0, failed runs: 396, ok runs: 0
:::: FAILED :::: size: 11762 / 14646 :::: Compiler calls: 60231, compilation errors: 59819, runtime errors: 0, failed runs: 397, ok runs: 0
:::: FAILED :::: size: 11747 / 14646 :::: Compiler calls: 60695, compilation errors: 60282, runtime errors: 0, failed runs: 398, ok runs: 0
:::: FAILED :::: size: 11733 / 14646 :::: Compiler calls: 61340, compilation errors: 60926, runtime errors: 0, failed runs: 399, ok runs: 0
:::: FAILED :::: size: 11719 / 14646 :::: Compiler calls: 61813, compilation errors: 61399, runtime errors: 0, failed runs: 400, ok runs: 0
:::: FAILED :::: size: 11705 / 14646 :::: Compiler calls: 62264, compilation errors: 61850, runtime errors: 0, failed runs: 401, ok runs: 0
:::: FAILED :::: size: 11704 / 14646 :::: Compiler calls: 62264, compilation errors: 61855, runtime errors: 0, failed runs: 402, ok runs: 0
:::: FAILED :::: size: 11691 / 14646 :::: Compiler calls: 62674, compilation errors: 62257, runtime errors: 0, failed runs: 403, ok runs: 0
:::: FAILED :::: size: 11676 / 14646 :::: Compiler calls: 63072, compilation errors: 62653, runtime errors: 0, failed runs: 404, ok runs: 0
:::: FAILED :::: size: 11661 / 14646 :::: Compiler calls: 63540, compilation errors: 63120, runtime errors: 0, failed runs: 405, ok runs: 0
:::: FAILED :::: size: 11646 / 14646 :::: Compiler calls: 64124, compilation errors: 63703, runtime errors: 0, failed runs: 406, ok runs: 0
:::: FAILED :::: size: 11631 / 14646 :::: Compiler calls: 64759, compilation errors: 64337, runtime errors: 0, failed runs: 407, ok runs: 0
:::: FAILED :::: size: 11617 / 14646 :::: Compiler calls: 65529, compilation errors: 65106, runtime errors: 0, failed runs: 408, ok runs: 0
:::: FAILED :::: size: 11616 / 14646 :::: Compiler calls: 65529, compilation errors: 65114, runtime errors: 0, failed runs: 409, ok runs: 0
:::: FAILED :::: size: 11617 / 14646 :::: Compiler calls: 65538, compilation errors: 65115, runtime errors: 0, failed runs: 410, ok runs: 0
:::: FAILED :::: size: 11616 / 14646 :::: Compiler calls: 65544, compilation errors: 65120, runtime errors: 0, failed runs: 411, ok runs: 0
:::: FAILED :::: size: 11616 / 14646 :::: Compiler calls: 65547, compilation errors: 65121, runtime errors: 0, failed runs: 412, ok runs: 0
:::: FAILED :::: size: 11617 / 14646 :::: Compiler calls: 65552, compilation errors: 65126, runtime errors: 0, failed runs: 413, ok runs: 0
:::: FAILED :::: size: 11602 / 14646 :::: Compiler calls: 66315, compilation errors: 65886, runtime errors: 0, failed runs: 414, ok runs: 0
:::: FAILED :::: size: 11602 / 14646 :::: Compiler calls: 66315, compilation errors: 65888, runtime errors: 0, failed runs: 415, ok runs: 0
:::: FAILED :::: size: 11603 / 14646 :::: Compiler calls: 66315, compilation errors: 65889, runtime errors: 0, failed runs: 416, ok runs: 0
:::: FAILED :::: size: 11603 / 14646 :::: Compiler calls: 66315, compilation errors: 65889, runtime errors: 0, failed runs: 417, ok runs: 0
:::: FAILED :::: size: 11602 / 14646 :::: Compiler calls: 66315, compilation errors: 65891, runtime errors: 0, failed runs: 418, ok runs: 0
:::: FAILED :::: size: 11588 / 14646 :::: Compiler calls: 67101, compilation errors: 66667, runtime errors: 0, failed runs: 419, ok runs: 0
:::: FAILED :::: size: 11587 / 14646 :::: Compiler calls: 67101, compilation errors: 66671, runtime errors: 0, failed runs: 420, ok runs: 0
:::: FAILED :::: size: 11588 / 14646 :::: Compiler calls: 67101, compilation errors: 66672, runtime errors: 0, failed runs: 421, ok runs: 0
:::: FAILED :::: size: 11587 / 14646 :::: Compiler calls: 67111, compilation errors: 66675, runtime errors: 0, failed runs: 422, ok runs: 0
:::: FAILED :::: size: 11573 / 14646 :::: Compiler calls: 67897, compilation errors: 67447, runtime errors: 0, failed runs: 423, ok runs: 0
:::: FAILED :::: size: 11574 / 14646 :::: Compiler calls: 67897, compilation errors: 67449, runtime errors: 0, failed runs: 424, ok runs: 0
:::: FAILED :::: size: 11573 / 14646 :::: Compiler calls: 67897, compilation errors: 67450, runtime errors: 0, failed runs: 425, ok runs: 0
:::: FAILED :::: size: 11574 / 14646 :::: Compiler calls: 67926, compilation errors: 67473, runtime errors: 0, failed runs: 426, ok runs: 0
:::: FAILED :::: size: 11573 / 14646 :::: Compiler calls: 67931, compilation errors: 67478, runtime errors: 0, failed runs: 427, ok runs: 0
:::: FAILED :::: size: 11566 / 14646 :::: Compiler calls: 68743, compilation errors: 68188, runtime errors: 0, failed runs: 429, ok runs: 0
:::: FAILED :::: size: 11566 / 14646 :::: Compiler calls: 68743, compilation errors: 68188, runtime errors: 0, failed runs: 429, ok runs: 0
Execution was manually cancelled. Recreate intermediate result in testingoutput folder...
:::: FAILED :::: size: 11566 / 14646 :::: Compiler calls: 68743, compilation errors: 68188, runtime errors: 0, failed runs: 430, ok runs: 0
:::: FAILED :::: size: 11566 / 14646 :::: Compiler calls: 68743, compilation errors: 68188, runtime errors: 0, failed runs: 431, ok runs: 0
java.util.concurrent.CancellationException: Cancelled by user
	at generator.AbstractMWEGenerator.runDDMin(AbstractMWEGenerator.java:112)
	at generator.AbstractMWEGenerator.runGenerator(AbstractMWEGenerator.java:58)
	at Main.main(Main.java:107)

TOTAL EXECUTION TIME: 3h 1m 49s 64ms.
TOTAL OUTPUT SIZE: 11150381 bytes
