Using executor HDDrecTestExecutor with executor options:
{
	m_modulePath='/home/lukasbosshart/workspace/defects4j/bugs/csv_4_b/',
	m_sourceFolderPath='src/main/java',
	m_unitTestFolderPath='src/test/java',
	m_unitTestMethod='org.apache.commons.csv.CSVParserTest#testNoHeaderMap',
	m_expectedResult='java.lang.NullPointerException',
	m_compilationType=IN_MEMORY,
	m_logLevel=INFO,
	m_logCompilationErrors=false,
	m_logRuntimeErrors=false,
	m_multipleRuns=true,
	m_numberOfThreads=16,
	m_preSliceCode=false,
	m_graphAlgorithmFragmentLimit=0,
	m_graphAlgorithmEscalatingFragmentLimit=false,
}
Formatting code in source folder
Level: 0 :::: fragments: 10
Level: 1 :::: fragments: 83
Level: 2 :::: fragments: 639
Level: 3 :::: fragments: 909
Level: 4 :::: fragments: 429
Level: 5 :::: fragments: 613
Level: 6 :::: fragments: 672
Level: 7 :::: fragments: 517
Level: 8 :::: fragments: 382
Level: 9 :::: fragments: 264
Level: 10 :::: fragments: 179
Level: 11 :::: fragments: 133
Level: 12 :::: fragments: 91
Level: 13 :::: fragments: 58
Level: 14 :::: fragments: 43
Level: 15 :::: fragments: 37
Level: 16 :::: fragments: 26
Level: 17 :::: fragments: 15
Level: 18 :::: fragments: 9
Level: 19 :::: fragments: 3
Level: 20 :::: fragments: 2
Level: 21 :::: fragments: 3
Level: 22 :::: fragments: 1
Total :::: fragments: 5118 out of 5118 originally
############## RUNNING TEST NR. 0 ##############
############## EXECUTING LVL 0-0 ##############
:::: FAILED :::: level: 0-0 / 22 :::: size: 10 / 10 :::: Compiler calls: 2, compilation errors: 1, runtime errors: 0, failed runs: 1, ok runs: 0
Level 0-0 took 3s 826ms
1111111111
############## After level 0-0 there are 5118 / 5118 fragments left :::: Compiler calls: 26, compilation errors: 25, runtime errors: 0, failed runs: 1, ok runs: 0
############## EXECUTING LVL 0-1 ##############
Level 0-1 took 1s 646ms
1111111111111111
############## After level 0-1 there are 5118 / 5118 fragments left :::: Compiler calls: 56, compilation errors: 55, runtime errors: 0, failed runs: 1, ok runs: 0
############## EXECUTING LVL 0-2 ##############
Level 0-2 took 1s 326ms
11111111111
############## After level 0-2 there are 5118 / 5118 fragments left :::: Compiler calls: 81, compilation errors: 80, runtime errors: 0, failed runs: 1, ok runs: 0
############## EXECUTING LVL 0-3 ##############
Level 0-3 took 775ms
111111
############## After level 0-3 there are 5118 / 5118 fragments left :::: Compiler calls: 93, compilation errors: 92, runtime errors: 0, failed runs: 1, ok runs: 0
############## EXECUTING LVL 0-4 ##############
Level 0-4 took 137ms
11
############## After level 0-4 there are 5118 / 5118 fragments left :::: Compiler calls: 95, compilation errors: 94, runtime errors: 0, failed runs: 1, ok runs: 0
############## EXECUTING LVL 0-5 ##############
Level 0-5 took 4ms
1
############## After level 0-5 there are 5118 / 5118 fragments left :::: Compiler calls: 95, compilation errors: 94, runtime errors: 0, failed runs: 1, ok runs: 0
############## EXECUTING LVL 0-6 ##############
Level 0-6 took 888ms
111111111111111
############## After level 0-6 there are 5118 / 5118 fragments left :::: Compiler calls: 124, compilation errors: 123, runtime errors: 0, failed runs: 1, ok runs: 0
############## EXECUTING LVL 0-7 ##############
Level 0-7 took 1s 525ms
111111111111111111
############## After level 0-7 there are 5118 / 5118 fragments left :::: Compiler calls: 172, compilation errors: 171, runtime errors: 0, failed runs: 1, ok runs: 0
############## EXECUTING LVL 0-8 ##############
Level 0-8 took 896ms
111111111
############## After level 0-8 there are 5118 / 5118 fragments left :::: Compiler calls: 195, compilation errors: 194, runtime errors: 0, failed runs: 1, ok runs: 0
############## EXECUTING LVL 0-9 ##############
Level 0-9 took 156ms
11
############## After level 0-9 there are 5118 / 5118 fragments left :::: Compiler calls: 197, compilation errors: 196, runtime errors: 0, failed runs: 1, ok runs: 0
############## EXECUTING LVL 0-10 ##############
Level 0-10 took 285ms
111
############## After level 0-10 there are 5118 / 5118 fragments left :::: Compiler calls: 202, compilation errors: 201, runtime errors: 0, failed runs: 1, ok runs: 0
############## EXECUTING LVL 0-11 ##############
Level 0-11 took 416ms
111111
############## After level 0-11 there are 5118 / 5118 fragments left :::: Compiler calls: 214, compilation errors: 213, runtime errors: 0, failed runs: 1, ok runs: 0
############## EXECUTING LVL 0-12 ##############
Level 0-12 took 206ms
111
############## After level 0-12 there are 5118 / 5118 fragments left :::: Compiler calls: 219, compilation errors: 218, runtime errors: 0, failed runs: 1, ok runs: 0
############## EXECUTING LVL 0-13 ##############
Level 0-13 took 438ms
111111
############## After level 0-13 there are 5118 / 5118 fragments left :::: Compiler calls: 231, compilation errors: 230, runtime errors: 0, failed runs: 1, ok runs: 0
############## EXECUTING LVL 0-14 ##############
Level 0-14 took 198ms
111
############## After level 0-14 there are 5118 / 5118 fragments left :::: Compiler calls: 236, compilation errors: 235, runtime errors: 0, failed runs: 1, ok runs: 0
############## EXECUTING LVL 0-15 ##############
Level 0-15 took 440ms
111111
############## After level 0-15 there are 5118 / 5118 fragments left :::: Compiler calls: 248, compilation errors: 247, runtime errors: 0, failed runs: 1, ok runs: 0
############## EXECUTING LVL 0-16 ##############
Level 0-16 took 193ms
111
############## After level 0-16 there are 5118 / 5118 fragments left :::: Compiler calls: 253, compilation errors: 252, runtime errors: 0, failed runs: 1, ok runs: 0
############## EXECUTING LVL 0-17 ##############
Level 0-17 took 157ms
111
############## After level 0-17 there are 5118 / 5118 fragments left :::: Compiler calls: 258, compilation errors: 257, runtime errors: 0, failed runs: 1, ok runs: 0
############## EXECUTING LVL 0-18 ##############
Level 0-18 took 200ms
111
############## After level 0-18 there are 5118 / 5118 fragments left :::: Compiler calls: 263, compilation errors: 262, runtime errors: 0, failed runs: 1, ok runs: 0
############## EXECUTING LVL 0-19 ##############
Level 0-19 took 456ms
111111
############## After level 0-19 there are 5118 / 5118 fragments left :::: Compiler calls: 275, compilation errors: 274, runtime errors: 0, failed runs: 1, ok runs: 0
############## EXECUTING LVL 0-20 ##############
Level 0-20 took 346ms
1111
############## After level 0-20 there are 5118 / 5118 fragments left :::: Compiler calls: 281, compilation errors: 280, runtime errors: 0, failed runs: 1, ok runs: 0
############## EXECUTING LVL 0-21 ##############
Level 0-21 took 476ms
111111
############## After level 0-21 there are 5118 / 5118 fragments left :::: Compiler calls: 293, compilation errors: 292, runtime errors: 0, failed runs: 1, ok runs: 0
############## EXECUTING LVL 0-22 ##############
Level 0-22 took 420ms
111111
############## After level 0-22 there are 5118 / 5118 fragments left :::: Compiler calls: 305, compilation errors: 304, runtime errors: 0, failed runs: 1, ok runs: 0
############## EXECUTING LVL 0-23 ##############
Level 0-23 took 201ms
111
############## After level 0-23 there are 5118 / 5118 fragments left :::: Compiler calls: 310, compilation errors: 309, runtime errors: 0, failed runs: 1, ok runs: 0
############## EXECUTING LVL 0-24 ##############
:::: FAILED :::: level: 0-24 / 22 :::: size: 80 / 82 :::: Compiler calls: 372, compilation errors: 358, runtime errors: 0, failed runs: 2, ok runs: 0
:::: FAILED :::: level: 0-24 / 22 :::: size: 78 / 82 :::: Compiler calls: 403, compilation errors: 400, runtime errors: 0, failed runs: 3, ok runs: 0
:::: FAILED :::: level: 0-24 / 22 :::: size: 77 / 82 :::: Compiler calls: 464, compilation errors: 445, runtime errors: 0, failed runs: 4, ok runs: 0
:::: FAILED :::: level: 0-24 / 22 :::: size: 77 / 82 :::: Compiler calls: 466, compilation errors: 446, runtime errors: 0, failed runs: 5, ok runs: 0
:::: FAILED :::: level: 0-24 / 22 :::: size: 77 / 82 :::: Compiler calls: 466, compilation errors: 446, runtime errors: 0, failed runs: 6, ok runs: 0
:::: FAILED :::: level: 0-24 / 22 :::: size: 76 / 82 :::: Compiler calls: 496, compilation errors: 474, runtime errors: 1, failed runs: 7, ok runs: 0
:::: FAILED :::: level: 0-24 / 22 :::: size: 75 / 82 :::: Compiler calls: 517, compilation errors: 491, runtime errors: 4, failed runs: 8, ok runs: 0
:::: FAILED :::: level: 0-24 / 22 :::: size: 74 / 82 :::: Compiler calls: 561, compilation errors: 533, runtime errors: 4, failed runs: 9, ok runs: 0
:::: FAILED :::: level: 0-24 / 22 :::: size: 73 / 82 :::: Compiler calls: 606, compilation errors: 576, runtime errors: 5, failed runs: 10, ok runs: 0
:::: FAILED :::: level: 0-24 / 22 :::: size: 72 / 82 :::: Compiler calls: 662, compilation errors: 636, runtime errors: 8, failed runs: 11, ok runs: 0
:::: FAILED :::: level: 0-24 / 22 :::: size: 72 / 82 :::: Compiler calls: 662, compilation errors: 636, runtime errors: 8, failed runs: 12, ok runs: 0
:::: FAILED :::: level: 0-24 / 22 :::: size: 71 / 82 :::: Compiler calls: 702, compilation errors: 663, runtime errors: 12, failed runs: 13, ok runs: 0
:::: FAILED :::: level: 0-24 / 22 :::: size: 70 / 82 :::: Compiler calls: 757, compilation errors: 726, runtime errors: 13, failed runs: 14, ok runs: 0
:::: FAILED :::: level: 0-24 / 22 :::: size: 69 / 82 :::: Compiler calls: 809, compilation errors: 772, runtime errors: 17, failed runs: 15, ok runs: 0
:::: FAILED :::: level: 0-24 / 22 :::: size: 68 / 82 :::: Compiler calls: 856, compilation errors: 806, runtime errors: 21, failed runs: 16, ok runs: 0
:::: FAILED :::: level: 0-24 / 22 :::: size: 66 / 82 :::: Compiler calls: 908, compilation errors: 854, runtime errors: 24, failed runs: 17, ok runs: 0
:::: FAILED :::: level: 0-24 / 22 :::: size: 65 / 82 :::: Compiler calls: 958, compilation errors: 903, runtime errors: 27, failed runs: 18, ok runs: 0
:::: FAILED :::: level: 0-24 / 22 :::: size: 63 / 82 :::: Compiler calls: 1006, compilation errors: 956, runtime errors: 29, failed runs: 19, ok runs: 0
:::: FAILED :::: level: 0-24 / 22 :::: size: 62 / 82 :::: Compiler calls: 1053, compilation errors: 999, runtime errors: 31, failed runs: 20, ok runs: 0
:::: FAILED :::: level: 0-24 / 22 :::: size: 61 / 82 :::: Compiler calls: 1099, compilation errors: 1038, runtime errors: 33, failed runs: 21, ok runs: 0
:::: FAILED :::: level: 0-24 / 22 :::: size: 60 / 82 :::: Compiler calls: 1144, compilation errors: 1086, runtime errors: 35, failed runs: 22, ok runs: 0
:::: FAILED :::: level: 0-24 / 22 :::: size: 59 / 82 :::: Compiler calls: 1188, compilation errors: 1129, runtime errors: 36, failed runs: 23, ok runs: 0
:::: FAILED :::: level: 0-24 / 22 :::: size: 58 / 82 :::: Compiler calls: 1290, compilation errors: 1226, runtime errors: 40, failed runs: 24, ok runs: 0
Level 0-24 took 21s 146ms
1100111111110111111100001111111111110110111111111111111100000001100110011001110011
############## After level 0-24 there are 4570 / 5118 fragments left :::: Compiler calls: 1348, compilation errors: 1282, runtime errors: 42, failed runs: 24, ok runs: 0
############## EXECUTING LVL 0-25 ##############
Level 0-25 took 481ms
111111
############## After level 0-25 there are 4570 / 5118 fragments left :::: Compiler calls: 1360, compilation errors: 1294, runtime errors: 42, failed runs: 24, ok runs: 0
############## EXECUTING LVL 0-26 ##############
Level 0-26 took 148ms
111
############## After level 0-26 there are 4570 / 5118 fragments left :::: Compiler calls: 1365, compilation errors: 1299, runtime errors: 42, failed runs: 24, ok runs: 0
############## EXECUTING LVL 0-27 ##############
:::: FAILED :::: level: 0-27 / 22 :::: size: 25 / 26 :::: Compiler calls: 1395, compilation errors: 1321, runtime errors: 42, failed runs: 25, ok runs: 0
:::: FAILED :::: level: 0-27 / 22 :::: size: 23 / 26 :::: Compiler calls: 1410, compilation errors: 1341, runtime errors: 43, failed runs: 26, ok runs: 0
:::: FAILED :::: level: 0-27 / 22 :::: size: 22 / 26 :::: Compiler calls: 1443, compilation errors: 1358, runtime errors: 43, failed runs: 27, ok runs: 0
:::: FAILED :::: level: 0-27 / 22 :::: size: 21 / 26 :::: Compiler calls: 1469, compilation errors: 1385, runtime errors: 45, failed runs: 28, ok runs: 0
:::: FAILED :::: level: 0-27 / 22 :::: size: 20 / 26 :::: Compiler calls: 1490, compilation errors: 1404, runtime errors: 46, failed runs: 29, ok runs: 0
:::: FAILED :::: level: 0-27 / 22 :::: size: 19 / 26 :::: Compiler calls: 1510, compilation errors: 1434, runtime errors: 46, failed runs: 30, ok runs: 0
Level 0-27 took 3s 137ms
11101111001011111011110011
############## After level 0-27 there are 4542 / 5118 fragments left :::: Compiler calls: 1529, compilation errors: 1453, runtime errors: 46, failed runs: 30, ok runs: 0
############## EXECUTING LVL 0-28 ##############
Level 0-28 took 137ms
111
############## After level 0-28 there are 4542 / 5118 fragments left :::: Compiler calls: 1534, compilation errors: 1458, runtime errors: 46, failed runs: 30, ok runs: 0
############## EXECUTING LVL 0-29 ##############
Level 0-29 took 134ms
111
############## After level 0-29 there are 4542 / 5118 fragments left :::: Compiler calls: 1539, compilation errors: 1463, runtime errors: 46, failed runs: 30, ok runs: 0
############## EXECUTING LVL 0-30 ##############
Level 0-30 took 170ms
111
############## After level 0-30 there are 4542 / 5118 fragments left :::: Compiler calls: 1544, compilation errors: 1468, runtime errors: 46, failed runs: 30, ok runs: 0
############## EXECUTING LVL 0-31 ##############
Level 0-31 took 461ms
111111
############## After level 0-31 there are 4542 / 5118 fragments left :::: Compiler calls: 1556, compilation errors: 1480, runtime errors: 46, failed runs: 30, ok runs: 0
############## EXECUTING LVL 0-32 ##############
Level 0-32 took 480ms
111111
############## After level 0-32 there are 4542 / 5118 fragments left :::: Compiler calls: 1568, compilation errors: 1492, runtime errors: 46, failed runs: 30, ok runs: 0
############## EXECUTING LVL 0-33 ##############
Level 0-33 took 189ms
111
############## After level 0-33 there are 4542 / 5118 fragments left :::: Compiler calls: 1573, compilation errors: 1497, runtime errors: 46, failed runs: 30, ok runs: 0
############## EXECUTING LVL 0-34 ##############
Level 0-34 took 395ms
111111
############## After level 0-34 there are 4542 / 5118 fragments left :::: Compiler calls: 1585, compilation errors: 1509, runtime errors: 46, failed runs: 30, ok runs: 0
############## EXECUTING LVL 0-35 ##############
Level 0-35 took 308ms
1111
############## After level 0-35 there are 4542 / 5118 fragments left :::: Compiler calls: 1591, compilation errors: 1515, runtime errors: 46, failed runs: 30, ok runs: 0
############## EXECUTING LVL 0-36 ##############
Level 0-36 took 186ms
111
############## After level 0-36 there are 4542 / 5118 fragments left :::: Compiler calls: 1596, compilation errors: 1520, runtime errors: 46, failed runs: 30, ok runs: 0
############## EXECUTING LVL 0-37 ##############
Level 0-37 took 426ms
111111
############## After level 0-37 there are 4542 / 5118 fragments left :::: Compiler calls: 1608, compilation errors: 1532, runtime errors: 46, failed runs: 30, ok runs: 0
############## EXECUTING LVL 0-38 ##############
Level 0-38 took 178ms
111
############## After level 0-38 there are 4542 / 5118 fragments left :::: Compiler calls: 1613, compilation errors: 1537, runtime errors: 46, failed runs: 30, ok runs: 0
############## EXECUTING LVL 0-39 ##############
:::: FAILED :::: level: 0-39 / 22 :::: size: 32 / 34 :::: Compiler calls: 1643, compilation errors: 1562, runtime errors: 46, failed runs: 31, ok runs: 0
:::: FAILED :::: level: 0-39 / 22 :::: size: 29 / 34 :::: Compiler calls: 1658, compilation errors: 1575, runtime errors: 47, failed runs: 32, ok runs: 0
:::: FAILED :::: level: 0-39 / 22 :::: size: 27 / 34 :::: Compiler calls: 1672, compilation errors: 1588, runtime errors: 47, failed runs: 33, ok runs: 0
:::: FAILED :::: level: 0-39 / 22 :::: size: 26 / 34 :::: Compiler calls: 1711, compilation errors: 1623, runtime errors: 48, failed runs: 34, ok runs: 0
:::: FAILED :::: level: 0-39 / 22 :::: size: 25 / 34 :::: Compiler calls: 1736, compilation errors: 1648, runtime errors: 49, failed runs: 35, ok runs: 0
:::: FAILED :::: level: 0-39 / 22 :::: size: 24 / 34 :::: Compiler calls: 1760, compilation errors: 1670, runtime errors: 51, failed runs: 36, ok runs: 0
:::: FAILED :::: level: 0-39 / 22 :::: size: 23 / 34 :::: Compiler calls: 1783, compilation errors: 1692, runtime errors: 53, failed runs: 37, ok runs: 0
:::: FAILED :::: level: 0-39 / 22 :::: size: 22 / 34 :::: Compiler calls: 1805, compilation errors: 1713, runtime errors: 54, failed runs: 38, ok runs: 0
Level 0-39 took 4s 495ms
1111000111111111111110100011100000
############## After level 0-39 there are 4517 / 5118 fragments left :::: Compiler calls: 1848, compilation errors: 1756, runtime errors: 54, failed runs: 38, ok runs: 0
############## EXECUTING LVL 0-40 ##############
Level 0-40 took 191ms
111
############## After level 0-40 there are 4517 / 5118 fragments left :::: Compiler calls: 1853, compilation errors: 1761, runtime errors: 54, failed runs: 38, ok runs: 0
############## EXECUTING LVL 0-41 ##############
Level 0-41 took 182ms
111
############## After level 0-41 there are 4517 / 5118 fragments left :::: Compiler calls: 1858, compilation errors: 1766, runtime errors: 54, failed runs: 38, ok runs: 0
############## EXECUTING LVL 0-42 ##############
Level 0-42 took 290ms
1111
############## After level 0-42 there are 4517 / 5118 fragments left :::: Compiler calls: 1864, compilation errors: 1772, runtime errors: 54, failed runs: 38, ok runs: 0
############## EXECUTING LVL 0-43 ##############
Level 0-43 took 127ms
111
############## After level 0-43 there are 4517 / 5118 fragments left :::: Compiler calls: 1869, compilation errors: 1777, runtime errors: 54, failed runs: 38, ok runs: 0
############## EXECUTING LVL 0-44 ##############
:::: FAILED :::: level: 0-44 / 22 :::: size: 47 / 50 :::: Compiler calls: 1899, compilation errors: 1806, runtime errors: 54, failed runs: 39, ok runs: 0
:::: FAILED :::: level: 0-44 / 22 :::: size: 46 / 50 :::: Compiler calls: 1981, compilation errors: 1874, runtime errors: 54, failed runs: 40, ok runs: 0
:::: FAILED :::: level: 0-44 / 22 :::: size: 45 / 50 :::: Compiler calls: 2008, compilation errors: 1895, runtime errors: 58, failed runs: 41, ok runs: 0
:::: FAILED :::: level: 0-44 / 22 :::: size: 44 / 50 :::: Compiler calls: 2054, compilation errors: 1939, runtime errors: 58, failed runs: 42, ok runs: 0
:::: FAILED :::: level: 0-44 / 22 :::: size: 43 / 50 :::: Compiler calls: 2093, compilation errors: 1976, runtime errors: 60, failed runs: 43, ok runs: 0
:::: FAILED :::: level: 0-44 / 22 :::: size: 42 / 50 :::: Compiler calls: 2138, compilation errors: 2025, runtime errors: 60, failed runs: 44, ok runs: 0
:::: FAILED :::: level: 0-44 / 22 :::: size: 41 / 50 :::: Compiler calls: 2180, compilation errors: 2070, runtime errors: 61, failed runs: 45, ok runs: 0
:::: FAILED :::: level: 0-44 / 22 :::: size: 40 / 50 :::: Compiler calls: 2221, compilation errors: 2114, runtime errors: 61, failed runs: 46, ok runs: 0
Level 0-44 took 4s 582ms
11011100001111101111111011101111111111101111111011
############## After level 0-44 there are 4489 / 5118 fragments left :::: Compiler calls: 2261, compilation errors: 2154, runtime errors: 61, failed runs: 46, ok runs: 0
############## EXECUTING LVL 0-45 ##############
Level 0-45 took 312ms
1111
############## After level 0-45 there are 4489 / 5118 fragments left :::: Compiler calls: 2267, compilation errors: 2160, runtime errors: 61, failed runs: 46, ok runs: 0
############## EXECUTING LVL 0-46 ##############
Level 0-46 took 232ms
1111
############## After level 0-46 there are 4489 / 5118 fragments left :::: Compiler calls: 2273, compilation errors: 2166, runtime errors: 61, failed runs: 46, ok runs: 0
############## EXECUTING LVL 0-47 ##############
