Using executor GDDrecTestExecutor with executor options:
{
	m_modulePath='/home/lukasbosshart/workspace/defects4j/bugs/chart_2_b/',
	m_sourceFolderPath='source/',
	m_unitTestFolderPath='tests/',
	m_unitTestMethod='org.jfree.data.general.junit.DatasetUtilitiesTests#testBug2849731_2',
	m_expectedResult='java.lang.NullPointerException',
	m_compilationType=IN_MEMORY,
	m_logLevel=INFO,
	m_logCompilationErrors=false,
	m_logRuntimeErrors=false,
	m_multipleRuns=false,
	m_numberOfThreads=16,
	m_preSliceCode=false,
	m_graphAlgorithmFragmentLimit=0,
	m_graphAlgorithmEscalatingFragmentLimit=false,
}
Manually query the graph in the neo4j browser: http://localhost:7474/browser/
Example Query: "MATCH (f:Fragment_20230705_052246) RETURN *;"
Formatting code in source folder
