Using executor CodeLineTestExecutor with executor options:
{
	m_modulePath='/home/lukasbosshart/workspace/defects4j/bugs/jsoup_9_b/',
	m_sourceFolderPath='src/main/java/',
	m_unitTestFolderPath='src/test/java/',
	m_unitTestMethod='org.jsoup.nodes.EntitiesTest#unescape',
	m_expectedResult='org.junit.ComparisonFailure',
	m_compilationType=IN_MEMORY,
	m_logLevel=INFO,
	m_logCompilationErrors=false,
	m_logRuntimeErrors=false,
	m_multipleRuns=true,
	m_numberOfThreads=16,
	m_preSliceCode=false,
	m_graphAlgorithmFragmentLimit=0,
	m_graphAlgorithmEscalatingFragmentLimit=false,
}
############## RUNNING TEST NR. 0 ##############
Formatting code in source folder
:::: FAILED :::: size: 8071 / 8071 :::: Compiler calls: 2, compilation errors: 1, runtime errors: 0, failed runs: 1, ok runs: 0
:::: FAILED :::: size: 7567 / 8071 :::: Compiler calls: 32, compilation errors: 30, runtime errors: 0, failed runs: 2, ok runs: 0
:::: FAILED :::: size: 7441 / 8071 :::: Compiler calls: 137, compilation errors: 132, runtime errors: 0, failed runs: 3, ok runs: 0
:::: FAILED :::: size: 7378 / 8071 :::: Compiler calls: 313, compilation errors: 309, runtime errors: 0, failed runs: 4, ok runs: 0
:::: FAILED :::: size: 7347 / 8071 :::: Compiler calls: 577, compilation errors: 557, runtime errors: 0, failed runs: 5, ok runs: 0
:::: FAILED :::: size: 7316 / 8071 :::: Compiler calls: 736, compilation errors: 713, runtime errors: 2, failed runs: 6, ok runs: 0
:::: FAILED :::: size: 7284 / 8071 :::: Compiler calls: 896, compilation errors: 871, runtime errors: 3, failed runs: 7, ok runs: 0
:::: FAILED :::: size: 7253 / 8071 :::: Compiler calls: 1128, compilation errors: 1110, runtime errors: 3, failed runs: 8, ok runs: 0
:::: FAILED :::: size: 7221 / 8071 :::: Compiler calls: 1358, compilation errors: 1339, runtime errors: 5, failed runs: 9, ok runs: 0
:::: FAILED :::: size: 7190 / 8071 :::: Compiler calls: 1587, compilation errors: 1569, runtime errors: 6, failed runs: 10, ok runs: 0
:::: FAILED :::: size: 7174 / 8071 :::: Compiler calls: 1908, compilation errors: 1876, runtime errors: 6, failed runs: 11, ok runs: 0
:::: FAILED :::: size: 7158 / 8071 :::: Compiler calls: 2116, compilation errors: 2083, runtime errors: 6, failed runs: 12, ok runs: 0
:::: FAILED :::: size: 7142 / 8071 :::: Compiler calls: 2368, compilation errors: 2334, runtime errors: 6, failed runs: 13, ok runs: 0
:::: FAILED :::: size: 7126 / 8071 :::: Compiler calls: 2626, compilation errors: 2589, runtime errors: 8, failed runs: 14, ok runs: 0
:::: FAILED :::: size: 7110 / 8071 :::: Compiler calls: 2879, compilation errors: 2840, runtime errors: 10, failed runs: 15, ok runs: 0
:::: FAILED :::: size: 7095 / 8071 :::: Compiler calls: 3135, compilation errors: 3094, runtime errors: 11, failed runs: 16, ok runs: 0
:::: FAILED :::: size: 7079 / 8071 :::: Compiler calls: 3421, compilation errors: 3378, runtime errors: 11, failed runs: 17, ok runs: 0
:::: FAILED :::: size: 7064 / 8071 :::: Compiler calls: 3710, compilation errors: 3666, runtime errors: 11, failed runs: 18, ok runs: 0
:::: FAILED :::: size: 7049 / 8071 :::: Compiler calls: 4051, compilation errors: 4006, runtime errors: 11, failed runs: 19, ok runs: 0
:::: FAILED :::: size: 7034 / 8071 :::: Compiler calls: 4471, compilation errors: 4425, runtime errors: 11, failed runs: 20, ok runs: 0
:::: FAILED :::: size: 7018 / 8071 :::: Compiler calls: 4874, compilation errors: 4824, runtime errors: 14, failed runs: 21, ok runs: 0
:::: FAILED :::: size: 7003 / 8071 :::: Compiler calls: 5311, compilation errors: 5260, runtime errors: 15, failed runs: 22, ok runs: 0
:::: FAILED :::: size: 6988 / 8071 :::: Compiler calls: 5758, compilation errors: 5709, runtime errors: 17, failed runs: 23, ok runs: 0
:::: FAILED :::: size: 6972 / 8071 :::: Compiler calls: 6121, compilation errors: 6064, runtime errors: 18, failed runs: 24, ok runs: 0
:::: FAILED :::: size: 6956 / 8071 :::: Compiler calls: 6484, compilation errors: 6425, runtime errors: 19, failed runs: 25, ok runs: 0
:::: FAILED :::: size: 6940 / 8071 :::: Compiler calls: 6926, compilation errors: 6874, runtime errors: 19, failed runs: 26, ok runs: 0
:::: FAILED :::: size: 6932 / 8071 :::: Compiler calls: 7419, compilation errors: 7358, runtime errors: 19, failed runs: 27, ok runs: 0
:::: FAILED :::: size: 6924 / 8071 :::: Compiler calls: 7535, compilation errors: 7474, runtime errors: 19, failed runs: 28, ok runs: 0
:::: FAILED :::: size: 6916 / 8071 :::: Compiler calls: 7653, compilation errors: 7587, runtime errors: 22, failed runs: 29, ok runs: 0
:::: FAILED :::: size: 6908 / 8071 :::: Compiler calls: 7772, compilation errors: 7703, runtime errors: 24, failed runs: 30, ok runs: 0
:::: FAILED :::: size: 6900 / 8071 :::: Compiler calls: 7903, compilation errors: 7833, runtime errors: 25, failed runs: 31, ok runs: 0
:::: FAILED :::: size: 6892 / 8071 :::: Compiler calls: 8062, compilation errors: 7990, runtime errors: 26, failed runs: 32, ok runs: 0
:::: FAILED :::: size: 6884 / 8071 :::: Compiler calls: 8240, compilation errors: 8165, runtime errors: 27, failed runs: 33, ok runs: 0
:::: FAILED :::: size: 6876 / 8071 :::: Compiler calls: 8439, compilation errors: 8362, runtime errors: 28, failed runs: 34, ok runs: 0
:::: FAILED :::: size: 6868 / 8071 :::: Compiler calls: 8646, compilation errors: 8567, runtime errors: 29, failed runs: 35, ok runs: 0
:::: FAILED :::: size: 6860 / 8071 :::: Compiler calls: 8889, compilation errors: 8809, runtime errors: 29, failed runs: 36, ok runs: 0
:::: FAILED :::: size: 6852 / 8071 :::: Compiler calls: 9146, compilation errors: 9065, runtime errors: 29, failed runs: 37, ok runs: 0
:::: FAILED :::: size: 6844 / 8071 :::: Compiler calls: 9471, compilation errors: 9389, runtime errors: 29, failed runs: 38, ok runs: 0
:::: FAILED :::: size: 6836 / 8071 :::: Compiler calls: 9793, compilation errors: 9710, runtime errors: 31, failed runs: 39, ok runs: 0
:::: FAILED :::: size: 6828 / 8071 :::: Compiler calls: 10141, compilation errors: 10055, runtime errors: 31, failed runs: 40, ok runs: 0
:::: FAILED :::: size: 6820 / 8071 :::: Compiler calls: 10560, compilation errors: 10474, runtime errors: 31, failed runs: 41, ok runs: 0
:::: FAILED :::: size: 6812 / 8071 :::: Compiler calls: 10950, compilation errors: 10862, runtime errors: 31, failed runs: 42, ok runs: 0
:::: FAILED :::: size: 6804 / 8071 :::: Compiler calls: 11412, compilation errors: 11324, runtime errors: 31, failed runs: 43, ok runs: 0
:::: FAILED :::: size: 6796 / 8071 :::: Compiler calls: 11888, compilation errors: 11796, runtime errors: 33, failed runs: 44, ok runs: 0
:::: FAILED :::: size: 6788 / 8071 :::: Compiler calls: 12364, compilation errors: 12271, runtime errors: 35, failed runs: 45, ok runs: 0
:::: FAILED :::: size: 6780 / 8071 :::: Compiler calls: 12854, compilation errors: 12757, runtime errors: 36, failed runs: 46, ok runs: 0
:::: FAILED :::: size: 6772 / 8071 :::: Compiler calls: 13349, compilation errors: 13249, runtime errors: 38, failed runs: 47, ok runs: 0
:::: FAILED :::: size: 6764 / 8071 :::: Compiler calls: 13832, compilation errors: 13732, runtime errors: 39, failed runs: 48, ok runs: 0
:::: FAILED :::: size: 6756 / 8071 :::: Compiler calls: 14387, compilation errors: 14285, runtime errors: 39, failed runs: 49, ok runs: 0
:::: FAILED :::: size: 6748 / 8071 :::: Compiler calls: 14931, compilation errors: 14825, runtime errors: 41, failed runs: 50, ok runs: 0
:::: FAILED :::: size: 6740 / 8071 :::: Compiler calls: 15497, compilation errors: 15389, runtime errors: 42, failed runs: 51, ok runs: 0
:::: FAILED :::: size: 6732 / 8071 :::: Compiler calls: 16082, compilation errors: 15972, runtime errors: 43, failed runs: 52, ok runs: 0
:::: FAILED :::: size: 6724 / 8071 :::: Compiler calls: 16690, compilation errors: 16579, runtime errors: 44, failed runs: 53, ok runs: 0
:::: FAILED :::: size: 6716 / 8071 :::: Compiler calls: 17305, compilation errors: 17191, runtime errors: 46, failed runs: 54, ok runs: 0
:::: FAILED :::: size: 6708 / 8071 :::: Compiler calls: 17920, compilation errors: 17802, runtime errors: 49, failed runs: 55, ok runs: 0
:::: FAILED :::: size: 6700 / 8071 :::: Compiler calls: 18553, compilation errors: 18431, runtime errors: 52, failed runs: 56, ok runs: 0
:::: FAILED :::: size: 6692 / 8071 :::: Compiler calls: 19197, compilation errors: 19070, runtime errors: 56, failed runs: 57, ok runs: 0
:::: FAILED :::: size: 6684 / 8071 :::: Compiler calls: 19831, compilation errors: 19699, runtime errors: 59, failed runs: 58, ok runs: 0
:::: FAILED :::: size: 6676 / 8071 :::: Compiler calls: 20470, compilation errors: 20335, runtime errors: 62, failed runs: 59, ok runs: 0
:::: FAILED :::: size: 6668 / 8071 :::: Compiler calls: 21112, compilation errors: 20974, runtime errors: 64, failed runs: 60, ok runs: 0
:::: FAILED :::: size: 6660 / 8071 :::: Compiler calls: 21337, compilation errors: 21196, runtime errors: 65, failed runs: 61, ok runs: 0
:::: FAILED :::: size: 6652 / 8071 :::: Compiler calls: 21573, compilation errors: 21432, runtime errors: 65, failed runs: 62, ok runs: 0
:::: FAILED :::: size: 6644 / 8071 :::: Compiler calls: 21812, compilation errors: 21669, runtime errors: 65, failed runs: 63, ok runs: 0
:::: FAILED :::: size: 6636 / 8071 :::: Compiler calls: 22465, compilation errors: 22321, runtime errors: 65, failed runs: 64, ok runs: 0
:::: FAILED :::: size: 6628 / 8071 :::: Compiler calls: 23108, compilation errors: 22962, runtime errors: 66, failed runs: 65, ok runs: 0
:::: FAILED :::: size: 6620 / 8071 :::: Compiler calls: 23327, compilation errors: 23181, runtime errors: 66, failed runs: 66, ok runs: 0
:::: FAILED :::: size: 6612 / 8071 :::: Compiler calls: 24045, compilation errors: 23898, runtime errors: 66, failed runs: 67, ok runs: 0
:::: FAILED :::: size: 6605 / 8071 :::: Compiler calls: 24733, compilation errors: 24582, runtime errors: 69, failed runs: 68, ok runs: 0
:::: FAILED :::: size: 6598 / 8071 :::: Compiler calls: 25441, compilation errors: 25288, runtime errors: 69, failed runs: 69, ok runs: 0
:::: FAILED :::: size: 6591 / 8071 :::: Compiler calls: 26182, compilation errors: 26027, runtime errors: 71, failed runs: 70, ok runs: 0
:::: FAILED :::: size: 6584 / 8071 :::: Compiler calls: 26925, compilation errors: 26764, runtime errors: 75, failed runs: 71, ok runs: 0
:::: FAILED :::: size: 6576 / 8071 :::: Compiler calls: 27616, compilation errors: 27451, runtime errors: 78, failed runs: 72, ok runs: 0
:::: FAILED :::: size: 6568 / 8071 :::: Compiler calls: 28323, compilation errors: 28157, runtime errors: 79, failed runs: 73, ok runs: 0
:::: FAILED :::: size: 6560 / 8071 :::: Compiler calls: 29036, compilation errors: 28868, runtime errors: 80, failed runs: 74, ok runs: 0
:::: FAILED :::: size: 6553 / 8071 :::: Compiler calls: 29792, compilation errors: 29622, runtime errors: 80, failed runs: 75, ok runs: 0
:::: FAILED :::: size: 6553 / 8071 :::: Compiler calls: 29793, compilation errors: 29622, runtime errors: 80, failed runs: 76, ok runs: 0
:::: FAILED :::: size: 6545 / 8071 :::: Compiler calls: 30515, compilation errors: 30340, runtime errors: 84, failed runs: 77, ok runs: 0
:::: FAILED :::: size: 6538 / 8071 :::: Compiler calls: 31259, compilation errors: 31078, runtime errors: 88, failed runs: 78, ok runs: 0
:::: FAILED :::: size: 6530 / 8071 :::: Compiler calls: 31999, compilation errors: 31813, runtime errors: 92, failed runs: 79, ok runs: 0
:::: FAILED :::: size: 6523 / 8071 :::: Compiler calls: 32728, compilation errors: 32538, runtime errors: 96, failed runs: 80, ok runs: 0
:::: FAILED :::: size: 6516 / 8071 :::: Compiler calls: 33490, compilation errors: 33298, runtime errors: 97, failed runs: 81, ok runs: 0
:::: FAILED :::: size: 6509 / 8071 :::: Compiler calls: 34244, compilation errors: 34045, runtime errors: 103, failed runs: 82, ok runs: 0
:::: FAILED :::: size: 6502 / 8071 :::: Compiler calls: 34940, compilation errors: 34735, runtime errors: 107, failed runs: 83, ok runs: 0
:::: FAILED :::: size: 6494 / 8071 :::: Compiler calls: 35648, compilation errors: 35440, runtime errors: 109, failed runs: 84, ok runs: 0
:::: FAILED :::: size: 6486 / 8071 :::: Compiler calls: 36355, compilation errors: 36145, runtime errors: 110, failed runs: 85, ok runs: 0
:::: FAILED :::: size: 6478 / 8071 :::: Compiler calls: 37087, compilation errors: 36876, runtime errors: 110, failed runs: 86, ok runs: 0
:::: FAILED :::: size: 6471 / 8071 :::: Compiler calls: 37833, compilation errors: 37620, runtime errors: 111, failed runs: 87, ok runs: 0
:::: FAILED :::: size: 6463 / 8071 :::: Compiler calls: 38506, compilation errors: 38291, runtime errors: 112, failed runs: 88, ok runs: 0
:::: FAILED :::: size: 6455 / 8071 :::: Compiler calls: 39276, compilation errors: 39060, runtime errors: 112, failed runs: 89, ok runs: 0
:::: FAILED :::: size: 6448 / 8071 :::: Compiler calls: 40034, compilation errors: 39814, runtime errors: 116, failed runs: 90, ok runs: 0
:::: FAILED :::: size: 6440 / 8071 :::: Compiler calls: 40804, compilation errors: 40580, runtime errors: 118, failed runs: 91, ok runs: 0
:::: FAILED :::: size: 6433 / 8071 :::: Compiler calls: 41589, compilation errors: 41362, runtime errors: 120, failed runs: 92, ok runs: 0
:::: FAILED :::: size: 6432 / 8071 :::: Compiler calls: 41589, compilation errors: 41362, runtime errors: 120, failed runs: 93, ok runs: 0
:::: FAILED :::: size: 6425 / 8071 :::: Compiler calls: 42372, compilation errors: 42139, runtime errors: 124, failed runs: 94, ok runs: 0
:::: FAILED :::: size: 6417 / 8071 :::: Compiler calls: 43112, compilation errors: 42875, runtime errors: 127, failed runs: 95, ok runs: 0
:::: FAILED :::: size: 6409 / 8071 :::: Compiler calls: 43897, compilation errors: 43659, runtime errors: 127, failed runs: 96, ok runs: 0
:::: FAILED :::: size: 6402 / 8071 :::: Compiler calls: 44680, compilation errors: 44437, runtime errors: 132, failed runs: 97, ok runs: 0
:::: FAILED :::: size: 6394 / 8071 :::: Compiler calls: 45477, compilation errors: 45227, runtime errors: 137, failed runs: 98, ok runs: 0
:::: FAILED :::: size: 6387 / 8071 :::: Compiler calls: 46273, compilation errors: 46016, runtime errors: 143, failed runs: 99, ok runs: 0
:::: FAILED :::: size: 6379 / 8071 :::: Compiler calls: 47081, compilation errors: 46818, runtime errors: 148, failed runs: 100, ok runs: 0
:::: FAILED :::: size: 6372 / 8071 :::: Compiler calls: 47874, compilation errors: 47606, runtime errors: 152, failed runs: 101, ok runs: 0
:::: FAILED :::: size: 6365 / 8071 :::: Compiler calls: 48663, compilation errors: 48393, runtime errors: 154, failed runs: 102, ok runs: 0
:::: FAILED :::: size: 6358 / 8071 :::: Compiler calls: 49458, compilation errors: 49184, runtime errors: 156, failed runs: 103, ok runs: 0
:::: FAILED :::: size: 6351 / 8071 :::: Compiler calls: 50216, compilation errors: 49940, runtime errors: 158, failed runs: 104, ok runs: 0
:::: FAILED :::: size: 6344 / 8071 :::: Compiler calls: 50989, compilation errors: 50709, runtime errors: 160, failed runs: 105, ok runs: 0
:::: FAILED :::: size: 6337 / 8071 :::: Compiler calls: 51742, compilation errors: 51460, runtime errors: 161, failed runs: 106, ok runs: 0
:::: FAILED :::: size: 6329 / 8071 :::: Compiler calls: 52415, compilation errors: 52132, runtime errors: 161, failed runs: 107, ok runs: 0
:::: FAILED :::: size: 6321 / 8071 :::: Compiler calls: 53217, compilation errors: 52939, runtime errors: 161, failed runs: 108, ok runs: 0
:::: FAILED :::: size: 6314 / 8071 :::: Compiler calls: 53967, compilation errors: 53678, runtime errors: 165, failed runs: 109, ok runs: 0
:::: FAILED :::: size: 6307 / 8071 :::: Compiler calls: 54762, compilation errors: 54473, runtime errors: 165, failed runs: 110, ok runs: 0
:::: FAILED :::: size: 6299 / 8071 :::: Compiler calls: 55562, compilation errors: 55282, runtime errors: 167, failed runs: 111, ok runs: 0
:::: FAILED :::: size: 6295 / 8071 :::: Compiler calls: 56412, compilation errors: 56116, runtime errors: 169, failed runs: 112, ok runs: 0
:::: FAILED :::: size: 6291 / 8071 :::: Compiler calls: 56458, compilation errors: 56159, runtime errors: 171, failed runs: 113, ok runs: 0
:::: FAILED :::: size: 6287 / 8071 :::: Compiler calls: 56526, compilation errors: 56225, runtime errors: 172, failed runs: 114, ok runs: 0
:::: FAILED :::: size: 6283 / 8071 :::: Compiler calls: 56624, compilation errors: 56322, runtime errors: 172, failed runs: 115, ok runs: 0
:::: FAILED :::: size: 6279 / 8071 :::: Compiler calls: 56728, compilation errors: 56424, runtime errors: 173, failed runs: 116, ok runs: 0
:::: FAILED :::: size: 6275 / 8071 :::: Compiler calls: 56903, compilation errors: 56598, runtime errors: 173, failed runs: 117, ok runs: 0
:::: FAILED :::: size: 6271 / 8071 :::: Compiler calls: 57082, compilation errors: 56775, runtime errors: 175, failed runs: 118, ok runs: 0
:::: FAILED :::: size: 6267 / 8071 :::: Compiler calls: 57268, compilation errors: 56957, runtime errors: 177, failed runs: 119, ok runs: 0
:::: FAILED :::: size: 6263 / 8071 :::: Compiler calls: 57473, compilation errors: 57161, runtime errors: 178, failed runs: 120, ok runs: 0
:::: FAILED :::: size: 6259 / 8071 :::: Compiler calls: 57694, compilation errors: 57379, runtime errors: 179, failed runs: 121, ok runs: 0
:::: FAILED :::: size: 6255 / 8071 :::: Compiler calls: 57930, compilation errors: 57612, runtime errors: 181, failed runs: 122, ok runs: 0
:::: FAILED :::: size: 6251 / 8071 :::: Compiler calls: 58161, compilation errors: 57839, runtime errors: 184, failed runs: 123, ok runs: 0
:::: FAILED :::: size: 6247 / 8071 :::: Compiler calls: 58404, compilation errors: 58080, runtime errors: 185, failed runs: 124, ok runs: 0
:::: FAILED :::: size: 6243 / 8071 :::: Compiler calls: 58655, compilation errors: 58330, runtime errors: 187, failed runs: 125, ok runs: 0
:::: FAILED :::: size: 6239 / 8071 :::: Compiler calls: 58921, compilation errors: 58590, runtime errors: 190, failed runs: 126, ok runs: 0
:::: FAILED :::: size: 6235 / 8071 :::: Compiler calls: 59192, compilation errors: 58858, runtime errors: 192, failed runs: 127, ok runs: 0
:::: FAILED :::: size: 6231 / 8071 :::: Compiler calls: 59458, compilation errors: 59120, runtime errors: 196, failed runs: 128, ok runs: 0
:::: FAILED :::: size: 6227 / 8071 :::: Compiler calls: 59734, compilation errors: 59393, runtime errors: 198, failed runs: 129, ok runs: 0
:::: FAILED :::: size: 6227 / 8071 :::: Compiler calls: 59734, compilation errors: 59393, runtime errors: 198, failed runs: 130, ok runs: 0
:::: FAILED :::: size: 6223 / 8071 :::: Compiler calls: 60011, compilation errors: 59666, runtime errors: 199, failed runs: 131, ok runs: 0
:::: FAILED :::: size: 6219 / 8071 :::: Compiler calls: 60307, compilation errors: 59960, runtime errors: 200, failed runs: 132, ok runs: 0
:::: FAILED :::: size: 6215 / 8071 :::: Compiler calls: 60604, compilation errors: 60254, runtime errors: 202, failed runs: 133, ok runs: 0
:::: FAILED :::: size: 6211 / 8071 :::: Compiler calls: 60903, compilation errors: 60550, runtime errors: 205, failed runs: 134, ok runs: 0
:::: FAILED :::: size: 6207 / 8071 :::: Compiler calls: 61206, compilation errors: 60851, runtime errors: 207, failed runs: 135, ok runs: 0
:::: FAILED :::: size: 6203 / 8071 :::: Compiler calls: 61533, compilation errors: 61176, runtime errors: 208, failed runs: 136, ok runs: 0
:::: FAILED :::: size: 6199 / 8071 :::: Compiler calls: 61865, compilation errors: 61503, runtime errors: 210, failed runs: 137, ok runs: 0
:::: FAILED :::: size: 6195 / 8071 :::: Compiler calls: 62197, compilation errors: 61833, runtime errors: 211, failed runs: 138, ok runs: 0
:::: FAILED :::: size: 6191 / 8071 :::: Compiler calls: 62545, compilation errors: 62178, runtime errors: 213, failed runs: 139, ok runs: 0
:::: FAILED :::: size: 6187 / 8071 :::: Compiler calls: 62887, compilation errors: 62515, runtime errors: 217, failed runs: 140, ok runs: 0
:::: FAILED :::: size: 6183 / 8071 :::: Compiler calls: 63234, compilation errors: 62858, runtime errors: 221, failed runs: 141, ok runs: 0
:::: FAILED :::: size: 6179 / 8071 :::: Compiler calls: 63569, compilation errors: 63187, runtime errors: 226, failed runs: 142, ok runs: 0
:::: FAILED :::: size: 6175 / 8071 :::: Compiler calls: 63927, compilation errors: 63543, runtime errors: 226, failed runs: 143, ok runs: 0
:::: FAILED :::: size: 6171 / 8071 :::: Compiler calls: 64290, compilation errors: 63901, runtime errors: 230, failed runs: 144, ok runs: 0
:::: FAILED :::: size: 6167 / 8071 :::: Compiler calls: 64657, compilation errors: 64262, runtime errors: 235, failed runs: 145, ok runs: 0
:::: FAILED :::: size: 6163 / 8071 :::: Compiler calls: 65013, compilation errors: 64612, runtime errors: 240, failed runs: 146, ok runs: 0
:::: FAILED :::: size: 6159 / 8071 :::: Compiler calls: 65392, compilation errors: 64988, runtime errors: 242, failed runs: 147, ok runs: 0
:::: FAILED :::: size: 6155 / 8071 :::: Compiler calls: 65755, compilation errors: 65347, runtime errors: 245, failed runs: 148, ok runs: 0
:::: FAILED :::: size: 6151 / 8071 :::: Compiler calls: 66125, compilation errors: 65715, runtime errors: 246, failed runs: 149, ok runs: 0
:::: FAILED :::: size: 6147 / 8071 :::: Compiler calls: 66510, compilation errors: 66097, runtime errors: 248, failed runs: 150, ok runs: 0
:::: FAILED :::: size: 6143 / 8071 :::: Compiler calls: 66895, compilation errors: 66479, runtime errors: 250, failed runs: 151, ok runs: 0
:::: FAILED :::: size: 6139 / 8071 :::: Compiler calls: 67310, compilation errors: 66892, runtime errors: 251, failed runs: 152, ok runs: 0
:::: FAILED :::: size: 6135 / 8071 :::: Compiler calls: 67713, compilation errors: 67292, runtime errors: 254, failed runs: 153, ok runs: 0
:::: FAILED :::: size: 6131 / 8071 :::: Compiler calls: 68144, compilation errors: 67720, runtime errors: 255, failed runs: 154, ok runs: 0
:::: FAILED :::: size: 6127 / 8071 :::: Compiler calls: 68561, compilation errors: 68136, runtime errors: 256, failed runs: 155, ok runs: 0
:::: FAILED :::: size: 6123 / 8071 :::: Compiler calls: 69001, compilation errors: 68574, runtime errors: 256, failed runs: 156, ok runs: 0
:::: FAILED :::: size: 6119 / 8071 :::: Compiler calls: 69447, compilation errors: 69017, runtime errors: 258, failed runs: 157, ok runs: 0
:::: FAILED :::: size: 6115 / 8071 :::: Compiler calls: 69898, compilation errors: 69464, runtime errors: 261, failed runs: 158, ok runs: 0
:::: FAILED :::: size: 6111 / 8071 :::: Compiler calls: 70356, compilation errors: 69918, runtime errors: 264, failed runs: 159, ok runs: 0
:::: FAILED :::: size: 6107 / 8071 :::: Compiler calls: 70818, compilation errors: 70376, runtime errors: 267, failed runs: 160, ok runs: 0
:::: FAILED :::: size: 6103 / 8071 :::: Compiler calls: 71278, compilation errors: 70833, runtime errors: 269, failed runs: 161, ok runs: 0
:::: FAILED :::: size: 6099 / 8071 :::: Compiler calls: 71738, compilation errors: 71291, runtime errors: 271, failed runs: 162, ok runs: 0
:::: FAILED :::: size: 6095 / 8071 :::: Compiler calls: 72213, compilation errors: 71763, runtime errors: 272, failed runs: 163, ok runs: 0
:::: FAILED :::: size: 6091 / 8071 :::: Compiler calls: 72708, compilation errors: 72258, runtime errors: 272, failed runs: 164, ok runs: 0
:::: FAILED :::: size: 6087 / 8071 :::: Compiler calls: 73212, compilation errors: 72759, runtime errors: 273, failed runs: 165, ok runs: 0
:::: FAILED :::: size: 6083 / 8071 :::: Compiler calls: 73728, compilation errors: 73272, runtime errors: 276, failed runs: 166, ok runs: 0
:::: FAILED :::: size: 6079 / 8071 :::: Compiler calls: 74237, compilation errors: 73776, runtime errors: 279, failed runs: 167, ok runs: 0
:::: FAILED :::: size: 6075 / 8071 :::: Compiler calls: 74749, compilation errors: 74286, runtime errors: 280, failed runs: 168, ok runs: 0
:::: FAILED :::: size: 6071 / 8071 :::: Compiler calls: 75278, compilation errors: 74815, runtime errors: 281, failed runs: 169, ok runs: 0
:::: FAILED :::: size: 6067 / 8071 :::: Compiler calls: 75835, compilation errors: 75366, runtime errors: 284, failed runs: 170, ok runs: 0
:::: FAILED :::: size: 6063 / 8071 :::: Compiler calls: 76368, compilation errors: 75895, runtime errors: 287, failed runs: 171, ok runs: 0
:::: FAILED :::: size: 6059 / 8071 :::: Compiler calls: 76926, compilation errors: 76451, runtime errors: 288, failed runs: 172, ok runs: 0
:::: FAILED :::: size: 6055 / 8071 :::: Compiler calls: 77508, compilation errors: 77030, runtime errors: 290, failed runs: 173, ok runs: 0
:::: FAILED :::: size: 6051 / 8071 :::: Compiler calls: 78086, compilation errors: 77605, runtime errors: 292, failed runs: 174, ok runs: 0
:::: FAILED :::: size: 6047 / 8071 :::: Compiler calls: 78672, compilation errors: 78189, runtime errors: 293, failed runs: 175, ok runs: 0
:::: FAILED :::: size: 6043 / 8071 :::: Compiler calls: 79287, compilation errors: 78803, runtime errors: 293, failed runs: 176, ok runs: 0
:::: FAILED :::: size: 6039 / 8071 :::: Compiler calls: 79886, compilation errors: 79397, runtime errors: 297, failed runs: 177, ok runs: 0
:::: FAILED :::: size: 6035 / 8071 :::: Compiler calls: 80513, compilation errors: 80021, runtime errors: 299, failed runs: 178, ok runs: 0
:::: FAILED :::: size: 6031 / 8071 :::: Compiler calls: 81132, compilation errors: 80638, runtime errors: 301, failed runs: 179, ok runs: 0
:::: FAILED :::: size: 6027 / 8071 :::: Compiler calls: 81753, compilation errors: 81255, runtime errors: 303, failed runs: 180, ok runs: 0
:::: FAILED :::: size: 6023 / 8071 :::: Compiler calls: 82389, compilation errors: 81889, runtime errors: 304, failed runs: 181, ok runs: 0
:::: FAILED :::: size: 6019 / 8071 :::: Compiler calls: 83030, compilation errors: 82528, runtime errors: 305, failed runs: 182, ok runs: 0
:::: FAILED :::: size: 6015 / 8071 :::: Compiler calls: 83675, compilation errors: 83169, runtime errors: 308, failed runs: 183, ok runs: 0
:::: FAILED :::: size: 6011 / 8071 :::: Compiler calls: 84315, compilation errors: 83807, runtime errors: 310, failed runs: 184, ok runs: 0
:::: FAILED :::: size: 6007 / 8071 :::: Compiler calls: 84990, compilation errors: 84478, runtime errors: 312, failed runs: 185, ok runs: 0
:::: FAILED :::: size: 6003 / 8071 :::: Compiler calls: 85662, compilation errors: 85147, runtime errors: 314, failed runs: 186, ok runs: 0
:::: FAILED :::: size: 5999 / 8071 :::: Compiler calls: 86370, compilation errors: 85855, runtime errors: 314, failed runs: 187, ok runs: 0
:::: FAILED :::: size: 5995 / 8071 :::: Compiler calls: 87061, compilation errors: 86542, runtime errors: 317, failed runs: 188, ok runs: 0
:::: FAILED :::: size: 5991 / 8071 :::: Compiler calls: 87770, compilation errors: 87248, runtime errors: 318, failed runs: 189, ok runs: 0
:::: FAILED :::: size: 5987 / 8071 :::: Compiler calls: 88490, compilation errors: 87968, runtime errors: 318, failed runs: 190, ok runs: 0
:::: FAILED :::: size: 5983 / 8071 :::: Compiler calls: 89212, compilation errors: 88689, runtime errors: 320, failed runs: 191, ok runs: 0
:::: FAILED :::: size: 5979 / 8071 :::: Compiler calls: 89947, compilation errors: 89421, runtime errors: 321, failed runs: 192, ok runs: 0
:::: FAILED :::: size: 5975 / 8071 :::: Compiler calls: 90709, compilation errors: 90180, runtime errors: 321, failed runs: 193, ok runs: 0
:::: FAILED :::: size: 5971 / 8071 :::: Compiler calls: 91476, compilation errors: 90944, runtime errors: 323, failed runs: 194, ok runs: 0
:::: FAILED :::: size: 5967 / 8071 :::: Compiler calls: 92245, compilation errors: 91711, runtime errors: 324, failed runs: 195, ok runs: 0
:::: FAILED :::: size: 5963 / 8071 :::: Compiler calls: 93050, compilation errors: 92514, runtime errors: 325, failed runs: 196, ok runs: 0
:::: FAILED :::: size: 5959 / 8071 :::: Compiler calls: 93898, compilation errors: 93361, runtime errors: 325, failed runs: 197, ok runs: 0
:::: FAILED :::: size: 5955 / 8071 :::: Compiler calls: 94761, compilation errors: 94222, runtime errors: 326, failed runs: 198, ok runs: 0
:::: FAILED :::: size: 5951 / 8071 :::: Compiler calls: 95637, compilation errors: 95094, runtime errors: 329, failed runs: 199, ok runs: 0
:::: FAILED :::: size: 5951 / 8071 :::: Compiler calls: 95638, compilation errors: 95094, runtime errors: 329, failed runs: 200, ok runs: 0
:::: FAILED :::: size: 5947 / 8071 :::: Compiler calls: 96515, compilation errors: 95968, runtime errors: 331, failed runs: 201, ok runs: 0
:::: FAILED :::: size: 5943 / 8071 :::: Compiler calls: 97393, compilation errors: 96841, runtime errors: 335, failed runs: 202, ok runs: 0
:::: FAILED :::: size: 5939 / 8071 :::: Compiler calls: 98268, compilation errors: 97711, runtime errors: 339, failed runs: 203, ok runs: 0
:::: FAILED :::: size: 5935 / 8071 :::: Compiler calls: 99147, compilation errors: 98587, runtime errors: 341, failed runs: 204, ok runs: 0
:::: FAILED :::: size: 5935 / 8071 :::: Compiler calls: 99147, compilation errors: 98587, runtime errors: 341, failed runs: 205, ok runs: 0
:::: FAILED :::: size: 5931 / 8071 :::: Compiler calls: 100037, compilation errors: 99476, runtime errors: 342, failed runs: 206, ok runs: 0
:::: FAILED :::: size: 5927 / 8071 :::: Compiler calls: 100935, compilation errors: 100368, runtime errors: 346, failed runs: 207, ok runs: 0
:::: FAILED :::: size: 5923 / 8071 :::: Compiler calls: 101839, compilation errors: 101268, runtime errors: 349, failed runs: 208, ok runs: 0
:::: FAILED :::: size: 5919 / 8071 :::: Compiler calls: 102732, compilation errors: 102156, runtime errors: 353, failed runs: 209, ok runs: 0
:::: FAILED :::: size: 5915 / 8071 :::: Compiler calls: 103623, compilation errors: 103044, runtime errors: 354, failed runs: 210, ok runs: 0
:::: FAILED :::: size: 5911 / 8071 :::: Compiler calls: 104530, compilation errors: 103949, runtime errors: 355, failed runs: 211, ok runs: 0
:::: FAILED :::: size: 5907 / 8071 :::: Compiler calls: 105444, compilation errors: 104859, runtime errors: 359, failed runs: 212, ok runs: 0
:::: FAILED :::: size: 5903 / 8071 :::: Compiler calls: 106361, compilation errors: 105770, runtime errors: 363, failed runs: 213, ok runs: 0
:::: FAILED :::: size: 5899 / 8071 :::: Compiler calls: 107282, compilation errors: 106685, runtime errors: 368, failed runs: 214, ok runs: 0
:::: FAILED :::: size: 5895 / 8071 :::: Compiler calls: 108202, compilation errors: 107599, runtime errors: 374, failed runs: 215, ok runs: 0
:::: FAILED :::: size: 5891 / 8071 :::: Compiler calls: 109121, compilation errors: 108512, runtime errors: 378, failed runs: 216, ok runs: 0
:::: FAILED :::: size: 5887 / 8071 :::: Compiler calls: 110043, compilation errors: 109429, runtime errors: 382, failed runs: 217, ok runs: 0
:::: FAILED :::: size: 5883 / 8071 :::: Compiler calls: 110967, compilation errors: 110348, runtime errors: 386, failed runs: 218, ok runs: 0
:::: FAILED :::: size: 5879 / 8071 :::: Compiler calls: 111898, compilation errors: 111276, runtime errors: 388, failed runs: 219, ok runs: 0
:::: FAILED :::: size: 5875 / 8071 :::: Compiler calls: 112825, compilation errors: 112198, runtime errors: 393, failed runs: 220, ok runs: 0
:::: FAILED :::: size: 5871 / 8071 :::: Compiler calls: 113766, compilation errors: 113135, runtime errors: 395, failed runs: 221, ok runs: 0
:::: FAILED :::: size: 5867 / 8071 :::: Compiler calls: 114709, compilation errors: 114073, runtime errors: 399, failed runs: 222, ok runs: 0
:::: FAILED :::: size: 5863 / 8071 :::: Compiler calls: 115654, compilation errors: 115012, runtime errors: 404, failed runs: 223, ok runs: 0
:::: FAILED :::: size: 5859 / 8071 :::: Compiler calls: 116616, compilation errors: 115969, runtime errors: 408, failed runs: 224, ok runs: 0
:::: FAILED :::: size: 5855 / 8071 :::: Compiler calls: 117569, compilation errors: 116918, runtime errors: 411, failed runs: 225, ok runs: 0
:::: FAILED :::: size: 5851 / 8071 :::: Compiler calls: 118536, compilation errors: 117882, runtime errors: 413, failed runs: 226, ok runs: 0
:::: FAILED :::: size: 5847 / 8071 :::: Compiler calls: 119492, compilation errors: 118837, runtime errors: 414, failed runs: 227, ok runs: 0
:::: FAILED :::: size: 5843 / 8071 :::: Compiler calls: 120487, compilation errors: 119830, runtime errors: 414, failed runs: 228, ok runs: 0
:::: FAILED :::: size: 5839 / 8071 :::: Compiler calls: 121488, compilation errors: 120831, runtime errors: 416, failed runs: 229, ok runs: 0
:::: FAILED :::: size: 5835 / 8071 :::: Compiler calls: 122514, compilation errors: 121853, runtime errors: 416, failed runs: 230, ok runs: 0
:::: FAILED :::: size: 5831 / 8071 :::: Compiler calls: 123537, compilation errors: 122871, runtime errors: 421, failed runs: 231, ok runs: 0
:::: FAILED :::: size: 5827 / 8071 :::: Compiler calls: 124561, compilation errors: 123889, runtime errors: 425, failed runs: 232, ok runs: 0
:::: FAILED :::: size: 5827 / 8071 :::: Compiler calls: 124562, compilation errors: 123889, runtime errors: 425, failed runs: 233, ok runs: 0
:::: FAILED :::: size: 5827 / 8071 :::: Compiler calls: 124563, compilation errors: 123889, runtime errors: 425, failed runs: 234, ok runs: 0
:::: FAILED :::: size: 5823 / 8071 :::: Compiler calls: 125580, compilation errors: 124904, runtime errors: 426, failed runs: 235, ok runs: 0
:::: FAILED :::: size: 5819 / 8071 :::: Compiler calls: 126608, compilation errors: 125930, runtime errors: 427, failed runs: 236, ok runs: 0
:::: FAILED :::: size: 5815 / 8071 :::: Compiler calls: 127636, compilation errors: 126956, runtime errors: 428, failed runs: 237, ok runs: 0
:::: FAILED :::: size: 5811 / 8071 :::: Compiler calls: 128688, compilation errors: 128007, runtime errors: 428, failed runs: 238, ok runs: 0
:::: FAILED :::: size: 5807 / 8071 :::: Compiler calls: 129741, compilation errors: 129058, runtime errors: 429, failed runs: 239, ok runs: 0
:::: FAILED :::: size: 5803 / 8071 :::: Compiler calls: 130818, compilation errors: 130133, runtime errors: 430, failed runs: 240, ok runs: 0
:::: FAILED :::: size: 5799 / 8071 :::: Compiler calls: 131908, compilation errors: 131221, runtime errors: 432, failed runs: 241, ok runs: 0
:::: FAILED :::: size: 5795 / 8071 :::: Compiler calls: 133005, compilation errors: 132312, runtime errors: 437, failed runs: 242, ok runs: 0
:::: FAILED :::: size: 5791 / 8071 :::: Compiler calls: 134127, compilation errors: 133429, runtime errors: 441, failed runs: 243, ok runs: 0
:::: FAILED :::: size: 5787 / 8071 :::: Compiler calls: 134513, compilation errors: 133809, runtime errors: 445, failed runs: 244, ok runs: 0
:::: FAILED :::: size: 5783 / 8071 :::: Compiler calls: 134893, compilation errors: 134188, runtime errors: 445, failed runs: 245, ok runs: 0
:::: FAILED :::: size: 5779 / 8071 :::: Compiler calls: 136012, compilation errors: 135307, runtime errors: 445, failed runs: 246, ok runs: 0
:::: FAILED :::: size: 5775 / 8071 :::: Compiler calls: 136378, compilation errors: 135669, runtime errors: 448, failed runs: 247, ok runs: 0
:::: FAILED :::: size: 5771 / 8071 :::: Compiler calls: 136782, compilation errors: 136071, runtime errors: 448, failed runs: 248, ok runs: 0
:::: FAILED :::: size: 5767 / 8071 :::: Compiler calls: 137904, compilation errors: 137192, runtime errors: 448, failed runs: 249, ok runs: 0
:::: FAILED :::: size: 5763 / 8071 :::: Compiler calls: 138282, compilation errors: 137568, runtime errors: 450, failed runs: 250, ok runs: 0
:::: FAILED :::: size: 5759 / 8071 :::: Compiler calls: 138636, compilation errors: 137920, runtime errors: 450, failed runs: 251, ok runs: 0
:::: FAILED :::: size: 5755 / 8071 :::: Compiler calls: 139008, compilation errors: 138288, runtime errors: 453, failed runs: 252, ok runs: 0
:::: FAILED :::: size: 5751 / 8071 :::: Compiler calls: 139368, compilation errors: 138645, runtime errors: 455, failed runs: 253, ok runs: 0
:::: FAILED :::: size: 5747 / 8071 :::: Compiler calls: 139736, compilation errors: 139012, runtime errors: 456, failed runs: 254, ok runs: 0
:::: FAILED :::: size: 5743 / 8071 :::: Compiler calls: 140106, compilation errors: 139381, runtime errors: 456, failed runs: 255, ok runs: 0
:::: FAILED :::: size: 5739 / 8071 :::: Compiler calls: 140471, compilation errors: 139744, runtime errors: 457, failed runs: 256, ok runs: 0
:::: FAILED :::: size: 5735 / 8071 :::: Compiler calls: 141295, compilation errors: 140566, runtime errors: 457, failed runs: 257, ok runs: 0
:::: FAILED :::: size: 5731 / 8071 :::: Compiler calls: 142425, compilation errors: 141696, runtime errors: 457, failed runs: 258, ok runs: 0
:::: FAILED :::: size: 5727 / 8071 :::: Compiler calls: 143537, compilation errors: 142804, runtime errors: 459, failed runs: 259, ok runs: 0
:::: FAILED :::: size: 5723 / 8071 :::: Compiler calls: 143924, compilation errors: 143189, runtime errors: 460, failed runs: 260, ok runs: 0
:::: FAILED :::: size: 5719 / 8071 :::: Compiler calls: 144303, compilation errors: 143566, runtime errors: 461, failed runs: 261, ok runs: 0
:::: FAILED :::: size: 5715 / 8071 :::: Compiler calls: 144696, compilation errors: 143957, runtime errors: 462, failed runs: 262, ok runs: 0
:::: FAILED :::: size: 5711 / 8071 :::: Compiler calls: 145794, compilation errors: 145057, runtime errors: 462, failed runs: 263, ok runs: 0
:::: FAILED :::: size: 5707 / 8071 :::: Compiler calls: 146933, compilation errors: 146193, runtime errors: 462, failed runs: 264, ok runs: 0
:::: FAILED :::: size: 5703 / 8071 :::: Compiler calls: 148084, compilation errors: 147341, runtime errors: 463, failed runs: 265, ok runs: 0
:::: FAILED :::: size: 5699 / 8071 :::: Compiler calls: 149234, compilation errors: 148490, runtime errors: 464, failed runs: 266, ok runs: 0
:::: FAILED :::: size: 5695 / 8071 :::: Compiler calls: 150416, compilation errors: 149669, runtime errors: 465, failed runs: 267, ok runs: 0
:::: FAILED :::: size: 5691 / 8071 :::: Compiler calls: 151597, compilation errors: 150847, runtime errors: 467, failed runs: 268, ok runs: 0
:::: FAILED :::: size: 5687 / 8071 :::: Compiler calls: 152794, compilation errors: 152044, runtime errors: 467, failed runs: 269, ok runs: 0
:::: FAILED :::: size: 5683 / 8071 :::: Compiler calls: 153995, compilation errors: 153244, runtime errors: 468, failed runs: 270, ok runs: 0
:::: FAILED :::: size: 5679 / 8071 :::: Compiler calls: 155241, compilation errors: 154487, runtime errors: 468, failed runs: 271, ok runs: 0
:::: FAILED :::: size: 5675 / 8071 :::: Compiler calls: 156486, compilation errors: 155728, runtime errors: 471, failed runs: 272, ok runs: 0
:::: FAILED :::: size: 5671 / 8071 :::: Compiler calls: 157745, compilation errors: 156984, runtime errors: 473, failed runs: 273, ok runs: 0
:::: FAILED :::: size: 5667 / 8071 :::: Compiler calls: 159004, compilation errors: 158240, runtime errors: 476, failed runs: 274, ok runs: 0
:::: FAILED :::: size: 5663 / 8071 :::: Compiler calls: 160272, compilation errors: 159504, runtime errors: 478, failed runs: 275, ok runs: 0
:::: FAILED :::: size: 5659 / 8071 :::: Compiler calls: 161529, compilation errors: 160757, runtime errors: 481, failed runs: 276, ok runs: 0
:::: FAILED :::: size: 5655 / 8071 :::: Compiler calls: 162792, compilation errors: 162019, runtime errors: 482, failed runs: 277, ok runs: 0
:::: FAILED :::: size: 5651 / 8071 :::: Compiler calls: 164106, compilation errors: 163331, runtime errors: 482, failed runs: 278, ok runs: 0
:::: FAILED :::: size: 5647 / 8071 :::: Compiler calls: 165415, compilation errors: 164635, runtime errors: 486, failed runs: 279, ok runs: 0
:::: FAILED :::: size: 5643 / 8071 :::: Compiler calls: 166722, compilation errors: 165937, runtime errors: 491, failed runs: 280, ok runs: 0
:::: FAILED :::: size: 5639 / 8071 :::: Compiler calls: 167367, compilation errors: 166579, runtime errors: 493, failed runs: 281, ok runs: 0
:::: FAILED :::: size: 5636 / 8071 :::: Compiler calls: 168685, compilation errors: 167895, runtime errors: 493, failed runs: 282, ok runs: 0
:::: FAILED :::: size: 5633 / 8071 :::: Compiler calls: 169998, compilation errors: 169199, runtime errors: 501, failed runs: 283, ok runs: 0
:::: FAILED :::: size: 5629 / 8071 :::: Compiler calls: 171278, compilation errors: 170475, runtime errors: 506, failed runs: 284, ok runs: 0
:::: FAILED :::: size: 5625 / 8071 :::: Compiler calls: 172591, compilation errors: 171785, runtime errors: 506, failed runs: 285, ok runs: 0
:::: FAILED :::: size: 5622 / 8071 :::: Compiler calls: 173900, compilation errors: 173090, runtime errors: 509, failed runs: 286, ok runs: 0
:::: FAILED :::: size: 5618 / 8071 :::: Compiler calls: 175143, compilation errors: 174330, runtime errors: 511, failed runs: 287, ok runs: 0
:::: FAILED :::: size: 5615 / 8071 :::: Compiler calls: 176449, compilation errors: 175636, runtime errors: 511, failed runs: 288, ok runs: 0
:::: FAILED :::: size: 5612 / 8071 :::: Compiler calls: 177776, compilation errors: 176961, runtime errors: 512, failed runs: 289, ok runs: 0
:::: FAILED :::: size: 5611 / 8071 :::: Compiler calls: 177777, compilation errors: 176961, runtime errors: 512, failed runs: 290, ok runs: 0
:::: FAILED :::: size: 5609 / 8071 :::: Compiler calls: 179100, compilation errors: 178280, runtime errors: 515, failed runs: 291, ok runs: 0
:::: FAILED :::: size: 5605 / 8071 :::: Compiler calls: 180421, compilation errors: 179596, runtime errors: 519, failed runs: 292, ok runs: 0
:::: FAILED :::: size: 5601 / 8071 :::: Compiler calls: 181753, compilation errors: 180922, runtime errors: 523, failed runs: 293, ok runs: 0
:::: FAILED :::: size: 5597 / 8071 :::: Compiler calls: 183078, compilation errors: 182245, runtime errors: 525, failed runs: 294, ok runs: 0
:::: FAILED :::: size: 5593 / 8071 :::: Compiler calls: 184333, compilation errors: 183495, runtime errors: 528, failed runs: 295, ok runs: 0
:::: FAILED :::: size: 5590 / 8071 :::: Compiler calls: 185666, compilation errors: 184827, runtime errors: 528, failed runs: 296, ok runs: 0
:::: FAILED :::: size: 5587 / 8071 :::: Compiler calls: 186987, compilation errors: 186144, runtime errors: 531, failed runs: 297, ok runs: 0
:::: FAILED :::: size: 5583 / 8071 :::: Compiler calls: 188297, compilation errors: 187452, runtime errors: 534, failed runs: 298, ok runs: 0
:::: FAILED :::: size: 5579 / 8071 :::: Compiler calls: 189630, compilation errors: 188780, runtime errors: 536, failed runs: 299, ok runs: 0
:::: FAILED :::: size: 5575 / 8071 :::: Compiler calls: 190959, compilation errors: 190104, runtime errors: 541, failed runs: 300, ok runs: 0
:::: FAILED :::: size: 5571 / 8071 :::: Compiler calls: 192282, compilation errors: 191420, runtime errors: 546, failed runs: 301, ok runs: 0
:::: FAILED :::: size: 5567 / 8071 :::: Compiler calls: 193617, compilation errors: 192754, runtime errors: 547, failed runs: 302, ok runs: 0
:::: FAILED :::: size: 5564 / 8071 :::: Compiler calls: 194941, compilation errors: 194071, runtime errors: 552, failed runs: 303, ok runs: 0
:::: FAILED :::: size: 5560 / 8071 :::: Compiler calls: 196262, compilation errors: 195390, runtime errors: 554, failed runs: 304, ok runs: 0
:::: FAILED :::: size: 5557 / 8071 :::: Compiler calls: 197588, compilation errors: 196712, runtime errors: 556, failed runs: 305, ok runs: 0
:::: FAILED :::: size: 5553 / 8071 :::: Compiler calls: 198922, compilation errors: 198043, runtime errors: 558, failed runs: 306, ok runs: 0
:::: FAILED :::: size: 5549 / 8071 :::: Compiler calls: 200262, compilation errors: 199378, runtime errors: 562, failed runs: 307, ok runs: 0
:::: FAILED :::: size: 5546 / 8071 :::: Compiler calls: 201598, compilation errors: 200708, runtime errors: 567, failed runs: 308, ok runs: 0
:::: FAILED :::: size: 5543 / 8071 :::: Compiler calls: 202930, compilation errors: 202034, runtime errors: 572, failed runs: 309, ok runs: 0
:::: FAILED :::: size: 5539 / 8071 :::: Compiler calls: 204276, compilation errors: 203377, runtime errors: 575, failed runs: 310, ok runs: 0
:::: FAILED :::: size: 5536 / 8071 :::: Compiler calls: 205624, compilation errors: 204717, runtime errors: 581, failed runs: 311, ok runs: 0
:::: FAILED :::: size: 5533 / 8071 :::: Compiler calls: 206970, compilation errors: 206059, runtime errors: 585, failed runs: 312, ok runs: 0
:::: FAILED :::: size: 5530 / 8071 :::: Compiler calls: 208328, compilation errors: 207411, runtime errors: 589, failed runs: 313, ok runs: 0
:::: FAILED :::: size: 5530 / 8071 :::: Compiler calls: 208328, compilation errors: 207411, runtime errors: 589, failed runs: 314, ok runs: 0
:::: FAILED :::: size: 5527 / 8071 :::: Compiler calls: 209655, compilation errors: 208729, runtime errors: 597, failed runs: 315, ok runs: 0
:::: FAILED :::: size: 5527 / 8071 :::: Compiler calls: 209659, compilation errors: 208733, runtime errors: 597, failed runs: 316, ok runs: 0
:::: FAILED :::: size: 5523 / 8071 :::: Compiler calls: 211015, compilation errors: 210086, runtime errors: 597, failed runs: 317, ok runs: 0
:::: FAILED :::: size: 5520 / 8071 :::: Compiler calls: 212362, compilation errors: 211425, runtime errors: 604, failed runs: 318, ok runs: 0
:::: FAILED :::: size: 5517 / 8071 :::: Compiler calls: 213708, compilation errors: 212767, runtime errors: 607, failed runs: 319, ok runs: 0
:::: FAILED :::: size: 5514 / 8071 :::: Compiler calls: 215067, compilation errors: 214125, runtime errors: 607, failed runs: 320, ok runs: 0
:::: FAILED :::: size: 5510 / 8071 :::: Compiler calls: 216398, compilation errors: 215448, runtime errors: 614, failed runs: 321, ok runs: 0
:::: FAILED :::: size: 5511 / 8071 :::: Compiler calls: 216399, compilation errors: 215448, runtime errors: 615, failed runs: 322, ok runs: 0
:::: FAILED :::: size: 5507 / 8071 :::: Compiler calls: 217739, compilation errors: 216785, runtime errors: 616, failed runs: 323, ok runs: 0
:::: FAILED :::: size: 5504 / 8071 :::: Compiler calls: 219077, compilation errors: 218120, runtime errors: 618, failed runs: 324, ok runs: 0
:::: FAILED :::: size: 5501 / 8071 :::: Compiler calls: 220412, compilation errors: 219452, runtime errors: 620, failed runs: 325, ok runs: 0
:::: FAILED :::: size: 5497 / 8071 :::: Compiler calls: 221734, compilation errors: 220772, runtime errors: 621, failed runs: 326, ok runs: 0
:::: FAILED :::: size: 5493 / 8071 :::: Compiler calls: 223064, compilation errors: 222099, runtime errors: 623, failed runs: 327, ok runs: 0
:::: FAILED :::: size: 5489 / 8071 :::: Compiler calls: 224386, compilation errors: 223418, runtime errors: 625, failed runs: 328, ok runs: 0
:::: FAILED :::: size: 5486 / 8071 :::: Compiler calls: 225733, compilation errors: 224764, runtime errors: 625, failed runs: 329, ok runs: 0
:::: FAILED :::: size: 5482 / 8071 :::: Compiler calls: 227083, compilation errors: 226108, runtime errors: 630, failed runs: 330, ok runs: 0
:::: FAILED :::: size: 5479 / 8071 :::: Compiler calls: 228447, compilation errors: 227466, runtime errors: 636, failed runs: 331, ok runs: 0
:::: FAILED :::: size: 5476 / 8071 :::: Compiler calls: 229796, compilation errors: 228809, runtime errors: 640, failed runs: 332, ok runs: 0
:::: FAILED :::: size: 5473 / 8071 :::: Compiler calls: 231143, compilation errors: 230152, runtime errors: 643, failed runs: 333, ok runs: 0
:::: FAILED :::: size: 5470 / 8071 :::: Compiler calls: 232494, compilation errors: 231496, runtime errors: 649, failed runs: 334, ok runs: 0
:::: FAILED :::: size: 5466 / 8071 :::: Compiler calls: 233818, compilation errors: 232815, runtime errors: 653, failed runs: 335, ok runs: 0
:::: FAILED :::: size: 5463 / 8071 :::: Compiler calls: 235158, compilation errors: 234152, runtime errors: 655, failed runs: 336, ok runs: 0
:::: FAILED :::: size: 5460 / 8071 :::: Compiler calls: 236488, compilation errors: 235480, runtime errors: 656, failed runs: 337, ok runs: 0
:::: FAILED :::: size: 5456 / 8071 :::: Compiler calls: 237827, compilation errors: 236817, runtime errors: 657, failed runs: 338, ok runs: 0
:::: FAILED :::: size: 5453 / 8071 :::: Compiler calls: 239177, compilation errors: 238163, runtime errors: 660, failed runs: 339, ok runs: 0
:::: FAILED :::: size: 5449 / 8071 :::: Compiler calls: 240534, compilation errors: 239516, runtime errors: 663, failed runs: 340, ok runs: 0
:::: FAILED :::: size: 5446 / 8071 :::: Compiler calls: 241910, compilation errors: 240889, runtime errors: 665, failed runs: 341, ok runs: 0
:::: FAILED :::: size: 5443 / 8071 :::: Compiler calls: 243272, compilation errors: 242249, runtime errors: 666, failed runs: 342, ok runs: 0
:::: FAILED :::: size: 5439 / 8071 :::: Compiler calls: 244611, compilation errors: 243586, runtime errors: 667, failed runs: 343, ok runs: 0
:::: FAILED :::: size: 5435 / 8071 :::: Compiler calls: 245968, compilation errors: 244941, runtime errors: 668, failed runs: 344, ok runs: 0
:::: FAILED :::: size: 5431 / 8071 :::: Compiler calls: 247339, compilation errors: 246325, runtime errors: 668, failed runs: 345, ok runs: 0
:::: FAILED :::: size: 5427 / 8071 :::: Compiler calls: 248708, compilation errors: 247689, runtime errors: 668, failed runs: 346, ok runs: 0
:::: FAILED :::: size: 5423 / 8071 :::: Compiler calls: 250058, compilation errors: 249029, runtime errors: 669, failed runs: 347, ok runs: 0
:::: FAILED :::: size: 5420 / 8071 :::: Compiler calls: 251424, compilation errors: 250391, runtime errors: 671, failed runs: 348, ok runs: 0
:::: FAILED :::: size: 5416 / 8071 :::: Compiler calls: 252792, compilation errors: 251757, runtime errors: 673, failed runs: 349, ok runs: 0
:::: FAILED :::: size: 5414 / 8071 :::: Compiler calls: 254187, compilation errors: 253148, runtime errors: 674, failed runs: 350, ok runs: 0
:::: FAILED :::: size: 5412 / 8071 :::: Compiler calls: 254224, compilation errors: 253177, runtime errors: 681, failed runs: 351, ok runs: 0
:::: FAILED :::: size: 5410 / 8071 :::: Compiler calls: 254258, compilation errors: 253203, runtime errors: 688, failed runs: 352, ok runs: 0
:::: FAILED :::: size: 5408 / 8071 :::: Compiler calls: 254304, compilation errors: 253244, runtime errors: 693, failed runs: 353, ok runs: 0
:::: FAILED :::: size: 5408 / 8071 :::: Compiler calls: 254306, compilation errors: 253247, runtime errors: 694, failed runs: 354, ok runs: 0
:::: FAILED :::: size: 5406 / 8071 :::: Compiler calls: 254345, compilation errors: 253278, runtime errors: 697, failed runs: 355, ok runs: 0
:::: FAILED :::: size: 5404 / 8071 :::: Compiler calls: 254384, compilation errors: 253313, runtime errors: 701, failed runs: 356, ok runs: 0
:::: FAILED :::: size: 5404 / 8071 :::: Compiler calls: 254386, compilation errors: 253313, runtime errors: 701, failed runs: 357, ok runs: 0
:::: FAILED :::: size: 5402 / 8071 :::: Compiler calls: 254431, compilation errors: 253355, runtime errors: 703, failed runs: 358, ok runs: 0
:::: FAILED :::: size: 5400 / 8071 :::: Compiler calls: 254490, compilation errors: 253409, runtime errors: 707, failed runs: 359, ok runs: 0
:::: FAILED :::: size: 5398 / 8071 :::: Compiler calls: 254549, compilation errors: 253464, runtime errors: 710, failed runs: 360, ok runs: 0
:::: FAILED :::: size: 5396 / 8071 :::: Compiler calls: 254602, compilation errors: 253513, runtime errors: 713, failed runs: 361, ok runs: 0
:::: FAILED :::: size: 5394 / 8071 :::: Compiler calls: 254666, compilation errors: 253575, runtime errors: 714, failed runs: 362, ok runs: 0
:::: FAILED :::: size: 5392 / 8071 :::: Compiler calls: 254730, compilation errors: 253636, runtime errors: 716, failed runs: 363, ok runs: 0
:::: FAILED :::: size: 5390 / 8071 :::: Compiler calls: 254829, compilation errors: 253734, runtime errors: 716, failed runs: 364, ok runs: 0
:::: FAILED :::: size: 5388 / 8071 :::: Compiler calls: 254934, compilation errors: 253837, runtime errors: 719, failed runs: 365, ok runs: 0
:::: FAILED :::: size: 5386 / 8071 :::: Compiler calls: 255057, compilation errors: 253956, runtime errors: 721, failed runs: 366, ok runs: 0
:::: FAILED :::: size: 5384 / 8071 :::: Compiler calls: 255190, compilation errors: 254085, runtime errors: 723, failed runs: 367, ok runs: 0
:::: FAILED :::: size: 5382 / 8071 :::: Compiler calls: 255339, compilation errors: 254230, runtime errors: 726, failed runs: 368, ok runs: 0
:::: FAILED :::: size: 5380 / 8071 :::: Compiler calls: 255494, compilation errors: 254380, runtime errors: 730, failed runs: 369, ok runs: 0
:::: FAILED :::: size: 5378 / 8071 :::: Compiler calls: 255641, compilation errors: 254522, runtime errors: 734, failed runs: 370, ok runs: 0
:::: FAILED :::: size: 5376 / 8071 :::: Compiler calls: 255805, compilation errors: 254683, runtime errors: 737, failed runs: 371, ok runs: 0
:::: FAILED :::: size: 5374 / 8071 :::: Compiler calls: 255980, compilation errors: 254852, runtime errors: 741, failed runs: 372, ok runs: 0
:::: FAILED :::: size: 5372 / 8071 :::: Compiler calls: 256149, compilation errors: 255016, runtime errors: 746, failed runs: 373, ok runs: 0
:::: FAILED :::: size: 5370 / 8071 :::: Compiler calls: 256321, compilation errors: 255184, runtime errors: 750, failed runs: 374, ok runs: 0
:::: FAILED :::: size: 5368 / 8071 :::: Compiler calls: 256506, compilation errors: 255365, runtime errors: 752, failed runs: 375, ok runs: 0
:::: FAILED :::: size: 5366 / 8071 :::: Compiler calls: 256692, compilation errors: 255545, runtime errors: 756, failed runs: 376, ok runs: 0
:::: FAILED :::: size: 5364 / 8071 :::: Compiler calls: 256889, compilation errors: 255738, runtime errors: 760, failed runs: 377, ok runs: 0
:::: FAILED :::: size: 5362 / 8071 :::: Compiler calls: 257079, compilation errors: 255921, runtime errors: 765, failed runs: 378, ok runs: 0
:::: FAILED :::: size: 5360 / 8071 :::: Compiler calls: 257282, compilation errors: 256122, runtime errors: 766, failed runs: 379, ok runs: 0
:::: FAILED :::: size: 5358 / 8071 :::: Compiler calls: 257480, compilation errors: 256314, runtime errors: 771, failed runs: 380, ok runs: 0
:::: FAILED :::: size: 5356 / 8071 :::: Compiler calls: 257687, compilation errors: 256518, runtime errors: 773, failed runs: 381, ok runs: 0
:::: FAILED :::: size: 5354 / 8071 :::: Compiler calls: 257894, compilation errors: 256724, runtime errors: 775, failed runs: 382, ok runs: 0
:::: FAILED :::: size: 5352 / 8071 :::: Compiler calls: 258121, compilation errors: 256948, runtime errors: 776, failed runs: 383, ok runs: 0
:::: FAILED :::: size: 5350 / 8071 :::: Compiler calls: 258364, compilation errors: 257186, runtime errors: 779, failed runs: 384, ok runs: 0
:::: FAILED :::: size: 5348 / 8071 :::: Compiler calls: 258580, compilation errors: 257397, runtime errors: 783, failed runs: 385, ok runs: 0
:::: FAILED :::: size: 5346 / 8071 :::: Compiler calls: 258833, compilation errors: 257651, runtime errors: 784, failed runs: 386, ok runs: 0
:::: FAILED :::: size: 5344 / 8071 :::: Compiler calls: 259096, compilation errors: 257905, runtime errors: 789, failed runs: 387, ok runs: 0
:::: FAILED :::: size: 5342 / 8071 :::: Compiler calls: 259350, compilation errors: 258154, runtime errors: 794, failed runs: 388, ok runs: 0
:::: FAILED :::: size: 5340 / 8071 :::: Compiler calls: 259621, compilation errors: 258420, runtime errors: 797, failed runs: 389, ok runs: 0
:::: FAILED :::: size: 5338 / 8071 :::: Compiler calls: 259896, compilation errors: 258690, runtime errors: 801, failed runs: 390, ok runs: 0
:::: FAILED :::: size: 5336 / 8071 :::: Compiler calls: 260183, compilation errors: 258974, runtime errors: 803, failed runs: 391, ok runs: 0
:::: FAILED :::: size: 5334 / 8071 :::: Compiler calls: 260473, compilation errors: 259261, runtime errors: 805, failed runs: 392, ok runs: 0
:::: FAILED :::: size: 5332 / 8071 :::: Compiler calls: 260771, compilation errors: 259557, runtime errors: 806, failed runs: 393, ok runs: 0
:::: FAILED :::: size: 5332 / 8071 :::: Compiler calls: 260772, compilation errors: 259563, runtime errors: 807, failed runs: 394, ok runs: 0
:::: FAILED :::: size: 5330 / 8071 :::: Compiler calls: 261067, compilation errors: 259845, runtime errors: 812, failed runs: 395, ok runs: 0
:::: FAILED :::: size: 5328 / 8071 :::: Compiler calls: 261365, compilation errors: 260137, runtime errors: 817, failed runs: 396, ok runs: 0
:::: FAILED :::: size: 5326 / 8071 :::: Compiler calls: 261672, compilation errors: 260439, runtime errors: 821, failed runs: 397, ok runs: 0
:::: FAILED :::: size: 5324 / 8071 :::: Compiler calls: 261979, compilation errors: 260740, runtime errors: 826, failed runs: 398, ok runs: 0
:::: FAILED :::: size: 5322 / 8071 :::: Compiler calls: 262289, compilation errors: 261045, runtime errors: 830, failed runs: 399, ok runs: 0
:::: FAILED :::: size: 5320 / 8071 :::: Compiler calls: 262617, compilation errors: 261367, runtime errors: 835, failed runs: 400, ok runs: 0
:::: FAILED :::: size: 5318 / 8071 :::: Compiler calls: 262946, compilation errors: 261691, runtime errors: 840, failed runs: 401, ok runs: 0
:::: FAILED :::: size: 5316 / 8071 :::: Compiler calls: 263271, compilation errors: 262011, runtime errors: 844, failed runs: 402, ok runs: 0
:::: FAILED :::: size: 5314 / 8071 :::: Compiler calls: 263586, compilation errors: 262322, runtime errors: 846, failed runs: 403, ok runs: 0
:::: FAILED :::: size: 5312 / 8071 :::: Compiler calls: 263922, compilation errors: 262655, runtime errors: 848, failed runs: 404, ok runs: 0
:::: FAILED :::: size: 5310 / 8071 :::: Compiler calls: 264266, compilation errors: 262996, runtime errors: 850, failed runs: 405, ok runs: 0
:::: FAILED :::: size: 5308 / 8071 :::: Compiler calls: 264621, compilation errors: 263346, runtime errors: 854, failed runs: 406, ok runs: 0
:::: FAILED :::: size: 5306 / 8071 :::: Compiler calls: 264972, compilation errors: 263687, runtime errors: 863, failed runs: 407, ok runs: 0
:::: FAILED :::: size: 5304 / 8071 :::: Compiler calls: 265329, compilation errors: 264036, runtime errors: 870, failed runs: 408, ok runs: 0
:::: FAILED :::: size: 5304 / 8071 :::: Compiler calls: 265330, compilation errors: 264036, runtime errors: 870, failed runs: 409, ok runs: 0
:::: FAILED :::: size: 5302 / 8071 :::: Compiler calls: 265676, compilation errors: 264373, runtime errors: 877, failed runs: 410, ok runs: 0
:::: FAILED :::: size: 5300 / 8071 :::: Compiler calls: 266034, compilation errors: 264729, runtime errors: 878, failed runs: 411, ok runs: 0
:::: FAILED :::: size: 5300 / 8071 :::: Compiler calls: 266035, compilation errors: 264730, runtime errors: 879, failed runs: 412, ok runs: 0
:::: FAILED :::: size: 5298 / 8071 :::: Compiler calls: 266387, compilation errors: 265073, runtime errors: 884, failed runs: 413, ok runs: 0
:::: FAILED :::: size: 5296 / 8071 :::: Compiler calls: 266749, compilation errors: 265428, runtime errors: 889, failed runs: 414, ok runs: 0
:::: FAILED :::: size: 5294 / 8071 :::: Compiler calls: 267108, compilation errors: 265780, runtime errors: 894, failed runs: 415, ok runs: 0
:::: FAILED :::: size: 5292 / 8071 :::: Compiler calls: 267479, compilation errors: 266145, runtime errors: 898, failed runs: 416, ok runs: 0
:::: FAILED :::: size: 5290 / 8071 :::: Compiler calls: 267846, compilation errors: 266505, runtime errors: 903, failed runs: 417, ok runs: 0
:::: FAILED :::: size: 5290 / 8071 :::: Compiler calls: 267847, compilation errors: 266505, runtime errors: 903, failed runs: 418, ok runs: 0
:::: FAILED :::: size: 5288 / 8071 :::: Compiler calls: 268214, compilation errors: 266868, runtime errors: 905, failed runs: 419, ok runs: 0
:::: FAILED :::: size: 5286 / 8071 :::: Compiler calls: 268578, compilation errors: 267228, runtime errors: 907, failed runs: 420, ok runs: 0
:::: FAILED :::: size: 5284 / 8071 :::: Compiler calls: 268962, compilation errors: 267610, runtime errors: 908, failed runs: 421, ok runs: 0
:::: FAILED :::: size: 5282 / 8071 :::: Compiler calls: 269365, compilation errors: 268010, runtime errors: 909, failed runs: 422, ok runs: 0
:::: FAILED :::: size: 5280 / 8071 :::: Compiler calls: 269759, compilation errors: 268397, runtime errors: 912, failed runs: 423, ok runs: 0
:::: FAILED :::: size: 5278 / 8071 :::: Compiler calls: 270170, compilation errors: 268805, runtime errors: 913, failed runs: 424, ok runs: 0
:::: FAILED :::: size: 5276 / 8071 :::: Compiler calls: 270584, compilation errors: 269212, runtime errors: 919, failed runs: 425, ok runs: 0
:::: FAILED :::: size: 5274 / 8071 :::: Compiler calls: 271000, compilation errors: 269624, runtime errors: 922, failed runs: 426, ok runs: 0
:::: FAILED :::: size: 5272 / 8071 :::: Compiler calls: 271416, compilation errors: 270031, runtime errors: 927, failed runs: 427, ok runs: 0
:::: FAILED :::: size: 5272 / 8071 :::: Compiler calls: 271416, compilation errors: 270031, runtime errors: 927, failed runs: 428, ok runs: 0
:::: FAILED :::: size: 5270 / 8071 :::: Compiler calls: 271838, compilation errors: 270446, runtime errors: 931, failed runs: 429, ok runs: 0
:::: FAILED :::: size: 5268 / 8071 :::: Compiler calls: 272277, compilation errors: 270879, runtime errors: 935, failed runs: 430, ok runs: 0
:::: FAILED :::: size: 5266 / 8071 :::: Compiler calls: 272707, compilation errors: 271302, runtime errors: 940, failed runs: 431, ok runs: 0
:::: FAILED :::: size: 5264 / 8071 :::: Compiler calls: 273148, compilation errors: 271738, runtime errors: 943, failed runs: 432, ok runs: 0
:::: FAILED :::: size: 5262 / 8071 :::: Compiler calls: 273591, compilation errors: 272176, runtime errors: 946, failed runs: 433, ok runs: 0
:::: FAILED :::: size: 5260 / 8071 :::: Compiler calls: 274034, compilation errors: 272613, runtime errors: 950, failed runs: 434, ok runs: 0
:::: FAILED :::: size: 5258 / 8071 :::: Compiler calls: 274483, compilation errors: 273057, runtime errors: 954, failed runs: 435, ok runs: 0
:::: FAILED :::: size: 5256 / 8071 :::: Compiler calls: 274936, compilation errors: 273501, runtime errors: 960, failed runs: 436, ok runs: 0
:::: FAILED :::: size: 5254 / 8071 :::: Compiler calls: 275396, compilation errors: 273954, runtime errors: 965, failed runs: 437, ok runs: 0
:::: FAILED :::: size: 5252 / 8071 :::: Compiler calls: 275853, compilation errors: 274402, runtime errors: 972, failed runs: 438, ok runs: 0
:::: FAILED :::: size: 5250 / 8071 :::: Compiler calls: 276311, compilation errors: 274852, runtime errors: 978, failed runs: 439, ok runs: 0
:::: FAILED :::: size: 5248 / 8071 :::: Compiler calls: 276767, compilation errors: 275300, runtime errors: 984, failed runs: 440, ok runs: 0
:::: FAILED :::: size: 5246 / 8071 :::: Compiler calls: 277227, compilation errors: 275756, runtime errors: 986, failed runs: 441, ok runs: 0
:::: FAILED :::: size: 5244 / 8071 :::: Compiler calls: 277690, compilation errors: 276213, runtime errors: 991, failed runs: 442, ok runs: 0
:::: FAILED :::: size: 5242 / 8071 :::: Compiler calls: 278156, compilation errors: 276673, runtime errors: 994, failed runs: 443, ok runs: 0
:::: FAILED :::: size: 5240 / 8071 :::: Compiler calls: 278625, compilation errors: 277133, runtime errors: 1002, failed runs: 444, ok runs: 0
:::: FAILED :::: size: 5238 / 8071 :::: Compiler calls: 279093, compilation errors: 277589, runtime errors: 1011, failed runs: 445, ok runs: 0
:::: FAILED :::: size: 5236 / 8071 :::: Compiler calls: 279558, compilation errors: 278045, runtime errors: 1018, failed runs: 446, ok runs: 0
:::: FAILED :::: size: 5234 / 8071 :::: Compiler calls: 280029, compilation errors: 278510, runtime errors: 1022, failed runs: 447, ok runs: 0
:::: FAILED :::: size: 5232 / 8071 :::: Compiler calls: 280500, compilation errors: 278973, runtime errors: 1028, failed runs: 448, ok runs: 0
:::: FAILED :::: size: 5230 / 8071 :::: Compiler calls: 280983, compilation errors: 279449, runtime errors: 1033, failed runs: 449, ok runs: 0
:::: FAILED :::: size: 5228 / 8071 :::: Compiler calls: 281451, compilation errors: 279910, runtime errors: 1039, failed runs: 450, ok runs: 0
:::: FAILED :::: size: 5226 / 8071 :::: Compiler calls: 281938, compilation errors: 280391, runtime errors: 1042, failed runs: 451, ok runs: 0
:::: FAILED :::: size: 5224 / 8071 :::: Compiler calls: 282423, compilation errors: 280872, runtime errors: 1045, failed runs: 452, ok runs: 0
:::: FAILED :::: size: 5222 / 8071 :::: Compiler calls: 282917, compilation errors: 281361, runtime errors: 1048, failed runs: 453, ok runs: 0
:::: FAILED :::: size: 5220 / 8071 :::: Compiler calls: 283422, compilation errors: 281859, runtime errors: 1050, failed runs: 454, ok runs: 0
:::: FAILED :::: size: 5218 / 8071 :::: Compiler calls: 283930, compilation errors: 282360, runtime errors: 1055, failed runs: 455, ok runs: 0
:::: FAILED :::: size: 5216 / 8071 :::: Compiler calls: 284438, compilation errors: 282854, runtime errors: 1060, failed runs: 456, ok runs: 0

TOTAL EXECUTION TIME: 3h 21m 7s 376ms.
TOTAL OUTPUT SIZE: 5368314 bytes
